##############################################################################
# SALMON: Scalable Ab-initio Light-Matter simulator for Optics and Nanoscience
#
#                             Version 2.2.1
##############################################################################
  Libxc: [enabled] 6.2.2
   theory= tddft_response
 
 Total time step      =        6000
 Time step[fs]        =  2.000000000000000E-003
 Energy range         =        1200
 Energy resolution[eV]=  1.000000000000000E-002
 Field strength[a.u.] =  1.000000000000000E-002
   use of real value orbitals =  F
 ======
 MPI distribution:
   nproc_k     :           1
   nproc_ob    :           1
   nproc_rgrid :           1           1           3
 OpenMP parallelization:
   number of threads :          72
 hpsi stencil:
   enables hand-coding vectorization : T
   enables openmp parallelization    : F
 current:
   k,orbital parallelized of openmp  : T
 force:
   k,orbital parallelized of openmp  : T
 ===================pseudopotential data===================
 ik ,atom_symbol=           1 Si
 ps_format =KY              
 ps_file =./Si_rps.dat
 Zps(ik), Mlps(ik) =           4           2
 Rps(ik), NRps(ik) =   2.26767135054939              122
 Lref(ik) =           2
 nproj(ik,l) =           1           1           1
 anorm(ik,l) =  0.6193218      0.3646551      0.0000000E+00
 inorm(ik,l) =           1           1           0
 Mass(ik) =   28.0000000000000     
 flag_nlcc_element(ik) = F
 ==========================================================
 flag_nlcc =  F
 
 ============init_ps==============
 end init_ps
 Maximal rho_NLCC= 0.000000000000000E+000
 Maximal tau_NLCC= 0.000000000000000E+000
 == Ewald ==
 cutoff length in real-space in ewald =  4.00 [A]
 (buffer length in bookkeeping =  2.00 [A])
 cutoff length in G-space in ewald =  0.1870828864+102 [1/A]
 number of ion-ion pair(/atom) used for allocation of bookkeeping=    69
 ===========
   Static dipole moment(xyz) =   -0.1394544729E+04   -0.1394544730E+04   -0.1394544728E+04
 
 
  time-step  time[fs]                               Current(xyz)[a.u.]      electrons Total energy[eV] 
#----------------------------------------------------------------------
      10    0.02000000  0.13996009E-11  0.25158354E-11  0.24891980E-03   255.99999997    -6806.39826267
      20    0.04000000  0.13985716E-11  0.16583491E-11  0.21940109E-03   255.99999994    -6806.39826544
      30    0.06000000  0.82991329E-12  0.14420764E-11  0.20005789E-03   255.99999992    -6806.39823832
      40    0.08000000  0.11697874E-11  0.12031629E-11  0.17919816E-03   255.99999989    -6806.39823488
      50    0.10000000  0.75189016E-12 -0.23757761E-12  0.15258069E-03   255.99999986    -6806.39823501
      60    0.12000000  0.13122567E-12 -0.83321419E-12  0.12274500E-03   255.99999984    -6806.39821474
      70    0.14000000  0.41830146E-12 -0.20431008E-11  0.92156148E-04   255.99999981    -6806.39818564
      80    0.16000000 -0.15957802E-12 -0.29902415E-11  0.63142643E-04   255.99999978    -6806.39816373
      90    0.18000000 -0.13299225E-11 -0.34931028E-11  0.39108351E-04   255.99999976    -6806.39815327
     100    0.20000000 -0.26499447E-11 -0.37960248E-11  0.17956479E-04   255.99999973    -6806.39815595
     110    0.22000000 -0.26105414E-11 -0.40151357E-11 -0.38747891E-05   255.99999971    -6806.39816112
     120    0.24000000 -0.38300501E-11 -0.35269382E-11 -0.24639923E-04   255.99999969    -6806.39816543
     130    0.26000000 -0.44529915E-11 -0.32874511E-11 -0.43310782E-04   255.99999966    -6806.39816933
     140    0.28000000 -0.51267037E-11 -0.18030219E-11 -0.61693065E-04   255.99999964    -6806.39817392
     150    0.30000000 -0.47574662E-11 -0.98945173E-12 -0.79968275E-04   255.99999961    -6806.39817701
     160    0.32000000 -0.42289842E-11  0.31942895E-12 -0.96646914E-04   255.99999959    -6806.39817617
     170    0.34000000 -0.34779621E-11  0.18191935E-11 -0.10865608E-03   255.99999957    -6806.39817285
     180    0.36000000 -0.19859460E-11  0.29434765E-11 -0.11795615E-03   255.99999955    -6806.39816831
     190    0.38000000 -0.23511432E-12  0.34764093E-11 -0.12491970E-03   255.99999952    -6806.39816436
     200    0.40000000  0.19009186E-11  0.39671970E-11 -0.13038662E-03   255.99999950    -6806.39816233
     210    0.42000000  0.35191619E-11  0.44301269E-11 -0.13512143E-03   255.99999948    -6806.39816150
     220    0.44000000  0.49381354E-11  0.44671488E-11 -0.13752496E-03   255.99999946    -6806.39816073
     230    0.46000000  0.73949037E-11  0.45808183E-11 -0.13600880E-03   255.99999943    -6806.39816098
     240    0.48000000  0.70471466E-11  0.44744160E-11 -0.13181387E-03   255.99999941    -6806.39816344
     250    0.50000000  0.69292142E-11  0.37875833E-11 -0.12761677E-03   255.99999939    -6806.39816662
     260    0.52000000  0.61885966E-11  0.25533420E-11 -0.12288814E-03   255.99999937    -6806.39816901
     270    0.54000000  0.49631635E-11  0.68427892E-12 -0.11623444E-03   255.99999935    -6806.39817130
     280    0.56000000  0.37073290E-11 -0.75584222E-12 -0.10921593E-03   255.99999932    -6806.39817442
     290    0.58000000  0.29800338E-11 -0.22701961E-11 -0.10138198E-03   255.99999930    -6806.39817778
     300    0.60000000  0.11376023E-11 -0.39454420E-11 -0.92896831E-04   255.99999928    -6806.39818048
     310    0.62000000 -0.10953699E-11 -0.38290030E-11 -0.83013787E-04   255.99999926    -6806.39818330
     320    0.64000000 -0.27921915E-11 -0.52728667E-11 -0.72233757E-04   255.99999924    -6806.39818640
     330    0.66000000 -0.39984807E-11 -0.47413329E-11 -0.61887145E-04   255.99999922    -6806.39818972
     340    0.68000000 -0.61190369E-11 -0.53522759E-11 -0.51855429E-04   255.99999920    -6806.39819294
     350    0.70000000 -0.71278489E-11 -0.36087803E-11 -0.41249044E-04   255.99999918    -6806.39819625
     360    0.72000000 -0.69757439E-11 -0.28826681E-11 -0.29445673E-04   255.99999916    -6806.39819922
     370    0.74000000 -0.76149612E-11 -0.20716391E-11 -0.16363841E-04   255.99999914    -6806.39820234
     380    0.76000000 -0.68205693E-11 -0.15803019E-11 -0.42388177E-05   255.99999912    -6806.39820523
     390    0.78000000 -0.53827329E-11  0.64156718E-12  0.59200181E-05   255.99999910    -6806.39820612
     400    0.80000000 -0.43291848E-11  0.15512208E-11  0.14480456E-04   255.99999908    -6806.39820709
     410    0.82000000 -0.15633666E-11  0.27849034E-11  0.23898303E-04   255.99999906    -6806.39820951
     420    0.84000000  0.35336173E-12  0.36496414E-11  0.34214864E-04   255.99999904    -6806.39821265
     430    0.86000000  0.23911044E-11  0.47272560E-11  0.43951028E-04   255.99999902    -6806.39821529
     440    0.88000000  0.38874933E-11  0.49131414E-11  0.51826695E-04   255.99999900    -6806.39821745
     450    0.90000000  0.55045553E-11  0.33797230E-11  0.57325993E-04   255.99999898    -6806.39821981
     460    0.92000000  0.64783754E-11  0.43423750E-11  0.63025329E-04   255.99999896    -6806.39822261
     470    0.94000000  0.79016278E-11  0.27025341E-11  0.69260993E-04   255.99999894    -6806.39822524
     480    0.96000000  0.72908454E-11  0.21325120E-11  0.74384298E-04   255.99999892    -6806.39822761
     490    0.98000000  0.67258677E-11  0.75787509E-12  0.77966110E-04   255.99999890    -6806.39822989
     500    1.00000000  0.63132880E-11  0.34873988E-12  0.80765929E-04   255.99999888    -6806.39823236
     510    1.02000000  0.47611471E-11 -0.11032310E-11  0.82525641E-04   255.99999886    -6806.39823461
     520    1.04000000  0.30676917E-11 -0.69641691E-12  0.82454490E-04   255.99999885    -6806.39823640
     530    1.06000000  0.55016249E-12 -0.15558164E-11  0.82452699E-04   255.99999883    -6806.39823855
     540    1.08000000 -0.45459349E-12 -0.19967958E-11  0.82090128E-04   255.99999881    -6806.39824013
     550    1.10000000 -0.21433461E-11 -0.26464280E-11  0.79467580E-04   255.99999879    -6806.39824202
     560    1.12000000 -0.34336182E-11 -0.23761258E-11  0.76031309E-04   255.99999877    -6806.39824481
     570    1.14000000 -0.46991043E-11 -0.27455289E-11  0.72193589E-04   255.99999875    -6806.39824753
     580    1.16000000 -0.57405876E-11 -0.32467220E-11  0.67259071E-04   255.99999873    -6806.39824997
     590    1.18000000 -0.64519809E-11 -0.36896550E-11  0.61584640E-04   255.99999872    -6806.39825254
     600    1.20000000 -0.63289626E-11 -0.19555019E-11  0.55816798E-04   255.99999870    -6806.39825543
     610    1.22000000 -0.63931148E-11 -0.26381803E-11  0.50244222E-04   255.99999868    -6806.39825817
     620    1.24000000 -0.58116462E-11 -0.19073024E-11  0.43577992E-04   255.99999866    -6806.39826091
     630    1.26000000 -0.36947634E-11 -0.15169221E-11  0.36256475E-04   255.99999864    -6806.39826360
     640    1.28000000 -0.37235604E-11 -0.55429580E-12  0.29448673E-04   255.99999862    -6806.39826627
     650    1.30000000 -0.15603796E-11 -0.36566128E-12  0.22688016E-04   255.99999861    -6806.39826894
     660    1.32000000  0.81199102E-12  0.10686721E-11  0.15633403E-04   255.99999859    -6806.39827163
     670    1.34000000  0.89891437E-12  0.16309941E-11  0.83503827E-05   255.99999857    -6806.39827431
     680    1.36000000  0.20128827E-11  0.27410477E-11  0.88504347E-06   255.99999855    -6806.39827698
     690    1.38000000  0.32112467E-11  0.41660876E-11 -0.62575285E-05   255.99999854    -6806.39827962
     700    1.40000000  0.41216238E-11  0.41952111E-11 -0.12699348E-04   255.99999852    -6806.39828220
     710    1.42000000  0.44721258E-11  0.44437406E-11 -0.19196028E-04   255.99999850    -6806.39828475
     720    1.44000000  0.49015667E-11  0.41637787E-11 -0.25453651E-04   255.99999848    -6806.39828719
     730    1.46000000  0.54345556E-11  0.50381692E-11 -0.30904057E-04   255.99999846    -6806.39828918
     740    1.48000000  0.49717692E-11  0.40268703E-11 -0.35238735E-04   255.99999845    -6806.39829107
     750    1.50000000  0.39582485E-11  0.24504280E-11 -0.39150634E-04   255.99999843    -6806.39829329
     760    1.52000000  0.41153524E-11  0.11406677E-11 -0.42949119E-04   255.99999841    -6806.39829564
     770    1.54000000  0.29202234E-11 -0.37111218E-12 -0.45981900E-04   255.99999840    -6806.39829802
     780    1.56000000  0.13869709E-11 -0.13760140E-11 -0.48478586E-04   255.99999838    -6806.39830047
     790    1.58000000  0.11827877E-11 -0.24933634E-11 -0.50632704E-04   255.99999836    -6806.39830259
     800    1.60000000 -0.76927487E-12 -0.30286764E-11 -0.51744456E-04   255.99999834    -6806.39830449
     810    1.62000000 -0.10882783E-11 -0.46530900E-11 -0.51664178E-04   255.99999833    -6806.39830682
     820    1.64000000 -0.28649910E-11 -0.36383814E-11 -0.51510957E-04   255.99999831    -6806.39830934
     830    1.66000000 -0.36216500E-11 -0.47001817E-11 -0.51684628E-04   255.99999829    -6806.39831177
     840    1.68000000 -0.50089726E-11 -0.36212839E-11 -0.51140123E-04   255.99999828    -6806.39831398
     850    1.70000000 -0.50359102E-11 -0.42051441E-11 -0.49376459E-04   255.99999826    -6806.39831609
     860    1.72000000 -0.50779602E-11 -0.24962662E-11 -0.46796873E-04   255.99999824    -6806.39831837
     870    1.74000000 -0.43629964E-11 -0.14910049E-11 -0.44135347E-04   255.99999822    -6806.39832082
     880    1.76000000 -0.41185237E-11 -0.99756168E-12 -0.41490249E-04   255.99999821    -6806.39832326
     890    1.78000000 -0.35678701E-11  0.39455971E-12 -0.38559742E-04   255.99999819    -6806.39832559
     900    1.80000000 -0.21900274E-11  0.18176707E-11 -0.34972229E-04   255.99999817    -6806.39832795
     910    1.82000000 -0.16975055E-11  0.18044427E-11 -0.30954171E-04   255.99999816    -6806.39833029
     920    1.84000000 -0.12566569E-12  0.25838247E-11 -0.26281654E-04   255.99999814    -6806.39833263
     930    1.86000000  0.21285680E-11  0.27199372E-11 -0.21614413E-04   255.99999812    -6806.39833492
     940    1.88000000  0.29767627E-11  0.29860602E-11 -0.17058300E-04   255.99999811    -6806.39833716
     950    1.90000000  0.34640522E-11  0.20687366E-11 -0.11825179E-04   255.99999809    -6806.39833954
     960    1.92000000  0.37891511E-11  0.32559190E-11 -0.64356783E-05   255.99999808    -6806.39834194
     970    1.94000000  0.48137329E-11  0.25614547E-11 -0.16607618E-05   255.99999806    -6806.39834423
     980    1.96000000  0.52626680E-11  0.20073636E-11  0.34120543E-05   255.99999804    -6806.39834638
     990    1.98000000  0.46454429E-11  0.55638545E-12  0.87029422E-05   255.99999803    -6806.39834849
    1000    2.00000000  0.38256321E-11  0.15879775E-11  0.14007686E-04   255.99999801    -6806.39835070
    1010    2.02000000  0.33289850E-11 -0.16346053E-12  0.18733827E-04   255.99999799    -6806.39835289
    1020    2.04000000  0.25408534E-11 -0.11636145E-12  0.22649502E-04   255.99999798    -6806.39835508
    1030    2.06000000  0.15343455E-11 -0.21211794E-12  0.25940307E-04   255.99999796    -6806.39835736
    1040    2.08000000  0.44008668E-12 -0.11145703E-11  0.29120912E-04   255.99999795    -6806.39835967
    1050    2.10000000 -0.11575824E-11 -0.10173098E-11  0.32602952E-04   255.99999793    -6806.39836184
    1060    2.12000000 -0.18220557E-11 -0.18358808E-11  0.35266523E-04   255.99999791    -6806.39836387
    1070    2.14000000 -0.41887045E-11 -0.17829239E-11  0.37062620E-04   255.99999790    -6806.39836603
    1080    2.16000000 -0.43205437E-11 -0.28304208E-11  0.38809900E-04   255.99999788    -6806.39836834
    1090    2.18000000 -0.50773292E-11 -0.25896628E-11  0.40703947E-04   255.99999787    -6806.39837058
    1100    2.20000000 -0.46293465E-11 -0.35874548E-11  0.42021976E-04   255.99999785    -6806.39837280
    1110    2.22000000 -0.47303236E-11 -0.13620935E-11  0.42822736E-04   255.99999783    -6806.39837499
    1120    2.24000000 -0.46022297E-11 -0.19558948E-11  0.43099685E-04   255.99999782    -6806.39837687
    1130    2.26000000 -0.36944986E-11 -0.80936536E-12  0.42337099E-04   255.99999780    -6806.39837837
    1140    2.28000000 -0.29762040E-11 -0.69596298E-12  0.40605194E-04   255.99999779    -6806.39837997
    1150    2.30000000 -0.17563757E-11  0.18667069E-12  0.38308545E-04   255.99999777    -6806.39838162
    1160    2.32000000 -0.92548824E-12  0.65800924E-12  0.34918726E-04   255.99999776    -6806.39838320
    1170    2.34000000  0.77534515E-12  0.15126174E-11  0.30391172E-04   255.99999774    -6806.39838503
    1180    2.36000000  0.24947187E-11  0.19635397E-11  0.25292376E-04   255.99999772    -6806.39838705
    1190    2.38000000  0.39917420E-11  0.22249919E-11  0.19955387E-04   255.99999771    -6806.39838914
    1200    2.40000000  0.50597684E-11  0.28840214E-11  0.14567151E-04   255.99999769    -6806.39839120
    1210    2.42000000  0.57527586E-11  0.38075438E-11  0.89010125E-05   255.99999768    -6806.39839319
    1220    2.44000000  0.53043518E-11  0.35684060E-11  0.31803062E-05   255.99999766    -6806.39839499
    1230    2.46000000  0.62377296E-11  0.29723354E-11 -0.22309458E-05   255.99999765    -6806.39839655
    1240    2.48000000  0.45121273E-11  0.26163583E-11 -0.66119264E-05   255.99999763    -6806.39839799
    1250    2.50000000  0.31064065E-11  0.21337240E-11 -0.10311401E-04   255.99999762    -6806.39839968
    1260    2.52000000  0.13281895E-11  0.35546860E-12 -0.13944841E-04   255.99999760    -6806.39840148
    1270    2.54000000 -0.29946663E-12  0.12290779E-12 -0.17069764E-04   255.99999759    -6806.39840300
    1280    2.56000000 -0.14982844E-11 -0.15273530E-11 -0.19221724E-04   255.99999757    -6806.39840447
    1290    2.58000000 -0.25206987E-11 -0.17784463E-11 -0.20162381E-04   255.99999755    -6806.39840642
    1300    2.60000000 -0.42724178E-11 -0.30178437E-11 -0.20931374E-04   255.99999754    -6806.39840851
    1310    2.62000000 -0.49149041E-11 -0.25994352E-11 -0.21797461E-04   255.99999752    -6806.39841043
    1320    2.64000000 -0.51615708E-11 -0.31523060E-11 -0.22255993E-04   255.99999751    -6806.39841231
    1330    2.66000000 -0.47192186E-11 -0.32877080E-11 -0.22432627E-04   255.99999749    -6806.39841431
    1340    2.68000000 -0.47245404E-11 -0.27248458E-11 -0.22520313E-04   255.99999748    -6806.39841636
    1350    2.70000000 -0.28940953E-11 -0.26712735E-11 -0.22532958E-04   255.99999746    -6806.39841844
    1360    2.72000000 -0.19555513E-11 -0.19569009E-11 -0.22663590E-04   255.99999745    -6806.39842052
    1370    2.74000000 -0.30425286E-12 -0.82467908E-12 -0.22668262E-04   255.99999743    -6806.39842256
    1380    2.76000000  0.69493611E-12 -0.11553389E-12 -0.22197294E-04   255.99999742    -6806.39842454
    1390    2.78000000  0.13097815E-11  0.12523022E-11 -0.21386312E-04   255.99999740    -6806.39842649
    1400    2.80000000  0.22973601E-11  0.14819453E-11 -0.20329950E-04   255.99999739    -6806.39842843
    1410    2.82000000  0.35767848E-11  0.29294234E-11 -0.19190827E-04   255.99999737    -6806.39843026
    1420    2.84000000  0.43341462E-11  0.31489438E-11 -0.17669907E-04   255.99999736    -6806.39843183
    1430    2.86000000  0.32831438E-11  0.42037261E-11 -0.15214337E-04   255.99999734    -6806.39843325
    1440    2.88000000  0.31302495E-11  0.38112936E-11 -0.11870894E-04   255.99999733    -6806.39843504
    1450    2.90000000  0.31071791E-11  0.45163948E-11 -0.87844785E-05   255.99999732    -6806.39843711
    1460    2.92000000  0.21100627E-11  0.30688764E-11 -0.58116966E-05   255.99999730    -6806.39843916
    1470    2.94000000  0.88356971E-12  0.21962298E-11 -0.21945511E-05   255.99999729    -6806.39844118
    1480    2.96000000  0.28003825E-12  0.62616803E-12  0.16962919E-05   255.99999727    -6806.39844306
    1490    2.98000000 -0.45345356E-12 -0.17898469E-12  0.53165039E-05   255.99999726    -6806.39844487
    1500    3.00000000 -0.11614815E-11 -0.20954862E-11  0.84955342E-05   255.99999724    -6806.39844665
    1510    3.02000000 -0.59388690E-12 -0.20009518E-11  0.11591832E-04   255.99999723    -6806.39844828
    1520    3.04000000 -0.17275774E-11 -0.32858599E-11  0.14477674E-04   255.99999721    -6806.39844960
    1530    3.06000000 -0.16996147E-11 -0.42856402E-11  0.16669912E-04   255.99999720    -6806.39845083
    1540    3.08000000 -0.71900379E-12 -0.32501267E-11  0.17978441E-04   255.99999718    -6806.39845232
    1550    3.10000000 -0.12997948E-11 -0.37239229E-11  0.18750830E-04   255.99999717    -6806.39845412
    1560    3.12000000 -0.19104687E-11 -0.35114802E-11  0.19584657E-04   255.99999715    -6806.39845600
    1570    3.14000000 -0.17229446E-11 -0.29308345E-11  0.20186338E-04   255.99999714    -6806.39845774
    1580    3.16000000 -0.17635636E-11 -0.22458349E-11  0.20209771E-04   255.99999713    -6806.39845931
    1590    3.18000000 -0.18108706E-11 -0.64672986E-12  0.19835500E-04   255.99999711    -6806.39846084
    1600    3.20000000 -0.26964679E-11 -0.12195356E-12  0.18727788E-04   255.99999710    -6806.39846250
    1610    3.22000000 -0.15617011E-11  0.11716869E-11  0.17135468E-04   255.99999708    -6806.39846438
    1620    3.24000000 -0.71280498E-12  0.16880235E-11  0.15537563E-04   255.99999707    -6806.39846638
    1630    3.26000000 -0.15832807E-12  0.13372183E-11  0.14038408E-04   255.99999705    -6806.39846834
    1640    3.28000000 -0.55132342E-13  0.26763879E-11  0.12078044E-04   255.99999704    -6806.39847021
    1650    3.30000000  0.84815174E-12  0.21396916E-11  0.95804699E-05   255.99999703    -6806.39847207
    1660    3.32000000  0.21402971E-11  0.28389998E-11  0.71045809E-05   255.99999701    -6806.39847400
    1670    3.34000000  0.32869492E-11  0.25910610E-11  0.48892764E-05   255.99999700    -6806.39847588
    1680    3.36000000  0.33180591E-11  0.33501500E-11  0.24729805E-05   255.99999698    -6806.39847768
    1690    3.38000000  0.35561060E-11  0.25722718E-11 -0.38255579E-07   255.99999697    -6806.39847928
    1700    3.40000000  0.37158395E-11  0.26280815E-11 -0.19739362E-05   255.99999696    -6806.39848079
    1710    3.42000000  0.37248322E-11  0.15411737E-11 -0.38004505E-05   255.99999694    -6806.39848244
    1720    3.44000000  0.30316148E-11  0.19738774E-11 -0.55861308E-05   255.99999693    -6806.39848414
    1730    3.46000000  0.28400907E-11  0.44248142E-12 -0.66113022E-05   255.99999691    -6806.39848583
    1740    3.48000000  0.78369082E-12  0.10414631E-12 -0.71070566E-05   255.99999690    -6806.39848766
    1750    3.50000000  0.64537433E-12 -0.62665601E-12 -0.79308722E-05   255.99999688    -6806.39848949
    1760    3.52000000 -0.17571035E-11 -0.11110063E-11 -0.85428688E-05   255.99999687    -6806.39849127
    1770    3.54000000 -0.32156524E-11 -0.21216609E-11 -0.85047526E-05   255.99999686    -6806.39849313
    1780    3.56000000 -0.34081833E-11 -0.23389880E-11 -0.86926052E-05   255.99999684    -6806.39849502
    1790    3.58000000 -0.47027955E-11 -0.28718414E-11 -0.90510152E-05   255.99999683    -6806.39849686
    1800    3.60000000 -0.47751624E-11 -0.37091375E-11 -0.89571840E-05   255.99999682    -6806.39849867
    1810    3.62000000 -0.49572542E-11 -0.30081852E-11 -0.85644043E-05   255.99999680    -6806.39850046
    1820    3.64000000 -0.47046126E-11 -0.29781474E-11 -0.79617829E-05   255.99999679    -6806.39850229
    1830    3.66000000 -0.41324489E-11 -0.37768879E-11 -0.73750149E-05   255.99999677    -6806.39850417
    1840    3.68000000 -0.22092145E-11 -0.20440141E-11 -0.69143857E-05   255.99999676    -6806.39850599
    1850    3.70000000 -0.65554202E-12 -0.19052649E-11 -0.67039945E-05   255.99999675    -6806.39850776
    1860    3.72000000 -0.26685617E-12 -0.95555599E-12 -0.60128791E-05   255.99999673    -6806.39850957
    1870    3.74000000  0.17587897E-11 -0.20342078E-12 -0.50170716E-05   255.99999672    -6806.39851141
    1880    3.76000000  0.29812758E-11  0.11741001E-11 -0.39660505E-05   255.99999670    -6806.39851324
    1890    3.78000000  0.33419658E-11  0.19648388E-11 -0.35111883E-05   255.99999669    -6806.39851508
    1900    3.80000000  0.44805110E-11  0.26650530E-11 -0.34007787E-05   255.99999668    -6806.39851688
    1910    3.82000000  0.50966459E-11  0.35428857E-11 -0.24662626E-05   255.99999666    -6806.39851860
    1920    3.84000000  0.54582999E-11  0.40552674E-11 -0.11581766E-05   255.99999665    -6806.39852044
    1930    3.86000000  0.47166816E-11  0.39863013E-11 -0.35374182E-06   255.99999664    -6806.39852229
    1940    3.88000000  0.46225485E-11  0.41571509E-11  0.35342312E-06   255.99999662    -6806.39852413
    1950    3.90000000  0.33437737E-11  0.34070602E-11  0.15376383E-05   255.99999661    -6806.39852592
    1960    3.92000000  0.12253388E-11  0.24356267E-11  0.27214133E-05   255.99999660    -6806.39852768
    1970    3.94000000  0.10614168E-11  0.19154860E-11  0.37554223E-05   255.99999658    -6806.39852945
    1980    3.96000000 -0.16250900E-11  0.87361687E-12  0.49339868E-05   255.99999657    -6806.39853122
    1990    3.98000000 -0.22965460E-11 -0.66665874E-13  0.59967964E-05   255.99999656    -6806.39853289
    2000    4.00000000 -0.40670114E-11 -0.12303318E-11  0.64516479E-05   255.99999654    -6806.39853459
    2010    4.02000000 -0.42932498E-11 -0.17965235E-11  0.68568097E-05   255.99999653    -6806.39853641
    2020    4.04000000 -0.44595994E-11 -0.21026047E-11  0.73455008E-05   255.99999652    -6806.39853820
    2030    4.06000000 -0.51522779E-11 -0.27233162E-11  0.74317299E-05   255.99999650    -6806.39853995
    2040    4.08000000 -0.51296595E-11 -0.33032025E-11  0.72165421E-05   255.99999649    -6806.39854173
    2050    4.10000000 -0.39779441E-11 -0.39289391E-11  0.69040038E-05   255.99999648    -6806.39854354
    2060    4.12000000 -0.27405589E-11 -0.29985450E-11  0.69226654E-05   255.99999646    -6806.39854529
    2070    4.14000000 -0.19915064E-11 -0.27050816E-11  0.63478690E-05   255.99999645    -6806.39854686
    2080    4.16000000 -0.13808175E-11 -0.19889755E-11  0.53980819E-05   255.99999644    -6806.39854841
    2090    4.18000000  0.12994641E-11 -0.20630543E-11  0.42437074E-05   255.99999642    -6806.39855013
    2100    4.20000000  0.15804342E-11 -0.58314072E-12  0.34206949E-05   255.99999641    -6806.39855191
    2110    4.22000000  0.27258075E-11  0.41483781E-12  0.26389130E-05   255.99999640    -6806.39855369
    2120    4.24000000  0.31105254E-11  0.11925434E-11  0.15848332E-05   255.99999638    -6806.39855544
    2130    4.26000000  0.33356699E-11  0.80484412E-12  0.29184907E-06   255.99999637    -6806.39855718
    2140    4.28000000  0.34470369E-11  0.22189057E-11 -0.94429984E-06   255.99999636    -6806.39855887
    2150    4.30000000  0.33942926E-11  0.22508822E-11 -0.16581049E-05   255.99999634    -6806.39856057
    2160    4.32000000  0.28978947E-11  0.21709814E-11 -0.20569298E-05   255.99999633    -6806.39856229
    2170    4.34000000  0.18373262E-11  0.28505583E-11 -0.27233220E-05   255.99999632    -6806.39856404
    2180    4.36000000  0.22054578E-11  0.30006619E-11 -0.37827924E-05   255.99999630    -6806.39856570
    2190    4.38000000  0.87934635E-12  0.32320871E-11 -0.42920299E-05   255.99999629    -6806.39856720
    2200    4.40000000  0.15912182E-12  0.19625375E-11 -0.41774671E-05   255.99999628    -6806.39856875
    2210    4.42000000  0.12337324E-12  0.15620808E-11 -0.40082527E-05   255.99999626    -6806.39857040
    2220    4.44000000 -0.26182413E-12  0.63042594E-12 -0.36922886E-05   255.99999625    -6806.39857207
    2230    4.46000000 -0.51731652E-12 -0.89432036E-13 -0.31873216E-05   255.99999624    -6806.39857365
    2240    4.48000000 -0.12207129E-11 -0.19530486E-12 -0.20770454E-05   255.99999623    -6806.39857516
    2250    4.50000000 -0.17773568E-11 -0.14992162E-11 -0.80009759E-06   255.99999621    -6806.39857670
    2260    4.52000000 -0.24388510E-11 -0.18462118E-11  0.88722875E-06   255.99999620    -6806.39857837
    2270    4.54000000 -0.21185866E-11 -0.29096856E-11  0.21618385E-05   255.99999619    -6806.39857999
    2280    4.56000000 -0.23987003E-11 -0.15063266E-11  0.29308144E-05   255.99999617    -6806.39858152
    2290    4.58000000 -0.23861861E-11 -0.17374232E-11  0.40371962E-05   255.99999616    -6806.39858310
    2300    4.60000000 -0.19296928E-11 -0.14298492E-11  0.56801539E-05   255.99999615    -6806.39858477
    2310    4.62000000 -0.15429683E-11 -0.11642354E-11  0.67934708E-05   255.99999613    -6806.39858643
    2320    4.64000000 -0.17388806E-11 -0.83938258E-12  0.72198527E-05   255.99999612    -6806.39858808
    2330    4.66000000 -0.99782499E-12  0.16891136E-12  0.76414167E-05   255.99999611    -6806.39858970
    2340    4.68000000 -0.35349969E-12 -0.65266077E-13  0.80352447E-05   255.99999610    -6806.39859138
    2350    4.70000000 -0.24184031E-12  0.88017025E-12  0.86003570E-05   255.99999608    -6806.39859307
    2360    4.72000000  0.11890470E-13  0.14258321E-11  0.91324678E-05   255.99999607    -6806.39859472
    2370    4.74000000  0.46305463E-12  0.13282304E-11  0.92069896E-05   255.99999606    -6806.39859634
    2380    4.76000000  0.97713096E-12  0.63828241E-12  0.89161998E-05   255.99999604    -6806.39859802
    2390    4.78000000  0.17261295E-11  0.16813751E-11  0.88373449E-05   255.99999603    -6806.39859973
    2400    4.80000000  0.23358089E-11  0.68957671E-12  0.86013222E-05   255.99999602    -6806.39860138
    2410    4.82000000  0.32831037E-11  0.31562427E-12  0.80241727E-05   255.99999601    -6806.39860296
    2420    4.84000000  0.37739051E-11  0.43597027E-12  0.73485808E-05   255.99999599    -6806.39860448
    2430    4.86000000  0.45694053E-11  0.67634473E-12  0.65161653E-05   255.99999598    -6806.39860591
    2440    4.88000000  0.37023621E-11 -0.96637231E-12  0.56111752E-05   255.99999597    -6806.39860733
    2450    4.90000000  0.39044595E-11 -0.35948727E-12  0.45660857E-05   255.99999596    -6806.39860878
    2460    4.92000000  0.21345037E-11  0.23591871E-13  0.29891960E-05   255.99999594    -6806.39861024
    2470    4.94000000  0.96293511E-12 -0.84110506E-12  0.11020846E-05   255.99999593    -6806.39861172
    2480    4.96000000 -0.70361067E-12 -0.64081458E-12 -0.90048375E-06   255.99999592    -6806.39861316
    2490    4.98000000 -0.77748150E-12 -0.39293386E-12 -0.27295377E-05   255.99999591    -6806.39861461
    2500    5.00000000 -0.23888136E-11 -0.42354966E-12 -0.43368852E-05   255.99999589    -6806.39861606
    2510    5.02000000 -0.37369082E-11 -0.58295708E-12 -0.60527548E-05   255.99999588    -6806.39861762
    2520    5.04000000 -0.45129405E-11 -0.16063569E-12 -0.77243467E-05   255.99999587    -6806.39861924
    2530    5.06000000 -0.53838894E-11  0.44447809E-12 -0.92594596E-05   255.99999586    -6806.39862086
    2540    5.08000000 -0.55146068E-11  0.24576862E-13 -0.10498575E-04   255.99999584    -6806.39862249
    2550    5.10000000 -0.49813722E-11  0.81810678E-12 -0.11678978E-04   255.99999583    -6806.39862411
    2560    5.12000000 -0.40991783E-11  0.77390938E-12 -0.12850579E-04   255.99999582    -6806.39862568
    2570    5.14000000 -0.30328902E-11  0.14326213E-11 -0.13963520E-04   255.99999581    -6806.39862718
    2580    5.16000000 -0.11977010E-11  0.70619005E-12 -0.14823853E-04   255.99999579    -6806.39862864
    2590    5.18000000  0.63698473E-13  0.47859995E-12 -0.15144396E-04   255.99999578    -6806.39863000
    2600    5.20000000  0.23933726E-11  0.93697134E-12 -0.15084639E-04   255.99999577    -6806.39863129
    2610    5.22000000  0.39769660E-11  0.61140891E-12 -0.14666221E-04   255.99999576    -6806.39863262
    2620    5.24000000  0.45211464E-11 -0.59558938E-13 -0.14003329E-04   255.99999574    -6806.39863407
    2630    5.26000000  0.53025729E-11  0.22471804E-12 -0.13333565E-04   255.99999573    -6806.39863558
    2640    5.28000000  0.53390182E-11  0.33920801E-12 -0.12527946E-04   255.99999572    -6806.39863705
    2650    5.30000000  0.49118131E-11 -0.12761848E-12 -0.11070370E-04   255.99999571    -6806.39863853
    2660    5.32000000  0.49696446E-11 -0.15271300E-13 -0.94054765E-05   255.99999569    -6806.39864012
    2670    5.34000000  0.30637241E-11 -0.43441459E-12 -0.77192832E-05   255.99999568    -6806.39864170
    2680    5.36000000  0.20203329E-11 -0.28868021E-12 -0.61172575E-05   255.99999567    -6806.39864325
    2690    5.38000000  0.28680685E-12 -0.17882167E-12 -0.41250027E-05   255.99999566    -6806.39864484
    2700    5.40000000 -0.81130085E-12 -0.67216509E-12 -0.19653066E-05   255.99999565    -6806.39864643
    2710    5.42000000 -0.24520516E-11 -0.92710087E-12 -0.28841020E-06   255.99999563    -6806.39864794
    2720    5.44000000 -0.31555063E-11 -0.12385200E-11  0.16982628E-05   255.99999562    -6806.39864935
    2730    5.46000000 -0.41362349E-11 -0.44129003E-12  0.36372208E-05   255.99999561    -6806.39865071
    2740    5.48000000 -0.49314514E-11 -0.98675377E-12  0.56488917E-05   255.99999560    -6806.39865216
    2750    5.50000000 -0.53178347E-11 -0.65798159E-12  0.73629424E-05   255.99999558    -6806.39865369
    2760    5.52000000 -0.44236359E-11 -0.11837933E-11  0.90322549E-05   255.99999557    -6806.39865524
    2770    5.54000000 -0.42476853E-11 -0.14416885E-11  0.11070179E-04   255.99999556    -6806.39865679
    2780    5.56000000 -0.36184057E-11 -0.15290496E-11  0.12989175E-04   255.99999555    -6806.39865833
    2790    5.58000000 -0.19701279E-11 -0.52200708E-12  0.14435045E-04   255.99999554    -6806.39865985
    2800    5.60000000 -0.12059212E-11 -0.54796703E-12  0.15640935E-04   255.99999552    -6806.39866141
    2810    5.62000000  0.57856022E-12 -0.75701808E-12  0.16887050E-04   255.99999551    -6806.39866297
    2820    5.64000000  0.14555388E-11 -0.39888529E-12  0.18211181E-04   255.99999550    -6806.39866448
    2830    5.66000000  0.32760550E-11  0.15731795E-11  0.19667931E-04   255.99999549    -6806.39866585
    2840    5.68000000  0.33766619E-11  0.12607240E-11  0.20678777E-04   255.99999548    -6806.39866715
    2850    5.70000000  0.43173953E-11  0.20467222E-11  0.21016733E-04   255.99999546    -6806.39866850
    2860    5.72000000  0.45084630E-11  0.28833560E-11  0.21046512E-04   255.99999545    -6806.39866984
    2870    5.74000000  0.46992815E-11  0.28847312E-11  0.21050089E-04   255.99999544    -6806.39867105
    2880    5.76000000  0.35904265E-11  0.34171512E-11  0.20862630E-04   255.99999543    -6806.39867205
    2890    5.78000000  0.29574814E-11  0.31637353E-11  0.20178817E-04   255.99999542    -6806.39867308
    2900    5.80000000  0.13932941E-11  0.36223243E-11  0.18851314E-04   255.99999540    -6806.39867427
    2910    5.82000000  0.11264483E-11  0.28619601E-11  0.17108125E-04   255.99999539    -6806.39867554
    2920    5.84000000 -0.74171569E-12  0.15411034E-11  0.15063719E-04   255.99999538    -6806.39867689
    2930    5.86000000 -0.90253594E-12  0.10953543E-11  0.12819606E-04   255.99999537    -6806.39867834
    2940    5.88000000 -0.23001795E-11 -0.63859597E-12  0.10589124E-04   255.99999536    -6806.39867988
    2950    5.90000000 -0.24342163E-11 -0.21449318E-11  0.83905065E-05   255.99999534    -6806.39868141
    2960    5.92000000 -0.25647387E-11 -0.31914361E-11  0.60448824E-05   255.99999533    -6806.39868292
    2970    5.94000000 -0.20389494E-11 -0.39926345E-11  0.33898096E-05   255.99999532    -6806.39868445
    2980    5.96000000 -0.22429965E-11 -0.45440762E-11  0.76719253E-06   255.99999531    -6806.39868592
    2990    5.98000000 -0.11167447E-11 -0.52612644E-11 -0.18591207E-05   255.99999530    -6806.39868720
    3000    6.00000000 -0.11800420E-11 -0.37970890E-11 -0.43512699E-05   255.99999528    -6806.39868814
    3010    6.02000000 -0.96756552E-12 -0.44468159E-11 -0.69513744E-05   255.99999527    -6806.39868895
    3020    6.04000000 -0.11190494E-11 -0.34731164E-11 -0.96286731E-05   255.99999526    -6806.39869003
    3030    6.06000000 -0.77875620E-12 -0.22454840E-11 -0.11918825E-04   255.99999525    -6806.39869123
    3040    6.08000000 -0.19090480E-12 -0.73365874E-12 -0.13817710E-04   255.99999524    -6806.39869242
    3050    6.10000000  0.21535304E-12  0.66536062E-14 -0.16024228E-04   255.99999523    -6806.39869361
    3060    6.12000000  0.92529016E-13  0.14357585E-11 -0.18196662E-04   255.99999521    -6806.39869492
    3070    6.14000000 -0.70904107E-12  0.37428135E-11 -0.19717001E-04   255.99999520    -6806.39869629
    3080    6.16000000  0.87719801E-13  0.39726647E-11 -0.20758053E-04   255.99999519    -6806.39869771
    3090    6.18000000  0.52894970E-12  0.42726551E-11 -0.21708913E-04   255.99999518    -6806.39869900
    3100    6.20000000  0.48775469E-12  0.55686711E-11 -0.22197775E-04   255.99999517    -6806.39870021
    3110    6.22000000  0.13062640E-11  0.53115101E-11 -0.22053084E-04   255.99999515    -6806.39870163
    3120    6.24000000  0.13764997E-11  0.45796647E-11 -0.21964666E-04   255.99999514    -6806.39870304
    3130    6.26000000  0.24693808E-11  0.38563079E-11 -0.21437947E-04   255.99999513    -6806.39870433
    3140    6.28000000  0.28066204E-11  0.25126200E-11 -0.20325432E-04   255.99999512    -6806.39870556
    3150    6.30000000  0.18441327E-11  0.12740198E-11 -0.18597113E-04   255.99999511    -6806.39870695
    3160    6.32000000  0.21061364E-11  0.55969945E-12 -0.16871823E-04   255.99999510    -6806.39870842
    3170    6.34000000  0.15275297E-11 -0.13333056E-11 -0.15374364E-04   255.99999509    -6806.39870989
    3180    6.36000000  0.18207406E-11 -0.21232257E-11 -0.13556514E-04   255.99999507    -6806.39871136
    3190    6.38000000  0.79490020E-12 -0.35586581E-11 -0.11403530E-04   255.99999506    -6806.39871282
    3200    6.40000000 -0.86914909E-12 -0.40512110E-11 -0.91502360E-05   255.99999505    -6806.39871425
    3210    6.42000000 -0.45893416E-12 -0.41621656E-11 -0.68976739E-05   255.99999504    -6806.39871562
    3220    6.44000000 -0.10953721E-11 -0.39249663E-11 -0.45391616E-05   255.99999503    -6806.39871701
    3230    6.46000000 -0.19871910E-11 -0.38655024E-11 -0.19585750E-05   255.99999502    -6806.39871840
    3240    6.48000000 -0.28979854E-11 -0.32253467E-11  0.34975077E-06   255.99999500    -6806.39871970
    3250    6.50000000 -0.37615326E-11 -0.30517866E-11  0.23305466E-05   255.99999499    -6806.39872096
    3260    6.52000000 -0.36433295E-11 -0.19478448E-11  0.47701160E-05   255.99999498    -6806.39872226
    3270    6.54000000 -0.35127554E-11 -0.16920826E-11  0.75191325E-05   255.99999497    -6806.39872367
    3280    6.56000000 -0.36955709E-11  0.34159308E-12  0.98653038E-05   255.99999496    -6806.39872501
    3290    6.58000000 -0.23560464E-11  0.46113580E-12  0.11230610E-04   255.99999495    -6806.39872632
    3300    6.60000000 -0.74683275E-12  0.19394265E-11  0.12632323E-04   255.99999494    -6806.39872770
    3310    6.62000000  0.44970879E-12  0.16633619E-11  0.14658238E-04   255.99999492    -6806.39872903
    3320    6.64000000 -0.36905048E-12  0.29855290E-11  0.16273996E-04   255.99999491    -6806.39873029
    3330    6.66000000  0.24306719E-11  0.29424808E-11  0.17652986E-04   255.99999490    -6806.39873152
    3340    6.68000000  0.31523747E-11  0.33324073E-11  0.19024928E-04   255.99999489    -6806.39873275
    3350    6.70000000  0.44027272E-11  0.27034490E-11  0.19721325E-04   255.99999488    -6806.39873402
    3360    6.72000000  0.44984397E-11  0.27110897E-11  0.20087822E-04   255.99999487    -6806.39873532
    3370    6.74000000  0.46753895E-11  0.23216623E-11  0.20473737E-04   255.99999486    -6806.39873661
    3380    6.76000000  0.39006385E-11  0.24084851E-11  0.20613643E-04   255.99999484    -6806.39873780
    3390    6.78000000  0.34146420E-11  0.13318736E-11  0.20139095E-04   255.99999483    -6806.39873900
    3400    6.80000000  0.27059022E-11  0.10794436E-11  0.19192248E-04   255.99999482    -6806.39874033
    3410    6.82000000  0.14252631E-11  0.90901337E-13  0.18193307E-04   255.99999481    -6806.39874167
    3420    6.84000000 -0.29849303E-12  0.91354104E-13  0.17031803E-04   255.99999480    -6806.39874301
    3430    6.86000000 -0.15404369E-11 -0.21308278E-13  0.15589677E-04   255.99999479    -6806.39874432
    3440    6.88000000 -0.26043310E-11 -0.52092480E-12  0.14218188E-04   255.99999478    -6806.39874553
    3450    6.90000000 -0.41025492E-11 -0.78414553E-12  0.12891384E-04   255.99999476    -6806.39874666
    3460    6.92000000 -0.42951566E-11 -0.17338793E-11  0.11140174E-04   255.99999475    -6806.39874782
    3470    6.94000000 -0.43007611E-11 -0.17661420E-11  0.93713970E-05   255.99999474    -6806.39874899
    3480    6.96000000 -0.32844203E-11 -0.18488744E-11  0.79467652E-05   255.99999473    -6806.39875013
    3490    6.98000000 -0.25104859E-11 -0.23671530E-11  0.64712070E-05   255.99999472    -6806.39875128
    3500    7.00000000 -0.21224442E-11 -0.20331260E-11  0.48819399E-05   255.99999471    -6806.39875252
    3510    7.02000000 -0.71412821E-12 -0.26471345E-11  0.30826328E-05   255.99999470    -6806.39875384
    3520    7.04000000  0.10118549E-11 -0.27037706E-11  0.13294877E-05   255.99999469    -6806.39875521
    3530    7.06000000  0.12811935E-11 -0.26170277E-11 -0.45328655E-06   255.99999468    -6806.39875657
    3540    7.08000000  0.17116662E-11 -0.21598325E-11 -0.19558632E-05   255.99999466    -6806.39875791
    3550    7.10000000  0.23389158E-11 -0.11692054E-11 -0.32576601E-05   255.99999465    -6806.39875928
    3560    7.12000000  0.25910971E-11 -0.10349058E-11 -0.47485707E-05   255.99999464    -6806.39876069
    3570    7.14000000  0.30695218E-11  0.28988732E-12 -0.64765187E-05   255.99999463    -6806.39876208
    3580    7.16000000  0.20473414E-11  0.86283121E-12 -0.76295927E-05   255.99999462    -6806.39876345
    3590    7.18000000  0.13797107E-11  0.15637080E-11 -0.85253961E-05   255.99999461    -6806.39876485
    3600    7.20000000  0.98891272E-12  0.31467257E-11 -0.98054679E-05   255.99999460    -6806.39876625
    3610    7.22000000  0.82318236E-12  0.43310589E-11 -0.10749299E-04   255.99999459    -6806.39876769
    3620    7.24000000 -0.15576807E-12  0.43942784E-11 -0.11283558E-04   255.99999457    -6806.39876906
    3630    7.26000000 -0.11204602E-11  0.46247630E-11 -0.12063748E-04   255.99999456    -6806.39877043
    3640    7.28000000 -0.12256738E-11  0.46010855E-11 -0.12677652E-04   255.99999455    -6806.39877168
    3650    7.30000000 -0.12194767E-11  0.39865408E-11 -0.12610947E-04   255.99999454    -6806.39877301
    3660    7.32000000 -0.12699968E-11  0.25856274E-11 -0.12509856E-04   255.99999453    -6806.39877435
    3670    7.34000000 -0.15782057E-11  0.11236446E-11 -0.12865746E-04   255.99999452    -6806.39877567
    3680    7.36000000 -0.18055022E-11 -0.93124344E-13 -0.13096798E-04   255.99999451    -6806.39877695
    3690    7.38000000 -0.10792756E-11 -0.22166302E-11 -0.12829684E-04   255.99999450    -6806.39877815
    3700    7.40000000 -0.14576360E-11 -0.24659514E-11 -0.12531128E-04   255.99999449    -6806.39877931
    3710    7.42000000 -0.90712570E-12 -0.45685336E-11 -0.12013209E-04   255.99999448    -6806.39878046
    3720    7.44000000 -0.97953910E-12 -0.53833589E-11 -0.11444933E-04   255.99999446    -6806.39878155
    3730    7.46000000  0.66166540E-12 -0.61961281E-11 -0.11280966E-04   255.99999445    -6806.39878247
    3740    7.48000000  0.10201763E-11 -0.54825650E-11 -0.10895328E-04   255.99999444    -6806.39878326
    3750    7.50000000  0.44797760E-12 -0.49974967E-11 -0.98890809E-05   255.99999443    -6806.39878419
    3760    7.52000000  0.38539462E-12 -0.42871954E-11 -0.87737659E-05   255.99999442    -6806.39878535
    3770    7.54000000  0.11106928E-11 -0.30450747E-11 -0.75515167E-05   255.99999441    -6806.39878665
    3780    7.56000000  0.13500134E-11 -0.18763562E-11 -0.63665321E-05   255.99999440    -6806.39878801
    3790    7.58000000  0.71420276E-12  0.69469866E-12 -0.53148431E-05   255.99999439    -6806.39878939
    3800    7.60000000  0.93350399E-12  0.23866493E-11 -0.38839190E-05   255.99999438    -6806.39879073
    3810    7.62000000  0.72454788E-12  0.40871331E-11 -0.23093589E-05   255.99999437    -6806.39879197
    3820    7.64000000  0.65870841E-12  0.52880159E-11 -0.15773433E-05   255.99999436    -6806.39879317
    3830    7.66000000  0.40671038E-12  0.69451999E-11 -0.14553746E-05   255.99999434    -6806.39879447
    3840    7.68000000  0.42195027E-12  0.68857049E-11 -0.75951577E-06   255.99999433    -6806.39879567
    3850    7.70000000 -0.33305558E-12  0.68774335E-11  0.64319844E-06   255.99999432    -6806.39879678
    3860    7.72000000  0.24805585E-13  0.65071134E-11  0.19864882E-05   255.99999431    -6806.39879788
    3870    7.74000000 -0.23821754E-12  0.55224316E-11  0.31633002E-05   255.99999430    -6806.39879898
    3880    7.76000000 -0.12903516E-13  0.36615825E-11  0.43860090E-05   255.99999429    -6806.39880009
    3890    7.78000000 -0.13022058E-12  0.20556749E-11  0.55842354E-05   255.99999428    -6806.39880129
    3900    7.80000000  0.38010936E-13  0.32481416E-12  0.71372425E-05   255.99999427    -6806.39880254
    3910    7.82000000  0.10498022E-13 -0.16167212E-11  0.90818770E-05   255.99999426    -6806.39880380
    3920    7.84000000 -0.14428647E-12 -0.35832900E-11  0.10979549E-04   255.99999425    -6806.39880497
    3930    7.86000000 -0.86974744E-12 -0.54058560E-11  0.12395930E-04   255.99999424    -6806.39880611
    3940    7.88000000 -0.44894601E-12 -0.61800815E-11  0.13550634E-04   255.99999423    -6806.39880731
    3950    7.90000000 -0.86075622E-13 -0.69639622E-11  0.14528654E-04   255.99999421    -6806.39880855
    3960    7.92000000 -0.11794224E-11 -0.66010237E-11  0.15285009E-04   255.99999420    -6806.39880988
    3970    7.94000000 -0.14092836E-11 -0.59162805E-11  0.16156334E-04   255.99999419    -6806.39881121
    3980    7.96000000 -0.10449100E-11 -0.54440564E-11  0.17231586E-04   255.99999418    -6806.39881247
    3990    7.98000000 -0.74652853E-12 -0.40914028E-11  0.17843824E-04   255.99999417    -6806.39881370
    4000    8.00000000 -0.88934112E-12 -0.24266529E-11  0.17969403E-04   255.99999416    -6806.39881500
    4010    8.02000000 -0.29123877E-12 -0.49741022E-12  0.17626834E-04   255.99999415    -6806.39881627
    4020    8.04000000 -0.20593555E-12  0.85541858E-12  0.17208010E-04   255.99999414    -6806.39881755
    4030    8.06000000  0.42416295E-12  0.22806940E-11  0.16728551E-04   255.99999413    -6806.39881883
    4040    8.08000000  0.10166064E-11  0.39124073E-11  0.15947685E-04   255.99999412    -6806.39882007
    4050    8.10000000  0.16728174E-11  0.45037230E-11  0.14745155E-04   255.99999411    -6806.39882126
    4060    8.12000000  0.13823306E-11  0.52952082E-11  0.13031163E-04   255.99999410    -6806.39882240
    4070    8.14000000  0.18586893E-11  0.59721355E-11  0.10676128E-04   255.99999409    -6806.39882368
    4080    8.16000000  0.12627756E-11  0.58842803E-11  0.83561537E-05   255.99999408    -6806.39882503
    4090    8.18000000  0.19008717E-11  0.48716213E-11  0.62426084E-05   255.99999407    -6806.39882634
    4100    8.20000000  0.11751700E-11  0.42298004E-11  0.37854709E-05   255.99999405    -6806.39882764
    4110    8.22000000  0.13578624E-11  0.33204820E-11  0.13547678E-05   255.99999404    -6806.39882889
    4120    8.24000000  0.23208452E-12  0.22905857E-11 -0.71834996E-06   255.99999403    -6806.39883011
    4130    8.26000000  0.16563779E-12  0.96094612E-12 -0.24842906E-05   255.99999402    -6806.39883134
    4140    8.28000000 -0.11918054E-11 -0.70637574E-12 -0.42019852E-05   255.99999401    -6806.39883260
    4150    8.30000000 -0.17544404E-11 -0.14858681E-11 -0.60304420E-05   255.99999400    -6806.39883389
    4160    8.32000000 -0.21681546E-11 -0.25108894E-11 -0.76605519E-05   255.99999399    -6806.39883520
    4170    8.34000000 -0.23476643E-11 -0.36308291E-11 -0.87302125E-05   255.99999398    -6806.39883646
    4180    8.36000000 -0.30290666E-11 -0.40868324E-11 -0.94820461E-05   255.99999397    -6806.39883775
    4190    8.38000000 -0.36334729E-11 -0.44897199E-11 -0.10325352E-04   255.99999396    -6806.39883907
    4200    8.40000000 -0.30721659E-11 -0.54828233E-11 -0.11421028E-04   255.99999395    -6806.39884037
    4210    8.42000000 -0.25283917E-11 -0.54456951E-11 -0.12454870E-04   255.99999394    -6806.39884162
    4220    8.44000000 -0.19286282E-11 -0.48608432E-11 -0.13075399E-04   255.99999393    -6806.39884284
    4230    8.46000000 -0.11656126E-11 -0.46050415E-11 -0.13068197E-04   255.99999392    -6806.39884399
    4240    8.48000000 -0.42985601E-12 -0.44383014E-11 -0.12808890E-04   255.99999391    -6806.39884516
    4250    8.50000000  0.65409386E-12 -0.32697232E-11 -0.12329368E-04   255.99999390    -6806.39884643
    4260    8.52000000  0.21703138E-11 -0.25530643E-11 -0.12004454E-04   255.99999389    -6806.39884774
    4270    8.54000000  0.28632596E-11 -0.11235043E-11 -0.11741514E-04   255.99999388    -6806.39884904
    4280    8.56000000  0.38638349E-11  0.89118061E-12 -0.11115258E-04   255.99999387    -6806.39885027
    4290    8.58000000  0.47583700E-11  0.27760633E-11 -0.10019858E-04   255.99999385    -6806.39885150
    4300    8.60000000  0.49347760E-11  0.38631717E-11 -0.86650524E-05   255.99999384    -6806.39885277
    4310    8.62000000  0.41458983E-11  0.51335114E-11 -0.71232367E-05   255.99999383    -6806.39885405
    4320    8.64000000  0.35516560E-11  0.68655514E-11 -0.54834094E-05   255.99999382    -6806.39885530
    4330    8.66000000  0.26239899E-11  0.75719466E-11 -0.38681996E-05   255.99999381    -6806.39885653
    4340    8.68000000  0.16840288E-11  0.77824656E-11 -0.21997808E-05   255.99999380    -6806.39885778
    4350    8.70000000  0.63393978E-12  0.70424229E-11 -0.38784376E-06   255.99999379    -6806.39885904
    4360    8.72000000 -0.15068700E-11  0.68686041E-11  0.19303147E-05   255.99999378    -6806.39886031
    4370    8.74000000 -0.23805358E-11  0.53371770E-11  0.39686520E-05   255.99999377    -6806.39886133
    4380    8.76000000 -0.32984566E-11  0.40061009E-11  0.52507156E-05   255.99999376    -6806.39886212
    4390    8.78000000 -0.36475470E-11  0.12601320E-11  0.58816159E-05   255.99999375    -6806.39886296
    4400    8.80000000 -0.49495290E-11 -0.39642245E-12  0.60880966E-05   255.99999374    -6806.39886389
    4410    8.82000000 -0.46921977E-11 -0.25768637E-11  0.63805753E-05   255.99999373    -6806.39886501
    4420    8.84000000 -0.34299304E-11 -0.42623502E-11  0.66797608E-05   255.99999372    -6806.39886621
    4430    8.86000000 -0.31853198E-11 -0.59669223E-11  0.64762192E-05   255.99999371    -6806.39886742
    4440    8.88000000 -0.27548137E-11 -0.77720590E-11  0.58271421E-05   255.99999370    -6806.39886867
    4450    8.90000000 -0.35990357E-12 -0.86713447E-11  0.53429056E-05   255.99999369    -6806.39886993
    4460    8.92000000 -0.66813798E-12 -0.79404947E-11  0.51879068E-05   255.99999368    -6806.39887118
    4470    8.94000000  0.10371912E-11 -0.75835352E-11  0.49500669E-05   255.99999367    -6806.39887240
    4480    8.96000000  0.21316838E-11 -0.67208804E-11  0.45733117E-05   255.99999366    -6806.39887361
    4490    8.98000000  0.33319331E-11 -0.50326429E-11  0.42366117E-05   255.99999365    -6806.39887486
    4500    9.00000000  0.29536673E-11 -0.25126188E-11  0.38714894E-05   255.99999364    -6806.39887608
    4510    9.02000000  0.39443243E-11 -0.61025558E-12  0.34579778E-05   255.99999363    -6806.39887727
    4520    9.04000000  0.37357038E-11  0.13533190E-11  0.30655087E-05   255.99999362    -6806.39887849
    4530    9.06000000  0.37456168E-11  0.29815706E-11  0.22964593E-05   255.99999361    -6806.39887973
    4540    9.08000000  0.26208215E-11  0.49050406E-11  0.12557342E-05   255.99999360    -6806.39888097
    4550    9.10000000  0.25461303E-11  0.56264166E-11  0.23299686E-06   255.99999359    -6806.39888215
    4560    9.12000000  0.11874201E-11  0.73408152E-11 -0.22544064E-06   255.99999358    -6806.39888331
    4570    9.14000000  0.64782144E-13  0.61361866E-11 -0.57253160E-06   255.99999357    -6806.39888451
    4580    9.16000000 -0.15952463E-11  0.64976634E-11 -0.92167273E-06   255.99999356    -6806.39888567
    4590    9.18000000 -0.12704598E-11  0.62390840E-11 -0.11586031E-05   255.99999355    -6806.39888680
    4600    9.20000000 -0.24921773E-11  0.51589984E-11 -0.12552804E-05   255.99999354    -6806.39888795
    4610    9.22000000 -0.26740102E-11  0.37216904E-11 -0.14997926E-05   255.99999353    -6806.39888913
    4620    9.24000000 -0.24711364E-11  0.26682139E-11 -0.13026933E-05   255.99999352    -6806.39889029
    4630    9.26000000 -0.25488575E-11  0.12198807E-11 -0.10733186E-05   255.99999351    -6806.39889150
    4640    9.28000000 -0.21044049E-11 -0.82918979E-12 -0.10456207E-05   255.99999350    -6806.39889274
    4650    9.30000000 -0.18321287E-11 -0.18188605E-11 -0.10340268E-05   255.99999349    -6806.39889398
    4660    9.32000000 -0.11655269E-11 -0.30407350E-11 -0.10494688E-05   255.99999347    -6806.39889519
    4670    9.34000000 -0.65578848E-12 -0.39582127E-11 -0.40471301E-06   255.99999346    -6806.39889638
    4680    9.36000000 -0.43069335E-12 -0.51126305E-11  0.36970071E-06   255.99999345    -6806.39889762
    4690    9.38000000 -0.21835069E-13 -0.58097919E-11  0.88490217E-06   255.99999344    -6806.39889883
    4700    9.40000000  0.33716929E-12 -0.61304325E-11  0.16094259E-05   255.99999343    -6806.39890004
    4710    9.42000000  0.59596745E-12 -0.63789846E-11  0.28441191E-05   255.99999342    -6806.39890125
    4720    9.44000000  0.59933895E-12 -0.49410286E-11  0.41154592E-05   255.99999341    -6806.39890247
    4730    9.46000000  0.98680946E-12 -0.49115291E-11  0.50410447E-05   255.99999340    -6806.39890366
    4740    9.48000000 -0.36083957E-13 -0.31219858E-11  0.58259866E-05   255.99999339    -6806.39890477
    4750    9.50000000  0.26406580E-12 -0.17916549E-11  0.71403915E-05   255.99999338    -6806.39890591
    4760    9.52000000  0.67068350E-12  0.95064298E-12  0.82118604E-05   255.99999337    -6806.39890708
    4770    9.54000000  0.11361665E-11  0.18264169E-11  0.88224663E-05   255.99999336    -6806.39890824
    4780    9.56000000  0.16728569E-11  0.38561019E-11  0.96311253E-05   255.99999335    -6806.39890943
    4790    9.58000000  0.13481539E-11  0.50173857E-11  0.10500269E-04   255.99999334    -6806.39891053
    4800    9.60000000  0.24332547E-11  0.60345840E-11  0.10809645E-04   255.99999333    -6806.39891156
    4810    9.62000000  0.25905025E-11  0.58994013E-11  0.10614253E-04   255.99999332    -6806.39891264
    4820    9.64000000  0.31705050E-11  0.58819228E-11  0.10340095E-04   255.99999331    -6806.39891370
    4830    9.66000000  0.23564568E-11  0.52944856E-11  0.98574988E-05   255.99999330    -6806.39891475
    4840    9.68000000  0.19064414E-11  0.42291493E-11  0.94276556E-05   255.99999329    -6806.39891586
    4850    9.70000000  0.15907336E-11  0.36557756E-11  0.86172711E-05   255.99999328    -6806.39891700
    4860    9.72000000 -0.10492371E-12  0.22518363E-11  0.71468974E-05   255.99999327    -6806.39891820
    4870    9.74000000 -0.13643762E-11  0.45362205E-12  0.56335693E-05   255.99999326    -6806.39891943
    4880    9.76000000 -0.26322012E-11 -0.29004018E-12  0.43148442E-05   255.99999325    -6806.39892062
    4890    9.78000000 -0.33679293E-11 -0.13373677E-11  0.26999032E-05   255.99999324    -6806.39892168
    4900    9.80000000 -0.43632534E-11 -0.23238883E-11  0.66997184E-06   255.99999323    -6806.39892272
    4910    9.82000000 -0.44734224E-11 -0.36791058E-11 -0.13106941E-05   255.99999322    -6806.39892388
    4920    9.84000000 -0.40043970E-11 -0.33334610E-11 -0.34523825E-05   255.99999321    -6806.39892509
    4930    9.86000000 -0.38570633E-11 -0.36144818E-11 -0.56596003E-05   255.99999320    -6806.39892628
    4940    9.88000000 -0.27803541E-11 -0.40255840E-11 -0.77633400E-05   255.99999319    -6806.39892741
    4950    9.90000000 -0.13833031E-11 -0.36070223E-11 -0.98402493E-05   255.99999319    -6806.39892842
    4960    9.92000000 -0.69444863E-12 -0.31079515E-11 -0.11456750E-04   255.99999318    -6806.39892943
    4970    9.94000000  0.87048613E-12 -0.27147790E-11 -0.12914455E-04   255.99999317    -6806.39893049
    4980    9.96000000  0.26818803E-11 -0.19701925E-11 -0.14284280E-04   255.99999316    -6806.39893141
    4990    9.98000000  0.39827563E-11 -0.12766811E-11 -0.14987237E-04   255.99999315    -6806.39893218
    5000   10.00000000  0.41769466E-11 -0.19134912E-12 -0.14883409E-04   255.99999314    -6806.39893312
    5010   10.02000000  0.50170281E-11  0.11552261E-11 -0.14815308E-04   255.99999313    -6806.39893422
    5020   10.04000000  0.50043849E-11  0.11715828E-11 -0.14954257E-04   255.99999312    -6806.39893533
    5030   10.06000000  0.40754601E-11  0.23650386E-11 -0.14544191E-04   255.99999311    -6806.39893634
    5040   10.08000000  0.31584156E-11  0.31290365E-11 -0.13294809E-04   255.99999310    -6806.39893743
    5050   10.10000000  0.19187673E-11  0.37075051E-11 -0.11833396E-04   255.99999309    -6806.39893857
    5060   10.12000000  0.10816458E-11  0.36556677E-11 -0.10305980E-04   255.99999308    -6806.39893973
    5070   10.14000000 -0.84754967E-12  0.34978886E-11 -0.89501523E-05   255.99999307    -6806.39894092
    5080   10.16000000 -0.19823010E-11  0.29804402E-11 -0.72882626E-05   255.99999306    -6806.39894208
    5090   10.18000000 -0.29072508E-11  0.24804163E-11 -0.50589671E-05   255.99999305    -6806.39894320
    5100   10.20000000 -0.42894758E-11  0.17113087E-11 -0.26529672E-05   255.99999304    -6806.39894438
    5110   10.22000000 -0.46107840E-11  0.10642112E-11 -0.51072933E-06   255.99999303    -6806.39894553
    5120   10.24000000 -0.41635508E-11 -0.25701083E-12  0.15162612E-05   255.99999302    -6806.39894662
    5130   10.26000000 -0.38184527E-11 -0.15740531E-11  0.38938895E-05   255.99999301    -6806.39894777
    5140   10.28000000 -0.34090150E-11 -0.24057748E-11  0.64950440E-05   255.99999300    -6806.39894894
    5150   10.30000000 -0.26333847E-11 -0.27085478E-11  0.86173942E-05   255.99999299    -6806.39895010
    5160   10.32000000 -0.10795081E-11 -0.37962991E-11  0.10575831E-04   255.99999298    -6806.39895128
    5170   10.34000000 -0.40609936E-12 -0.35738242E-11  0.12449820E-04   255.99999297    -6806.39895238
    5180   10.36000000  0.81329747E-12 -0.34578723E-11  0.13851667E-04   255.99999296    -6806.39895349
    5190   10.38000000  0.13975530E-11 -0.34738689E-11  0.15135517E-04   255.99999295    -6806.39895463
    5200   10.40000000  0.25086164E-11 -0.24380489E-11  0.16406460E-04   255.99999294    -6806.39895577
    5210   10.42000000  0.31642112E-11 -0.15494555E-11  0.17315960E-04   255.99999293    -6806.39895686
    5220   10.44000000  0.24411153E-11 -0.55926958E-12  0.17561545E-04   255.99999292    -6806.39895789
    5230   10.46000000  0.27392857E-11  0.20857403E-12  0.17418509E-04   255.99999291    -6806.39895898
    5240   10.48000000  0.28146817E-11  0.13531796E-11  0.17112217E-04   255.99999290    -6806.39896010
    5250   10.50000000  0.23229392E-11  0.23077208E-11  0.16507389E-04   255.99999289    -6806.39896119
    5260   10.52000000  0.20173780E-11  0.32112661E-11  0.15680818E-04   255.99999288    -6806.39896224
    5270   10.54000000  0.71897816E-12  0.32291844E-11  0.14348881E-04   255.99999287    -6806.39896323
    5280   10.56000000  0.12280250E-11  0.44802200E-11  0.12562931E-04   255.99999286    -6806.39896425
    5290   10.58000000  0.67364756E-12  0.43257729E-11  0.10631032E-04   255.99999285    -6806.39896524
    5300   10.60000000  0.12838204E-12  0.34772414E-11  0.82399130E-05   255.99999284    -6806.39896616
    5310   10.62000000  0.30414758E-12  0.34056875E-11  0.56144532E-05   255.99999283    -6806.39896715
    5320   10.64000000 -0.69892908E-12  0.27637512E-11  0.32074772E-05   255.99999282    -6806.39896826
    5330   10.66000000 -0.70881181E-12  0.17967631E-11  0.86231204E-06   255.99999281    -6806.39896944
    5340   10.68000000 -0.10029267E-11  0.79309456E-12 -0.16629510E-05   255.99999281    -6806.39897062
    5350   10.70000000 -0.10550184E-11 -0.99820180E-12 -0.42771178E-05   255.99999280    -6806.39897172
    5360   10.72000000 -0.20312951E-11 -0.11182267E-11 -0.68738269E-05   255.99999279    -6806.39897268
    5370   10.74000000 -0.22078723E-11 -0.30221299E-11 -0.89294457E-05   255.99999278    -6806.39897351
    5380   10.76000000 -0.25131857E-11 -0.32507387E-11 -0.10369721E-04   255.99999277    -6806.39897441
    5390   10.78000000 -0.29248289E-11 -0.35919028E-11 -0.11589315E-04   255.99999276    -6806.39897542
    5400   10.80000000 -0.31024090E-11 -0.39039152E-11 -0.12962362E-04   255.99999275    -6806.39897652
    5410   10.82000000 -0.24775388E-11 -0.40452775E-11 -0.14028571E-04   255.99999274    -6806.39897760
    5420   10.84000000 -0.22727344E-11 -0.40154835E-11 -0.14691953E-04   255.99999273    -6806.39897864
    5430   10.86000000 -0.20381401E-11 -0.24270873E-11 -0.15054053E-04   255.99999272    -6806.39897974
    5440   10.88000000 -0.93824622E-12 -0.21677309E-11 -0.14930107E-04   255.99999271    -6806.39898087
    5450   10.90000000  0.17879043E-12 -0.16053562E-11 -0.14836141E-04   255.99999270    -6806.39898203
    5460   10.92000000  0.78582518E-12  0.18338730E-12 -0.14750822E-04   255.99999269    -6806.39898309
    5470   10.94000000  0.20797716E-11  0.16705954E-11 -0.14289074E-04   255.99999268    -6806.39898396
    5480   10.96000000  0.27164067E-11  0.23924867E-11 -0.12890810E-04   255.99999267    -6806.39898480
    5490   10.98000000  0.30281993E-11  0.32361975E-11 -0.10985560E-04   255.99999266    -6806.39898585
    5500   11.00000000  0.39333083E-11  0.43002542E-11 -0.93355529E-05   255.99999265    -6806.39898691
    5510   11.02000000  0.43913751E-11  0.35224945E-11 -0.76852554E-05   255.99999264    -6806.39898784
    5520   11.04000000  0.41451557E-11  0.43663160E-11 -0.54489727E-05   255.99999263    -6806.39898871
    5530   11.06000000  0.37526302E-11  0.40051424E-11 -0.26451072E-05   255.99999262    -6806.39898976
    5540   11.08000000  0.30670766E-11  0.32283375E-11  0.11482616E-06   255.99999261    -6806.39899087
    5550   11.10000000  0.22958461E-11  0.23506545E-11  0.23969329E-05   255.99999261    -6806.39899191
    5560   11.12000000  0.10288903E-11  0.45187337E-12  0.42439641E-05   255.99999260    -6806.39899296
    5570   11.14000000  0.13945716E-12 -0.21854508E-12  0.61622800E-05   255.99999259    -6806.39899407
    5580   11.16000000 -0.15417074E-11 -0.12901204E-11  0.82686445E-05   255.99999258    -6806.39899517
    5590   11.18000000 -0.19897332E-11 -0.24649419E-11  0.10045033E-04   255.99999257    -6806.39899619
    5600   11.20000000 -0.31085866E-11 -0.31224656E-11  0.11164790E-04   255.99999256    -6806.39899720
    5610   11.22000000 -0.39686749E-11 -0.35320959E-11  0.11846315E-04   255.99999255    -6806.39899829
    5620   11.24000000 -0.49661327E-11 -0.45950099E-11  0.12669586E-04   255.99999254    -6806.39899942
    5630   11.26000000 -0.51713068E-11 -0.43304994E-11  0.13606954E-04   255.99999253    -6806.39900054
    5640   11.28000000 -0.56862546E-11 -0.37570250E-11  0.14369071E-04   255.99999252    -6806.39900164
    5650   11.30000000 -0.46191471E-11 -0.33749477E-11  0.14629627E-04   255.99999251    -6806.39900275
    5660   11.32000000 -0.36471561E-11 -0.28241986E-11  0.14326463E-04   255.99999250    -6806.39900381
    5670   11.34000000 -0.19500976E-11 -0.16051909E-11  0.13932880E-04   255.99999249    -6806.39900483
    5680   11.36000000 -0.10517362E-11 -0.20918429E-12  0.13683279E-04   255.99999248    -6806.39900584
    5690   11.38000000  0.13437648E-11  0.13034037E-11  0.13309645E-04   255.99999247    -6806.39900693
    5700   11.40000000  0.23906193E-11  0.18902619E-11  0.12892338E-04   255.99999246    -6806.39900806
    5710   11.42000000  0.42985272E-11  0.27788112E-11  0.12215516E-04   255.99999245    -6806.39900914
    5720   11.44000000  0.50385280E-11  0.31558371E-11  0.11213592E-04   255.99999245    -6806.39901021
    5730   11.46000000  0.65330332E-11  0.35642429E-11  0.10443269E-04   255.99999244    -6806.39901125
    5740   11.48000000  0.61075381E-11  0.41878717E-11  0.10028688E-04   255.99999243    -6806.39901235
    5750   11.50000000  0.50366509E-11  0.34724794E-11  0.95801041E-05   255.99999242    -6806.39901343
    5760   11.52000000  0.39936233E-11  0.34368042E-11  0.88949335E-05   255.99999241    -6806.39901445
    5770   11.54000000  0.33248804E-11  0.29471360E-11  0.79635563E-05   255.99999240    -6806.39901547
    5780   11.56000000  0.14134507E-11  0.20249427E-11  0.68715926E-05   255.99999239    -6806.39901643
    5790   11.58000000 -0.10598882E-12  0.16418607E-11  0.54665376E-05   255.99999238    -6806.39901745
    5800   11.60000000 -0.18490890E-11  0.61885984E-12  0.40080311E-05   255.99999237    -6806.39901852
    5810   11.62000000 -0.24559076E-11  0.25769321E-12  0.23274938E-05   255.99999236    -6806.39901954
    5820   11.64000000 -0.34795167E-11 -0.92501119E-12  0.69492216E-06   255.99999235    -6806.39902050
    5830   11.66000000 -0.37493937E-11 -0.10956634E-11 -0.80217686E-06   255.99999234    -6806.39902140
    5840   11.68000000 -0.42009349E-11 -0.19887439E-11 -0.30132808E-05   255.99999233    -6806.39902241
    5850   11.70000000 -0.32567655E-11 -0.26304830E-11 -0.54818535E-05   255.99999232    -6806.39902350
    5860   11.72000000 -0.32565508E-11 -0.26191791E-11 -0.73940637E-05   255.99999232    -6806.39902457
    5870   11.74000000 -0.24268077E-11 -0.27486929E-11 -0.89953455E-05   255.99999231    -6806.39902565
    5880   11.76000000 -0.18287568E-11 -0.35418658E-11 -0.10598203E-04   255.99999230    -6806.39902675
    5890   11.78000000 -0.97555577E-12 -0.35433246E-11 -0.12058346E-04   255.99999229    -6806.39902786
    5900   11.80000000  0.30191266E-12 -0.25726688E-11 -0.13589804E-04   255.99999228    -6806.39902892
    5910   11.82000000  0.62331527E-12 -0.19990022E-11 -0.15025642E-04   255.99999227    -6806.39902990
    5920   11.84000000  0.44396294E-12 -0.17926416E-11 -0.15811554E-04   255.99999226    -6806.39903086
    5930   11.86000000  0.14106169E-11 -0.33493243E-12 -0.16247347E-04   255.99999225    -6806.39903191
    5940   11.88000000  0.20844041E-11  0.55054928E-12 -0.16769793E-04   255.99999224    -6806.39903297
    5950   11.90000000  0.17150567E-11  0.16941652E-11 -0.17059053E-04   255.99999223    -6806.39903404
    5960   11.92000000  0.15327943E-11  0.27751618E-11 -0.17044171E-04   255.99999222    -6806.39903512
    5970   11.94000000  0.23136853E-11  0.40369115E-11 -0.17111740E-04   255.99999221    -6806.39903620
    5980   11.96000000  0.21509614E-11  0.45328333E-11 -0.16967427E-04   255.99999220    -6806.39903724
    5990   11.98000000  0.17751332E-11  0.44205223E-11 -0.16240998E-04   255.99999220    -6806.39903816
    6000   12.00000000  0.14288346E-11  0.51151145E-11 -0.14904386E-04   255.99999219    -6806.39903905
=== application breakdown [s] ===
total calculation time,3388.74689698
rt calculation                         min         max     average   std. dev.  difference    relative
rt initialization              0.19073E-04 0.25988E-04 0.22332E-04 0.28366E-05 0.69141E-05 0.13625E+01
reading lda data               0.15986E+01 0.15993E+01 0.15989E+01 0.28561E-03 0.65398E-03 0.10004E+01
reading rt data                0.68688E-03 0.69618E-03 0.69205E-03 0.38657E-05 0.92983E-05 0.10135E+01
prep. time prop.               0.32687E-03 0.18730E-02 0.13553E-02 0.72724E-03 0.15461E-02 0.57301E+01
rt iterations                  0.33868E+04 0.33868E+04 0.33868E+04 0.42531E-04 0.21935E-04 0.10000E+01
after writing rt data          0.71526E-05 0.14616E+00 0.48733E-01 0.68888E-01 0.14615E+00 0.20434E+05
in rt iterations                       min         max     average   std. dev.  difference    relative
Vbox                           0.67857E+00 0.74481E+00 0.72083E+00 0.29975E-01 0.66244E-01 0.10976E+01
time propagation               0.26656E+04 0.26665E+04 0.26659E+04 0.41164E+00 0.90814E+00 0.10003E+01
calculating rho                0.28751E+02 0.29123E+02 0.28943E+02 0.15199E+00 0.37169E+00 0.10129E+01
Hartree routine                0.45783E+01 0.56843E+01 0.52798E+01 0.49798E+00 0.11060E+01 0.12416E+01
Exc_Cor routine                0.55819E+00 0.77695E+00 0.65506E+00 0.91045E-01 0.21876E+00 0.13919E+01
calculating curr               0.60310E+03 0.60315E+03 0.60312E+03 0.22308E-01 0.50052E-01 0.10001E+01
calc. projection               0.10202E-02 0.12641E-02 0.11149E-02 0.10675E-03 0.24390E-03 0.12391E+01
writing energies               0.50984E+00 0.56236E+00 0.54408E+00 0.24235E-01 0.52528E-01 0.11030E+01
calc_eigen_energy              0.79079E+02 0.79080E+02 0.79079E+02 0.39965E-03 0.96321E-03 0.10000E+01
calc_total_energy_periodic     0.13959E+01 0.14222E+01 0.14132E+01 0.12203E-01 0.26295E-01 0.10188E+01
writing info etc.              0.60363E-02 0.95587E+00 0.32273E+00 0.44770E+00 0.94983E+00 0.15835E+03
total_energy module                    min         max     average   std. dev.  difference    relative
periodic calc.                 0.10298E+01 0.11983E+01 0.10943E+01 0.74282E-01 0.16852E+00 0.11636E+01
periodic comm. coll.           0.19369E+00 0.38872E+00 0.31529E+00 0.86603E-01 0.19504E+00 0.20070E+01
eigen_energy calc.             0.79775E+01 0.81001E+01 0.80444E+01 0.50655E-01 0.12257E+00 0.10154E+01
eigen_energy comm. coll.       0.16429E+00 0.32874E+00 0.24721E+00 0.67144E-01 0.16445E+00 0.20010E+01
eigen_energy hpsi              0.67539E+02 0.67585E+02 0.67566E+02 0.19611E-01 0.46251E-01 0.10007E+01
density_matrix module                  min         max     average   std. dev.  difference    relative
density calc.                  0.28094E+02 0.28520E+02 0.28308E+02 0.17414E+00 0.42656E+00 0.10152E+01
density comm. coll.            0.47394E-01 0.49761E-01 0.48342E-01 0.10224E-02 0.23673E-02 0.10499E+01
current calc.                  0.68906E+02 0.69326E+02 0.69124E+02 0.17172E+00 0.41966E+00 0.10061E+01
current rDivided uVpsi calc.   0.80432E+02 0.80830E+02 0.80695E+02 0.18619E+00 0.39852E+00 0.10050E+01
current comm. coll.            0.25730E+01 0.28361E+02 0.19162E+02 0.11753E+02 0.25788E+02 0.11022E+02
current comm. halo.            0.42498E+03 0.45075E+03 0.43409E+03 0.11801E+02 0.25774E+02 0.10606E+01
conjugate_gradient module              min         max     average   std. dev.  difference    relative
subspace_diag module                   min         max     average   std. dev.  difference    relative
subspace_diag so module                min         max     average   std. dev.  difference    relative
force module                           min         max     average   std. dev.  difference    relative
init_ps                                min         max     average   std. dev.  difference    relative
hamiltonian module                     min         max     average   std. dev.  difference    relative
total                          0.25441E+04 0.25464E+04 0.25451E+04 0.95163E+00 0.22739E+01 0.10009E+01
update overlap (comm.)         0.17454E+04 0.18383E+04 0.17794E+04 0.41805E+02 0.92819E+02 0.10532E+01
stencil                        0.22566E+03 0.23061E+03 0.22816E+03 0.20215E+01 0.49512E+01 0.10219E+01
subtraction                    0.52127E+01 0.55163E+01 0.53343E+01 0.13106E+00 0.30358E+00 0.10582E+01
pseudo-pt                      0.39546E+03 0.40904E+03 0.40105E+03 0.57949E+01 0.13576E+02 0.10343E+01
pseudo-pt (comm.)              0.15846E+03 0.24110E+03 0.21183E+03 0.37802E+02 0.82641E+02 0.15215E+01
hpsi-overlapped                        min         max     average   std. dev.  difference    relative
checkpoint/restart                     min         max     average   std. dev.  difference    relative
restart self                   0.14458E+01 0.14549E+01 0.14489E+01 0.42622E-02 0.91019E-02 0.10063E+01
restart sync                   0.14546E+01 0.14549E+01 0.14548E+01 0.11829E-03 0.28896E-03 0.10002E+01
=== performance [GFLOPS] ===
end SALMON
