##############################################################################
# SALMON: Scalable Ab-initio Light-Matter simulator for Optics and Nanoscience
#
#                             Version 2.2.1
##############################################################################
  Libxc: [enabled] 6.2.2
   theory= tddft_response
 
 Total time step      =        6000
 Time step[fs]        =  2.000000000000000E-003
 Energy range         =        1200
 Energy resolution[eV]=  1.000000000000000E-002
 Field strength[a.u.] =  1.000000000000000E-002
   use of real value orbitals =  F
 ======
 MPI distribution:
   nproc_k     :           1
   nproc_ob    :           1
   nproc_rgrid :           1           1           3
 OpenMP parallelization:
   number of threads :          72
 hpsi stencil:
   enables hand-coding vectorization : T
   enables openmp parallelization    : F
 current:
   k,orbital parallelized of openmp  : T
 force:
   k,orbital parallelized of openmp  : T
 ===================pseudopotential data===================
 ik ,atom_symbol=           1 Si
 ps_format =KY              
 ps_file =./Si_rps.dat
 Zps(ik), Mlps(ik) =           4           2
 Rps(ik), NRps(ik) =   2.26767135054939              122
 Lref(ik) =           2
 nproj(ik,l) =           1           1           1
 anorm(ik,l) =  0.6193218      0.3646551      0.0000000E+00
 inorm(ik,l) =           1           1           0
 Mass(ik) =   28.0000000000000     
 flag_nlcc_element(ik) = F
 ==========================================================
 flag_nlcc =  F
 
 ============init_ps==============
 end init_ps
 Maximal rho_NLCC= 0.000000000000000E+000
 Maximal tau_NLCC= 0.000000000000000E+000
 == Ewald ==
 cutoff length in real-space in ewald =  4.00 [A]
 (buffer length in bookkeeping =  2.00 [A])
 cutoff length in G-space in ewald =  0.1870828864+102 [1/A]
 number of ion-ion pair(/atom) used for allocation of bookkeeping=    69
 ===========
   Static dipole moment(xyz) =   -0.6972733187E+03   -0.6972733184E+03   -0.3497452698E+03
 
 
  time-step  time[fs]                               Current(xyz)[a.u.]      electrons Total energy[eV] 
#----------------------------------------------------------------------
      10    0.02000000  0.16912973E-11  0.34171757E-11  0.24901687E-03   127.99999999    -3403.09739180
      20    0.04000000  0.98186596E-12  0.38144998E-11  0.21976822E-03   127.99999997    -3403.09739239
      30    0.06000000  0.18798358E-13  0.39908228E-11  0.20050294E-03   127.99999996    -3403.09737827
      40    0.08000000 -0.88160530E-12  0.36859966E-11  0.17947217E-03   127.99999994    -3403.09737656
      50    0.10000000 -0.16776914E-11  0.30595326E-11  0.15264597E-03   127.99999993    -3403.09737642
      60    0.12000000 -0.22504190E-11  0.20975904E-11  0.12270184E-03   127.99999992    -3403.09736579
      70    0.14000000 -0.25968849E-11  0.99627131E-12  0.92221620E-04   127.99999990    -3403.09735137
      80    0.16000000 -0.29161291E-11 -0.15763043E-12  0.63349614E-04   127.99999989    -3403.09734114
      90    0.18000000 -0.30053949E-11 -0.14811018E-11  0.39252164E-04   127.99999988    -3403.09733640
     100    0.20000000 -0.30628210E-11 -0.27046562E-11  0.17985301E-04   127.99999987    -3403.09733777
     110    0.22000000 -0.29250449E-11 -0.37191387E-11 -0.37680311E-05   127.99999985    -3403.09734036
     120    0.24000000 -0.27109969E-11 -0.46454769E-11 -0.24324768E-04   127.99999984    -3403.09734250
     130    0.26000000 -0.23107378E-11 -0.53046116E-11 -0.42908251E-04   127.99999983    -3403.09734450
     140    0.28000000 -0.15774090E-11 -0.57314337E-11 -0.61275932E-04   127.99999982    -3403.09734691
     150    0.30000000 -0.98075726E-12 -0.58828447E-11 -0.79659619E-04   127.99999981    -3403.09734853
     160    0.32000000 -0.44314824E-12 -0.55818078E-11 -0.96386909E-04   127.99999979    -3403.09734806
     170    0.34000000  0.27457167E-14 -0.47677692E-11 -0.10826345E-03   127.99999978    -3403.09734650
     180    0.36000000  0.38283703E-12 -0.36505527E-11 -0.11752344E-03   127.99999977    -3403.09734438
     190    0.38000000  0.68644748E-12 -0.23906055E-11 -0.12457135E-03   127.99999976    -3403.09734247
     200    0.40000000  0.10683261E-11 -0.89523623E-12 -0.13002862E-03   127.99999975    -3403.09734140
     210    0.42000000  0.15533329E-11  0.47162971E-12 -0.13460343E-03   127.99999974    -3403.09734095
     220    0.44000000  0.20722250E-11  0.18125916E-11 -0.13685169E-03   127.99999973    -3403.09734061
     230    0.46000000  0.26204497E-11  0.30030064E-11 -0.13529699E-03   127.99999971    -3403.09734081
     240    0.48000000  0.29480871E-11  0.38353613E-11 -0.13120709E-03   127.99999970    -3403.09734207
     250    0.50000000  0.31819681E-11  0.46184987E-11 -0.12711618E-03   127.99999969    -3403.09734363
     260    0.52000000  0.31594390E-11  0.48457590E-11 -0.12223362E-03   127.99999968    -3403.09734480
     270    0.54000000  0.29680149E-11  0.47781204E-11 -0.11554526E-03   127.99999967    -3403.09734592
     280    0.56000000  0.27909082E-11  0.45742786E-11 -0.10857266E-03   127.99999966    -3403.09734745
     290    0.58000000  0.27440583E-11  0.40838730E-11 -0.10089941E-03   127.99999965    -3403.09734914
     300    0.60000000  0.23431991E-11  0.33577888E-11 -0.92442379E-04   127.99999964    -3403.09735048
     310    0.62000000  0.18284967E-11  0.25276613E-11 -0.82318915E-04   127.99999963    -3403.09735188
     320    0.64000000  0.11968250E-11  0.14137192E-11 -0.71510505E-04   127.99999962    -3403.09735350
     330    0.66000000  0.51208824E-12  0.21266514E-12 -0.61276607E-04   127.99999961    -3403.09735522
     340    0.68000000 -0.34584210E-13 -0.96466057E-12 -0.51311576E-04   127.99999960    -3403.09735686
     350    0.70000000 -0.80914142E-12 -0.20792164E-11 -0.40649273E-04   127.99999959    -3403.09735854
     360    0.72000000 -0.15386504E-11 -0.30142683E-11 -0.28788232E-04   127.99999958    -3403.09736006
     370    0.74000000 -0.20191043E-11 -0.37444851E-11 -0.15692848E-04   127.99999957    -3403.09736165
     380    0.76000000 -0.24115738E-11 -0.42809188E-11 -0.37296300E-05   127.99999956    -3403.09736303
     390    0.78000000 -0.29170763E-11 -0.44244324E-11  0.62182852E-05   127.99999955    -3403.09736353
     400    0.80000000 -0.33180866E-11 -0.39749855E-11  0.14949651E-04   127.99999954    -3403.09736412
     410    0.82000000 -0.35561675E-11 -0.35044017E-11  0.24524239E-04   127.99999953    -3403.09736534
     420    0.84000000 -0.35345893E-11 -0.27061239E-11  0.34716624E-04   127.99999952    -3403.09736689
     430    0.86000000 -0.32882208E-11 -0.17628088E-11  0.44314711E-04   127.99999951    -3403.09736823
     440    0.88000000 -0.29447156E-11 -0.78158755E-12  0.52101935E-04   127.99999950    -3403.09736933
     450    0.90000000 -0.24661613E-11  0.25449438E-12  0.57675818E-04   127.99999949    -3403.09737052
     460    0.92000000 -0.18806571E-11  0.12338318E-11  0.63402137E-04   127.99999948    -3403.09737192
     470    0.94000000 -0.11974159E-11  0.19195493E-11  0.69652865E-04   127.99999947    -3403.09737322
     480    0.96000000 -0.47772195E-12  0.25165961E-11  0.74616174E-04   127.99999946    -3403.09737441
     490    0.98000000  0.35194662E-13  0.29615454E-11  0.78094155E-04   127.99999945    -3403.09737561
     500    1.00000000  0.63120367E-12  0.30994308E-11  0.81072407E-04   127.99999944    -3403.09737687
     510    1.02000000  0.12890838E-11  0.28750700E-11  0.82723136E-04   127.99999943    -3403.09737794
     520    1.04000000  0.17254374E-11  0.24917523E-11  0.82582212E-04   127.99999942    -3403.09737884
     530    1.06000000  0.22618166E-11  0.20760662E-11  0.82642567E-04   127.99999941    -3403.09737993
     540    1.08000000  0.25088688E-11  0.13345442E-11  0.82177879E-04   127.99999940    -3403.09738077
     550    1.10000000  0.26078307E-11  0.71818839E-12  0.79600315E-04   127.99999939    -3403.09738177
     560    1.12000000  0.25993731E-11  0.20440218E-12  0.76230809E-04   127.99999938    -3403.09738315
     570    1.14000000  0.25901486E-11 -0.46402918E-12  0.72229457E-04   127.99999937    -3403.09738450
     580    1.16000000  0.26145900E-11 -0.10429138E-11  0.67232262E-04   127.99999936    -3403.09738574
     590    1.18000000  0.25154939E-11 -0.14816100E-11  0.61733635E-04   127.99999935    -3403.09738705
     600    1.20000000  0.21711625E-11 -0.18087956E-11  0.56124104E-04   127.99999934    -3403.09738850
     610    1.22000000  0.18699576E-11 -0.19532299E-11  0.50503996E-04   127.99999933    -3403.09738986
     620    1.24000000  0.15483413E-11 -0.19120960E-11  0.43716872E-04   127.99999932    -3403.09739122
     630    1.26000000  0.86527175E-12 -0.19548796E-11  0.36393123E-04   127.99999932    -3403.09739257
     640    1.28000000  0.13508376E-12 -0.17024853E-11  0.29637312E-04   127.99999931    -3403.09739392
     650    1.30000000 -0.56582126E-12 -0.14748566E-11  0.22978022E-04   127.99999930    -3403.09739527
     660    1.32000000 -0.11249883E-11 -0.12651168E-11  0.15976606E-04   127.99999929    -3403.09739662
     670    1.34000000 -0.14942684E-11 -0.86468549E-12  0.86044110E-05   127.99999928    -3403.09739796
     680    1.36000000 -0.19511712E-11 -0.33591885E-12  0.11434502E-05   127.99999927    -3403.09739930
     690    1.38000000 -0.22845213E-11  0.67540588E-13 -0.58001664E-05   127.99999926    -3403.09740062
     700    1.40000000 -0.23329563E-11  0.64664396E-12 -0.12190777E-04   127.99999925    -3403.09740192
     710    1.42000000 -0.24517621E-11  0.10533125E-11 -0.18723572E-04   127.99999924    -3403.09740322
     720    1.44000000 -0.24179351E-11  0.12771562E-11 -0.24990540E-04   127.99999923    -3403.09740442
     730    1.46000000 -0.21558587E-11  0.14370713E-11 -0.30334340E-04   127.99999923    -3403.09740539
     740    1.48000000 -0.18958099E-11  0.14387467E-11 -0.34581518E-04   127.99999922    -3403.09740635
     750    1.50000000 -0.13940207E-11  0.11258034E-11 -0.38419183E-04   127.99999921    -3403.09740752
     760    1.52000000 -0.96129268E-12  0.71160621E-12 -0.42337732E-04   127.99999920    -3403.09740874
     770    1.54000000 -0.64135481E-12  0.42441326E-12 -0.45551023E-04   127.99999919    -3403.09740991
     780    1.56000000 -0.31052805E-12 -0.64691495E-13 -0.47917748E-04   127.99999918    -3403.09741110
     790    1.58000000  0.19802283E-12 -0.54162748E-12 -0.49903807E-04   127.99999917    -3403.09741216
     800    1.60000000  0.80549792E-12 -0.92297387E-12 -0.50856102E-04   127.99999917    -3403.09741315
     810    1.62000000  0.12581203E-11 -0.11683445E-11 -0.50812816E-04   127.99999916    -3403.09741434
     820    1.64000000  0.17623132E-11 -0.14416113E-11 -0.50654620E-04   127.99999915    -3403.09741560
     830    1.66000000  0.22170230E-11 -0.15648400E-11 -0.50699871E-04   127.99999914    -3403.09741682
     840    1.68000000  0.25464383E-11 -0.13301834E-11 -0.50135972E-04   127.99999913    -3403.09741794
     850    1.70000000  0.26698063E-11 -0.10274481E-11 -0.48207428E-04   127.99999912    -3403.09741898
     860    1.72000000  0.26658123E-11 -0.56156412E-12 -0.45490859E-04   127.99999911    -3403.09742017
     870    1.74000000  0.25894428E-11  0.21115911E-13 -0.42720080E-04   127.99999911    -3403.09742142
     880    1.76000000  0.25001191E-11  0.53715692E-12 -0.40036663E-04   127.99999910    -3403.09742264
     890    1.78000000  0.22371393E-11  0.81809214E-12 -0.36853601E-04   127.99999909    -3403.09742380
     900    1.80000000  0.18833928E-11  0.88943699E-12 -0.32982355E-04   127.99999908    -3403.09742498
     910    1.82000000  0.13474066E-11  0.95237157E-12 -0.28833299E-04   127.99999907    -3403.09742617
     920    1.84000000  0.75809934E-12  0.93475390E-12 -0.24176682E-04   127.99999906    -3403.09742735
     930    1.86000000 -0.21149759E-13  0.78203860E-12 -0.19672633E-04   127.99999905    -3403.09742850
     940    1.88000000 -0.78961212E-12  0.76518132E-12 -0.15142987E-04   127.99999905    -3403.09742966
     950    1.90000000 -0.12194520E-11  0.77654178E-12 -0.10200468E-04   127.99999904    -3403.09743087
     960    1.92000000 -0.16545859E-11  0.49188256E-12 -0.55153161E-05   127.99999903    -3403.09743207
     970    1.94000000 -0.18589633E-11  0.25299930E-12 -0.12247613E-05   127.99999902    -3403.09743319
     980    1.96000000 -0.19391301E-11 -0.12921590E-13  0.30558111E-05   127.99999901    -3403.09743424
     990    1.98000000 -0.20179271E-11 -0.17660781E-12  0.75615187E-05   127.99999901    -3403.09743530
    1000    2.00000000 -0.20370602E-11 -0.34655424E-12  0.11978786E-04   127.99999900    -3403.09743642
    1010    2.02000000 -0.19445545E-11 -0.38310621E-12  0.15849184E-04   127.99999899    -3403.09743756
    1020    2.04000000 -0.17786431E-11 -0.18545829E-12  0.19338780E-04   127.99999898    -3403.09743870
    1030    2.06000000 -0.15466485E-11  0.47052716E-13  0.22412484E-04   127.99999897    -3403.09743986
    1040    2.08000000 -0.11398486E-11  0.11379241E-12  0.25507574E-04   127.99999896    -3403.09744103
    1050    2.10000000 -0.80537456E-12  0.18750660E-12  0.28767273E-04   127.99999896    -3403.09744210
    1060    2.12000000 -0.55416668E-12  0.17887737E-12  0.30976111E-04   127.99999895    -3403.09744311
    1070    2.14000000 -0.32543550E-12  0.22707219E-12  0.32567610E-04   127.99999894    -3403.09744423
    1080    2.16000000  0.12516034E-13  0.25878121E-12  0.34224032E-04   127.99999893    -3403.09744537
    1090    2.18000000  0.11250748E-12  0.33569131E-12  0.35592272E-04   127.99999892    -3403.09744646
    1100    2.20000000  0.76075950E-13  0.29114764E-12  0.36250173E-04   127.99999892    -3403.09744754
    1110    2.22000000  0.17986662E-12  0.78224341E-13  0.36528592E-04   127.99999891    -3403.09744865
    1120    2.24000000  0.44062052E-12 -0.22126565E-12  0.36530239E-04   127.99999890    -3403.09744975
    1130    2.26000000  0.56595756E-12 -0.70018998E-12  0.36061876E-04   127.99999889    -3403.09745083
    1140    2.28000000  0.78180820E-12 -0.11033254E-11  0.35201631E-04   127.99999888    -3403.09745189
    1150    2.30000000  0.99673924E-12 -0.15005589E-11  0.33892010E-04   127.99999888    -3403.09745294
    1160    2.32000000  0.12607841E-11 -0.17512971E-11  0.31981714E-04   127.99999887    -3403.09745400
    1170    2.34000000  0.13666712E-11 -0.20331020E-11  0.29595540E-04   127.99999886    -3403.09745509
    1180    2.36000000  0.14913099E-11 -0.22731460E-11  0.27062415E-04   127.99999885    -3403.09745620
    1190    2.38000000  0.16217121E-11 -0.23407896E-11  0.24454166E-04   127.99999885    -3403.09745730
    1200    2.40000000  0.16824853E-11 -0.23211988E-11  0.21511384E-04   127.99999884    -3403.09745839
    1210    2.42000000  0.17789486E-11 -0.21870140E-11  0.18014456E-04   127.99999883    -3403.09745947
    1220    2.44000000  0.16226497E-11 -0.18659062E-11  0.14455680E-04   127.99999882    -3403.09746056
    1230    2.46000000  0.14675538E-11 -0.12957318E-11  0.10974659E-04   127.99999881    -3403.09746165
    1240    2.48000000  0.13005935E-11 -0.49637426E-12  0.77389957E-05   127.99999881    -3403.09746272
    1250    2.50000000  0.95195323E-12  0.40363330E-12  0.42417694E-05   127.99999880    -3403.09746380
    1260    2.52000000  0.38354920E-12  0.12642448E-11  0.65980007E-06   127.99999879    -3403.09746487
    1270    2.54000000 -0.35241262E-12  0.20165861E-11 -0.27795802E-05   127.99999878    -3403.09746594
    1280    2.56000000 -0.87073559E-12  0.27676359E-11 -0.59329163E-05   127.99999878    -3403.09746700
    1290    2.58000000 -0.14595495E-11  0.34152874E-11 -0.86712518E-05   127.99999877    -3403.09746807
    1300    2.60000000 -0.19840192E-11  0.38386408E-11 -0.11609852E-04   127.99999876    -3403.09746914
    1310    2.62000000 -0.23288953E-11  0.39339612E-11 -0.14683355E-04   127.99999875    -3403.09747018
    1320    2.64000000 -0.25867155E-11  0.36871581E-11 -0.17226368E-04   127.99999874    -3403.09747117
    1330    2.66000000 -0.26154557E-11  0.31339130E-11 -0.19319884E-04   127.99999874    -3403.09747218
    1340    2.68000000 -0.22399143E-11  0.23902471E-11 -0.21084847E-04   127.99999873    -3403.09747320
    1350    2.70000000 -0.18960562E-11  0.14493506E-11 -0.22511082E-04   127.99999872    -3403.09747421
    1360    2.72000000 -0.13560409E-11  0.46579408E-12 -0.23565881E-04   127.99999871    -3403.09747519
    1370    2.74000000 -0.75832264E-12 -0.65485942E-12 -0.23962787E-04   127.99999871    -3403.09747614
    1380    2.76000000 -0.25143414E-12 -0.16920631E-11 -0.23938870E-04   127.99999870    -3403.09747707
    1390    2.78000000  0.41218314E-12 -0.25953234E-11 -0.23307614E-04   127.99999869    -3403.09747802
    1400    2.80000000  0.10650889E-11 -0.32076161E-11 -0.22367724E-04   127.99999868    -3403.09747897
    1410    2.82000000  0.14512249E-11 -0.37051619E-11 -0.21389591E-04   127.99999868    -3403.09747995
    1420    2.84000000  0.18717956E-11 -0.39070394E-11 -0.19979179E-04   127.99999867    -3403.09748096
    1430    2.86000000  0.22814132E-11 -0.39315451E-11 -0.18104986E-04   127.99999866    -3403.09748198
    1440    2.88000000  0.24705176E-11 -0.37612293E-11 -0.16118954E-04   127.99999865    -3403.09748301
    1450    2.90000000  0.25878594E-11 -0.31545000E-11 -0.14447603E-04   127.99999865    -3403.09748403
    1460    2.92000000  0.24432186E-11 -0.24075020E-11 -0.12936967E-04   127.99999864    -3403.09748502
    1470    2.94000000  0.20249710E-11 -0.15721681E-11 -0.10872263E-04   127.99999863    -3403.09748600
    1480    2.96000000  0.17021575E-11 -0.57133625E-12 -0.86197459E-05   127.99999862    -3403.09748694
    1490    2.98000000  0.14002545E-11  0.30489236E-12 -0.69798139E-05   127.99999862    -3403.09748791
    1500    3.00000000  0.99859925E-12  0.11418024E-11 -0.53687431E-05   127.99999861    -3403.09748890
    1510    3.02000000  0.37839967E-12  0.18462855E-11 -0.32479073E-05   127.99999860    -3403.09748990
    1520    3.04000000 -0.13478269E-12  0.24228399E-11 -0.11933430E-05   127.99999860    -3403.09749091
    1530    3.06000000 -0.75233777E-12  0.30956129E-11  0.53819170E-06   127.99999859    -3403.09749192
    1540    3.08000000 -0.12663580E-11  0.34845272E-11  0.23687987E-05   127.99999858    -3403.09749293
    1550    3.10000000 -0.16430992E-11  0.34882025E-11  0.44113763E-05   127.99999857    -3403.09749393
    1560    3.12000000 -0.19123476E-11  0.34772256E-11  0.65477864E-05   127.99999857    -3403.09749490
    1570    3.14000000 -0.20681252E-11  0.31368162E-11  0.84794376E-05   127.99999856    -3403.09749581
    1580    3.16000000 -0.19313488E-11  0.25403442E-11  0.10226063E-04   127.99999855    -3403.09749673
    1590    3.18000000 -0.19038682E-11  0.19319673E-11  0.12176259E-04   127.99999854    -3403.09749766
    1600    3.20000000 -0.18229834E-11  0.11774448E-11  0.13914574E-04   127.99999854    -3403.09749862
    1610    3.22000000 -0.14284862E-11  0.65991376E-12  0.15241830E-04   127.99999853    -3403.09749960
    1620    3.24000000 -0.10142878E-11  0.29699649E-12  0.16436777E-04   127.99999852    -3403.09750056
    1630    3.26000000 -0.70596656E-12 -0.15787560E-12  0.17366315E-04   127.99999852    -3403.09750148
    1640    3.28000000 -0.23990290E-12 -0.54990822E-12  0.17744533E-04   127.99999851    -3403.09750237
    1650    3.30000000  0.27395168E-12 -0.10755119E-11  0.17790512E-04   127.99999850    -3403.09750328
    1660    3.32000000  0.57278590E-12 -0.16710982E-11  0.17582837E-04   127.99999849    -3403.09750421
    1670    3.34000000  0.92139466E-12 -0.21440020E-11  0.16959699E-04   127.99999849    -3403.09750515
    1680    3.36000000  0.10323483E-11 -0.24735480E-11  0.15873152E-04   127.99999848    -3403.09750610
    1690    3.38000000  0.94594331E-12 -0.26066636E-11  0.14609391E-04   127.99999847    -3403.09750703
    1700    3.40000000  0.10188933E-11 -0.27418313E-11  0.13317347E-04   127.99999847    -3403.09750795
    1710    3.42000000  0.91781062E-12 -0.29363395E-11  0.11580164E-04   127.99999846    -3403.09750888
    1720    3.44000000  0.90236802E-12 -0.31650765E-11  0.99422681E-05   127.99999845    -3403.09750978
    1730    3.46000000  0.11438627E-11 -0.30133179E-11  0.88571885E-05   127.99999844    -3403.09751067
    1740    3.48000000  0.10860681E-11 -0.27983960E-11  0.77254861E-05   127.99999844    -3403.09751155
    1750    3.50000000  0.10561847E-11 -0.26146006E-11  0.65603628E-05   127.99999843    -3403.09751240
    1760    3.52000000  0.10697698E-11 -0.20777617E-11  0.57030417E-05   127.99999842    -3403.09751325
    1770    3.54000000  0.83582739E-12 -0.13217238E-11  0.47910253E-05   127.99999842    -3403.09751409
    1780    3.56000000  0.69162563E-12 -0.68193199E-12  0.35884444E-05   127.99999841    -3403.09751494
    1790    3.58000000  0.43742428E-12 -0.98960259E-13  0.25521260E-05   127.99999840    -3403.09751579
    1800    3.60000000  0.23008842E-12  0.52871351E-12  0.21803657E-05   127.99999840    -3403.09751669
    1810    3.62000000  0.39779594E-13  0.10719299E-11  0.19408958E-05   127.99999839    -3403.09751760
    1820    3.64000000 -0.26121007E-13  0.16097735E-11  0.14590354E-05   127.99999838    -3403.09751852
    1830    3.66000000 -0.19368312E-12  0.21924937E-11  0.79303856E-06   127.99999837    -3403.09751945
    1840    3.68000000 -0.37315501E-12  0.28082072E-11  0.13225317E-06   127.99999837    -3403.09752038
    1850    3.70000000 -0.49851580E-12  0.31442383E-11 -0.31776584E-06   127.99999836    -3403.09752127
    1860    3.72000000 -0.38406200E-12  0.34556101E-11 -0.68871166E-06   127.99999835    -3403.09752214
    1870    3.74000000 -0.23209113E-12  0.35273654E-11 -0.11491730E-05   127.99999835    -3403.09752299
    1880    3.76000000 -0.79870510E-13  0.31781591E-11 -0.17780373E-05   127.99999834    -3403.09752381
    1890    3.78000000  0.11697782E-12  0.29157196E-11 -0.27213186E-05   127.99999833    -3403.09752461
    1900    3.80000000  0.23071468E-12  0.25444324E-11 -0.36569684E-05   127.99999833    -3403.09752544
    1910    3.82000000  0.42732810E-12  0.19265207E-11 -0.45621940E-05   127.99999832    -3403.09752626
    1920    3.84000000  0.43841025E-12  0.12430006E-11 -0.59854001E-05   127.99999831    -3403.09752708
    1930    3.86000000  0.42178166E-12  0.43275095E-12 -0.76104706E-05   127.99999831    -3403.09752791
    1940    3.88000000  0.27878168E-12 -0.53105184E-12 -0.87886659E-05   127.99999830    -3403.09752875
    1950    3.90000000  0.18276398E-12 -0.15011700E-11 -0.96593756E-05   127.99999829    -3403.09752962
    1960    3.92000000 -0.19186958E-13 -0.25318704E-11 -0.10928250E-04   127.99999828    -3403.09753048
    1970    3.94000000 -0.10691663E-13 -0.32413956E-11 -0.12239575E-04   127.99999828    -3403.09753133
    1980    3.96000000 -0.59830564E-13 -0.34281378E-11 -0.13071207E-04   127.99999827    -3403.09753218
    1990    3.98000000 -0.38988001E-12 -0.35869335E-11 -0.13522275E-04   127.99999826    -3403.09753305
    2000    4.00000000 -0.72518452E-12 -0.35243730E-11 -0.13868664E-04   127.99999826    -3403.09753394
    2010    4.02000000 -0.91997367E-12 -0.30979231E-11 -0.14011597E-04   127.99999825    -3403.09753483
    2020    4.04000000 -0.12009390E-11 -0.24787764E-11 -0.13857123E-04   127.99999824    -3403.09753570
    2030    4.06000000 -0.12595077E-11 -0.20466573E-11 -0.13507137E-04   127.99999824    -3403.09753657
    2040    4.08000000 -0.12084494E-11 -0.14047837E-11 -0.13091631E-04   127.99999823    -3403.09753743
    2050    4.10000000 -0.10872945E-11 -0.74876790E-12 -0.12313433E-04   127.99999822    -3403.09753829
    2060    4.12000000 -0.71534892E-12 -0.13194954E-12 -0.11207196E-04   127.99999822    -3403.09753917
    2070    4.14000000 -0.39404261E-12  0.49773951E-12 -0.10097286E-04   127.99999821    -3403.09754005
    2080    4.16000000 -0.11167948E-12  0.11294981E-11 -0.86954440E-05   127.99999820    -3403.09754091
    2090    4.18000000  0.27199401E-12  0.13973824E-11 -0.69308985E-05   127.99999820    -3403.09754175
    2100    4.20000000  0.71452618E-12  0.14755863E-11 -0.48331263E-05   127.99999819    -3403.09754255
    2110    4.22000000  0.11930266E-11  0.15839351E-11 -0.27623478E-05   127.99999818    -3403.09754338
    2120    4.24000000  0.14277487E-11  0.15969804E-11 -0.93345081E-06   127.99999818    -3403.09754422
    2130    4.26000000  0.15280273E-11  0.15584805E-11  0.91588195E-06   127.99999817    -3403.09754505
    2140    4.28000000  0.15452941E-11  0.15254420E-11  0.30542540E-05   127.99999816    -3403.09754589
    2150    4.30000000  0.15468338E-11  0.14846776E-11  0.53950867E-05   127.99999816    -3403.09754674
    2160    4.32000000  0.15692505E-11  0.14122161E-11  0.76616228E-05   127.99999815    -3403.09754758
    2170    4.34000000  0.15079297E-11  0.13748858E-11  0.95540727E-05   127.99999814    -3403.09754840
    2180    4.36000000  0.12228954E-11  0.13208872E-11  0.11453938E-04   127.99999814    -3403.09754922
    2190    4.38000000  0.76193841E-12  0.11887671E-11  0.13318585E-04   127.99999813    -3403.09755006
    2200    4.40000000  0.25791266E-12  0.10552851E-11  0.15303200E-04   127.99999812    -3403.09755093
    2210    4.42000000 -0.22901260E-12  0.79840420E-12  0.17058533E-04   127.99999812    -3403.09755178
    2220    4.44000000 -0.77464930E-12  0.64247326E-12  0.18624608E-04   127.99999811    -3403.09755263
    2230    4.46000000 -0.14692354E-11  0.24747785E-12  0.20054505E-04   127.99999810    -3403.09755348
    2240    4.48000000 -0.17828383E-11 -0.30302740E-12  0.21313268E-04   127.99999810    -3403.09755433
    2250    4.50000000 -0.20473986E-11 -0.71182711E-12  0.22342545E-04   127.99999809    -3403.09755516
    2260    4.52000000 -0.21158037E-11 -0.12241941E-11  0.23007907E-04   127.99999808    -3403.09755597
    2270    4.54000000 -0.21716142E-11 -0.15994133E-11  0.23075872E-04   127.99999808    -3403.09755674
    2280    4.56000000 -0.20039692E-11 -0.16937361E-11  0.22778464E-04   127.99999807    -3403.09755754
    2290    4.58000000 -0.17190527E-11 -0.19265830E-11  0.22563614E-04   127.99999807    -3403.09755835
    2300    4.60000000 -0.13548781E-11 -0.21358901E-11  0.21961137E-04   127.99999806    -3403.09755915
    2310    4.62000000 -0.75199412E-12 -0.19870115E-11  0.20991887E-04   127.99999805    -3403.09755996
    2320    4.64000000 -0.26411682E-12 -0.21312553E-11  0.19685306E-04   127.99999805    -3403.09756076
    2330    4.66000000  0.28029603E-12 -0.21346402E-11  0.18071383E-04   127.99999804    -3403.09756153
    2340    4.68000000  0.88163934E-12 -0.19174544E-11  0.16105570E-04   127.99999803    -3403.09756226
    2350    4.70000000  0.12627457E-11 -0.16620706E-11  0.13991798E-04   127.99999803    -3403.09756297
    2360    4.72000000  0.16372681E-11 -0.14807898E-11  0.11679022E-04   127.99999802    -3403.09756366
    2370    4.74000000  0.19943777E-11 -0.11185410E-11  0.91713689E-05   127.99999801    -3403.09756437
    2380    4.76000000  0.22525666E-11 -0.81740109E-12  0.65515190E-05   127.99999801    -3403.09756513
    2390    4.78000000  0.24436564E-11 -0.46666739E-12  0.36396139E-05   127.99999800    -3403.09756592
    2400    4.80000000  0.25630965E-11 -0.19509675E-12  0.55323737E-06   127.99999799    -3403.09756673
    2410    4.82000000  0.26314501E-11  0.31855478E-13 -0.25170169E-05   127.99999799    -3403.09756754
    2420    4.84000000  0.23770243E-11  0.34108363E-12 -0.54602713E-05   127.99999798    -3403.09756836
    2430    4.86000000  0.19247894E-11  0.93397590E-12 -0.82819892E-05   127.99999798    -3403.09756919
    2440    4.88000000  0.14104079E-11  0.16220433E-11 -0.10942729E-04   127.99999797    -3403.09757002
    2450    4.90000000  0.83487305E-12  0.23781522E-11 -0.13417545E-04   127.99999796    -3403.09757085
    2460    4.92000000  0.15916799E-12  0.29707535E-11 -0.16073964E-04   127.99999796    -3403.09757168
    2470    4.94000000 -0.45754560E-12  0.31954208E-11 -0.18578558E-04   127.99999795    -3403.09757248
    2480    4.96000000 -0.89983708E-12  0.33582383E-11 -0.20500713E-04   127.99999794    -3403.09757326
    2490    4.98000000 -0.12159272E-11  0.34183177E-11 -0.22118219E-04   127.99999794    -3403.09757407
    2500    5.00000000 -0.16128217E-11  0.31867380E-11 -0.23737919E-04   127.99999793    -3403.09757486
    2510    5.02000000 -0.21167285E-11  0.27623118E-11 -0.24986736E-04   127.99999792    -3403.09757560
    2520    5.04000000 -0.26187408E-11  0.21984266E-11 -0.25742255E-04   127.99999792    -3403.09757634
    2530    5.06000000 -0.28365357E-11  0.15219441E-11 -0.26051321E-04   127.99999791    -3403.09757707
    2540    5.08000000 -0.28447578E-11  0.64853221E-12 -0.26007703E-04   127.99999791    -3403.09757778
    2550    5.10000000 -0.25943457E-11 -0.23802377E-12 -0.25640237E-04   127.99999790    -3403.09757848
    2560    5.12000000 -0.23214381E-11 -0.11717002E-11 -0.24793407E-04   127.99999789    -3403.09757918
    2570    5.14000000 -0.16906909E-11 -0.20399679E-11 -0.23566235E-04   127.99999789    -3403.09757993
    2580    5.16000000 -0.95458484E-12 -0.27423503E-11 -0.22191358E-04   127.99999788    -3403.09758071
    2590    5.18000000 -0.94223286E-13 -0.31850707E-11 -0.20632443E-04   127.99999787    -3403.09758148
    2600    5.20000000  0.46535554E-12 -0.35132904E-11 -0.18524422E-04   127.99999787    -3403.09758223
    2610    5.22000000  0.96648859E-12 -0.39195245E-11 -0.16050466E-04   127.99999786    -3403.09758298
    2620    5.24000000  0.14913398E-11 -0.41290528E-11 -0.13422113E-04   127.99999786    -3403.09758374
    2630    5.26000000  0.21898354E-11 -0.41010875E-11 -0.10689923E-04   127.99999785    -3403.09758450
    2640    5.28000000  0.27743858E-11 -0.38687247E-11 -0.75743126E-05   127.99999784    -3403.09758527
    2650    5.30000000  0.29788011E-11 -0.35644070E-11 -0.42715255E-05   127.99999784    -3403.09758606
    2660    5.32000000  0.28901477E-11 -0.28300607E-11 -0.82837342E-06   127.99999783    -3403.09758683
    2670    5.34000000  0.26818044E-11 -0.18395803E-11  0.29386112E-05   127.99999782    -3403.09758760
    2680    5.36000000  0.21869919E-11 -0.88717193E-12  0.66481371E-05   127.99999782    -3403.09758836
    2690    5.38000000  0.15679600E-11  0.21702702E-12  0.10127612E-04   127.99999781    -3403.09758914
    2700    5.40000000  0.10837560E-11  0.14085195E-11  0.13659340E-04   127.99999781    -3403.09758993
    2710    5.42000000  0.45224106E-12  0.22277508E-11  0.16902879E-04   127.99999780    -3403.09759069
    2720    5.44000000 -0.21039360E-12  0.30428075E-11  0.19759501E-04   127.99999779    -3403.09759142
    2730    5.46000000 -0.69866906E-12  0.36819155E-11  0.22271805E-04   127.99999779    -3403.09759216
    2740    5.48000000 -0.11914957E-11  0.40604707E-11  0.24496239E-04   127.99999778    -3403.09759290
    2750    5.50000000 -0.18538986E-11  0.41506361E-11  0.26506502E-04   127.99999778    -3403.09759365
    2760    5.52000000 -0.23234490E-11  0.41421917E-11  0.28450285E-04   127.99999777    -3403.09759440
    2770    5.54000000 -0.26442994E-11  0.38666377E-11  0.29868325E-04   127.99999776    -3403.09759512
    2780    5.56000000 -0.27311139E-11  0.32039184E-11  0.30656858E-04   127.99999776    -3403.09759585
    2790    5.58000000 -0.26392497E-11  0.24904209E-11  0.31243752E-04   127.99999775    -3403.09759662
    2800    5.60000000 -0.23365376E-11  0.15121552E-11  0.31669627E-04   127.99999774    -3403.09759738
    2810    5.62000000 -0.17483090E-11  0.63942269E-12  0.31796808E-04   127.99999774    -3403.09759810
    2820    5.64000000 -0.11778859E-11 -0.37387888E-12  0.31270622E-04   127.99999773    -3403.09759879
    2830    5.66000000 -0.50481451E-12 -0.12217932E-11  0.29927663E-04   127.99999773    -3403.09759948
    2840    5.68000000  0.23043574E-12 -0.18337435E-11  0.28379481E-04   127.99999772    -3403.09760018
    2850    5.70000000  0.89366216E-12 -0.23338004E-11  0.26635081E-04   127.99999771    -3403.09760082
    2860    5.72000000  0.15966491E-11 -0.28495375E-11  0.24326733E-04   127.99999771    -3403.09760147
    2870    5.74000000  0.21137581E-11 -0.31657671E-11  0.21653581E-04   127.99999770    -3403.09760214
    2880    5.76000000  0.24899558E-11 -0.32850739E-11  0.18601272E-04   127.99999770    -3403.09760283
    2890    5.78000000  0.28081675E-11 -0.32434848E-11  0.15198210E-04   127.99999769    -3403.09760354
    2900    5.80000000  0.29307457E-11 -0.30298558E-11  0.11657371E-04   127.99999768    -3403.09760427
    2910    5.82000000  0.28318524E-11 -0.27681786E-11  0.82441038E-05   127.99999768    -3403.09760500
    2920    5.84000000  0.25973694E-11 -0.22564613E-11  0.46334612E-05   127.99999767    -3403.09760573
    2930    5.86000000  0.20838589E-11 -0.19626410E-11  0.70592540E-06   127.99999767    -3403.09760648
    2940    5.88000000  0.16537949E-11 -0.14477054E-11 -0.28840856E-05   127.99999766    -3403.09760724
    2950    5.90000000  0.11238282E-11 -0.80361934E-12 -0.62018484E-05   127.99999765    -3403.09760800
    2960    5.92000000  0.42738559E-12 -0.30102021E-12 -0.96356453E-05   127.99999765    -3403.09760876
    2970    5.94000000 -0.23148883E-12  0.34881029E-12 -0.13071791E-04   127.99999764    -3403.09760950
    2980    5.96000000 -0.83749777E-12  0.90027667E-12 -0.16072603E-04   127.99999764    -3403.09761025
    2990    5.98000000 -0.14979130E-11  0.13071509E-11 -0.18784955E-04   127.99999763    -3403.09761099
    3000    6.00000000 -0.19804555E-11  0.16695827E-11 -0.21515955E-04   127.99999762    -3403.09761166
    3010    6.02000000 -0.22231928E-11  0.19657152E-11 -0.23986141E-04   127.99999762    -3403.09761225
    3020    6.04000000 -0.24206299E-11  0.20752960E-11 -0.26065790E-04   127.99999761    -3403.09761281
    3030    6.06000000 -0.23803948E-11  0.21989022E-11 -0.27740895E-04   127.99999761    -3403.09761339
    3040    6.08000000 -0.21340238E-11  0.21541490E-11 -0.29014105E-04   127.99999760    -3403.09761396
    3050    6.10000000 -0.19194343E-11  0.22106089E-11 -0.29783800E-04   127.99999759    -3403.09761453
    3060    6.12000000 -0.17720923E-11  0.21617859E-11 -0.30228219E-04   127.99999759    -3403.09761519
    3070    6.14000000 -0.13576013E-11  0.20812772E-11 -0.30590915E-04   127.99999758    -3403.09761588
    3080    6.16000000 -0.97490184E-12  0.16948670E-11 -0.30482244E-04   127.99999758    -3403.09761656
    3090    6.18000000 -0.62661226E-12  0.13026372E-11 -0.29855675E-04   127.99999757    -3403.09761727
    3100    6.20000000 -0.28286392E-12  0.98405775E-12 -0.28812017E-04   127.99999756    -3403.09761800
    3110    6.22000000  0.43991011E-13  0.73632852E-12 -0.27513023E-04   127.99999756    -3403.09761872
    3120    6.24000000  0.12717506E-12  0.38910094E-12 -0.25948054E-04   127.99999755    -3403.09761941
    3130    6.26000000  0.17696260E-12 -0.11753230E-13 -0.23867496E-04   127.99999755    -3403.09762007
    3140    6.28000000  0.44521768E-12 -0.31972014E-12 -0.21285738E-04   127.99999754    -3403.09762070
    3150    6.30000000  0.67003262E-12 -0.81527361E-12 -0.18220852E-04   127.99999754    -3403.09762131
    3160    6.32000000  0.10380352E-11 -0.13054225E-11 -0.14899082E-04   127.99999753    -3403.09762193
    3170    6.34000000  0.14453083E-11 -0.17909033E-11 -0.11083246E-04   127.99999752    -3403.09762258
    3180    6.36000000  0.16219914E-11 -0.22273283E-11 -0.68935020E-05   127.99999752    -3403.09762327
    3190    6.38000000  0.16856233E-11 -0.25231581E-11 -0.24849518E-05   127.99999751    -3403.09762397
    3200    6.40000000  0.17736081E-11 -0.25231105E-11  0.20624270E-05   127.99999751    -3403.09762469
    3210    6.42000000  0.17003976E-11 -0.25009207E-11  0.65959678E-05   127.99999750    -3403.09762541
    3220    6.44000000  0.17719299E-11 -0.23226502E-11  0.10933223E-04   127.99999749    -3403.09762614
    3230    6.46000000  0.17972748E-11 -0.20466148E-11  0.15204817E-04   127.99999749    -3403.09762686
    3240    6.48000000  0.15508025E-11 -0.19093289E-11  0.19390485E-04   127.99999748    -3403.09762756
    3250    6.50000000  0.12211785E-11 -0.15015880E-11  0.23144591E-04   127.99999748    -3403.09762824
    3260    6.52000000  0.81777741E-12 -0.11400970E-11  0.26465749E-04   127.99999747    -3403.09762890
    3270    6.54000000  0.44746709E-12 -0.75496622E-12  0.29260966E-04   127.99999747    -3403.09762955
    3280    6.56000000 -0.75165118E-13 -0.11481523E-12  0.31480447E-04   127.99999746    -3403.09763019
    3290    6.58000000 -0.58768532E-12  0.41444619E-12  0.33383887E-04   127.99999745    -3403.09763080
    3300    6.60000000 -0.10572156E-11  0.81022106E-12  0.34656337E-04   127.99999745    -3403.09763134
    3310    6.62000000 -0.12230102E-11  0.13218476E-11  0.35138584E-04   127.99999744    -3403.09763186
    3320    6.64000000 -0.13359325E-11  0.15537356E-11  0.35075862E-04   127.99999744    -3403.09763241
    3330    6.66000000 -0.17006783E-11  0.18325751E-11  0.34466224E-04   127.99999743    -3403.09763297
    3340    6.68000000 -0.20224289E-11  0.21119773E-11  0.33201018E-04   127.99999743    -3403.09763358
    3350    6.70000000 -0.22284960E-11  0.21185126E-11  0.31338062E-04   127.99999742    -3403.09763424
    3360    6.72000000 -0.22301821E-11  0.21071330E-11  0.29109975E-04   127.99999741    -3403.09763492
    3370    6.74000000 -0.20645145E-11  0.20266750E-11  0.26720956E-04   127.99999741    -3403.09763557
    3380    6.76000000 -0.17857339E-11  0.15831535E-11  0.23852207E-04   127.99999740    -3403.09763619
    3390    6.78000000 -0.14026697E-11  0.10469039E-11  0.20726849E-04   127.99999740    -3403.09763687
    3400    6.80000000 -0.79600707E-12  0.58490888E-12  0.17430158E-04   127.99999739    -3403.09763759
    3410    6.82000000 -0.25062068E-12  0.12730700E-12  0.14042553E-04   127.99999739    -3403.09763830
    3420    6.84000000  0.26253182E-12 -0.14941219E-12  0.10855216E-04   127.99999738    -3403.09763898
    3430    6.86000000  0.64903386E-12 -0.50957668E-12  0.77384968E-05   127.99999737    -3403.09763968
    3440    6.88000000  0.10672845E-11 -0.89211687E-12  0.45701241E-05   127.99999737    -3403.09764038
    3450    6.90000000  0.15059788E-11 -0.12269939E-11  0.14879959E-05   127.99999736    -3403.09764107
    3460    6.92000000  0.19131856E-11 -0.14502748E-11 -0.15673389E-05   127.99999736    -3403.09764172
    3470    6.94000000  0.22986075E-11 -0.18324137E-11 -0.43530003E-05   127.99999735    -3403.09764233
    3480    6.96000000  0.25824574E-11 -0.19828593E-11 -0.67962077E-05   127.99999735    -3403.09764298
    3490    6.98000000  0.27812213E-11 -0.20535691E-11 -0.93544667E-05   127.99999734    -3403.09764363
    3500    7.00000000  0.28143794E-11 -0.19693935E-11 -0.11918862E-04   127.99999733    -3403.09764423
    3510    7.02000000  0.25657082E-11 -0.15232604E-11 -0.14090381E-04   127.99999733    -3403.09764479
    3520    7.04000000  0.22046666E-11 -0.11518108E-11 -0.15936971E-04   127.99999732    -3403.09764533
    3530    7.06000000  0.17627104E-11 -0.95687516E-12 -0.17367951E-04   127.99999732    -3403.09764589
    3540    7.08000000  0.14499220E-11 -0.89531114E-12 -0.18311178E-04   127.99999731    -3403.09764654
    3550    7.10000000  0.10751626E-11 -0.67535209E-12 -0.19278823E-04   127.99999731    -3403.09764724
    3560    7.12000000  0.58817604E-12 -0.35786015E-12 -0.20233609E-04   127.99999730    -3403.09764792
    3570    7.14000000 -0.29324981E-12 -0.25127373E-12 -0.20596181E-04   127.99999729    -3403.09764857
    3580    7.16000000 -0.10673394E-11 -0.11219089E-13 -0.20539831E-04   127.99999729    -3403.09764926
    3590    7.18000000 -0.18178004E-11  0.47760269E-12 -0.20563169E-04   127.99999728    -3403.09764992
    3600    7.20000000 -0.24604749E-11  0.88369235E-12 -0.20540893E-04   127.99999728    -3403.09765053
    3610    7.22000000 -0.30732840E-11  0.10914600E-11 -0.20143459E-04   127.99999727    -3403.09765111
    3620    7.24000000 -0.34366295E-11  0.12776514E-11 -0.19732182E-04   127.99999727    -3403.09765171
    3630    7.26000000 -0.35585795E-11  0.14157571E-11 -0.19245311E-04   127.99999726    -3403.09765230
    3640    7.28000000 -0.33647047E-11  0.14949298E-11 -0.18583868E-04   127.99999726    -3403.09765292
    3650    7.30000000 -0.31134017E-11  0.14972702E-11 -0.17859255E-04   127.99999725    -3403.09765352
    3660    7.32000000 -0.28170352E-11  0.15422135E-11 -0.16808538E-04   127.99999724    -3403.09765410
    3670    7.34000000 -0.22862842E-11  0.15940547E-11 -0.15456859E-04   127.99999724    -3403.09765469
    3680    7.36000000 -0.17185287E-11  0.14015794E-11 -0.13916979E-04   127.99999723    -3403.09765530
    3690    7.38000000 -0.10097701E-11  0.10805681E-11 -0.12292767E-04   127.99999723    -3403.09765595
    3700    7.40000000 -0.96940153E-13  0.69112458E-12 -0.10471857E-04   127.99999722    -3403.09765661
    3710    7.42000000  0.78277884E-12  0.21859588E-12 -0.84257769E-05   127.99999722    -3403.09765728
    3720    7.44000000  0.15502567E-11 -0.19760420E-12 -0.63213533E-05   127.99999721    -3403.09765796
    3730    7.46000000  0.23749807E-11 -0.45696338E-12 -0.42292965E-05   127.99999721    -3403.09765862
    3740    7.48000000  0.29162495E-11 -0.69744408E-12 -0.18980397E-05   127.99999720    -3403.09765929
    3750    7.50000000  0.32701776E-11 -0.81494630E-12  0.44268287E-06   127.99999719    -3403.09765997
    3760    7.52000000  0.35448642E-11 -0.86875814E-12  0.26134863E-05   127.99999719    -3403.09766064
    3770    7.54000000  0.35919293E-11 -0.10298472E-11  0.46831163E-05   127.99999718    -3403.09766131
    3780    7.56000000  0.34088694E-11 -0.10927064E-11  0.68095600E-05   127.99999718    -3403.09766197
    3790    7.58000000  0.31586285E-11 -0.90709553E-12  0.88662206E-05   127.99999717    -3403.09766259
    3800    7.60000000  0.27346509E-11 -0.64320528E-12  0.10838381E-04   127.99999717    -3403.09766321
    3810    7.62000000  0.22681052E-11 -0.44176126E-12  0.12723395E-04   127.99999716    -3403.09766384
    3820    7.64000000  0.16047155E-11 -0.35203400E-12  0.14275529E-04   127.99999716    -3403.09766445
    3830    7.66000000  0.79155397E-12 -0.36729638E-12  0.15640596E-04   127.99999715    -3403.09766502
    3840    7.68000000  0.37142095E-13 -0.29338257E-12  0.16998295E-04   127.99999715    -3403.09766561
    3850    7.70000000 -0.87726558E-12 -0.35064923E-12  0.18530350E-04   127.99999714    -3403.09766624
    3860    7.72000000 -0.16453427E-11 -0.38525847E-12  0.19750945E-04   127.99999713    -3403.09766688
    3870    7.74000000 -0.23476275E-11 -0.44094764E-12  0.20627738E-04   127.99999713    -3403.09766751
    3880    7.76000000 -0.28718444E-11 -0.57197697E-12  0.21242923E-04   127.99999712    -3403.09766815
    3890    7.78000000 -0.32387462E-11 -0.59850505E-12  0.21699790E-04   127.99999712    -3403.09766881
    3900    7.80000000 -0.33360354E-11 -0.70286246E-12  0.22270361E-04   127.99999711    -3403.09766947
    3910    7.82000000 -0.31489235E-11 -0.62299090E-12  0.22719995E-04   127.99999711    -3403.09767009
    3920    7.84000000 -0.29049006E-11 -0.62491411E-12  0.22611548E-04   127.99999710    -3403.09767067
    3930    7.86000000 -0.25084294E-11 -0.60778961E-12  0.22079375E-04   127.99999710    -3403.09767128
    3940    7.88000000 -0.20443946E-11 -0.52180362E-12  0.21385699E-04   127.99999709    -3403.09767192
    3950    7.90000000 -0.15170045E-11 -0.34183581E-12  0.20382682E-04   127.99999709    -3403.09767256
    3960    7.92000000 -0.10136093E-11 -0.11640885E-12  0.19076636E-04   127.99999708    -3403.09767320
    3970    7.94000000 -0.54625485E-12  0.93112137E-13  0.17545119E-04   127.99999707    -3403.09767386
    3980    7.96000000  0.36723071E-14  0.13152116E-12  0.15930054E-04   127.99999707    -3403.09767452
    3990    7.98000000  0.55065688E-12  0.24719466E-12  0.14074571E-04   127.99999706    -3403.09767518
    4000    8.00000000  0.12006604E-11  0.47055881E-12  0.12128976E-04   127.99999706    -3403.09767582
    4010    8.02000000  0.15719671E-11  0.65278520E-12  0.10065152E-04   127.99999705    -3403.09767644
    4020    8.04000000  0.17547143E-11  0.10061625E-11  0.79699722E-05   127.99999705    -3403.09767707
    4030    8.06000000  0.19351543E-11  0.15545675E-11  0.56174920E-05   127.99999704    -3403.09767772
    4040    8.08000000  0.21764579E-11  0.18357458E-11  0.30479198E-05   127.99999704    -3403.09767837
    4050    8.10000000  0.23935671E-11  0.20181874E-11  0.30058725E-06   127.99999703    -3403.09767902
    4060    8.12000000  0.25882468E-11  0.20328537E-11 -0.24124603E-05   127.99999703    -3403.09767966
    4070    8.14000000  0.26401457E-11  0.17559982E-11 -0.51517506E-05   127.99999702    -3403.09768029
    4080    8.16000000  0.26592003E-11  0.12969200E-11 -0.78943797E-05   127.99999702    -3403.09768090
    4090    8.18000000  0.25857284E-11  0.65014905E-12 -0.10308642E-04   127.99999701    -3403.09768149
    4100    8.20000000  0.22917683E-11  0.21823123E-13 -0.12687982E-04   127.99999701    -3403.09768208
    4110    8.22000000  0.17156190E-11 -0.63315962E-12 -0.14962453E-04   127.99999700    -3403.09768262
    4120    8.24000000  0.10611514E-11 -0.11391349E-11 -0.16544259E-04   127.99999699    -3403.09768316
    4130    8.26000000  0.53219165E-12 -0.17616962E-11 -0.17607302E-04   127.99999699    -3403.09768378
    4140    8.28000000  0.68924941E-13 -0.23587178E-11 -0.18515011E-04   127.99999698    -3403.09768443
    4150    8.30000000 -0.44697306E-12 -0.28388529E-11 -0.19336863E-04   127.99999698    -3403.09768508
    4160    8.32000000 -0.11171520E-11 -0.29962887E-11 -0.20024501E-04   127.99999697    -3403.09768571
    4170    8.34000000 -0.17028515E-11 -0.27852511E-11 -0.20280553E-04   127.99999697    -3403.09768634
    4180    8.36000000 -0.23517638E-11 -0.26041579E-11 -0.20362509E-04   127.99999696    -3403.09768698
    4190    8.38000000 -0.28355680E-11 -0.21111835E-11 -0.20234878E-04   127.99999696    -3403.09768761
    4200    8.40000000 -0.31770941E-11 -0.15838433E-11 -0.19763090E-04   127.99999695    -3403.09768822
    4210    8.42000000 -0.34865759E-11 -0.10843463E-11 -0.19095365E-04   127.99999695    -3403.09768881
    4220    8.44000000 -0.34942161E-11 -0.50761540E-12 -0.18201369E-04   127.99999694    -3403.09768935
    4230    8.46000000 -0.31882108E-11  0.11204151E-12 -0.16956697E-04   127.99999694    -3403.09768988
    4240    8.48000000 -0.28052740E-11  0.61376850E-12 -0.15312250E-04   127.99999693    -3403.09769047
    4250    8.50000000 -0.23955896E-11  0.13009360E-11 -0.13391857E-04   127.99999693    -3403.09769108
    4260    8.52000000 -0.19480687E-11  0.18442637E-11 -0.11308465E-04   127.99999692    -3403.09769170
    4270    8.54000000 -0.13373369E-11  0.23538488E-11 -0.91534376E-05   127.99999692    -3403.09769232
    4280    8.56000000 -0.43617440E-12  0.28001402E-11 -0.68885087E-05   127.99999691    -3403.09769293
    4290    8.58000000  0.45612083E-12  0.29655653E-11 -0.45058408E-05   127.99999690    -3403.09769353
    4300    8.60000000  0.13675065E-11  0.28182709E-11 -0.21348824E-05   127.99999690    -3403.09769411
    4310    8.62000000  0.21910199E-11  0.26590966E-11  0.91881368E-07   127.99999689    -3403.09769472
    4320    8.64000000  0.28395739E-11  0.23054074E-11  0.22637367E-05   127.99999689    -3403.09769536
    4330    8.66000000  0.34256204E-11  0.20631487E-11  0.44556731E-05   127.99999688    -3403.09769600
    4340    8.68000000  0.37683538E-11  0.17734867E-11  0.67196026E-05   127.99999688    -3403.09769664
    4350    8.70000000  0.37145895E-11  0.10980201E-11  0.88397734E-05   127.99999687    -3403.09769728
    4360    8.72000000  0.38331232E-11  0.47247057E-12  0.10943957E-04   127.99999687    -3403.09769792
    4370    8.74000000  0.38734519E-11 -0.26226746E-12  0.12807452E-04   127.99999686    -3403.09769853
    4380    8.76000000  0.36058645E-11 -0.99373208E-12  0.14106907E-04   127.99999686    -3403.09769915
    4390    8.78000000  0.31060936E-11 -0.17258860E-11  0.15408929E-04   127.99999685    -3403.09769978
    4400    8.80000000  0.23507362E-11 -0.22255914E-11  0.16903444E-04   127.99999685    -3403.09770041
    4410    8.82000000  0.16088430E-11 -0.25741387E-11  0.18116420E-04   127.99999684    -3403.09770098
    4420    8.84000000  0.73443443E-12 -0.28656568E-11  0.18895849E-04   127.99999684    -3403.09770154
    4430    8.86000000 -0.24037974E-12 -0.30946260E-11  0.19380220E-04   127.99999683    -3403.09770213
    4440    8.88000000 -0.10959011E-11 -0.32385229E-11  0.19632593E-04   127.99999683    -3403.09770274
    4450    8.90000000 -0.16226935E-11 -0.30592539E-11  0.19751867E-04   127.99999682    -3403.09770337
    4460    8.92000000 -0.22077602E-11 -0.27145242E-11  0.19842338E-04   127.99999682    -3403.09770397
    4470    8.94000000 -0.26648129E-11 -0.22213664E-11  0.19644983E-04   127.99999681    -3403.09770456
    4480    8.96000000 -0.30072538E-11 -0.16155979E-11  0.19059519E-04   127.99999681    -3403.09770515
    4490    8.98000000 -0.32950185E-11 -0.93970629E-12  0.18127353E-04   127.99999680    -3403.09770577
    4500    9.00000000 -0.33443643E-11 -0.24500499E-12  0.16966303E-04   127.99999680    -3403.09770637
    4510    9.02000000 -0.31685542E-11  0.49691978E-12  0.15666560E-04   127.99999679    -3403.09770697
    4520    9.04000000 -0.30262996E-11  0.10489375E-11  0.14105415E-04   127.99999679    -3403.09770757
    4530    9.06000000 -0.25605920E-11  0.16668229E-11  0.12377331E-04   127.99999678    -3403.09770816
    4540    9.08000000 -0.19452179E-11  0.21694702E-11  0.10291343E-04   127.99999677    -3403.09770872
    4550    9.10000000 -0.13887862E-11  0.24406417E-11  0.77606464E-05   127.99999677    -3403.09770927
    4560    9.12000000 -0.92188971E-12  0.28790459E-11  0.50533200E-05   127.99999676    -3403.09770984
    4570    9.14000000 -0.56224152E-12  0.29708674E-11  0.23433610E-05   127.99999676    -3403.09771045
    4580    9.16000000 -0.20299021E-12  0.28768202E-11 -0.33232461E-06   127.99999675    -3403.09771107
    4590    9.18000000  0.13804536E-12  0.27292216E-11 -0.31194980E-05   127.99999675    -3403.09771165
    4600    9.20000000  0.55711508E-12  0.22218974E-11 -0.56576180E-05   127.99999674    -3403.09771220
    4610    9.22000000  0.88562299E-12  0.16561615E-11 -0.79160810E-05   127.99999674    -3403.09771277
    4620    9.24000000  0.12060909E-11  0.10833691E-11 -0.97788310E-05   127.99999673    -3403.09771334
    4630    9.26000000  0.16155775E-11  0.28098811E-12 -0.11246534E-04   127.99999673    -3403.09771391
    4640    9.28000000  0.19467557E-11 -0.38685044E-12 -0.12549591E-04   127.99999672    -3403.09771448
    4650    9.30000000  0.23198562E-11 -0.89059460E-12 -0.13653268E-04   127.99999672    -3403.09771501
    4660    9.32000000  0.25891972E-11 -0.14666644E-11 -0.14307296E-04   127.99999671    -3403.09771553
    4670    9.34000000  0.26832551E-11 -0.19614128E-11 -0.14237377E-04   127.99999671    -3403.09771610
    4680    9.36000000  0.27674183E-11 -0.22132721E-11 -0.13795238E-04   127.99999670    -3403.09771671
    4690    9.38000000  0.27742872E-11 -0.24129527E-11 -0.13516516E-04   127.99999670    -3403.09771733
    4700    9.40000000  0.26760426E-11 -0.24893913E-11 -0.13156585E-04   127.99999669    -3403.09771794
    4710    9.42000000  0.22584202E-11 -0.24638020E-11 -0.12417622E-04   127.99999669    -3403.09771854
    4720    9.44000000  0.17544770E-11 -0.22677743E-11 -0.11625554E-04   127.99999668    -3403.09771915
    4730    9.46000000  0.12022371E-11 -0.18917434E-11 -0.10575941E-04   127.99999668    -3403.09771972
    4740    9.48000000  0.68446006E-12 -0.14967221E-11 -0.92639065E-05   127.99999667    -3403.09772028
    4750    9.50000000  0.55760010E-13 -0.10324592E-11 -0.77816524E-05   127.99999667    -3403.09772087
    4760    9.52000000 -0.66955904E-12 -0.51826250E-12 -0.62906383E-05   127.99999666    -3403.09772148
    4770    9.54000000 -0.13587920E-11  0.86853438E-14 -0.49441539E-05   127.99999666    -3403.09772209
    4780    9.56000000 -0.17847334E-11  0.62192865E-12 -0.36432048E-05   127.99999665    -3403.09772268
    4790    9.58000000 -0.23486133E-11  0.11635960E-11 -0.22872032E-05   127.99999665    -3403.09772328
    4800    9.60000000 -0.27811191E-11  0.16683774E-11 -0.87769079E-06   127.99999664    -3403.09772387
    4810    9.62000000 -0.31290420E-11  0.19813472E-11  0.44036610E-06   127.99999664    -3403.09772446
    4820    9.64000000 -0.34407133E-11  0.19428864E-11  0.14022757E-05   127.99999663    -3403.09772505
    4830    9.66000000 -0.34458168E-11  0.18627317E-11  0.23220130E-05   127.99999663    -3403.09772565
    4840    9.68000000 -0.33762861E-11  0.16106573E-11  0.33715066E-05   127.99999662    -3403.09772625
    4850    9.70000000 -0.34060508E-11  0.13514868E-11  0.45237084E-05   127.99999662    -3403.09772685
    4860    9.72000000 -0.32012737E-11  0.10986147E-11  0.55649261E-05   127.99999661    -3403.09772744
    4870    9.74000000 -0.25546718E-11  0.78934282E-12  0.65557307E-05   127.99999661    -3403.09772804
    4880    9.76000000 -0.16918999E-11  0.27495836E-12  0.74555640E-05   127.99999660    -3403.09772864
    4890    9.78000000 -0.80300530E-12 -0.19212222E-12  0.82005007E-05   127.99999660    -3403.09772923
    4900    9.80000000  0.19860122E-12 -0.65462929E-12  0.90010555E-05   127.99999659    -3403.09772981
    4910    9.82000000  0.11131688E-11 -0.11328138E-11  0.95671453E-05   127.99999659    -3403.09773037
    4920    9.84000000  0.20880650E-11 -0.13818455E-11  0.96782147E-05   127.99999658    -3403.09773092
    4930    9.86000000  0.31073787E-11 -0.15643481E-11  0.94785812E-05   127.99999658    -3403.09773152
    4940    9.88000000  0.38245085E-11 -0.14508245E-11  0.93885211E-05   127.99999657    -3403.09773212
    4950    9.90000000  0.43598917E-11 -0.11146148E-11  0.93335683E-05   127.99999657    -3403.09773273
    4960    9.92000000  0.48416304E-11 -0.94417587E-12  0.88990522E-05   127.99999656    -3403.09773331
    4970    9.94000000  0.51256885E-11 -0.78230995E-12  0.83331681E-05   127.99999656    -3403.09773390
    4980    9.96000000  0.52960306E-11 -0.54563964E-12  0.77204557E-05   127.99999655    -3403.09773450
    4990    9.98000000  0.49801132E-11 -0.42201242E-12  0.70060374E-05   127.99999655    -3403.09773510
    5000   10.00000000  0.42453504E-11 -0.12760564E-12  0.63906405E-05   127.99999654    -3403.09773569
    5010   10.02000000  0.32553306E-11  0.26704422E-12  0.58914245E-05   127.99999654    -3403.09773627
    5020   10.04000000  0.21000773E-11  0.53666009E-12  0.55825423E-05   127.99999653    -3403.09773685
    5030   10.06000000  0.78348273E-12  0.64679186E-12  0.53376334E-05   127.99999653    -3403.09773745
    5040   10.08000000 -0.46236579E-12  0.56763752E-12  0.48743603E-05   127.99999652    -3403.09773804
    5050   10.10000000 -0.16253126E-11  0.36534705E-12  0.45220510E-05   127.99999652    -3403.09773862
    5060   10.12000000 -0.26274945E-11  0.25186534E-12  0.43992158E-05   127.99999651    -3403.09773920
    5070   10.14000000 -0.34221414E-11  0.15042367E-12  0.40181078E-05   127.99999651    -3403.09773977
    5080   10.16000000 -0.41711042E-11  0.69245760E-13  0.35422589E-05   127.99999650    -3403.09774035
    5090   10.18000000 -0.45898114E-11  0.11800926E-12  0.30438534E-05   127.99999650    -3403.09774092
    5100   10.20000000 -0.48154889E-11  0.16825364E-12  0.25730984E-05   127.99999649    -3403.09774149
    5110   10.22000000 -0.47728515E-11  0.11944257E-12  0.21200055E-05   127.99999649    -3403.09774208
    5120   10.24000000 -0.43646904E-11  0.76129856E-13  0.16416407E-05   127.99999648    -3403.09774266
    5130   10.26000000 -0.36614242E-11  0.11956969E-12  0.94517993E-06   127.99999648    -3403.09774325
    5140   10.28000000 -0.29412668E-11  0.69391208E-13  0.13580186E-06   127.99999647    -3403.09774384
    5150   10.30000000 -0.20108783E-11  0.14941950E-13 -0.66393708E-06   127.99999647    -3403.09774442
    5160   10.32000000 -0.11682578E-11  0.34366667E-14 -0.14802367E-05   127.99999646    -3403.09774500
    5170   10.34000000 -0.34178293E-12 -0.35475739E-13 -0.23380355E-05   127.99999646    -3403.09774558
    5180   10.36000000  0.51693592E-12  0.58615031E-15 -0.31814097E-05   127.99999645    -3403.09774616
    5190   10.38000000  0.13105879E-11 -0.23161501E-13 -0.40911387E-05   127.99999645    -3403.09774673
    5200   10.40000000  0.20785857E-11 -0.26923251E-13 -0.51730876E-05   127.99999644    -3403.09774731
    5210   10.42000000  0.27039302E-11 -0.48916397E-13 -0.61503686E-05   127.99999644    -3403.09774790
    5220   10.44000000  0.32189738E-11  0.13723179E-12 -0.68492695E-05   127.99999643    -3403.09774847
    5230   10.46000000  0.35189564E-11  0.25542105E-12 -0.74078696E-05   127.99999643    -3403.09774904
    5240   10.48000000  0.35722113E-11  0.26697799E-12 -0.79732631E-05   127.99999642    -3403.09774962
    5250   10.50000000  0.34414412E-11  0.31421083E-12 -0.86995712E-05   127.99999642    -3403.09775020
    5260   10.52000000  0.30526041E-11  0.47674913E-12 -0.91998538E-05   127.99999642    -3403.09775077
    5270   10.54000000  0.26736261E-11  0.49467444E-12 -0.93540945E-05   127.99999641    -3403.09775131
    5280   10.56000000  0.23051110E-11  0.47403090E-12 -0.92290382E-05   127.99999641    -3403.09775184
    5290   10.58000000  0.18008459E-11  0.19833364E-12 -0.88088039E-05   127.99999640    -3403.09775239
    5300   10.60000000  0.12097405E-11 -0.14952930E-12 -0.83034482E-05   127.99999640    -3403.09775296
    5310   10.62000000  0.62288804E-12 -0.50252853E-12 -0.76514460E-05   127.99999639    -3403.09775353
    5320   10.64000000 -0.11395400E-12 -0.66732939E-12 -0.67754384E-05   127.99999639    -3403.09775410
    5330   10.66000000 -0.74466943E-12 -0.72554723E-12 -0.58394597E-05   127.99999638    -3403.09775466
    5340   10.68000000 -0.13107584E-11 -0.64515944E-12 -0.47420266E-05   127.99999638    -3403.09775523
    5350   10.70000000 -0.19056177E-11 -0.64207140E-12 -0.33666103E-05   127.99999637    -3403.09775580
    5360   10.72000000 -0.22077771E-11 -0.53034580E-12 -0.19440728E-05   127.99999637    -3403.09775638
    5370   10.74000000 -0.22880148E-11 -0.31035850E-12 -0.76637825E-06   127.99999636    -3403.09775695
    5380   10.76000000 -0.23650550E-11 -0.12365561E-12  0.58818876E-06   127.99999636    -3403.09775752
    5390   10.78000000 -0.24051895E-11  0.55626418E-13  0.20703103E-05   127.99999635    -3403.09775809
    5400   10.80000000 -0.23549314E-11  0.11303851E-12  0.34761155E-05   127.99999635    -3403.09775865
    5410   10.82000000 -0.23053352E-11  0.19165065E-12  0.50716211E-05   127.99999634    -3403.09775919
    5420   10.84000000 -0.20163666E-11  0.26209733E-12  0.67494565E-05   127.99999634    -3403.09775974
    5430   10.86000000 -0.17447498E-11  0.88390254E-13  0.83793914E-05   127.99999633    -3403.09776030
    5440   10.88000000 -0.14732294E-11 -0.90009202E-13  0.99761507E-05   127.99999633    -3403.09776086
    5450   10.90000000 -0.13300089E-11 -0.12079802E-12  0.11507086E-04   127.99999632    -3403.09776142
    5460   10.92000000 -0.91645362E-12 -0.30898604E-13  0.12845303E-04   127.99999632    -3403.09776196
    5470   10.94000000 -0.43842306E-12 -0.35571849E-13  0.13961844E-04   127.99999631    -3403.09776248
    5480   10.96000000  0.32583253E-13  0.51093555E-13  0.14900432E-04   127.99999631    -3403.09776300
    5490   10.98000000  0.48399202E-12  0.13232387E-12  0.15676819E-04   127.99999630    -3403.09776351
    5500   11.00000000  0.10454695E-11  0.82376299E-13  0.15904476E-04   127.99999630    -3403.09776401
    5510   11.02000000  0.16096397E-11 -0.91284783E-14  0.15653640E-04   127.99999629    -3403.09776453
    5520   11.04000000  0.21064439E-11 -0.20933877E-12  0.15190510E-04   127.99999629    -3403.09776509
    5530   11.06000000  0.25619225E-11 -0.39247527E-12  0.14706578E-04   127.99999629    -3403.09776563
    5540   11.08000000  0.26465744E-11 -0.61769094E-12  0.14209672E-04   127.99999628    -3403.09776617
    5550   11.10000000  0.26049724E-11 -0.86031304E-12  0.13431962E-04   127.99999628    -3403.09776673
    5560   11.12000000  0.25457935E-11 -0.10207744E-11  0.12562478E-04   127.99999627    -3403.09776729
    5570   11.14000000  0.25122282E-11 -0.10339493E-11  0.11462490E-04   127.99999627    -3403.09776783
    5580   11.16000000  0.22939803E-11 -0.11069984E-11  0.10113992E-04   127.99999626    -3403.09776837
    5590   11.18000000  0.19115477E-11 -0.96574081E-12  0.87024877E-05   127.99999626    -3403.09776892
    5600   11.20000000  0.14789594E-11 -0.71979793E-12  0.72915964E-05   127.99999625    -3403.09776947
    5610   11.22000000  0.11208163E-11 -0.30887259E-12  0.57418106E-05   127.99999625    -3403.09777003
    5620   11.24000000  0.57183160E-12  0.24868674E-12  0.42172860E-05   127.99999624    -3403.09777059
    5630   11.26000000  0.52888487E-13  0.86909706E-12  0.23013356E-05   127.99999624    -3403.09777115
    5640   11.28000000 -0.37764266E-12  0.12967751E-11  0.29515789E-06   127.99999623    -3403.09777172
    5650   11.30000000 -0.87437870E-12  0.17318109E-11 -0.17247667E-05   127.99999623    -3403.09777228
    5660   11.32000000 -0.12772744E-11  0.19775649E-11 -0.37231984E-05   127.99999622    -3403.09777283
    5670   11.34000000 -0.15049815E-11  0.20726847E-11 -0.57743227E-05   127.99999622    -3403.09777338
    5680   11.36000000 -0.18599398E-11  0.19621330E-11 -0.76583738E-05   127.99999621    -3403.09777394
    5690   11.38000000 -0.23192796E-11  0.16719946E-11 -0.94738573E-05   127.99999621    -3403.09777449
    5700   11.40000000 -0.24364255E-11  0.14008813E-11 -0.11307422E-04   127.99999620    -3403.09777504
    5710   11.42000000 -0.24239964E-11  0.85633847E-12 -0.12908775E-04   127.99999620    -3403.09777557
    5720   11.44000000 -0.23784433E-11  0.12616442E-12 -0.14289604E-04   127.99999620    -3403.09777610
    5730   11.46000000 -0.22356246E-11 -0.55015868E-12 -0.15286074E-04   127.99999619    -3403.09777663
    5740   11.48000000 -0.19417829E-11 -0.11660298E-11 -0.15942004E-04   127.99999619    -3403.09777718
    5750   11.50000000 -0.17426705E-11 -0.17649071E-11 -0.16351923E-04   127.99999618    -3403.09777772
    5760   11.52000000 -0.13141179E-11 -0.22040876E-11 -0.16665678E-04   127.99999618    -3403.09777826
    5770   11.54000000 -0.97697862E-12 -0.23029523E-11 -0.16775099E-04   127.99999617    -3403.09777878
    5780   11.56000000 -0.59035293E-12 -0.21967110E-11 -0.16578374E-04   127.99999617    -3403.09777929
    5790   11.58000000 -0.67507572E-13 -0.20921254E-11 -0.15966241E-04   127.99999616    -3403.09777975
    5800   11.60000000  0.52593093E-12 -0.18440811E-11 -0.14703748E-04   127.99999616    -3403.09778022
    5810   11.62000000  0.10913392E-11 -0.14971833E-11 -0.13131750E-04   127.99999615    -3403.09778073
    5820   11.64000000  0.16170011E-11 -0.11146047E-11 -0.11569435E-04   127.99999615    -3403.09778123
    5830   11.66000000  0.20804219E-11 -0.52317872E-12 -0.96557081E-05   127.99999614    -3403.09778174
    5840   11.68000000  0.22953802E-11  0.10138969E-12 -0.74936819E-05   127.99999614    -3403.09778228
    5850   11.70000000  0.24747636E-11  0.78485490E-12 -0.50276977E-05   127.99999613    -3403.09778282
    5860   11.72000000  0.26520822E-11  0.15204862E-11 -0.25497212E-05   127.99999613    -3403.09778335
    5870   11.74000000  0.26128620E-11  0.19795564E-11 -0.18210375E-06   127.99999613    -3403.09778386
    5880   11.76000000  0.26050864E-11  0.23588648E-11  0.20734603E-05   127.99999612    -3403.09778439
    5890   11.78000000  0.26364447E-11  0.24963892E-11  0.41724750E-05   127.99999612    -3403.09778494
    5900   11.80000000  0.24464167E-11  0.25956337E-11  0.62481452E-05   127.99999611    -3403.09778549
    5910   11.82000000  0.20120578E-11  0.24409392E-11  0.80614577E-05   127.99999611    -3403.09778603
    5920   11.84000000  0.17772031E-11  0.23027742E-11  0.98230929E-05   127.99999610    -3403.09778658
    5930   11.86000000  0.12507114E-11  0.19624311E-11  0.11777640E-04   127.99999610    -3403.09778713
    5940   11.88000000  0.69313057E-12  0.14361582E-11  0.13547396E-04   127.99999609    -3403.09778767
    5950   11.90000000  0.17552628E-12  0.73320510E-12  0.14983071E-04   127.99999609    -3403.09778820
    5960   11.92000000 -0.39996453E-12 -0.23254130E-12  0.16210807E-04   127.99999608    -3403.09778874
    5970   11.94000000 -0.95690331E-12 -0.10542511E-11  0.17326812E-04   127.99999608    -3403.09778928
    5980   11.96000000 -0.15507683E-11 -0.17885840E-11  0.18206507E-04   127.99999607    -3403.09778981
    5990   11.98000000 -0.22337479E-11 -0.24884194E-11  0.18907213E-04   127.99999607    -3403.09779033
    6000   12.00000000 -0.28175381E-11 -0.27961026E-11  0.19462961E-04   127.99999606    -3403.09779083
=== application breakdown [s] ===
total calculation time,5357.73465180
rt calculation                         min         max     average   std. dev.  difference    relative
rt initialization              0.20981E-04 0.32902E-04 0.24954E-04 0.56196E-05 0.11921E-04 0.15682E+01
reading lda data               0.10604E+01 0.10605E+01 0.10604E+01 0.40350E-04 0.86069E-04 0.10001E+01
reading rt data                0.67711E-03 0.69499E-03 0.68776E-03 0.76896E-05 0.17881E-04 0.10264E+01
prep. time prop.               0.42892E-03 0.22471E-02 0.16410E-02 0.85710E-03 0.18182E-02 0.52390E+01
rt iterations                  0.53562E+04 0.53562E+04 0.53562E+04         NaN 0.10252E-04 0.10000E+01
after writing rt data          0.15020E-04 0.14682E+00 0.48956E-01 0.69199E-01 0.14680E+00 0.97747E+04
in rt iterations                       min         max     average   std. dev.  difference    relative
Vbox                           0.11699E+01 0.12477E+01 0.12060E+01 0.32013E-01 0.77835E-01 0.10665E+01
time propagation               0.42164E+04 0.42198E+04 0.42184E+04 0.14586E+01 0.33491E+01 0.10008E+01
calculating rho                0.29015E+02 0.29420E+02 0.29167E+02 0.18027E+00 0.40568E+00 0.10140E+01
Hartree routine                0.32948E+01 0.67180E+01 0.44782E+01 0.15846E+01 0.34232E+01 0.20389E+01
Exc_Cor routine                0.43116E+00 0.53088E+00 0.49213E+00 0.43639E-01 0.99725E-01 0.12313E+01
calculating curr               0.98280E+03 0.98282E+03 0.98281E+03 0.67871E-02 0.15763E-01 0.10000E+01
calc. projection               0.11055E-02 0.13046E-02 0.12248E-02 0.85939E-04 0.19908E-03 0.11801E+01
writing energies               0.35155E+00 0.39287E+00 0.36548E+00 0.19366E-01 0.41325E-01 0.11176E+01
calc_eigen_energy              0.11834E+03 0.11835E+03 0.11834E+03 0.11767E-02 0.28470E-02 0.10000E+01
calc_total_energy_periodic     0.51760E+00 0.52135E+00 0.51939E+00 0.15374E-02 0.37551E-02 0.10073E+01
writing info etc.              0.60515E-02 0.20974E+00 0.74106E-01 0.95911E-01 0.20369E+00 0.34660E+02
total_energy module                    min         max     average   std. dev.  difference    relative
periodic calc.                 0.39596E+00 0.40043E+00 0.39764E+00 0.19869E-02 0.44663E-02 0.10113E+01
periodic comm. coll.           0.11405E+00 0.12208E+00 0.11852E+00 0.33413E-02 0.80330E-02 0.10704E+01
eigen_energy calc.             0.78398E+01 0.79125E+01 0.78641E+01 0.34268E-01 0.72758E-01 0.10093E+01
eigen_energy comm. coll.       0.13340E+00 0.52767E+00 0.29302E+00 0.16948E+00 0.39427E+00 0.39556E+01
eigen_energy hpsi              0.10685E+03 0.10717E+03 0.10706E+03 0.14577E+00 0.31600E+00 0.10030E+01
density_matrix module                  min         max     average   std. dev.  difference    relative
density calc.                  0.28411E+02 0.28879E+02 0.28602E+02 0.20023E+00 0.46713E+00 0.10164E+01
density comm. coll.            0.36602E-01 0.38493E-01 0.37254E-01 0.87656E-03 0.18914E-02 0.10517E+01
current calc.                  0.67331E+02 0.68806E+02 0.68301E+02 0.68580E+00 0.14747E+01 0.10219E+01
current rDivided uVpsi calc.   0.92241E+02 0.93366E+02 0.92989E+02 0.52907E+00 0.11254E+01 0.10122E+01
current comm. coll.            0.14445E+02 0.26553E+02 0.20785E+02 0.49595E+01 0.12108E+02 0.18382E+01
current comm. halo.            0.79409E+03 0.80874E+03 0.80069E+03 0.60696E+01 0.14654E+02 0.10185E+01
conjugate_gradient module              min         max     average   std. dev.  difference    relative
subspace_diag module                   min         max     average   std. dev.  difference    relative
subspace_diag so module                min         max     average   std. dev.  difference    relative
force module                           min         max     average   std. dev.  difference    relative
init_ps                                min         max     average   std. dev.  difference    relative
hamiltonian module                     min         max     average   std. dev.  difference    relative
total                          0.41404E+04 0.41437E+04 0.41423E+04 0.14081E+01 0.33046E+01 0.10008E+01
update overlap (comm.)         0.32671E+04 0.33360E+04 0.32912E+04 0.31723E+02 0.68955E+02 0.10211E+01
stencil                        0.28371E+03 0.28517E+03 0.28458E+03 0.62924E+00 0.14607E+01 0.10051E+01
subtraction                    0.50697E+01 0.51121E+01 0.50887E+01 0.17551E-01 0.42331E-01 0.10083E+01
pseudo-pt                      0.34689E+03 0.36969E+03 0.36165E+03 0.10449E+02 0.22801E+02 0.10657E+01
pseudo-pt (comm.)              0.25970E+03 0.31145E+03 0.29272E+03 0.23422E+02 0.51751E+02 0.11993E+01
hpsi-overlapped                        min         max     average   std. dev.  difference    relative
checkpoint/restart                     min         max     average   std. dev.  difference    relative
restart self                   0.90948E+00 0.91086E+00 0.91032E+00 0.60517E-03 0.13840E-02 0.10015E+01
restart sync                   0.90949E+00 0.91099E+00 0.91042E+00 0.66412E-03 0.15020E-02 0.10017E+01
=== performance [GFLOPS] ===
end SALMON
