Looking for simulation folders in: /raven/ptmp/truzaikin/try/inputs/Si/n_1_2, excluding 'slurm_logs'
Found 6 simulation folders (excluding 'slurm_logs') in /raven/ptmp/truzaikin/try/inputs/Si/n_1_2.
There are 6 simulation folders.
Output/Error logs will be in the 'slurm_logs' directory.
--- Task Start ---
SLURM Array Job ID: 18560661
SLURM Array Task ID: 2
Parent Simulation Directory: /raven/ptmp/truzaikin/try/inputs/Si/n_1_2
Processing folder: /raven/ptmp/truzaikin/try/inputs/Si/n_1_2/c221_s0.00_r12_k6_a1_i500_t9
Current directory: /raven/ptmp/truzaikin/try/inputs/Si/n_1_2/c221_s0.00_r12_k6_a1_i500_t9
SLURM_JOB_NUM_NODES = 3
OMP_NUM_THREADS = 72
--- Task 2 completed for folder /raven/ptmp/truzaikin/try/inputs/Si/n_1_2/c221_s0.00_r12_k6_a1_i500_t9 ---
                                  
================================= 
Global information about the job: 
================================= 
  
Job owner: truzaikin(75115)
Job name:  salmon
Node list: ravc[4120,4125,4127]
Job start: Wed May 21 09:51:45 CEST 2025
Job end:   Wed May 21 11:13:08 CEST 2025
Work dir:  /ptmp/truzaikin/try/inputs/Si/n_1_2/./
Command:   /raven/ptmp/truzaikin/try/inputs/Si/n_1_2/SUBMIT_RAVEN.sh
  
  
  
==========================================================================================
Information on jobsteps (Note: MaxRSS/AveRSS is the maximum/average over all 
tasks of the per-task memory high-water marks; cf. "man sacct"): 
==========================================================================================
  
JobID            JobName NNodes NTasks  NCPUS       MaxRSS       AveRSS    Elapsed ExitCode
------------- ---------- ------ ------ ------ ------------ ------------ ---------- --------
18560661_2        salmon      3           432                             01:21:23      0:0
18560661_2.0      salmon      3      3    432    14740.06M    14717.62M   00:03:06      0:0
18560661_2.1      salmon      3      3    432     2858.48M     2857.16M   00:19:31      0:0
18560661_2.2      salmon      3      3    432     2864.81M     2859.26M   00:29:23      0:0
18560661_2.3      salmon      3      3    432     2878.80M     2861.91M   00:29:19      0:0
  
Maximum memory per node: 15.456076 GB (defined as MaxRSS*Ntasks/NNodes)
CPU utilization: 98.5 %
  
