##############################################################################
# SALMON: Scalable Ab-initio Light-Matter simulator for Optics and Nanoscience
#
#                             Version 2.2.1
##############################################################################
  Libxc: [enabled] 6.2.2
   theory= tddft_response
 
 Total time step      =        6000
 Time step[fs]        =  2.000000000000000E-003
 Energy range         =        1200
 Energy resolution[eV]=  1.000000000000000E-002
 Field strength[a.u.] =  1.000000000000000E-002
   use of real value orbitals =  F
 ======
 MPI distribution:
   nproc_k     :           1
   nproc_ob    :           1
   nproc_rgrid :           1           1           3
 OpenMP parallelization:
   number of threads :          72
 hpsi stencil:
   enables hand-coding vectorization : T
   enables openmp parallelization    : F
 current:
   k,orbital parallelized of openmp  : T
 force:
   k,orbital parallelized of openmp  : T
 ===================pseudopotential data===================
 ik ,atom_symbol=           1 Si
 ps_format =KY              
 ps_file =./Si_rps.dat
 Zps(ik), Mlps(ik) =           4           2
 Rps(ik), NRps(ik) =   2.26767135054939              122
 Lref(ik) =           2
 nproj(ik,l) =           1           1           1
 anorm(ik,l) =  0.6193218      0.3646551      0.0000000E+00
 inorm(ik,l) =           1           1           0
 Mass(ik) =   28.0000000000000     
 flag_nlcc_element(ik) = F
 ==========================================================
 flag_nlcc =  F
 
 ============init_ps==============
 end init_ps
 Maximal rho_NLCC= 0.000000000000000E+000
 Maximal tau_NLCC= 0.000000000000000E+000
 == Ewald ==
 cutoff length in real-space in ewald =  4.00 [A]
 (buffer length in bookkeeping =  2.00 [A])
 cutoff length in G-space in ewald =  0.1870828864+102 [1/A]
 number of ion-ion pair(/atom) used for allocation of bookkeeping=    69
 ===========
   Static dipole moment(xyz) =   -0.1394545129E+04   -0.1394545131E+04   -0.1394545129E+04
 
 
  time-step  time[fs]                               Current(xyz)[a.u.]      electrons Total energy[eV] 
#----------------------------------------------------------------------
      10    0.02000000  0.57132698E-12 -0.39718678E-12  0.24891702E-03   255.99999997    -6806.40095311
      20    0.04000000  0.37033838E-12 -0.84361073E-13  0.21939201E-03   255.99999994    -6806.40095592
      30    0.06000000  0.28859732E-11  0.57156409E-12  0.20004524E-03   255.99999992    -6806.40092884
      40    0.08000000  0.26714236E-11  0.12120795E-11  0.17918646E-03   255.99999989    -6806.40092541
      50    0.10000000  0.35585958E-11  0.77630827E-12  0.15256948E-03   255.99999986    -6806.40092556
      60    0.12000000  0.27239285E-11  0.14242739E-11  0.12273093E-03   255.99999984    -6806.40090531
      70    0.14000000  0.17290287E-11  0.64368465E-12  0.92136264E-04   255.99999981    -6806.40087622
      80    0.16000000  0.20392614E-11  0.17438189E-11  0.63114198E-04   255.99999978    -6806.40085432
      90    0.18000000  0.38954268E-12  0.15525848E-11  0.39069807E-04   255.99999976    -6806.40084385
     100    0.20000000 -0.18177867E-12  0.14334111E-11  0.17909214E-04   255.99999973    -6806.40084653
     110    0.22000000 -0.22898761E-12  0.72206923E-12 -0.39295057E-05   255.99999971    -6806.40085171
     120    0.24000000 -0.71305493E-12  0.10154298E-11 -0.24706217E-04   255.99999969    -6806.40085602
     130    0.26000000 -0.23168511E-11  0.98607847E-13 -0.43390439E-04   255.99999966    -6806.40085992
     140    0.28000000 -0.16238358E-11  0.29789516E-12 -0.61782824E-04   255.99999964    -6806.40086450
     150    0.30000000 -0.23033551E-11 -0.19113827E-12 -0.80068862E-04   255.99999961    -6806.40086762
     160    0.32000000 -0.23013329E-11 -0.69288945E-12 -0.96767667E-04   255.99999959    -6806.40086678
     170    0.34000000 -0.28197019E-11 -0.93084881E-12 -0.10879268E-03   255.99999957    -6806.40086346
     180    0.36000000 -0.20513270E-11 -0.12722464E-11 -0.11810860E-03   255.99999954    -6806.40085891
     190    0.38000000 -0.18396645E-11 -0.36554957E-12 -0.12508984E-03   255.99999952    -6806.40085495
     200    0.40000000 -0.29903271E-11 -0.11492426E-11 -0.13056781E-03   255.99999950    -6806.40085292
     210    0.42000000 -0.34140752E-11 -0.10279907E-11 -0.13532261E-03   255.99999948    -6806.40085211
     220    0.44000000 -0.29291341E-11 -0.14017645E-11 -0.13775406E-03   255.99999945    -6806.40085134
     230    0.46000000 -0.25724940E-11 -0.91157955E-12 -0.13625145E-03   255.99999943    -6806.40085159
     240    0.48000000 -0.26035583E-11 -0.15622173E-11 -0.13207382E-03   255.99999941    -6806.40085405
     250    0.50000000 -0.19689087E-11 -0.13692892E-11 -0.12790364E-03   255.99999939    -6806.40085723
     260    0.52000000 -0.23188846E-12 -0.16970512E-11 -0.12319205E-03   255.99999937    -6806.40085962
     270    0.54000000 -0.53486459E-12 -0.45370780E-12 -0.11656244E-03   255.99999935    -6806.40086191
     280    0.56000000  0.41058893E-12 -0.52232584E-12 -0.10957181E-03   255.99999932    -6806.40086502
     290    0.58000000  0.16970898E-11  0.45368784E-12 -0.10176032E-03   255.99999930    -6806.40086839
     300    0.60000000  0.14538845E-11 -0.25667982E-12 -0.93287318E-04   255.99999928    -6806.40087109
     310    0.62000000  0.22853735E-11  0.51652768E-12 -0.83438940E-04   255.99999926    -6806.40087392
     320    0.64000000  0.25652976E-11  0.14396122E-11 -0.72681562E-04   255.99999924    -6806.40087702
     330    0.66000000  0.36691160E-11  0.18567232E-11 -0.62373577E-04   255.99999922    -6806.40088036
     340    0.68000000  0.30957697E-11  0.13198956E-11 -0.52405251E-04   255.99999920    -6806.40088359
     350    0.70000000  0.31948410E-11  0.20534096E-11 -0.41794523E-04   255.99999918    -6806.40088688
     360    0.72000000  0.21266387E-11  0.10277374E-11 -0.29976149E-04   255.99999916    -6806.40088989
     370    0.74000000  0.30913318E-11  0.84850643E-12 -0.16956174E-04   255.99999914    -6806.40089306
     380    0.76000000  0.15668383E-11 -0.43024535E-12 -0.48795619E-05   255.99999912    -6806.40089600
     390    0.78000000  0.24078339E-11 -0.38609970E-12  0.52370524E-05   255.99999910    -6806.40089692
     400    0.80000000  0.22669066E-11 -0.26871881E-12  0.13756404E-04   255.99999908    -6806.40089796
     410    0.82000000  0.15427850E-11 -0.86213635E-12  0.23140734E-04   255.99999906    -6806.40090040
     420    0.84000000  0.20251120E-11 -0.14480523E-12  0.33438295E-04   255.99999904    -6806.40090357
     430    0.86000000  0.75689878E-12  0.18425969E-12  0.43108216E-04   255.99999902    -6806.40090630
     440    0.88000000  0.13780573E-11  0.41895790E-12  0.50957124E-04   255.99999900    -6806.40090847
     450    0.90000000  0.35846979E-12  0.92917761E-12  0.56468031E-04   255.99999898    -6806.40091078
     460    0.92000000 -0.95026131E-12  0.33186341E-12  0.62071112E-04   255.99999896    -6806.40091356
     470    0.94000000 -0.18086711E-11  0.80826669E-12  0.68214441E-04   255.99999894    -6806.40091624
     480    0.96000000 -0.24607053E-11  0.10838980E-11  0.73240442E-04   255.99999892    -6806.40091868
     490    0.98000000 -0.25978178E-11 -0.86194622E-13  0.76942589E-04   255.99999890    -6806.40092097
     500    1.00000000 -0.39534097E-11 -0.29071364E-13  0.79588139E-04   255.99999888    -6806.40092331
     510    1.02000000 -0.35337368E-11 -0.10395813E-11  0.81225153E-04   255.99999886    -6806.40092567
     520    1.04000000 -0.33593730E-11 -0.90026975E-12  0.81242455E-04   255.99999885    -6806.40092757
     530    1.06000000 -0.29119814E-11 -0.13987145E-11  0.81045533E-04   255.99999883    -6806.40092958
     540    1.08000000 -0.31238499E-11 -0.15853027E-11  0.80462284E-04   255.99999881    -6806.40093125
     550    1.10000000 -0.20488716E-11 -0.86723346E-12  0.77864801E-04   255.99999879    -6806.40093315
     560    1.12000000 -0.99846286E-12 -0.22640672E-12  0.74254074E-04   255.99999877    -6806.40093581
     570    1.14000000 -0.14230259E-11 -0.32142236E-12  0.70062282E-04   255.99999875    -6806.40093856
     580    1.16000000  0.34992287E-12 -0.11957183E-12  0.65174249E-04   255.99999873    -6806.40094104
     590    1.18000000  0.56542358E-12  0.44776848E-12  0.59429347E-04   255.99999872    -6806.40094351
     600    1.20000000  0.11448193E-11 -0.43174406E-13  0.53240524E-04   255.99999870    -6806.40094642
     610    1.22000000  0.99125065E-12  0.11451988E-11  0.47512205E-04   255.99999868    -6806.40094923
     620    1.24000000  0.19257349E-11  0.56659271E-12  0.40794488E-04   255.99999866    -6806.40095192
     630    1.26000000  0.19062752E-11  0.11250872E-11  0.33099208E-04   255.99999864    -6806.40095465
     640    1.28000000  0.11677050E-11  0.10223662E-12  0.26075483E-04   255.99999862    -6806.40095738
     650    1.30000000  0.19972377E-11  0.60792415E-12  0.19231913E-04   255.99999861    -6806.40096007
     660    1.32000000  0.27540677E-11  0.12713685E-11  0.12048372E-04   255.99999859    -6806.40096273
     670    1.34000000  0.22761916E-11  0.68412482E-12  0.43130008E-05   255.99999857    -6806.40096540
     680    1.36000000  0.21982243E-11  0.25333532E-12 -0.36660405E-05   255.99999855    -6806.40096806
     690    1.38000000  0.22984193E-11  0.18558144E-11 -0.11203283E-04   255.99999854    -6806.40097074
     700    1.40000000  0.21794803E-11  0.13273150E-11 -0.18306025E-04   255.99999852    -6806.40097337
     710    1.42000000  0.82934469E-12  0.15576701E-11 -0.25257170E-04   255.99999850    -6806.40097600
     720    1.44000000  0.27889254E-12  0.58283674E-12 -0.31860135E-04   255.99999848    -6806.40097854
     730    1.46000000 -0.17080098E-12  0.73046473E-13 -0.37344022E-04   255.99999846    -6806.40098000
     740    1.48000000 -0.94989591E-12 -0.55644535E-12 -0.41013565E-04   255.99999845    -6806.40098121
     750    1.50000000 -0.23160255E-11 -0.11851198E-11 -0.44174413E-04   255.99999843    -6806.40098316
     760    1.52000000 -0.22605943E-11 -0.25393096E-11 -0.46914913E-04   255.99999841    -6806.40098507
     770    1.54000000 -0.23906849E-11 -0.23562330E-11 -0.48203401E-04   255.99999840    -6806.40098702
     780    1.56000000 -0.23815914E-11 -0.33406646E-11 -0.48482384E-04   255.99999838    -6806.40098934
     790    1.58000000 -0.21182702E-11 -0.25773982E-11 -0.48791925E-04   255.99999836    -6806.40099161
     800    1.60000000 -0.12859370E-11 -0.18146442E-11 -0.48514794E-04   255.99999834    -6806.40099359
     810    1.62000000 -0.12391481E-11 -0.22255480E-11 -0.46857110E-04   255.99999833    -6806.40099595
     820    1.64000000 -0.16945009E-11 -0.89712302E-12 -0.45274964E-04   255.99999831    -6806.40099849
     830    1.66000000 -0.13818233E-11 -0.29254063E-12 -0.44234895E-04   255.99999829    -6806.40100096
     840    1.68000000 -0.15405767E-12  0.14438387E-11 -0.42547296E-04   255.99999828    -6806.40100307
     850    1.70000000 -0.46309988E-12  0.15368344E-11 -0.39609305E-04   255.99999826    -6806.40100494
     860    1.72000000  0.50235748E-13  0.17957853E-11 -0.35465154E-04   255.99999824    -6806.40100693
     870    1.74000000 -0.91162642E-12  0.20536305E-11 -0.30722640E-04   255.99999823    -6806.40100927
     880    1.76000000  0.81270174E-12  0.26460000E-11 -0.25940815E-04   255.99999821    -6806.40101174
     890    1.78000000 -0.22754335E-12  0.16425043E-11 -0.21398063E-04   255.99999819    -6806.40101419
     900    1.80000000  0.94065962E-12  0.11685104E-11 -0.16509666E-04   255.99999817    -6806.40101658
     910    1.82000000  0.90599221E-12  0.12896879E-11 -0.11571100E-04   255.99999816    -6806.40101889
     920    1.84000000  0.20896740E-11  0.87705608E-13 -0.63580259E-05   255.99999814    -6806.40102102
     930    1.86000000  0.81437708E-12 -0.11460734E-12 -0.13478077E-05   255.99999813    -6806.40102291
     940    1.88000000  0.23468119E-11 -0.14102501E-11  0.25348476E-05   255.99999811    -6806.40102470
     950    1.90000000  0.23293674E-11  0.31286456E-12  0.59754148E-05   255.99999809    -6806.40102663
     960    1.92000000  0.24826564E-11 -0.45717001E-12  0.91651564E-05   255.99999808    -6806.40102852
     970    1.94000000  0.10824576E-11 -0.14281940E-12  0.11410176E-04   255.99999806    -6806.40103017
     980    1.96000000  0.13533171E-11 -0.44326342E-12  0.12797743E-04   255.99999804    -6806.40103165
     990    1.98000000  0.56412564E-12  0.14611570E-12  0.14041332E-04   255.99999803    -6806.40103307
    1000    2.00000000  0.37870382E-12 -0.13982599E-11  0.15232917E-04   255.99999801    -6806.40103452
    1010    2.02000000  0.41724945E-12 -0.15214828E-11  0.15523509E-04   255.99999799    -6806.40103632
    1020    2.04000000  0.31258509E-12 -0.11233136E-11  0.14802622E-04   255.99999798    -6806.40103849
    1030    2.06000000 -0.50498961E-13 -0.15929985E-11  0.13624087E-04   255.99999796    -6806.40104077
    1040    2.08000000 -0.36821346E-12 -0.16594582E-11  0.12380280E-04   255.99999795    -6806.40104304
    1050    2.10000000  0.10933601E-12 -0.87581598E-12  0.11499823E-04   255.99999793    -6806.40104525
    1060    2.12000000 -0.78996630E-12 -0.55606871E-12  0.98450654E-05   255.99999791    -6806.40104738
    1070    2.14000000 -0.13110349E-11 -0.15151861E-12  0.74553188E-05   255.99999790    -6806.40104963
    1080    2.16000000 -0.17136674E-11  0.56976841E-13  0.61599283E-05   255.99999788    -6806.40105145
    1090    2.18000000 -0.10141875E-11  0.15714712E-11  0.54034519E-05   255.99999787    -6806.40105317
    1100    2.20000000 -0.19837147E-11  0.22198552E-11  0.51421202E-05   255.99999785    -6806.40105498
    1110    2.22000000 -0.29384777E-11  0.19923730E-11  0.50281460E-05   255.99999783    -6806.40105704
    1120    2.24000000 -0.27944864E-11  0.16468065E-11  0.50171115E-05   255.99999782    -6806.40105921
    1130    2.26000000 -0.19187429E-11  0.14063496E-11  0.52669256E-05   255.99999780    -6806.40106135
    1140    2.28000000 -0.15803826E-11  0.17219573E-11  0.52169244E-05   255.99999779    -6806.40106328
    1150    2.30000000 -0.13049859E-11  0.73035079E-12  0.62050302E-05   255.99999777    -6806.40106496
    1160    2.32000000 -0.89773103E-12  0.31523049E-12  0.80283503E-05   255.99999776    -6806.40106696
    1170    2.34000000 -0.36050787E-12 -0.26251488E-12  0.93763677E-05   255.99999774    -6806.40106911
    1180    2.36000000  0.39421202E-12 -0.49485317E-12  0.10452719E-04   255.99999772    -6806.40107121
    1190    2.38000000  0.78664901E-12 -0.80884854E-12  0.11811102E-04   255.99999771    -6806.40107339
    1200    2.40000000  0.62544242E-12 -0.13839181E-11  0.13271158E-04   255.99999769    -6806.40107562
    1210    2.42000000  0.13746483E-11 -0.13725342E-11  0.14411249E-04   255.99999768    -6806.40107786
    1220    2.44000000  0.14675005E-11 -0.80065646E-12  0.15675955E-04   255.99999766    -6806.40108001
    1230    2.46000000  0.90825090E-12 -0.89400631E-12  0.16140783E-04   255.99999765    -6806.40108205
    1240    2.48000000  0.11192521E-11 -0.81120033E-12  0.15994210E-04   255.99999763    -6806.40108422
    1250    2.50000000  0.14474136E-11 -0.78285297E-12  0.16122553E-04   255.99999762    -6806.40108640
    1260    2.52000000  0.11115345E-11 -0.14725840E-11  0.16013122E-04   255.99999760    -6806.40108850
    1270    2.54000000  0.15011370E-11 -0.14547746E-11  0.14696576E-04   255.99999759    -6806.40109059
    1280    2.56000000  0.24336874E-11 -0.75618037E-12  0.13649038E-04   255.99999757    -6806.40109274
    1290    2.58000000  0.93219734E-12 -0.61073379E-12  0.13346988E-04   255.99999756    -6806.40109476
    1300    2.60000000  0.17147014E-11  0.94227308E-14  0.12342062E-04   255.99999754    -6806.40109679
    1310    2.62000000  0.74377685E-12  0.77589047E-12  0.10499477E-04   255.99999753    -6806.40109898
    1320    2.64000000  0.10130049E-11  0.18263349E-11  0.87061994E-05   255.99999751    -6806.40110106
    1330    2.66000000 -0.16292023E-12  0.16305131E-11  0.63209939E-05   255.99999749    -6806.40110312
    1340    2.68000000 -0.95114297E-12  0.11455244E-11  0.42771589E-05   255.99999748    -6806.40110521
    1350    2.70000000 -0.11271429E-11  0.24950250E-11  0.26364626E-05   255.99999746    -6806.40110735
    1360    2.72000000 -0.16618827E-11  0.21466342E-11  0.51880536E-06   255.99999745    -6806.40110951
    1370    2.74000000 -0.25427912E-11  0.79066370E-12 -0.14448140E-05   255.99999743    -6806.40111162
    1380    2.76000000 -0.21826280E-11  0.70804764E-12 -0.35501030E-05   255.99999742    -6806.40111371
    1390    2.78000000 -0.14510404E-11  0.47700097E-12 -0.54608066E-05   255.99999740    -6806.40111580
    1400    2.80000000 -0.15727980E-11 -0.74965294E-12 -0.71180104E-05   255.99999739    -6806.40111784
    1410    2.82000000 -0.82826638E-12 -0.33910861E-13 -0.92384707E-05   255.99999738    -6806.40111992
    1420    2.84000000 -0.31165576E-12 -0.11740360E-11 -0.11381087E-04   255.99999736    -6806.40112201
    1430    2.86000000  0.17578908E-12 -0.50126645E-12 -0.13305106E-04   255.99999735    -6806.40112404
    1440    2.88000000 -0.12916431E-12 -0.12054533E-11 -0.14701469E-04   255.99999733    -6806.40112607
    1450    2.90000000  0.62472628E-12 -0.64166469E-12 -0.16119459E-04   255.99999732    -6806.40112816
    1460    2.92000000  0.72035800E-12 -0.97161572E-13 -0.17457834E-04   255.99999730    -6806.40113021
    1470    2.94000000  0.26110890E-12 -0.36500004E-12 -0.18382638E-04   255.99999729    -6806.40113221
    1480    2.96000000  0.27413924E-12 -0.11882689E-11 -0.19178492E-04   255.99999727    -6806.40113415
    1490    2.98000000  0.90916762E-12 -0.32203159E-12 -0.19508232E-04   255.99999726    -6806.40113624
    1500    3.00000000  0.52670953E-13 -0.46232514E-12 -0.19750012E-04   255.99999724    -6806.40113825
    1510    3.02000000  0.20297414E-12 -0.87057076E-12 -0.20104650E-04   255.99999723    -6806.40114022
    1520    3.04000000 -0.30138948E-13 -0.29162138E-12 -0.20419252E-04   255.99999721    -6806.40114212
    1530    3.06000000  0.15042888E-11 -0.59448608E-12 -0.20788341E-04   255.99999720    -6806.40114381
    1540    3.08000000  0.62011402E-12  0.14368610E-14 -0.20032851E-04   255.99999718    -6806.40114513
    1550    3.10000000  0.10432857E-11 -0.31059180E-14 -0.18481767E-04   255.99999717    -6806.40114675
    1560    3.12000000  0.12647285E-11  0.10905714E-12 -0.17085639E-04   255.99999716    -6806.40114861
    1570    3.14000000  0.16124383E-11  0.11691199E-11 -0.15534272E-04   255.99999714    -6806.40115055
    1580    3.16000000  0.57073139E-12  0.19202925E-11 -0.13288257E-04   255.99999713    -6806.40115253
    1590    3.18000000 -0.47542480E-13  0.10075123E-11 -0.99872561E-05   255.99999711    -6806.40115460
    1600    3.20000000 -0.38063555E-12  0.80873580E-12 -0.73032878E-05   255.99999710    -6806.40115665
    1610    3.22000000 -0.10388364E-11  0.51162563E-12 -0.56907494E-05   255.99999708    -6806.40115866
    1620    3.24000000 -0.15361506E-11  0.90012682E-13 -0.35388704E-05   255.99999707    -6806.40116056
    1630    3.26000000 -0.23351350E-11 -0.28078248E-12 -0.97273287E-06   255.99999706    -6806.40116248
    1640    3.28000000 -0.14843762E-11 -0.44110344E-12  0.19922606E-05   255.99999704    -6806.40116446
    1650    3.30000000 -0.17394972E-11 -0.57526569E-12  0.49282973E-05   255.99999703    -6806.40116633
    1660    3.32000000 -0.40108140E-12 -0.96322934E-12  0.75581428E-05   255.99999701    -6806.40116816
    1670    3.34000000 -0.34099618E-12 -0.53266489E-12  0.10025891E-04   255.99999700    -6806.40116992
    1680    3.36000000  0.50159528E-12 -0.22613347E-12  0.13289097E-04   255.99999698    -6806.40117174
    1690    3.38000000  0.11557320E-11  0.56472162E-12  0.16326686E-04   255.99999697    -6806.40117365
    1700    3.40000000  0.16155435E-11 -0.68080218E-13  0.19007161E-04   255.99999696    -6806.40117540
    1710    3.42000000  0.26409150E-11  0.83010484E-12  0.21731655E-04   255.99999694    -6806.40117692
    1720    3.44000000  0.22396881E-11  0.79250378E-12  0.23604800E-04   255.99999693    -6806.40117839
    1730    3.46000000  0.87863663E-12  0.18211688E-12  0.25034896E-04   255.99999691    -6806.40118025
    1740    3.48000000  0.78839328E-12 -0.10894142E-12  0.26665623E-04   255.99999690    -6806.40118218
    1750    3.50000000  0.10048345E-11 -0.53388101E-12  0.27711708E-04   255.99999689    -6806.40118397
    1760    3.52000000 -0.99957762E-13 -0.72006485E-12  0.28031369E-04   255.99999687    -6806.40118570
    1770    3.54000000 -0.17348158E-12 -0.81251269E-12  0.28202044E-04   255.99999686    -6806.40118743
    1780    3.56000000 -0.49228344E-12 -0.91352670E-12  0.27737926E-04   255.99999684    -6806.40118919
    1790    3.58000000 -0.94215949E-12 -0.13089288E-11  0.26355113E-04   255.99999683    -6806.40119082
    1800    3.60000000 -0.13096684E-11 -0.12519419E-11  0.24635878E-04   255.99999682    -6806.40119227
    1810    3.62000000 -0.98295970E-12 -0.61653749E-12  0.23009765E-04   255.99999680    -6806.40119347
    1820    3.64000000 -0.15879590E-11 -0.52151248E-12  0.20495013E-04   255.99999679    -6806.40119445
    1830    3.66000000 -0.81216864E-12 -0.45734265E-12  0.16984085E-04   255.99999677    -6806.40119582
    1840    3.68000000 -0.20611323E-11  0.21450899E-13  0.13170298E-04   255.99999676    -6806.40119762
    1850    3.70000000 -0.60241077E-12  0.10689610E-12  0.94008744E-05   255.99999675    -6806.40119951
    1860    3.72000000 -0.23846165E-11  0.10902582E-12  0.57006452E-05   255.99999673    -6806.40120134
    1870    3.74000000 -0.10675496E-11  0.57993413E-12  0.17232318E-05   255.99999672    -6806.40120313
    1880    3.76000000 -0.14890003E-11  0.29588430E-12 -0.21727169E-05   255.99999671    -6806.40120479
    1890    3.78000000 -0.71531269E-12  0.17974054E-14 -0.57225466E-05   255.99999669    -6806.40120639
    1900    3.80000000 -0.10149554E-11 -0.10455783E-12 -0.88687094E-05   255.99999668    -6806.40120787
    1910    3.82000000  0.32037508E-12  0.75746672E-12 -0.11252940E-04   255.99999667    -6806.40120928
    1920    3.84000000  0.65675846E-12  0.70377966E-12 -0.13867231E-04   255.99999665    -6806.40121078
    1930    3.86000000  0.15535902E-11  0.63925778E-12 -0.16278320E-04   255.99999664    -6806.40121251
    1940    3.88000000  0.13380870E-11  0.13828759E-11 -0.18375032E-04   255.99999662    -6806.40121429
    1950    3.90000000  0.10733211E-11  0.23107093E-11 -0.20087069E-04   255.99999661    -6806.40121599
    1960    3.92000000  0.15974224E-11  0.11140075E-11 -0.21494817E-04   255.99999660    -6806.40121773
    1970    3.94000000  0.94466056E-12  0.14092448E-11 -0.22901427E-04   255.99999658    -6806.40121952
    1980    3.96000000  0.98841240E-12  0.95304890E-12 -0.24284990E-04   255.99999657    -6806.40122124
    1990    3.98000000  0.27633314E-12  0.60757933E-12 -0.25108976E-04   255.99999656    -6806.40122294
    2000    4.00000000  0.59525231E-12 -0.96265454E-13 -0.25632159E-04   255.99999654    -6806.40122469
    2010    4.02000000  0.13147868E-12  0.60470393E-13 -0.25571311E-04   255.99999653    -6806.40122630
    2020    4.04000000 -0.25113699E-12 -0.10687887E-11 -0.25439289E-04   255.99999652    -6806.40122782
    2030    4.06000000 -0.68724747E-12 -0.17350078E-11 -0.25161353E-04   255.99999650    -6806.40122958
    2040    4.08000000  0.16610302E-12 -0.22198119E-11 -0.24546217E-04   255.99999649    -6806.40123137
    2050    4.10000000 -0.33627233E-12 -0.17413883E-11 -0.24003467E-04   255.99999648    -6806.40123312
    2060    4.12000000 -0.37557621E-12 -0.18738771E-11 -0.23026354E-04   255.99999646    -6806.40123488
    2070    4.14000000 -0.81521436E-12 -0.17916720E-11 -0.21941933E-04   255.99999645    -6806.40123670
    2080    4.16000000  0.20740465E-12 -0.10766078E-11 -0.20699144E-04   255.99999644    -6806.40123837
    2090    4.18000000 -0.10952548E-11 -0.91699247E-12 -0.19123986E-04   255.99999642    -6806.40123975
    2100    4.20000000 -0.66438315E-12 -0.45221577E-12 -0.17469388E-04   255.99999641    -6806.40124096
    2110    4.22000000 -0.11488861E-12 -0.65528419E-13 -0.15665574E-04   255.99999640    -6806.40124194
    2120    4.24000000 -0.11674886E-13  0.61590730E-13 -0.13304475E-04   255.99999638    -6806.40124265
    2130    4.26000000 -0.12947956E-11  0.92857903E-12 -0.98509806E-05   255.99999637    -6806.40124349
    2140    4.28000000  0.81868617E-14  0.98538396E-12 -0.60220391E-05   255.99999636    -6806.40124461
    2150    4.30000000  0.66063403E-12  0.10769349E-11 -0.26796953E-05   255.99999634    -6806.40124601
    2160    4.32000000  0.23103843E-12  0.95160637E-12  0.10842249E-05   255.99999633    -6806.40124761
    2170    4.34000000  0.55519668E-12  0.15327894E-11  0.49141679E-05   255.99999632    -6806.40124924
    2180    4.36000000  0.11185271E-11  0.23951151E-11  0.90715293E-05   255.99999630    -6806.40125086
    2190    4.38000000  0.11808457E-11  0.24974165E-11  0.13275672E-04   255.99999629    -6806.40125253
    2200    4.40000000  0.58002368E-12  0.19865079E-11  0.17293713E-04   255.99999628    -6806.40125422
    2210    4.42000000 -0.28911224E-13  0.25385240E-11  0.21137786E-04   255.99999627    -6806.40125599
    2220    4.44000000  0.89856950E-12  0.15521250E-11  0.24656473E-04   255.99999625    -6806.40125763
    2230    4.46000000 -0.66616231E-12  0.80792483E-12  0.28162700E-04   255.99999624    -6806.40125931
    2240    4.48000000  0.56647234E-12 -0.99154077E-12  0.31327264E-04   255.99999623    -6806.40126098
    2250    4.50000000 -0.76424690E-12 -0.13156720E-11  0.34103830E-04   255.99999621    -6806.40126250
    2260    4.52000000  0.29676373E-12 -0.26650983E-11  0.36342619E-04   255.99999620    -6806.40126375
    2270    4.54000000 -0.10370747E-11 -0.25052778E-11  0.37901235E-04   255.99999619    -6806.40126470
    2280    4.56000000  0.84100301E-12 -0.35279492E-11  0.38719096E-04   255.99999617    -6806.40126503
    2290    4.58000000 -0.18399453E-12 -0.33570990E-11  0.38570382E-04   255.99999616    -6806.40126535
    2300    4.60000000  0.66424233E-12 -0.41590813E-11  0.38350492E-04   255.99999615    -6806.40126589
    2310    4.62000000  0.11078097E-12 -0.22427119E-11  0.37274234E-04   255.99999614    -6806.40126644
    2320    4.64000000  0.94245218E-12 -0.15683770E-11  0.35511775E-04   255.99999612    -6806.40126775
    2330    4.66000000  0.26372074E-12 -0.11197372E-11  0.33202099E-04   255.99999611    -6806.40126925
    2340    4.68000000  0.26783169E-12  0.61559626E-12  0.29928965E-04   255.99999610    -6806.40127081
    2350    4.70000000 -0.12191406E-12  0.95985081E-12  0.26743433E-04   255.99999609    -6806.40127254
    2360    4.72000000  0.55475439E-12  0.18200434E-11  0.23528814E-04   255.99999607    -6806.40127419
    2370    4.74000000  0.51288101E-12  0.15712584E-11  0.20001278E-04   255.99999606    -6806.40127581
    2380    4.76000000 -0.60777944E-13  0.23129307E-11  0.16238054E-04   255.99999605    -6806.40127751
    2390    4.78000000 -0.15361823E-12  0.30881339E-11  0.12410433E-04   255.99999603    -6806.40127918
    2400    4.80000000  0.41206469E-12  0.27020054E-11  0.85955896E-05   255.99999602    -6806.40128078
    2410    4.82000000  0.26125035E-12  0.20395897E-11  0.41534285E-05   255.99999601    -6806.40128226
    2420    4.84000000  0.73613009E-12  0.24080152E-11 -0.97488780E-06   255.99999600    -6806.40128380
    2430    4.86000000 -0.66306754E-13  0.22591947E-11 -0.56304332E-05   255.99999598    -6806.40128536
    2440    4.88000000  0.13058499E-11  0.15308761E-11 -0.99475088E-05   255.99999597    -6806.40128693
    2450    4.90000000 -0.72131520E-12  0.19651293E-11 -0.14022356E-04   255.99999596    -6806.40128861
    2460    4.92000000 -0.77987308E-12  0.10602555E-11 -0.18295758E-04   255.99999595    -6806.40129026
    2470    4.94000000 -0.19744491E-11  0.46149919E-12 -0.22463320E-04   255.99999593    -6806.40129156
    2480    4.96000000 -0.17881047E-11 -0.57758989E-12 -0.26243495E-04   255.99999592    -6806.40129265
    2490    4.98000000 -0.36150439E-11 -0.17596054E-11 -0.29519169E-04   255.99999591    -6806.40129393
    2500    5.00000000 -0.27801924E-11 -0.21084397E-11 -0.32545553E-04   255.99999590    -6806.40129542
    2510    5.02000000 -0.32576910E-11 -0.34775013E-11 -0.35249275E-04   255.99999588    -6806.40129684
    2520    5.04000000 -0.23049736E-11 -0.44657270E-11 -0.37212834E-04   255.99999587    -6806.40129833
    2530    5.06000000 -0.21746631E-11 -0.34791940E-11 -0.38858247E-04   255.99999586    -6806.40129984
    2540    5.08000000 -0.17914567E-11 -0.31901744E-11 -0.40243320E-04   255.99999585    -6806.40130120
    2550    5.10000000 -0.75338919E-12 -0.35276713E-11 -0.40954638E-04   255.99999583    -6806.40130254
    2560    5.12000000  0.51648720E-12 -0.32010694E-11 -0.41455515E-04   255.99999582    -6806.40130390
    2570    5.14000000  0.13549978E-11 -0.83332382E-12 -0.41180316E-04   255.99999581    -6806.40130526
    2580    5.16000000  0.21587080E-11 -0.49222372E-12 -0.40029276E-04   255.99999580    -6806.40130664
    2590    5.18000000  0.20994629E-11  0.74254880E-12 -0.38521789E-04   255.99999578    -6806.40130809
    2600    5.20000000  0.21612873E-11  0.12744403E-11 -0.36607857E-04   255.99999577    -6806.40130955
    2610    5.22000000  0.26135983E-11  0.31597773E-11 -0.34345100E-04   255.99999576    -6806.40131088
    2620    5.24000000  0.24783228E-11  0.33067517E-11 -0.31250019E-04   255.99999575    -6806.40131217
    2630    5.26000000  0.22279159E-11  0.34839605E-11 -0.27545106E-04   255.99999573    -6806.40131362
    2640    5.28000000  0.23934112E-11  0.24143680E-11 -0.23729548E-04   255.99999572    -6806.40131517
    2650    5.30000000  0.18567013E-11  0.33847442E-11 -0.19836974E-04   255.99999571    -6806.40131676
    2660    5.32000000  0.16735674E-11  0.21285760E-11 -0.15627863E-04   255.99999570    -6806.40131825
    2670    5.34000000  0.89694989E-12  0.25568356E-11 -0.11254594E-04   255.99999568    -6806.40131952
    2680    5.36000000  0.18929831E-11  0.17337419E-11 -0.61950932E-05   255.99999567    -6806.40132052
    2690    5.38000000  0.65074537E-12  0.49155525E-12 -0.61212762E-06   255.99999566    -6806.40132147
    2700    5.40000000  0.12385999E-11  0.35745628E-13  0.50514973E-05   255.99999565    -6806.40132275
    2710    5.42000000 -0.71985719E-12 -0.38767401E-12  0.10378617E-04   255.99999564    -6806.40132429
    2720    5.44000000 -0.14734163E-11 -0.13984446E-11  0.16117834E-04   255.99999562    -6806.40132581
    2730    5.46000000 -0.19164713E-11 -0.14360872E-11  0.21729910E-04   255.99999561    -6806.40132693
    2740    5.48000000 -0.16474689E-11 -0.17508099E-11  0.26708985E-04   255.99999560    -6806.40132784
    2750    5.50000000 -0.31949201E-11 -0.15497393E-11  0.31174293E-04   255.99999559    -6806.40132873
    2760    5.52000000 -0.24353272E-11 -0.29808527E-11  0.35211812E-04   255.99999557    -6806.40132944
    2770    5.54000000 -0.26314112E-11 -0.27752908E-11  0.38691201E-04   255.99999556    -6806.40132987
    2780    5.56000000 -0.18478522E-11 -0.27992958E-11  0.40667084E-04   255.99999555    -6806.40133017
    2790    5.58000000 -0.18256346E-11 -0.19897552E-11  0.41362098E-04   255.99999554    -6806.40133088
    2800    5.60000000 -0.52319275E-12 -0.15352817E-11  0.41917222E-04   255.99999553    -6806.40133201
    2810    5.62000000 -0.10858779E-12 -0.10411372E-11  0.42307185E-04   255.99999551    -6806.40133335
    2820    5.64000000  0.40762220E-13 -0.12753837E-11  0.41989410E-04   255.99999550    -6806.40133478
    2830    5.66000000 -0.19274851E-13 -0.95869917E-13  0.40941271E-04   255.99999549    -6806.40133611
    2840    5.68000000  0.13261912E-11  0.50668802E-12  0.39753804E-04   255.99999548    -6806.40133748
    2850    5.70000000 -0.79351375E-13  0.58941550E-12  0.38399005E-04   255.99999547    -6806.40133898
    2860    5.72000000  0.23399463E-12  0.46941917E-12  0.36623005E-04   255.99999545    -6806.40134032
    2870    5.74000000  0.40561708E-12  0.13595086E-11  0.34599434E-04   255.99999544    -6806.40134143
    2880    5.76000000  0.57468040E-12  0.11886202E-11  0.31786498E-04   255.99999543    -6806.40134259
    2890    5.78000000  0.10363882E-12  0.95342145E-12  0.28432162E-04   255.99999542    -6806.40134408
    2900    5.80000000  0.45608758E-12  0.13758581E-11  0.24941083E-04   255.99999541    -6806.40134568
    2910    5.82000000  0.79392922E-12  0.12483787E-11  0.21342048E-04   255.99999539    -6806.40134724
    2920    5.84000000  0.16433556E-11  0.11233755E-11  0.17407494E-04   255.99999538    -6806.40134873
    2930    5.86000000  0.10291532E-11  0.19968306E-11  0.12657605E-04   255.99999537    -6806.40135023
    2940    5.88000000  0.19451267E-11  0.22690943E-11  0.84008442E-05   255.99999536    -6806.40135165
    2950    5.90000000  0.16412672E-11  0.23342306E-11  0.47221532E-05   255.99999535    -6806.40135307
    2960    5.92000000  0.14972942E-11  0.14161717E-11  0.11548480E-05   255.99999533    -6806.40135457
    2970    5.94000000  0.11936793E-11  0.26037624E-11 -0.24013351E-05   255.99999532    -6806.40135604
    2980    5.96000000  0.14206590E-11  0.16274389E-11 -0.57654513E-05   255.99999531    -6806.40135752
    2990    5.98000000 -0.88439180E-13  0.11951271E-11 -0.92101166E-05   255.99999530    -6806.40135908
    3000    6.00000000  0.87148990E-12 -0.96226796E-12 -0.12576699E-04   255.99999529    -6806.40136061
    3010    6.02000000  0.85865001E-13  0.16781759E-12 -0.15246389E-04   255.99999528    -6806.40136206
    3020    6.04000000 -0.43767451E-12 -0.21699799E-11 -0.17862009E-04   255.99999526    -6806.40136352
    3030    6.06000000 -0.24702203E-12 -0.17948204E-11 -0.20397608E-04   255.99999525    -6806.40136473
    3040    6.08000000 -0.60464941E-12 -0.24063004E-11 -0.21916560E-04   255.99999524    -6806.40136581
    3050    6.10000000 -0.53591547E-12 -0.24233957E-11 -0.23205669E-04   255.99999523    -6806.40136718
    3060    6.12000000 -0.15814334E-11 -0.34180050E-11 -0.24974248E-04   255.99999522    -6806.40136866
    3070    6.14000000 -0.13453169E-11 -0.23147370E-11 -0.26375358E-04   255.99999520    -6806.40137009
    3080    6.16000000 -0.20989323E-11 -0.26320233E-11 -0.27567663E-04   255.99999519    -6806.40137145
    3090    6.18000000 -0.23149626E-11 -0.23002963E-11 -0.28856152E-04   255.99999518    -6806.40137285
    3100    6.20000000 -0.32617351E-11 -0.24888554E-11 -0.29886092E-04   255.99999517    -6806.40137417
    3110    6.22000000 -0.33064401E-11 -0.16085985E-11 -0.30770160E-04   255.99999516    -6806.40137542
    3120    6.24000000 -0.34833481E-11 -0.80034666E-12 -0.31841323E-04   255.99999515    -6806.40137670
    3130    6.26000000 -0.29368638E-11 -0.12325580E-11 -0.33161258E-04   255.99999513    -6806.40137808
    3140    6.28000000 -0.22109414E-11  0.14027748E-12 -0.33769394E-04   255.99999512    -6806.40137950
    3150    6.30000000 -0.15610328E-11  0.21711712E-12 -0.34122686E-04   255.99999511    -6806.40138086
    3160    6.32000000 -0.91256952E-12  0.16880775E-11 -0.34000711E-04   255.99999510    -6806.40138211
    3170    6.34000000 -0.52373971E-13  0.18366432E-11 -0.33460978E-04   255.99999509    -6806.40138340
    3180    6.36000000  0.14529233E-11  0.28524407E-11 -0.32238079E-04   255.99999508    -6806.40138465
    3190    6.38000000  0.20680890E-11  0.27893968E-11 -0.30377205E-04   255.99999507    -6806.40138595
    3200    6.40000000  0.26021929E-11  0.42762083E-11 -0.28259815E-04   255.99999505    -6806.40138723
    3210    6.42000000  0.38854680E-11  0.39602658E-11 -0.25705732E-04   255.99999504    -6806.40138826
    3220    6.44000000  0.34174838E-11  0.40262408E-11 -0.22533118E-04   255.99999503    -6806.40138925
    3230    6.46000000  0.39468755E-11  0.39715826E-11 -0.18770056E-04   255.99999502    -6806.40139037
    3240    6.48000000  0.35371149E-11  0.25629592E-11 -0.15241297E-04   255.99999501    -6806.40139159
    3250    6.50000000  0.28906334E-11  0.20630501E-11 -0.11159795E-04   255.99999500    -6806.40139293
    3260    6.52000000  0.37150860E-11 -0.15810966E-12 -0.67534429E-05   255.99999498    -6806.40139431
    3270    6.54000000  0.27195639E-11 -0.11638002E-11 -0.24622683E-05   255.99999497    -6806.40139566
    3280    6.56000000  0.28125874E-11 -0.30607269E-11  0.17687787E-05   255.99999496    -6806.40139709
    3290    6.58000000  0.16071719E-11 -0.31156379E-11  0.60414654E-05   255.99999495    -6806.40139852
    3300    6.60000000  0.15207394E-11 -0.44615457E-11  0.10271485E-04   255.99999494    -6806.40139997
    3310    6.62000000  0.81953554E-12 -0.42239437E-11  0.14795272E-04   255.99999493    -6806.40140140
    3320    6.64000000  0.28248569E-12 -0.47637405E-11  0.18681866E-04   255.99999492    -6806.40140284
    3330    6.66000000 -0.16585451E-11 -0.35373015E-11  0.22616646E-04   255.99999490    -6806.40140428
    3340    6.68000000 -0.23028746E-11 -0.31769595E-11  0.26902488E-04   255.99999489    -6806.40140571
    3350    6.70000000 -0.35998620E-11 -0.18366262E-11  0.30981950E-04   255.99999488    -6806.40140717
    3360    6.72000000 -0.45561570E-11 -0.11999985E-11  0.34393349E-04   255.99999487    -6806.40140850
    3370    6.74000000 -0.48522842E-11  0.20459418E-12  0.37240836E-04   255.99999486    -6806.40140975
    3380    6.76000000 -0.58378953E-11 -0.26033271E-12  0.39664079E-04   255.99999485    -6806.40141098
    3390    6.78000000 -0.49890537E-11  0.94479578E-12  0.41746597E-04   255.99999484    -6806.40141200
    3400    6.80000000 -0.41503102E-11  0.88331528E-12  0.42749922E-04   255.99999482    -6806.40141267
    3410    6.82000000 -0.42667078E-11  0.18594921E-11  0.42311906E-04   255.99999481    -6806.40141345
    3420    6.84000000 -0.26333041E-11  0.16739115E-11  0.41839542E-04   255.99999480    -6806.40141467
    3430    6.86000000 -0.17440980E-11  0.29393750E-11  0.41455719E-04   255.99999479    -6806.40141569
    3440    6.88000000  0.32668463E-13  0.25349093E-11  0.39609880E-04   255.99999478    -6806.40141653
    3450    6.90000000  0.51972148E-12  0.33157881E-11  0.36861363E-04   255.99999477    -6806.40141772
    3460    6.92000000  0.18422324E-11  0.24610726E-11  0.34074712E-04   255.99999476    -6806.40141887
    3470    6.94000000  0.25305483E-11  0.34213553E-11  0.30654817E-04   255.99999475    -6806.40141987
    3480    6.96000000  0.30946662E-11  0.21584388E-11  0.26968877E-04   255.99999473    -6806.40142080
    3490    6.98000000  0.34805070E-11  0.20791081E-11  0.23890939E-04   255.99999472    -6806.40142183
    3500    7.00000000  0.44843892E-11  0.13817004E-11  0.19940203E-04   255.99999471    -6806.40142314
    3510    7.02000000  0.39721855E-11 -0.50733775E-12  0.15330568E-04   255.99999470    -6806.40142446
    3520    7.04000000  0.33961065E-11 -0.18605577E-11  0.11685657E-04   255.99999469    -6806.40142568
    3530    7.06000000  0.37625444E-11 -0.20173678E-11  0.78761740E-05   255.99999468    -6806.40142677
    3540    7.08000000  0.34572600E-11 -0.29292254E-11  0.34155281E-05   255.99999467    -6806.40142804
    3550    7.10000000  0.31064143E-11 -0.31604662E-11 -0.78414863E-06   255.99999466    -6806.40142948
    3560    7.12000000  0.24792176E-11 -0.30810194E-11 -0.48127903E-05   255.99999465    -6806.40143091
    3570    7.14000000  0.10568788E-11 -0.28655122E-11 -0.92005046E-05   255.99999463    -6806.40143219
    3580    7.16000000  0.11891109E-11 -0.24813997E-11 -0.13118024E-04   255.99999462    -6806.40143323
    3590    7.18000000 -0.96890932E-12 -0.17382151E-11 -0.16724475E-04   255.99999461    -6806.40143414
    3600    7.20000000 -0.93775512E-12 -0.80359456E-12 -0.19961796E-04   255.99999460    -6806.40143508
    3610    7.22000000 -0.31091713E-11  0.37128677E-12 -0.22801693E-04   255.99999459    -6806.40143599
    3620    7.24000000 -0.26746284E-11  0.24122826E-12 -0.25265035E-04   255.99999458    -6806.40143674
    3630    7.26000000 -0.43101605E-11  0.10454619E-11 -0.27212954E-04   255.99999457    -6806.40143754
    3640    7.28000000 -0.39031742E-11  0.10362778E-11 -0.28516905E-04   255.99999456    -6806.40143847
    3650    7.30000000 -0.44608167E-11  0.11447904E-11 -0.29335971E-04   255.99999455    -6806.40143950
    3660    7.32000000 -0.28952796E-11  0.17510060E-11 -0.30229677E-04   255.99999453    -6806.40144052
    3670    7.34000000 -0.30626447E-11  0.13288749E-11 -0.30431645E-04   255.99999452    -6806.40144156
    3680    7.36000000 -0.22820498E-11  0.91459610E-12 -0.30225904E-04   255.99999451    -6806.40144287
    3690    7.38000000 -0.19728030E-11  0.15513096E-11 -0.30240231E-04   255.99999450    -6806.40144420
    3700    7.40000000 -0.62384034E-12  0.10149795E-11 -0.29778430E-04   255.99999449    -6806.40144550
    3710    7.42000000 -0.22015801E-12  0.12334961E-11 -0.28926160E-04   255.99999448    -6806.40144689
    3720    7.44000000  0.84847309E-13 -0.17111566E-13 -0.27815122E-04   255.99999447    -6806.40144826
    3730    7.46000000  0.30562632E-12  0.30038973E-12 -0.26272461E-04   255.99999446    -6806.40144957
    3740    7.48000000  0.12561658E-11  0.11919011E-12 -0.24554433E-04   255.99999445    -6806.40145085
    3750    7.50000000  0.35976849E-12 -0.89703964E-12 -0.22508454E-04   255.99999444    -6806.40145211
    3760    7.52000000  0.14622138E-11 -0.15599394E-11 -0.19941791E-04   255.99999442    -6806.40145316
    3770    7.54000000  0.13627565E-11 -0.55601621E-12 -0.18260496E-04   255.99999441    -6806.40145416
    3780    7.56000000  0.16967999E-11 -0.21491255E-11 -0.16699841E-04   255.99999440    -6806.40145540
    3790    7.58000000  0.21993872E-11 -0.91684744E-12 -0.14572479E-04   255.99999439    -6806.40145678
    3800    7.60000000  0.29078114E-11 -0.12471483E-11 -0.12236684E-04   255.99999438    -6806.40145816
    3810    7.62000000  0.21635772E-11 -0.72418755E-12 -0.98772557E-05   255.99999437    -6806.40145937
    3820    7.64000000  0.21719338E-11 -0.80257809E-12 -0.71909300E-05   255.99999436    -6806.40146054
    3830    7.66000000  0.14829589E-11  0.14642104E-12 -0.47290855E-05   255.99999435    -6806.40146176
    3840    7.68000000  0.19670604E-11  0.85147919E-12 -0.25702942E-05   255.99999434    -6806.40146307
    3850    7.70000000  0.67555916E-12  0.95975958E-12 -0.26233816E-07   255.99999433    -6806.40146439
    3860    7.72000000  0.43176201E-12  0.13831154E-11  0.29564241E-05   255.99999432    -6806.40146570
    3870    7.74000000 -0.10924665E-12  0.14398668E-11  0.58992151E-05   255.99999431    -6806.40146703
    3880    7.76000000 -0.35715589E-12  0.13045713E-11  0.86217495E-05   255.99999429    -6806.40146834
    3890    7.78000000 -0.71345078E-12  0.56296017E-12  0.11210270E-04   255.99999428    -6806.40146959
    3900    7.80000000 -0.11991942E-12  0.65718677E-12  0.13854345E-04   255.99999427    -6806.40147080
    3910    7.82000000  0.76222290E-13  0.21359620E-12  0.16556248E-04   255.99999426    -6806.40147211
    3920    7.84000000 -0.55041410E-12  0.48866160E-12  0.19262861E-04   255.99999425    -6806.40147343
    3930    7.86000000 -0.23240494E-12 -0.41144661E-12  0.21766609E-04   255.99999424    -6806.40147475
    3940    7.88000000  0.19360109E-12 -0.22240942E-12  0.23905639E-04   255.99999423    -6806.40147605
    3950    7.90000000 -0.67297304E-12 -0.10067181E-12  0.25861561E-04   255.99999422    -6806.40147740
    3960    7.92000000 -0.87363228E-12 -0.79073715E-12  0.27494683E-04   255.99999421    -6806.40147872
    3970    7.94000000 -0.20713432E-11 -0.12102858E-12  0.28748437E-04   255.99999420    -6806.40147994
    3980    7.96000000 -0.22384180E-11 -0.10552784E-11  0.29180740E-04   255.99999419    -6806.40148103
    3990    7.98000000 -0.30003507E-11 -0.11161774E-11  0.29084636E-04   255.99999418    -6806.40148217
    4000    8.00000000 -0.29494782E-11 -0.11378516E-11  0.29312402E-04   255.99999417    -6806.40148321
    4010    8.02000000 -0.32842796E-11 -0.11851161E-11  0.28622780E-04   255.99999416    -6806.40148411
    4020    8.04000000 -0.16486349E-11 -0.17699256E-11  0.27011861E-04   255.99999414    -6806.40148510
    4030    8.06000000 -0.21394231E-11 -0.12307227E-11  0.25036511E-04   255.99999413    -6806.40148626
    4040    8.08000000 -0.28181512E-12 -0.15940928E-11  0.22564944E-04   255.99999412    -6806.40148746
    4050    8.10000000 -0.85422477E-13  0.32916774E-12  0.19805673E-04   255.99999411    -6806.40148880
    4060    8.12000000  0.14833339E-11 -0.71437807E-13  0.17232010E-04   255.99999410    -6806.40149016
    4070    8.14000000  0.16424022E-11  0.39163477E-12  0.14532977E-04   255.99999409    -6806.40149148
    4080    8.16000000  0.27499839E-11  0.98215264E-12  0.11447091E-04   255.99999408    -6806.40149271
    4090    8.18000000  0.29803774E-11  0.22083086E-11  0.78741188E-05   255.99999407    -6806.40149403
    4100    8.20000000  0.36737593E-11  0.22217466E-11  0.42437023E-05   255.99999406    -6806.40149534
    4110    8.22000000  0.22354823E-11  0.27567495E-11  0.11975912E-05   255.99999405    -6806.40149666
    4120    8.24000000  0.24479922E-11  0.16347115E-11 -0.20035609E-05   255.99999404    -6806.40149799
    4130    8.26000000  0.19150127E-11  0.20754116E-11 -0.52878155E-05   255.99999403    -6806.40149936
    4140    8.28000000  0.10308077E-11  0.23984565E-12 -0.83138713E-05   255.99999402    -6806.40150067
    4150    8.30000000  0.73298476E-12 -0.36855566E-12 -0.11608927E-04   255.99999401    -6806.40150201
    4160    8.32000000  0.10634543E-12 -0.61974305E-12 -0.14732247E-04   255.99999400    -6806.40150316
    4170    8.34000000  0.25358671E-12 -0.10267370E-11 -0.16689119E-04   255.99999399    -6806.40150411
    4180    8.36000000 -0.79125860E-12 -0.18634679E-11 -0.18211117E-04   255.99999398    -6806.40150512
    4190    8.38000000 -0.38694760E-12 -0.10676546E-11 -0.20310231E-04   255.99999396    -6806.40150618
    4200    8.40000000 -0.11380686E-11 -0.12320241E-11 -0.21637751E-04   255.99999395    -6806.40150696
    4210    8.42000000 -0.11214969E-11 -0.10541565E-11 -0.21578422E-04   255.99999394    -6806.40150789
    4220    8.44000000 -0.21124744E-11 -0.10149558E-11 -0.21156960E-04   255.99999393    -6806.40150887
    4230    8.46000000 -0.12901181E-11 -0.54057633E-12 -0.20109330E-04   255.99999392    -6806.40150992
    4240    8.48000000 -0.22194848E-11 -0.30394530E-12 -0.18731067E-04   255.99999391    -6806.40151115
    4250    8.50000000 -0.20295061E-11 -0.22878819E-12 -0.17223033E-04   255.99999390    -6806.40151245
    4260    8.52000000 -0.15454847E-11 -0.71875545E-12 -0.15449420E-04   255.99999389    -6806.40151377
    4270    8.54000000 -0.12407029E-11 -0.51473393E-13 -0.13362840E-04   255.99999388    -6806.40151501
    4280    8.56000000 -0.50975123E-12 -0.44277020E-13 -0.10908271E-04   255.99999387    -6806.40151622
    4290    8.58000000 -0.23569479E-12 -0.19485302E-12 -0.86753721E-05   255.99999386    -6806.40151745
    4300    8.60000000  0.14738988E-11  0.28437468E-12 -0.67946543E-05   255.99999385    -6806.40151871
    4310    8.62000000  0.10766925E-11  0.53489326E-12 -0.44529765E-05   255.99999384    -6806.40152000
    4320    8.64000000  0.21573322E-11  0.86888618E-12 -0.19935707E-05   255.99999383    -6806.40152132
    4330    8.66000000  0.89203665E-12  0.11778739E-11  0.28492923E-07   255.99999382    -6806.40152249
    4340    8.68000000  0.17463316E-11  0.79731600E-12  0.18459212E-05   255.99999381    -6806.40152349
    4350    8.70000000  0.55917141E-12  0.10894040E-11  0.35762173E-05   255.99999380    -6806.40152425
    4360    8.72000000  0.63936532E-12  0.14713258E-11  0.44509002E-05   255.99999379    -6806.40152483
    4370    8.74000000 -0.98360411E-12  0.56131997E-12  0.47491423E-05   255.99999378    -6806.40152567
    4380    8.76000000 -0.15132253E-11  0.38831518E-12  0.52714265E-05   255.99999377    -6806.40152677
    4390    8.78000000 -0.22458594E-11 -0.35965434E-12  0.57151458E-05   255.99999376    -6806.40152796
    4400    8.80000000 -0.24461998E-11 -0.74479920E-12  0.52470947E-05   255.99999375    -6806.40152915
    4410    8.82000000 -0.21721562E-11 -0.12155776E-11  0.45484322E-05   255.99999374    -6806.40153035
    4420    8.84000000 -0.22020925E-11 -0.13233802E-11  0.40488670E-05   255.99999373    -6806.40153156
    4430    8.86000000 -0.73077925E-12 -0.13559728E-11  0.31286289E-05   255.99999372    -6806.40153283
    4440    8.88000000 -0.85773994E-12 -0.11004764E-11  0.25718615E-05   255.99999370    -6806.40153396
    4450    8.90000000  0.46577923E-12 -0.82214600E-12  0.25774085E-05   255.99999369    -6806.40153516
    4460    8.92000000  0.15448670E-11  0.29692439E-12  0.17454868E-05   255.99999368    -6806.40153641
    4470    8.94000000  0.22401712E-11  0.38543558E-12  0.58505604E-06   255.99999367    -6806.40153765
    4480    8.96000000  0.18406166E-11  0.61084203E-12 -0.23134297E-06   255.99999366    -6806.40153871
    4490    8.98000000  0.29083569E-11  0.76180793E-12 -0.86175184E-06   255.99999365    -6806.40153976
    4500    9.00000000  0.23445062E-11  0.10125388E-11 -0.13382384E-05   255.99999364    -6806.40154092
    4510    9.02000000  0.24804299E-11  0.30527791E-12 -0.21785059E-05   255.99999363    -6806.40154219
    4520    9.04000000  0.23864216E-11  0.82264953E-12 -0.31144063E-05   255.99999362    -6806.40154339
    4530    9.06000000  0.27348244E-11  0.58832391E-12 -0.32116845E-05   255.99999361    -6806.40154438
    4540    9.08000000  0.13076450E-11  0.64657211E-13 -0.27982957E-05   255.99999360    -6806.40154540
    4550    9.10000000  0.17126504E-11 -0.40290897E-12 -0.22618300E-05   255.99999359    -6806.40154643
    4560    9.12000000  0.10193977E-11  0.13292803E-13 -0.14179119E-05   255.99999358    -6806.40154750
    4570    9.14000000  0.29643335E-12 -0.32169919E-13  0.10753756E-06   255.99999357    -6806.40154859
    4580    9.16000000 -0.11351518E-11 -0.42707067E-12  0.19451501E-05   255.99999356    -6806.40154974
    4590    9.18000000 -0.10656768E-11  0.66462682E-13  0.36743980E-05   255.99999355    -6806.40155102
    4600    9.20000000 -0.24278004E-11 -0.38082445E-12  0.54297696E-05   255.99999354    -6806.40155229
    4610    9.22000000 -0.27443898E-11  0.25655147E-13  0.69745440E-05   255.99999353    -6806.40155346
    4620    9.24000000 -0.43120213E-11 -0.12563280E-11  0.81106444E-05   255.99999352    -6806.40155460
    4630    9.26000000 -0.38563555E-11 -0.42486860E-12  0.89132911E-05   255.99999351    -6806.40155577
    4640    9.28000000 -0.39445533E-11 -0.89362705E-12  0.96321175E-05   255.99999350    -6806.40155694
    4650    9.30000000 -0.40949703E-11 -0.94082244E-12  0.10455147E-04   255.99999349    -6806.40155815
    4660    9.32000000 -0.37125921E-11 -0.98148356E-12  0.10916656E-04   255.99999348    -6806.40155931
    4670    9.34000000 -0.19576627E-11 -0.46782964E-12  0.10675458E-04   255.99999347    -6806.40156051
    4680    9.36000000 -0.22258496E-11 -0.10981437E-11  0.10193051E-04   255.99999346    -6806.40156175
    4690    9.38000000 -0.34494214E-12 -0.69971145E-12  0.96536822E-05   255.99999345    -6806.40156291
    4700    9.40000000  0.67381086E-12  0.20204818E-12  0.89977080E-05   255.99999344    -6806.40156406
    4710    9.42000000  0.19104070E-11  0.57534426E-12  0.84913102E-05   255.99999343    -6806.40156528
    4720    9.44000000  0.24440444E-11  0.11249202E-11  0.76479005E-05   255.99999342    -6806.40156649
    4730    9.46000000  0.26482589E-11  0.71660818E-12  0.66785041E-05   255.99999341    -6806.40156773
    4740    9.48000000  0.40144057E-11  0.12886599E-11  0.57409409E-05   255.99999340    -6806.40156900
    4750    9.50000000  0.42867052E-11  0.14840694E-11  0.47261161E-05   255.99999339    -6806.40157007
    4760    9.52000000  0.45168995E-11  0.11519635E-11  0.28177432E-05   255.99999338    -6806.40157103
    4770    9.54000000  0.43971832E-11  0.15517003E-11  0.70760611E-06   255.99999337    -6806.40157214
    4780    9.56000000  0.45721574E-11  0.12197452E-11 -0.11572398E-05   255.99999336    -6806.40157328
    4790    9.58000000  0.36149554E-11  0.99511629E-12 -0.32323634E-05   255.99999335    -6806.40157449
    4800    9.60000000  0.29231972E-11  0.96259225E-12 -0.54659045E-05   255.99999334    -6806.40157569
    4810    9.62000000  0.17447277E-11  0.29167845E-12 -0.76214287E-05   255.99999333    -6806.40157690
    4820    9.64000000  0.13502889E-11  0.23709648E-12 -0.94274334E-05   255.99999332    -6806.40157800
    4830    9.66000000 -0.42439052E-12 -0.62348918E-14 -0.11080547E-04   255.99999331    -6806.40157898
    4840    9.68000000 -0.27714339E-11 -0.81108629E-12 -0.12281093E-04   255.99999330    -6806.40157985
    4850    9.70000000 -0.33480507E-11 -0.50344433E-12 -0.13214475E-04   255.99999329    -6806.40158048
    4860    9.72000000 -0.52259686E-11 -0.12247903E-11 -0.13551077E-04   255.99999328    -6806.40158109
    4870    9.74000000 -0.58114721E-11 -0.20941678E-11 -0.13677946E-04   255.99999327    -6806.40158196
    4880    9.76000000 -0.63045287E-11 -0.21524178E-11 -0.13546621E-04   255.99999326    -6806.40158299
    4890    9.78000000 -0.54258070E-11 -0.20867457E-11 -0.12937202E-04   255.99999325    -6806.40158408
    4900    9.80000000 -0.54725754E-11 -0.26212180E-11 -0.11737745E-04   255.99999324    -6806.40158519
    4910    9.82000000 -0.44229580E-11 -0.21558912E-11 -0.10774094E-04   255.99999323    -6806.40158635
    4920    9.84000000 -0.26576699E-11 -0.18529596E-11 -0.98194367E-05   255.99999322    -6806.40158748
    4930    9.86000000 -0.10274353E-11 -0.33322059E-12 -0.81588660E-05   255.99999321    -6806.40158853
    4940    9.88000000  0.76675207E-13 -0.39623751E-12 -0.61496128E-05   255.99999320    -6806.40158936
    4950    9.90000000  0.17097381E-11  0.79704462E-12 -0.47048209E-05   255.99999319    -6806.40159020
    4960    9.92000000  0.34001336E-11  0.17404538E-11 -0.33217195E-05   255.99999318    -6806.40159130
    4970    9.94000000  0.35836445E-11  0.26382753E-11 -0.16166029E-05   255.99999317    -6806.40159248
    4980    9.96000000  0.40957333E-11  0.26988019E-11  0.11559863E-06   255.99999316    -6806.40159358
    4990    9.98000000  0.39674198E-11  0.28512597E-11  0.16468297E-05   255.99999315    -6806.40159464
    5000   10.00000000  0.41630160E-11  0.27620490E-11  0.28502905E-05   255.99999314    -6806.40159581
    5010   10.02000000  0.39530515E-11  0.18811385E-11  0.40965383E-05   255.99999313    -6806.40159704
    5020   10.04000000  0.29839613E-11  0.17348579E-11  0.55203242E-05   255.99999312    -6806.40159826
    5030   10.06000000  0.32364191E-11  0.83063461E-12  0.66737407E-05   255.99999311    -6806.40159941
    5040   10.08000000  0.16418115E-11 -0.19290480E-12  0.73096779E-05   255.99999310    -6806.40160058
    5050   10.10000000  0.11117092E-11 -0.66886978E-12  0.78373742E-05   255.99999309    -6806.40160179
    5060   10.12000000  0.82402915E-12 -0.66017380E-12  0.82332390E-05   255.99999308    -6806.40160298
    5070   10.14000000 -0.46416890E-12 -0.67868303E-12  0.84659358E-05   255.99999307    -6806.40160403
    5080   10.16000000 -0.12734811E-11 -0.16343056E-11  0.89993504E-05   255.99999306    -6806.40160511
    5090   10.18000000 -0.26523843E-11 -0.16147306E-11  0.95853301E-05   255.99999305    -6806.40160630
    5100   10.20000000 -0.28654944E-11 -0.20329577E-11  0.98434254E-05   255.99999304    -6806.40160751
    5110   10.22000000 -0.32678566E-11 -0.20557440E-11  0.98770369E-05   255.99999303    -6806.40160858
    5120   10.24000000 -0.40057712E-11 -0.22262784E-11  0.10280247E-04   255.99999302    -6806.40160967
    5130   10.26000000 -0.38239683E-11 -0.21158673E-11  0.10821167E-04   255.99999302    -6806.40161086
    5140   10.28000000 -0.22876330E-11 -0.22168631E-11  0.11203002E-04   255.99999301    -6806.40161204
    5150   10.30000000 -0.21570127E-11 -0.16180957E-11  0.11782647E-04   255.99999300    -6806.40161323
    5160   10.32000000 -0.46313905E-12 -0.14540461E-11  0.12030498E-04   255.99999299    -6806.40161430
    5170   10.34000000 -0.76461969E-13 -0.12364310E-11  0.12268343E-04   255.99999298    -6806.40161542
    5180   10.36000000  0.19699351E-11  0.37293599E-12  0.12353530E-04   255.99999297    -6806.40161643
    5190   10.38000000  0.19312857E-11  0.59387174E-12  0.11884817E-04   255.99999296    -6806.40161740
    5200   10.40000000  0.29548057E-11  0.20338457E-11  0.10758496E-04   255.99999295    -6806.40161843
    5210   10.42000000  0.25412706E-11  0.25196754E-11  0.92487644E-05   255.99999294    -6806.40161959
    5220   10.44000000  0.32490232E-11  0.32371655E-11  0.79997394E-05   255.99999293    -6806.40162079
    5230   10.46000000  0.19803444E-11  0.30414024E-11  0.68708177E-05   255.99999292    -6806.40162197
    5240   10.48000000  0.53956362E-12  0.33397292E-11  0.54031741E-05   255.99999291    -6806.40162318
    5250   10.50000000  0.16272838E-12  0.23850460E-11  0.34502973E-05   255.99999290    -6806.40162437
    5260   10.52000000 -0.94462095E-12  0.25320741E-11  0.16251941E-05   255.99999289    -6806.40162552
    5270   10.54000000 -0.17372414E-11  0.57477175E-12  0.28660489E-06   255.99999288    -6806.40162670
    5280   10.56000000 -0.20465051E-11 -0.20620266E-12 -0.12101860E-05   255.99999287    -6806.40162787
    5290   10.58000000 -0.15714622E-11 -0.38946575E-12 -0.33949169E-05   255.99999286    -6806.40162904
    5300   10.60000000 -0.17712261E-11 -0.23001945E-11 -0.56386495E-05   255.99999285    -6806.40163021
    5310   10.62000000 -0.16257119E-11 -0.18734901E-11 -0.75524951E-05   255.99999284    -6806.40163130
    5320   10.64000000 -0.77385497E-13 -0.16766183E-11 -0.98604582E-05   255.99999283    -6806.40163228
    5330   10.66000000  0.90728064E-14 -0.11550409E-11 -0.12576554E-04   255.99999282    -6806.40163327
    5340   10.68000000  0.70542467E-12 -0.19921769E-11 -0.15033266E-04   255.99999281    -6806.40163424
    5350   10.70000000  0.53115979E-13 -0.95651689E-12 -0.16817643E-04   255.99999280    -6806.40163531
    5360   10.72000000  0.13004062E-11 -0.99282733E-12 -0.18312660E-04   255.99999279    -6806.40163644
    5370   10.74000000  0.91067031E-12 -0.15367496E-12 -0.19508754E-04   255.99999278    -6806.40163752
    5380   10.76000000  0.87817671E-12 -0.13772303E-11 -0.20509177E-04   255.99999277    -6806.40163856
    5390   10.78000000  0.90271483E-12  0.23527492E-13 -0.21429531E-04   255.99999276    -6806.40163935
    5400   10.80000000  0.17400234E-11 -0.76553365E-12 -0.21566696E-04   255.99999276    -6806.40163992
    5410   10.82000000  0.13290603E-13 -0.89717509E-12 -0.20627629E-04   255.99999275    -6806.40164063
    5420   10.84000000  0.12060911E-12 -0.80799663E-12 -0.19301328E-04   255.99999274    -6806.40164176
    5430   10.86000000 -0.18778064E-12  0.59777240E-13 -0.18240235E-04   255.99999273    -6806.40164293
    5440   10.88000000 -0.77601210E-13  0.41798748E-12 -0.16917043E-04   255.99999272    -6806.40164402
    5450   10.90000000 -0.92531352E-12  0.53772031E-12 -0.14874348E-04   255.99999271    -6806.40164517
    5460   10.92000000 -0.74016482E-12  0.10392244E-11 -0.12555460E-04   255.99999270    -6806.40164640
    5470   10.94000000 -0.16399102E-11  0.19100538E-11 -0.10368169E-04   255.99999269    -6806.40164759
    5480   10.96000000 -0.89769216E-12  0.16689165E-11 -0.82073076E-05   255.99999268    -6806.40164876
    5490   10.98000000 -0.22122114E-11  0.17280651E-11 -0.60801450E-05   255.99999267    -6806.40164987
    5500   11.00000000 -0.11128470E-11  0.20105985E-11 -0.36496722E-05   255.99999266    -6806.40165100
    5510   11.02000000 -0.16362942E-11  0.13670993E-11 -0.83450783E-06   255.99999265    -6806.40165212
    5520   11.04000000 -0.84535102E-12  0.67554160E-12  0.21912869E-05   255.99999264    -6806.40165320
    5530   11.06000000 -0.31027985E-12  0.27475602E-13  0.46049059E-05   255.99999263    -6806.40165430
    5540   11.08000000  0.78968301E-12  0.30276919E-13  0.65913012E-05   255.99999262    -6806.40165546
    5550   11.10000000  0.79122049E-12 -0.52226690E-12  0.86500739E-05   255.99999261    -6806.40165661
    5560   11.12000000  0.15647401E-11 -0.63955904E-12  0.10775401E-04   255.99999260    -6806.40165777
    5570   11.14000000  0.24471608E-11 -0.95323195E-12  0.12651805E-04   255.99999259    -6806.40165893
    5580   11.16000000  0.29110337E-11 -0.80378024E-12  0.14369307E-04   255.99999258    -6806.40165997
    5590   11.18000000  0.25096923E-11 -0.11122955E-11  0.15682056E-04   255.99999258    -6806.40166099
    5600   11.20000000  0.17713732E-11 -0.10483158E-11  0.16761349E-04   255.99999257    -6806.40166203
    5610   11.22000000  0.15932167E-11 -0.65988869E-12  0.18274541E-04   255.99999256    -6806.40166305
    5620   11.24000000  0.18636852E-11 -0.51122250E-12  0.19552692E-04   255.99999255    -6806.40166401
    5630   11.26000000 -0.68615688E-12 -0.90694757E-12  0.20317828E-04   255.99999254    -6806.40166503
    5640   11.28000000 -0.84817937E-13 -0.83585949E-12  0.20565550E-04   255.99999253    -6806.40166615
    5650   11.30000000 -0.12804525E-11 -0.30642489E-12  0.20493103E-04   255.99999252    -6806.40166727
    5660   11.32000000 -0.11334654E-11 -0.14448713E-11  0.20820151E-04   255.99999251    -6806.40166828
    5670   11.34000000 -0.24566893E-11 -0.59626014E-12  0.21191551E-04   255.99999250    -6806.40166927
    5680   11.36000000 -0.21703066E-11 -0.35696304E-12  0.20837694E-04   255.99999249    -6806.40167026
    5690   11.38000000 -0.25166718E-11 -0.52261226E-13  0.19630409E-04   255.99999248    -6806.40167121
    5700   11.40000000 -0.22878269E-11 -0.75949127E-13  0.18391941E-04   255.99999247    -6806.40167234
    5710   11.42000000 -0.27311706E-11  0.66853825E-12  0.17046162E-04   255.99999246    -6806.40167343
    5720   11.44000000 -0.19207658E-11  0.83719889E-12  0.15480631E-04   255.99999245    -6806.40167441
    5730   11.46000000 -0.13057876E-11  0.17680892E-11  0.13908718E-04   255.99999244    -6806.40167548
    5740   11.48000000 -0.18109699E-11  0.13859866E-11  0.12282126E-04   255.99999243    -6806.40167661
    5750   11.50000000 -0.16280282E-12  0.16096070E-11  0.10193392E-04   255.99999243    -6806.40167774
    5760   11.52000000  0.77252357E-12  0.18643423E-11  0.80566970E-05   255.99999242    -6806.40167890
    5770   11.54000000  0.15378147E-11  0.92948817E-12  0.59283396E-05   255.99999241    -6806.40167999
    5780   11.56000000  0.27147999E-11  0.60389358E-12  0.38338967E-05   255.99999240    -6806.40168101
    5790   11.58000000  0.35558264E-11  0.60854891E-12  0.22600303E-05   255.99999239    -6806.40168206
    5800   11.60000000  0.43653140E-11 -0.45984631E-12  0.68035883E-06   255.99999238    -6806.40168304
    5810   11.62000000  0.47003291E-11 -0.26529916E-12 -0.13182030E-05   255.99999237    -6806.40168411
    5820   11.64000000  0.39774965E-11 -0.10513770E-12 -0.34120749E-05   255.99999236    -6806.40168521
    5830   11.66000000  0.37669590E-11 -0.10887270E-12 -0.53972246E-05   255.99999235    -6806.40168632
    5840   11.68000000  0.24707771E-11 -0.45967585E-12 -0.74423806E-05   255.99999234    -6806.40168738
    5850   11.70000000  0.91688726E-12 -0.11453826E-11 -0.92416815E-05   255.99999233    -6806.40168815
    5860   11.72000000 -0.42010770E-12 -0.81045414E-12 -0.11207056E-04   255.99999232    -6806.40168874
    5870   11.74000000 -0.19967388E-11 -0.79057037E-12 -0.13701500E-04   255.99999231    -6806.40168961
    5880   11.76000000 -0.31985623E-11 -0.77084555E-12 -0.16188044E-04   255.99999231    -6806.40169070
    5890   11.78000000 -0.37389830E-11 -0.18341117E-11 -0.18667660E-04   255.99999230    -6806.40169171
    5900   11.80000000 -0.39105728E-11 -0.84826069E-12 -0.20655301E-04   255.99999229    -6806.40169246
    5910   11.82000000 -0.46425619E-11 -0.13603875E-11 -0.22258436E-04   255.99999228    -6806.40169333
    5920   11.84000000 -0.33887163E-11 -0.10205315E-11 -0.24097158E-04   255.99999227    -6806.40169424
    5930   11.86000000 -0.41084429E-11 -0.74378965E-12 -0.25206678E-04   255.99999226    -6806.40169478
    5940   11.88000000 -0.23043605E-11 -0.22034854E-13 -0.25012024E-04   255.99999225    -6806.40169519
    5950   11.90000000 -0.21644003E-11  0.65286560E-12 -0.24016177E-04   255.99999224    -6806.40169584
    5960   11.92000000 -0.16656524E-11  0.99135578E-12 -0.23335194E-04   255.99999223    -6806.40169688
    5970   11.94000000 -0.11072131E-11  0.93547198E-12 -0.22806861E-04   255.99999222    -6806.40169787
    5980   11.96000000  0.89947308E-13  0.12476435E-11 -0.20852767E-04   255.99999221    -6806.40169889
    5990   11.98000000  0.44763003E-12  0.15889964E-11 -0.18284815E-04   255.99999220    -6806.40169998
    6000   12.00000000  0.55598255E-12  0.10511038E-11 -0.16143462E-04   255.99999220    -6806.40170107
=== application breakdown [s] ===
total calculation time,1416.80953789
rt calculation                         min         max     average   std. dev.  difference    relative
rt initialization              0.26941E-04 0.33140E-04 0.29325E-04 0.27254E-05 0.61989E-05 0.12301E+01
reading lda data               0.53286E+00 0.53296E+00 0.53293E+00 0.45043E-04 0.10180E-03 0.10002E+01
reading rt data                0.72122E-03 0.92793E-03 0.79068E-03 0.97053E-04 0.20671E-03 0.12866E+01
prep. time prop.               0.51498E-03 0.23489E-02 0.17357E-02 0.86317E-03 0.18339E-02 0.45611E+01
rt iterations                  0.14160E+04 0.14160E+04 0.14160E+04         NaN 0.19312E-04 0.10000E+01
after writing rt data          0.13828E-04 0.19230E+00 0.64114E-01 0.90638E-01 0.19228E+00 0.13906E+05
in rt iterations                       min         max     average   std. dev.  difference    relative
Vbox                           0.29327E+00 0.37554E+00 0.33269E+00 0.33675E-01 0.82272E-01 0.12805E+01
time propagation               0.11071E+04 0.11074E+04 0.11073E+04 0.87752E-01 0.21330E+00 0.10002E+01
calculating rho                0.16772E+02 0.17043E+02 0.16901E+02 0.11071E+00 0.27032E+00 0.10161E+01
Hartree routine                0.49565E+01 0.51777E+01 0.50824E+01 0.92838E-01 0.22119E+00 0.10446E+01
Exc_Cor routine                0.65094E+00 0.91379E+00 0.73905E+00 0.12357E+00 0.26285E+00 0.14038E+01
calculating curr               0.24883E+03 0.24892E+03 0.24887E+03 0.38729E-01 0.88225E-01 0.10004E+01
calc. projection               0.12586E-02 0.16785E-02 0.14082E-02 0.19148E-03 0.41986E-03 0.13336E+01
writing energies               0.51008E+00 0.66801E+00 0.59806E+00 0.65720E-01 0.15793E+00 0.13096E+01
calc_eigen_energy              0.32875E+02 0.32878E+02 0.32877E+02 0.98316E-03 0.23248E-02 0.10001E+01
calc_total_energy_periodic     0.13438E+01 0.14009E+01 0.13775E+01 0.24404E-01 0.57042E-01 0.10424E+01
writing info etc.              0.57459E-02 0.17914E+01 0.60104E+00 0.84171E+00 0.17856E+01 0.31177E+03
total_energy module                    min         max     average   std. dev.  difference    relative
periodic calc.                 0.10112E+01 0.10676E+01 0.10394E+01 0.23009E-01 0.56360E-01 0.10557E+01
periodic comm. coll.           0.30078E+00 0.38589E+00 0.33433E+00 0.37007E-01 0.85111E-01 0.12830E+01
eigen_energy calc.             0.33545E+01 0.33868E+01 0.33703E+01 0.13189E-01 0.32281E-01 0.10096E+01
eigen_energy comm. coll.       0.19599E+00 0.20869E+00 0.20344E+00 0.54139E-02 0.12707E-01 0.10648E+01
eigen_energy hpsi              0.27925E+02 0.27967E+02 0.27951E+02 0.18547E-01 0.41580E-01 0.10015E+01
density_matrix module                  min         max     average   std. dev.  difference    relative
density calc.                  0.16206E+02 0.16456E+02 0.16310E+02 0.10659E+00 0.25052E+00 0.10155E+01
density comm. coll.            0.41701E-01 0.45308E-01 0.43832E-01 0.15436E-02 0.36070E-02 0.10865E+01
current calc.                  0.26995E+02 0.27296E+02 0.27178E+02 0.13148E+00 0.30133E+00 0.10112E+01
current rDivided uVpsi calc.   0.33131E+02 0.33229E+02 0.33180E+02 0.40222E-01 0.98524E-01 0.10030E+01
current comm. coll.            0.38735E+01 0.96037E+01 0.68047E+01 0.23412E+01 0.57302E+01 0.24793E+01
current comm. halo.            0.17885E+03 0.18448E+03 0.18166E+03 0.22998E+01 0.56332E+01 0.10315E+01
conjugate_gradient module              min         max     average   std. dev.  difference    relative
subspace_diag module                   min         max     average   std. dev.  difference    relative
subspace_diag so module                min         max     average   std. dev.  difference    relative
force module                           min         max     average   std. dev.  difference    relative
init_ps                                min         max     average   std. dev.  difference    relative
hamiltonian module                     min         max     average   std. dev.  difference    relative
total                          0.10565E+04 0.10574E+04 0.10569E+04 0.34065E+00 0.82540E+00 0.10008E+01
update overlap (comm.)         0.73554E+03 0.75794E+03 0.74739E+03 0.91876E+01 0.22392E+02 0.10304E+01
stencil                        0.99552E+02 0.10118E+03 0.10035E+03 0.66452E+00 0.16268E+01 0.10163E+01
subtraction                    0.21544E+01 0.21721E+01 0.21612E+01 0.77945E-02 0.17694E-01 0.10082E+01
pseudo-pt                      0.15269E+03 0.15572E+03 0.15406E+03 0.12557E+01 0.30368E+01 0.10199E+01
pseudo-pt (comm.)              0.75624E+02 0.97505E+02 0.86059E+02 0.89616E+01 0.21881E+02 0.12893E+01
hpsi-overlapped                        min         max     average   std. dev.  difference    relative
checkpoint/restart                     min         max     average   std. dev.  difference    relative
restart self                   0.41645E+00 0.41668E+00 0.41654E+00 0.10052E-03 0.23007E-03 0.10006E+01
restart sync                   0.41646E+00 0.41669E+00 0.41655E+00 0.10386E-03 0.23794E-03 0.10006E+01
=== performance [GFLOPS] ===
end SALMON
