Looking for simulation folders in: /raven/ptmp/truzaikin/Si/orthogonal/Nov/Nov4, excluding 'slurm_logs'
Found 7 simulation folders (excluding 'slurm_logs') in /raven/ptmp/truzaikin/Si/orthogonal/Nov/Nov4.
There are 7 simulation folders.
Output/Error logs will be in the 'slurm_logs' directory.
--- Task Start ---
SLURM Array Job ID: 22717191
SLURM Array Task ID: 1
Parent Simulation Directory: /raven/ptmp/truzaikin/Si/orthogonal/Nov/Nov4
Processing folder: /raven/ptmp/truzaikin/Si/orthogonal/Nov/Nov4/1_c333_s0.00_r18_k16_a1_i800_t9_p3d10_5d11_load_№856_amorphous_0.992
Current directory: /raven/ptmp/truzaikin/Si/orthogonal/Nov/Nov4/1_c333_s0.00_r18_k16_a1_i800_t9_p3d10_5d11_load_№856_amorphous_0.992
SLURM_JOB_NUM_NODES = 125
OMP_NUM_THREADS = 72
--- Task 1 completed for folder /raven/ptmp/truzaikin/Si/orthogonal/Nov/Nov4/1_c333_s0.00_r18_k16_a1_i800_t9_p3d10_5d11_load_№856_amorphous_0.992 ---
                                  
================================= 
Global information about the job: 
================================= 
  
Job owner: truzaikin(75115)
Job name:  salmon
Node list: ravc[3084-3085,3088-3090,3097-3100,3103-3108,3117-3125,3127-3131,3133-3137,3228-3237,3297-3302,3306-3308,3313-3316,3318,3321-3323,3329-3332,3339-3341,3344-3346,3349-3352,3355,3357-3358,3360-3365,3367-3375,3377-3378,3381-3386,3388-3389,3391-3395,3397,3399,3433,3435-3437,3443,3450,3452-3454,3459,3467-3468,3471-3472,3555]
Job start: Tue Nov  4 17:30:05 CET 2025
Job end:   Wed Nov  5 02:54:33 CET 2025
Work dir:  /ptmp/truzaikin/Si/orthogonal/Nov/Nov4/./
Command:   /raven/ptmp/truzaikin/Si/orthogonal/Nov/Nov4/SUBMIT_RAVEN.sh
  
  
  
==========================================================================================
Information on jobsteps (Note: MaxRSS/AveRSS is the maximum/average over all 
tasks of the per-task memory high-water marks; cf. "man sacct"): 
==========================================================================================
  
JobID            JobName NNodes NTasks  NCPUS       MaxRSS       AveRSS    Elapsed ExitCode
------------- ---------- ------ ------ ------ ------------ ------------ ---------- --------
22717191_1        salmon    125         18000                             09:24:28      0:0
22717191_1.0      salmon    125    125  18000    28125.14M    28111.76M   05:31:48      0:0
22717191_1.1      salmon    125    125  18000     3641.96M     3626.80M   01:54:58      0:0
22717191_1.2      salmon    125    125  18000     3639.32M     3625.88M   01:57:32      0:0
  
Maximum memory per node: 29.491350 GB (defined as MaxRSS*Ntasks/NNodes)
CPU utilization: 44.9 %
  
