Looking for simulation folders in: /raven/ptmp/truzaikin/Si/orthogonal/Nov/Nov4, excluding 'slurm_logs'
Found 7 simulation folders (excluding 'slurm_logs') in /raven/ptmp/truzaikin/Si/orthogonal/Nov/Nov4.
There are 7 simulation folders.
Output/Error logs will be in the 'slurm_logs' directory.
--- Task Start ---
SLURM Array Job ID: 22717191
SLURM Array Task ID: 4
Parent Simulation Directory: /raven/ptmp/truzaikin/Si/orthogonal/Nov/Nov4
Processing folder: /raven/ptmp/truzaikin/Si/orthogonal/Nov/Nov4/4_c333_s0.00_r18_k16_a1_i800_t9_p3d10_5d11_load_№1142_amorphous_0.950
Current directory: /raven/ptmp/truzaikin/Si/orthogonal/Nov/Nov4/4_c333_s0.00_r18_k16_a1_i800_t9_p3d10_5d11_load_№1142_amorphous_0.950
SLURM_JOB_NUM_NODES = 125
OMP_NUM_THREADS = 72
--- Task 4 completed for folder /raven/ptmp/truzaikin/Si/orthogonal/Nov/Nov4/4_c333_s0.00_r18_k16_a1_i800_t9_p3d10_5d11_load_№1142_amorphous_0.950 ---
                                  
================================= 
Global information about the job: 
================================= 
  
Job owner: truzaikin(75115)
Job name:  salmon
Node list: ravc[2041-2088,2185-2192,2201-2208,2257-2260,2271-2289,2292,2295,2297,2299,2301,2303,2306,2309-2310,2321-2322,2327,2340-2343,2345-2346,2519-2520,2522,2527-2543]
Job start: Wed Nov  5 08:19:30 CET 2025
Job end:   Wed Nov  5 21:44:38 CET 2025
Work dir:  /ptmp/truzaikin/Si/orthogonal/Nov/Nov4/./
Command:   /raven/ptmp/truzaikin/Si/orthogonal/Nov/Nov4/SUBMIT_RAVEN.sh
  
  
  
==========================================================================================
Information on jobsteps (Note: MaxRSS/AveRSS is the maximum/average over all 
tasks of the per-task memory high-water marks; cf. "man sacct"): 
==========================================================================================
  
JobID            JobName NNodes NTasks  NCPUS       MaxRSS       AveRSS    Elapsed ExitCode
------------- ---------- ------ ------ ------ ------------ ------------ ---------- --------
22717191_4        salmon    125         18000                             13:25:08      0:0
22717191_4.0      salmon    125    125  18000    28160.78M    28123.56M   09:30:42      0:0
22717191_4.1      salmon    125    125  18000     3637.19M     3626.16M   01:56:11      0:0
22717191_4.2      salmon    125    125  18000     3637.23M     3626.41M   01:58:09      0:0
  
Maximum memory per node: 29.528719 GB (defined as MaxRSS*Ntasks/NNodes)
CPU utilization: 33.7 %
  
