Looking for simulation folders in: /raven/ptmp/truzaikin/Si/orthogonal/Nov/Nov4, excluding 'slurm_logs'
Found 7 simulation folders (excluding 'slurm_logs') in /raven/ptmp/truzaikin/Si/orthogonal/Nov/Nov4.
There are 7 simulation folders.
Output/Error logs will be in the 'slurm_logs' directory.
--- Task Start ---
SLURM Array Job ID: 22717191
SLURM Array Task ID: 6
Parent Simulation Directory: /raven/ptmp/truzaikin/Si/orthogonal/Nov/Nov4
Processing folder: /raven/ptmp/truzaikin/Si/orthogonal/Nov/Nov4/6_c333_s0.00_r18_k16_a1_i800_t9_p3d10_5d11_load_№889_amorphous_0.930
Current directory: /raven/ptmp/truzaikin/Si/orthogonal/Nov/Nov4/6_c333_s0.00_r18_k16_a1_i800_t9_p3d10_5d11_load_№889_amorphous_0.930
SLURM_JOB_NUM_NODES = 125
OMP_NUM_THREADS = 72
--- Task 6 completed for folder /raven/ptmp/truzaikin/Si/orthogonal/Nov/Nov4/6_c333_s0.00_r18_k16_a1_i800_t9_p3d10_5d11_load_№889_amorphous_0.930 ---
                                  
================================= 
Global information about the job: 
================================= 
  
Job owner: truzaikin(75115)
Job name:  salmon
Node list: ravc[2021-2022,2027-2040,2311-2319,2433-2464,2473-2504,2553-2560,2577-2591,2596-2607,2616]
Job start: Wed Nov  5 16:56:47 CET 2025
Job end:   Thu Nov  6 02:18:38 CET 2025
Work dir:  /ptmp/truzaikin/Si/orthogonal/Nov/Nov4/./
Command:   /raven/ptmp/truzaikin/Si/orthogonal/Nov/Nov4/SUBMIT_RAVEN.sh
  
  
  
==========================================================================================
Information on jobsteps (Note: MaxRSS/AveRSS is the maximum/average over all 
tasks of the per-task memory high-water marks; cf. "man sacct"): 
==========================================================================================
  
JobID            JobName NNodes NTasks  NCPUS       MaxRSS       AveRSS    Elapsed ExitCode
------------- ---------- ------ ------ ------ ------------ ------------ ---------- --------
22717191_6        salmon    125         18000                             09:21:51      0:0
22717191_6.0      salmon    125    125  18000    28134.44M    28109.71M   05:38:23      0:0
22717191_6.1      salmon    125    125  18000     3639.18M     3626.03M   01:54:37      0:0
22717191_6.2      salmon    125    125  18000     3666.03M     3648.54M   01:48:44      0:0
  
Maximum memory per node: 29.501101 GB (defined as MaxRSS*Ntasks/NNodes)
CPU utilization: 43.7 %
  
