Looking for simulation folders in: /raven/ptmp/truzaikin/Si/orthogonal/Nov/Nov4, excluding 'slurm_logs'
Found 7 simulation folders (excluding 'slurm_logs') in /raven/ptmp/truzaikin/Si/orthogonal/Nov/Nov4.
There are 7 simulation folders.
Output/Error logs will be in the 'slurm_logs' directory.
--- Task Start ---
SLURM Array Job ID: 22717191
SLURM Array Task ID: 7
Parent Simulation Directory: /raven/ptmp/truzaikin/Si/orthogonal/Nov/Nov4
Processing folder: /raven/ptmp/truzaikin/Si/orthogonal/Nov/Nov4/7_c333_s0.00_r18_k16_a1_i800_t9_p3d10_5d11_load_№852_amorphous_0.920
Current directory: /raven/ptmp/truzaikin/Si/orthogonal/Nov/Nov4/7_c333_s0.00_r18_k16_a1_i800_t9_p3d10_5d11_load_№852_amorphous_0.920
SLURM_JOB_NUM_NODES = 125
OMP_NUM_THREADS = 72
--- Task 7 completed for folder /raven/ptmp/truzaikin/Si/orthogonal/Nov/Nov4/7_c333_s0.00_r18_k16_a1_i800_t9_p3d10_5d11_load_№852_amorphous_0.920 ---
                                  
================================= 
Global information about the job: 
================================= 
  
Job owner: truzaikin(75115)
Job name:  salmon
Node list: ravc[3117-3128,3145-3154,3157,3159-3163,3165-3166,3169-3172,3174,3181,3183,3289,3291-3302,3306-3310,3313-3319,3321-3326,3328-3332,3334,3338-3341,3344-3346,3349-3352,3355-3365,3367-3375,3377-3378,3381-3386,3388-3399]
Job start: Thu Nov  6 00:36:28 CET 2025
Job end:   Thu Nov  6 07:41:37 CET 2025
Work dir:  /ptmp/truzaikin/Si/orthogonal/Nov/Nov4/./
Command:   /raven/ptmp/truzaikin/Si/orthogonal/Nov/Nov4/SUBMIT_RAVEN.sh
  
  
  
==========================================================================================
Information on jobsteps (Note: MaxRSS/AveRSS is the maximum/average over all 
tasks of the per-task memory high-water marks; cf. "man sacct"): 
==========================================================================================
  
JobID            JobName NNodes NTasks  NCPUS       MaxRSS       AveRSS    Elapsed ExitCode
------------- ---------- ------ ------ ------ ------------ ------------ ---------- --------
22717191_7        salmon    125         18000                             07:05:09      0:0
22717191_7.0      salmon    125    125  18000    28140.39M    28102.03M   03:19:15      0:0
22717191_7.1      salmon    125    125  18000     3664.01M     3649.71M   01:52:38      0:0
22717191_7.2      salmon    125    125  18000     3639.41M     3626.34M   01:53:11      0:0
  
Maximum memory per node: 29.507334 GB (defined as MaxRSS*Ntasks/NNodes)
CPU utilization: 56.1 %
  
