Looking for simulation folders in: /raven/ptmp/truzaikin/Si/orthogonal/Nov/Nov4, excluding 'slurm_logs'
Found 7 simulation folders (excluding 'slurm_logs') in /raven/ptmp/truzaikin/Si/orthogonal/Nov/Nov4.
There are 7 simulation folders.
Output/Error logs will be in the 'slurm_logs' directory.
--- Task Start ---
SLURM Array Job ID: 22717191
SLURM Array Task ID: 2
Parent Simulation Directory: /raven/ptmp/truzaikin/Si/orthogonal/Nov/Nov4
Processing folder: /raven/ptmp/truzaikin/Si/orthogonal/Nov/Nov4/2_c333_s0.00_r18_k16_a1_i800_t9_p3d10_5d11_load_№1162_amorphous_0.976
Current directory: /raven/ptmp/truzaikin/Si/orthogonal/Nov/Nov4/2_c333_s0.00_r18_k16_a1_i800_t9_p3d10_5d11_load_№1162_amorphous_0.976
SLURM_JOB_NUM_NODES = 125
OMP_NUM_THREADS = 72
--- Task 2 completed for folder /raven/ptmp/truzaikin/Si/orthogonal/Nov/Nov4/2_c333_s0.00_r18_k16_a1_i800_t9_p3d10_5d11_load_№1162_amorphous_0.976 ---
                                  
================================= 
Global information about the job: 
================================= 
  
Job owner: truzaikin(75115)
Job name:  salmon
Node list: ravc[3013,3015,3019-3020,3044,3078-3081,3105-3107,3112,3117-3125,3127-3131,3133-3137,3173,3194,3291-3292,3294-3302,3306-3308,3313-3316,3318-3319,3321-3323,3325,3329-3332,3334,3338-3341,3344-3346,3349-3352,3355-3365,3367-3375,3377-3378,3381-3386,3388-3389,3391-3395,3397,3399,3500,3509-3510,3521-3523,3555,3565-3568,3622,3641,3675]
Job start: Wed Nov  5 05:00:48 CET 2025
Job end:   Wed Nov  5 14:27:30 CET 2025
Work dir:  /ptmp/truzaikin/Si/orthogonal/Nov/Nov4/./
Command:   /raven/ptmp/truzaikin/Si/orthogonal/Nov/Nov4/SUBMIT_RAVEN.sh
  
  
  
==========================================================================================
Information on jobsteps (Note: MaxRSS/AveRSS is the maximum/average over all 
tasks of the per-task memory high-water marks; cf. "man sacct"): 
==========================================================================================
  
JobID            JobName NNodes NTasks  NCPUS       MaxRSS       AveRSS    Elapsed ExitCode
------------- ---------- ------ ------ ------ ------------ ------------ ---------- --------
22717191_2        salmon    125         18000                             09:26:42      0:0
22717191_2.0      salmon    125    125  18000    28126.47M    28108.08M   05:35:33      0:0
22717191_2.1      salmon    125    125  18000     3637.29M     3626.20M   01:55:17      0:0
22717191_2.2      salmon    125    125  18000     3693.50M     3651.25M   01:55:44      0:0
  
Maximum memory per node: 29.492744 GB (defined as MaxRSS*Ntasks/NNodes)
CPU utilization: 44.6 %
  
