Looking for simulation folders in: /raven/ptmp/truzaikin/Si/orthogonal/Nov/Nov4, excluding 'slurm_logs'
Found 7 simulation folders (excluding 'slurm_logs') in /raven/ptmp/truzaikin/Si/orthogonal/Nov/Nov4.
There are 7 simulation folders.
Output/Error logs will be in the 'slurm_logs' directory.
--- Task Start ---
SLURM Array Job ID: 22717191
SLURM Array Task ID: 5
Parent Simulation Directory: /raven/ptmp/truzaikin/Si/orthogonal/Nov/Nov4
Processing folder: /raven/ptmp/truzaikin/Si/orthogonal/Nov/Nov4/5_c333_s0.00_r18_k16_a1_i800_t9_p3d10_5d11_load_№854_amorphous_0.940
Current directory: /raven/ptmp/truzaikin/Si/orthogonal/Nov/Nov4/5_c333_s0.00_r18_k16_a1_i800_t9_p3d10_5d11_load_№854_amorphous_0.940
SLURM_JOB_NUM_NODES = 125
OMP_NUM_THREADS = 72
--- Task 5 completed for folder /raven/ptmp/truzaikin/Si/orthogonal/Nov/Nov4/5_c333_s0.00_r18_k16_a1_i800_t9_p3d10_5d11_load_№854_amorphous_0.940 ---
                                  
================================= 
Global information about the job: 
================================= 
  
Job owner: truzaikin(75115)
Job name:  salmon
Node list: ravc[3117-3125,3127-3129,3145-3154,3157,3159-3163,3165-3166,3169-3172,3174,3181,3183,3289,3291-3302,3306-3310,3313-3319,3321-3326,3328-3332,3334,3338-3341,3344-3346,3349-3352,3355-3365,3367-3375,3377-3378,3381-3386,3388-3399]
Job start: Wed Nov  5 15:36:10 CET 2025
Job end:   Thu Nov  6 00:36:13 CET 2025
Work dir:  /ptmp/truzaikin/Si/orthogonal/Nov/Nov4/./
Command:   /raven/ptmp/truzaikin/Si/orthogonal/Nov/Nov4/SUBMIT_RAVEN.sh
  
  
  
==========================================================================================
Information on jobsteps (Note: MaxRSS/AveRSS is the maximum/average over all 
tasks of the per-task memory high-water marks; cf. "man sacct"): 
==========================================================================================
  
JobID            JobName NNodes NTasks  NCPUS       MaxRSS       AveRSS    Elapsed ExitCode
------------- ---------- ------ ------ ------ ------------ ------------ ---------- --------
22717191_5        salmon    125         18000                             09:00:03      0:0
22717191_5.0      salmon    125    125  18000    28130.13M    28109.91M   05:08:49      0:0
22717191_5.1      salmon    125    125  18000     3639.64M     3625.82M   01:54:23      0:0
22717191_5.2      salmon    125    125  18000     3636.77M     3626.47M   01:56:43      0:0
  
Maximum memory per node: 29.496582 GB (defined as MaxRSS*Ntasks/NNodes)
CPU utilization: 46.4 %
  
