##############################################################################
# SALMON: Scalable Ab-initio Light-Matter simulator for Optics and Nanoscience
#
#                             Version 2.2.1
##############################################################################
  Libxc: [enabled] 6.2.2
   theory= tddft_response
 
 Total time step      =        6000
 Time step[fs]        =  2.000000000000000E-003
 Energy range         =        1200
 Energy resolution[eV]=  1.000000000000000E-002
 Field strength[a.u.] =  1.000000000000000E-002
   use of real value orbitals =  F
 ======
 MPI distribution:
   nproc_k     :           1
   nproc_ob    :           1
   nproc_rgrid :           1           1           3
 OpenMP parallelization:
   number of threads :          72
 hpsi stencil:
   enables hand-coding vectorization : T
   enables openmp parallelization    : F
 current:
   k,orbital parallelized of openmp  : T
 force:
   k,orbital parallelized of openmp  : T
 ===================pseudopotential data===================
 ik ,atom_symbol=           1 Si
 ps_format =KY              
 ps_file =./Si_rps.dat
 Zps(ik), Mlps(ik) =           4           2
 Rps(ik), NRps(ik) =   2.26767135054939              122
 Lref(ik) =           2
 nproj(ik,l) =           1           1           1
 anorm(ik,l) =  0.6193218      0.3646551      0.0000000E+00
 inorm(ik,l) =           1           1           0
 Mass(ik) =   28.0000000000000     
 flag_nlcc_element(ik) = F
 ==========================================================
 flag_nlcc =  F
 
 ============init_ps==============
 end init_ps
 Maximal rho_NLCC= 0.000000000000000E+000
 Maximal tau_NLCC= 0.000000000000000E+000
 == Ewald ==
 cutoff length in real-space in ewald =  4.00 [A]
 (buffer length in bookkeeping =  2.00 [A])
 cutoff length in G-space in ewald =  0.1870828864+102 [1/A]
 number of ion-ion pair(/atom) used for allocation of bookkeeping=    69
 ===========
   Static dipole moment(xyz) =   -0.6972733548E+03   -0.6972733546E+03   -0.3497453176E+03
 
 
  time-step  time[fs]                               Current(xyz)[a.u.]      electrons Total energy[eV] 
#----------------------------------------------------------------------
      10    0.02000000 -0.96380564E-12  0.22159116E-12  0.24901630E-03   127.99999999    -3403.09978662
      20    0.04000000 -0.58961588E-12  0.16941066E-12  0.21976551E-03   127.99999997    -3403.09978722
      30    0.06000000 -0.34074915E-12  0.10871890E-12  0.20049959E-03   127.99999996    -3403.09977310
      40    0.08000000 -0.49079594E-12 -0.15483189E-13  0.17947059E-03   127.99999994    -3403.09977139
      50    0.10000000 -0.50191348E-12 -0.61895837E-13  0.15264576E-03   127.99999993    -3403.09977125
      60    0.12000000 -0.10708703E-12 -0.21465436E-12  0.12270310E-03   127.99999992    -3403.09976063
      70    0.14000000  0.33106722E-12 -0.41108004E-12  0.92222271E-04   127.99999990    -3403.09974621
      80    0.16000000  0.37588820E-12 -0.42023705E-12  0.63347967E-04   127.99999989    -3403.09973598
      90    0.18000000 -0.12718527E-13 -0.35172137E-12  0.39250692E-04   127.99999988    -3403.09973123
     100    0.20000000 -0.29505329E-12 -0.26694369E-12  0.17985977E-04   127.99999987    -3403.09973260
     110    0.22000000 -0.40758603E-13 -0.10484357E-12 -0.37683667E-05   127.99999985    -3403.09973518
     120    0.24000000  0.37442033E-12 -0.92265110E-14 -0.24326816E-04   127.99999984    -3403.09973732
     130    0.26000000  0.39873015E-12 -0.55690319E-13 -0.42909151E-04   127.99999983    -3403.09973933
     140    0.28000000  0.18911364E-12 -0.84485211E-13 -0.61277307E-04   127.99999982    -3403.09974173
     150    0.30000000  0.45277412E-13  0.47495079E-13 -0.79662071E-04   127.99999981    -3403.09974335
     160    0.32000000  0.24205300E-12  0.20235825E-12 -0.96389531E-04   127.99999979    -3403.09974289
     170    0.34000000  0.44503729E-12  0.19884754E-12 -0.10826619E-03   127.99999978    -3403.09974132
     180    0.36000000  0.28474772E-12  0.22483600E-12 -0.11752894E-03   127.99999977    -3403.09973920
     190    0.38000000 -0.19211559E-13  0.15532887E-12 -0.12457585E-03   127.99999976    -3403.09973729
     200    0.40000000 -0.92481844E-13  0.13651261E-12 -0.13003202E-03   127.99999975    -3403.09973623
     210    0.42000000 -0.24040531E-12  0.22196170E-12 -0.13460933E-03   127.99999974    -3403.09973578
     220    0.44000000 -0.19048588E-12  0.26805282E-12 -0.13686090E-03   127.99999973    -3403.09973543
     230    0.46000000 -0.13336127E-12  0.17853429E-12 -0.13530706E-03   127.99999971    -3403.09973563
     240    0.48000000  0.59154474E-13  0.13666049E-12 -0.13121649E-03   127.99999970    -3403.09973689
     250    0.50000000  0.20367263E-12  0.91671225E-13 -0.12712546E-03   127.99999969    -3403.09973846
     260    0.52000000  0.29429874E-12  0.91942668E-13 -0.12224621E-03   127.99999968    -3403.09973962
     270    0.54000000  0.14755302E-12  0.11318586E-14 -0.11555839E-03   127.99999967    -3403.09974075
     280    0.56000000 -0.71076722E-13  0.98705758E-13 -0.10858511E-03   127.99999966    -3403.09974228
     290    0.58000000 -0.13214243E-12 -0.70926184E-13 -0.10091257E-03   127.99999965    -3403.09974396
     300    0.60000000 -0.67151359E-13 -0.29626905E-12 -0.92453765E-04   127.99999964    -3403.09974530
     310    0.62000000 -0.42123077E-13 -0.63011850E-12 -0.82335908E-04   127.99999963    -3403.09974670
     320    0.64000000 -0.14657048E-12 -0.72357855E-12 -0.71528818E-04   127.99999962    -3403.09974833
     330    0.66000000 -0.18605489E-12 -0.44534009E-12 -0.61294243E-04   127.99999961    -3403.09975004
     340    0.68000000 -0.39656485E-13 -0.22587845E-12 -0.51329584E-04   127.99999960    -3403.09975168
     350    0.70000000 -0.19331291E-13 -0.14050649E-12 -0.40669494E-04   127.99999959    -3403.09975336
     360    0.72000000 -0.29918467E-12 -0.51531665E-14 -0.28809941E-04   127.99999958    -3403.09975488
     370    0.74000000 -0.47525314E-12  0.93988573E-14 -0.15715568E-04   127.99999957    -3403.09975647
     380    0.76000000 -0.44054662E-12  0.15962200E-12 -0.37541530E-05   127.99999956    -3403.09975785
     390    0.78000000 -0.10795011E-12  0.34662021E-12  0.61977985E-05   127.99999955    -3403.09975835
     400    0.80000000  0.25703897E-13  0.19536037E-12  0.14925663E-04   127.99999954    -3403.09975894
     410    0.82000000 -0.12383511E-13  0.17072304E-12  0.24490691E-04   127.99999953    -3403.09976016
     420    0.84000000 -0.22963282E-12  0.36434932E-12  0.34687587E-04   127.99999952    -3403.09976171
     430    0.86000000 -0.99397453E-13  0.58920917E-12  0.44285777E-04   127.99999951    -3403.09976305
     440    0.88000000  0.19433313E-12  0.50387828E-12  0.52073155E-04   127.99999950    -3403.09976415
     450    0.90000000  0.44641202E-12  0.24503611E-12  0.57643349E-04   127.99999949    -3403.09976533
     460    0.92000000  0.30432225E-12 -0.43877073E-13  0.63355870E-04   127.99999948    -3403.09976673
     470    0.94000000  0.17139686E-12 -0.85500440E-13  0.69614520E-04   127.99999947    -3403.09976804
     480    0.96000000  0.30076376E-12 -0.76041526E-14  0.74591177E-04   127.99999946    -3403.09976923
     490    0.98000000  0.61596088E-12 -0.34184490E-12  0.78053760E-04   127.99999945    -3403.09977042
     500    1.00000000  0.79015460E-12 -0.25629035E-12  0.81019493E-04   127.99999944    -3403.09977167
     510    1.02000000  0.50230093E-12 -0.11847828E-12  0.82687154E-04   127.99999943    -3403.09977275
     520    1.04000000  0.18695835E-12  0.13554992E-12  0.82532659E-04   127.99999942    -3403.09977365
     530    1.06000000 -0.15087867E-12  0.24339827E-12  0.82596773E-04   127.99999941    -3403.09977475
     540    1.08000000 -0.21128194E-12 -0.71736550E-13  0.82118306E-04   127.99999940    -3403.09977559
     550    1.10000000 -0.16177513E-12 -0.49400148E-12  0.79538401E-04   127.99999939    -3403.09977661
     560    1.12000000 -0.23994227E-12 -0.51659393E-12  0.76214339E-04   127.99999938    -3403.09977800
     570    1.14000000 -0.47710564E-12 -0.15989629E-12  0.72184712E-04   127.99999937    -3403.09977935
     580    1.16000000 -0.59963746E-12  0.89207662E-13  0.67160330E-04   127.99999936    -3403.09978059
     590    1.18000000 -0.52909374E-12 -0.94056679E-13  0.61665386E-04   127.99999935    -3403.09978190
     600    1.20000000 -0.47385907E-12 -0.27725390E-12  0.56070972E-04   127.99999934    -3403.09978335
     610    1.22000000 -0.61520299E-12 -0.23320171E-12  0.50431527E-04   127.99999933    -3403.09978471
     620    1.24000000 -0.77875814E-12  0.19249436E-12  0.43619207E-04   127.99999933    -3403.09978608
     630    1.26000000 -0.77124616E-12  0.46201169E-12  0.36334151E-04   127.99999932    -3403.09978744
     640    1.28000000 -0.49459451E-12  0.51251829E-12  0.29576174E-04   127.99999931    -3403.09978879
     650    1.30000000  0.14002578E-13  0.38952766E-12  0.22871487E-04   127.99999930    -3403.09979014
     660    1.32000000  0.44545563E-12  0.26293069E-12  0.15857683E-04   127.99999929    -3403.09979149
     670    1.34000000  0.67669619E-12  0.11010998E-12  0.84843850E-05   127.99999928    -3403.09979284
     680    1.36000000  0.62419958E-12 -0.86693244E-13  0.10446930E-05   127.99999927    -3403.09979418
     690    1.38000000  0.58878911E-12 -0.22873418E-12 -0.59451373E-05   127.99999926    -3403.09979551
     700    1.40000000  0.75678653E-12 -0.26582427E-12 -0.12339835E-04   127.99999925    -3403.09979681
     710    1.42000000  0.87231605E-12 -0.29972264E-12 -0.18883819E-04   127.99999924    -3403.09979810
     720    1.44000000  0.91155322E-12 -0.17859094E-12 -0.25100067E-04   127.99999924    -3403.09979932
     730    1.46000000  0.93544828E-12 -0.54083182E-13 -0.30449865E-04   127.99999923    -3403.09980030
     740    1.48000000  0.68660998E-12  0.25547917E-13 -0.34735864E-04   127.99999922    -3403.09980127
     750    1.50000000  0.37297079E-12  0.15302749E-12 -0.38590886E-04   127.99999921    -3403.09980242
     760    1.52000000 -0.82258815E-13  0.14111550E-12 -0.42448380E-04   127.99999920    -3403.09980365
     770    1.54000000 -0.39453663E-12  0.80568833E-13 -0.45603813E-04   127.99999919    -3403.09980484
     780    1.56000000 -0.56460811E-12  0.28734369E-15 -0.48029426E-04   127.99999918    -3403.09980605
     790    1.58000000 -0.81861748E-12 -0.26355264E-13 -0.50064264E-04   127.99999917    -3403.09980710
     800    1.60000000 -0.92417108E-12  0.33378210E-13 -0.51057535E-04   127.99999917    -3403.09980808
     810    1.62000000 -0.88092587E-12  0.10460540E-12 -0.50983263E-04   127.99999916    -3403.09980927
     820    1.64000000 -0.68481909E-12  0.71152405E-13 -0.50955559E-04   127.99999915    -3403.09981054
     830    1.66000000 -0.54218255E-12  0.46024669E-13 -0.51167754E-04   127.99999914    -3403.09981176
     840    1.68000000 -0.33446871E-12  0.38259124E-13 -0.50586476E-04   127.99999913    -3403.09981287
     850    1.70000000 -0.24746930E-12  0.80875458E-13 -0.48714727E-04   127.99999912    -3403.09981394
     860    1.72000000 -0.37814336E-12 -0.20887660E-12 -0.46156878E-04   127.99999911    -3403.09981512
     870    1.74000000 -0.39209512E-12 -0.16419547E-12 -0.43571663E-04   127.99999911    -3403.09981636
     880    1.76000000 -0.58465692E-13 -0.10755041E-12 -0.40959750E-04   127.99999910    -3403.09981758
     890    1.78000000  0.22028834E-12 -0.90128497E-13 -0.37972029E-04   127.99999909    -3403.09981876
     900    1.80000000  0.47383233E-12 -0.15233963E-12 -0.34384405E-04   127.99999908    -3403.09981996
     910    1.82000000  0.59412685E-12 -0.29430744E-12 -0.30325895E-04   127.99999907    -3403.09982114
     920    1.84000000  0.81572570E-12 -0.29415533E-12 -0.25780654E-04   127.99999906    -3403.09982231
     930    1.86000000  0.62436312E-12 -0.16836963E-12 -0.21160490E-04   127.99999905    -3403.09982346
     940    1.88000000  0.52719125E-12  0.86461662E-13 -0.16561917E-04   127.99999905    -3403.09982460
     950    1.90000000  0.37377841E-12  0.20478160E-12 -0.11311590E-04   127.99999904    -3403.09982580
     960    1.92000000  0.48959117E-12  0.38094605E-12 -0.60360258E-05   127.99999903    -3403.09982700
     970    1.94000000  0.59429798E-12  0.41047554E-12 -0.12363768E-05   127.99999902    -3403.09982815
     980    1.96000000  0.63889796E-12  0.51276346E-12  0.37992978E-05   127.99999901    -3403.09982922
     990    1.98000000  0.25498667E-12  0.64605602E-12  0.91697396E-05   127.99999901    -3403.09983029
    1000    2.00000000 -0.24210084E-12  0.46528721E-12  0.14458043E-04   127.99999900    -3403.09983141
    1010    2.02000000 -0.60136419E-12  0.68908094E-13  0.19043760E-04   127.99999899    -3403.09983251
    1020    2.04000000 -0.48660996E-12 -0.26214549E-12  0.22843927E-04   127.99999898    -3403.09983361
    1030    2.06000000 -0.39917754E-12 -0.47118547E-12  0.26074165E-04   127.99999897    -3403.09983477
    1040    2.08000000 -0.57716886E-12 -0.36974659E-12  0.29381912E-04   127.99999896    -3403.09983593
    1050    2.10000000 -0.66805786E-12 -0.15158562E-12  0.32831749E-04   127.99999896    -3403.09983699
    1060    2.12000000 -0.49315906E-12 -0.23546803E-13  0.35326698E-04   127.99999895    -3403.09983801
    1070    2.14000000 -0.14260575E-12 -0.74540872E-14  0.37123628E-04   127.99999894    -3403.09983912
    1080    2.16000000  0.90860983E-13 -0.17520147E-12  0.38985109E-04   127.99999893    -3403.09984029
    1090    2.18000000  0.21622266E-13 -0.40504100E-12  0.40913480E-04   127.99999892    -3403.09984141
    1100    2.20000000 -0.17267069E-12 -0.37900376E-12  0.42166305E-04   127.99999892    -3403.09984253
    1110    2.22000000 -0.21850427E-12 -0.22959987E-12  0.42933352E-04   127.99999891    -3403.09984363
    1120    2.24000000 -0.20280916E-12 -0.87490805E-13  0.43204937E-04   127.99999890    -3403.09984457
    1130    2.26000000 -0.22678394E-12 -0.57590534E-13  0.42488411E-04   127.99999889    -3403.09984533
    1140    2.28000000 -0.36841065E-12  0.36821167E-13  0.40844268E-04   127.99999888    -3403.09984611
    1150    2.30000000 -0.32194101E-12 -0.61185456E-13  0.38367393E-04   127.99999888    -3403.09984691
    1160    2.32000000 -0.94028777E-13  0.92798086E-13  0.34827467E-04   127.99999887    -3403.09984778
    1170    2.34000000  0.21700264E-12  0.22777568E-12  0.30433885E-04   127.99999886    -3403.09984871
    1180    2.36000000  0.28902058E-12  0.31796308E-12  0.25360468E-04   127.99999885    -3403.09984971
    1190    2.38000000  0.11668599E-12  0.37525028E-12  0.20099151E-04   127.99999885    -3403.09985079
    1200    2.40000000  0.25620712E-12  0.37783806E-12  0.14708015E-04   127.99999884    -3403.09985183
    1210    2.42000000  0.50129242E-12  0.36576969E-12  0.89269620E-05   127.99999883    -3403.09985282
    1220    2.44000000  0.86931327E-12  0.26813107E-12  0.32477197E-05   127.99999882    -3403.09985369
    1230    2.46000000  0.86529232E-12  0.13472281E-12 -0.19404300E-05   127.99999881    -3403.09985448
    1240    2.48000000  0.65798468E-12  0.63663657E-13 -0.62180961E-05   127.99999881    -3403.09985525
    1250    2.50000000  0.30111613E-12  0.76301836E-13 -0.10012973E-04   127.99999880    -3403.09985612
    1260    2.52000000  0.96951642E-13 -0.20681239E-13 -0.13635485E-04   127.99999879    -3403.09985698
    1270    2.54000000 -0.95908780E-13 -0.12183989E-12 -0.16632203E-04   127.99999878    -3403.09985776
    1280    2.56000000 -0.24511619E-12 -0.34537471E-12 -0.18650966E-04   127.99999878    -3403.09985854
    1290    2.58000000 -0.74962692E-13 -0.50805212E-12 -0.19485341E-04   127.99999877    -3403.09985953
    1300    2.60000000  0.10586918E-12 -0.50873054E-12 -0.20346368E-04   127.99999876    -3403.09986058
    1310    2.62000000  0.28713116E-12 -0.27457017E-12 -0.21311349E-04   127.99999875    -3403.09986155
    1320    2.64000000 -0.20238433E-13 -0.11647309E-12 -0.21622261E-04   127.99999874    -3403.09986250
    1330    2.66000000 -0.44861290E-12 -0.20115087E-12 -0.21723871E-04   127.99999874    -3403.09986351
    1340    2.68000000 -0.73347622E-12 -0.45047176E-12 -0.21920404E-04   127.99999873    -3403.09986454
    1350    2.70000000 -0.63489780E-12 -0.62451105E-13 -0.21947995E-04   127.99999872    -3403.09986559
    1360    2.72000000 -0.61293055E-12  0.17964097E-12 -0.22142731E-04   127.99999871    -3403.09986664
    1370    2.74000000 -0.74306937E-12  0.13411928E-12 -0.22045720E-04   127.99999871    -3403.09986766
    1380    2.76000000 -0.93708516E-12 -0.32887866E-13 -0.21541132E-04   127.99999870    -3403.09986867
    1390    2.78000000 -0.83115766E-12  0.90870255E-13 -0.20823634E-04   127.99999869    -3403.09986964
    1400    2.80000000 -0.41960863E-12  0.47842267E-12 -0.19786678E-04   127.99999868    -3403.09987062
    1410    2.82000000 -0.10306730E-12  0.66321817E-12 -0.18633875E-04   127.99999868    -3403.09987154
    1420    2.84000000  0.15944468E-12  0.50177440E-12 -0.17105152E-04   127.99999867    -3403.09987234
    1430    2.86000000  0.39153672E-12  0.20538489E-12 -0.14528087E-04   127.99999866    -3403.09987308
    1440    2.88000000  0.82357476E-12  0.22563403E-12 -0.11373494E-04   127.99999865    -3403.09987401
    1450    2.90000000  0.12086818E-11  0.30184954E-12 -0.84119444E-05   127.99999865    -3403.09987502
    1460    2.92000000  0.10692752E-11  0.28575805E-12 -0.53557441E-05   127.99999864    -3403.09987604
    1470    2.94000000  0.63839204E-12  0.10271842E-12 -0.16742296E-05   127.99999863    -3403.09987705
    1480    2.96000000  0.59289705E-12 -0.17400207E-12  0.21864727E-05   127.99999862    -3403.09987797
    1490    2.98000000  0.85562971E-12 -0.48692510E-12  0.57107652E-05   127.99999862    -3403.09987889
    1500    3.00000000  0.97788297E-12 -0.41138299E-12  0.87578780E-05   127.99999861    -3403.09987981
    1510    3.02000000  0.43234931E-12 -0.40459605E-12  0.11912083E-04   127.99999860    -3403.09988066
    1520    3.04000000 -0.32226061E-12 -0.36809848E-12  0.14922710E-04   127.99999860    -3403.09988129
    1530    3.06000000 -0.70804655E-12 -0.31729183E-12  0.16891112E-04   127.99999859    -3403.09988189
    1540    3.08000000 -0.62686214E-12 -0.19870538E-12  0.17940257E-04   127.99999858    -3403.09988267
    1550    3.10000000 -0.13789253E-12 -0.35400972E-12  0.18919068E-04   127.99999857    -3403.09988358
    1560    3.12000000 -0.14971572E-12 -0.46978192E-12  0.19848742E-04   127.99999857    -3403.09988451
    1570    3.14000000 -0.61752165E-12 -0.30054428E-12  0.20400939E-04   127.99999856    -3403.09988537
    1580    3.16000000 -0.10109731E-11  0.45566583E-15  0.20368819E-04   127.99999855    -3403.09988616
    1590    3.18000000 -0.10527016E-11  0.11765297E-12  0.19746210E-04   127.99999854    -3403.09988695
    1600    3.20000000 -0.97139410E-12  0.25527155E-12  0.18528895E-04   127.99999854    -3403.09988786
    1610    3.22000000 -0.85842639E-12  0.25546426E-12  0.17238473E-04   127.99999853    -3403.09988882
    1620    3.24000000 -0.61340791E-12  0.54288238E-12  0.15744886E-04   127.99999852    -3403.09988980
    1630    3.26000000 -0.38162043E-12  0.59171422E-12  0.14056413E-04   127.99999852    -3403.09989078
    1640    3.28000000 -0.16363993E-12  0.50460633E-12  0.12082976E-04   127.99999851    -3403.09989171
    1650    3.30000000  0.11378953E-12  0.35977648E-12  0.96988763E-05   127.99999850    -3403.09989265
    1660    3.32000000  0.53005651E-12  0.57961252E-12  0.72321514E-05   127.99999849    -3403.09989363
    1670    3.34000000  0.78500213E-12  0.51295328E-12  0.51505558E-05   127.99999849    -3403.09989458
    1680    3.36000000  0.97797540E-12  0.16262626E-12  0.25979526E-05   127.99999848    -3403.09989550
    1690    3.38000000  0.97330978E-12 -0.32784668E-12  0.22584741E-07   127.99999847    -3403.09989624
    1700    3.40000000  0.77998222E-12 -0.71747640E-12 -0.16396034E-05   127.99999847    -3403.09989697
    1710    3.42000000  0.35628586E-12 -0.73449843E-12 -0.33632861E-05   127.99999846    -3403.09989783
    1720    3.44000000  0.40353292E-12 -0.49814501E-12 -0.52204470E-05   127.99999845    -3403.09989870
    1730    3.46000000  0.58304974E-12 -0.49190428E-12 -0.60574624E-05   127.99999844    -3403.09989957
    1740    3.48000000  0.55567331E-12 -0.54601260E-12 -0.65607135E-05   127.99999844    -3403.09990049
    1750    3.50000000  0.37589401E-12 -0.35330606E-12 -0.73692214E-05   127.99999843    -3403.09990139
    1760    3.52000000  0.87199272E-13  0.12792410E-12 -0.77650553E-05   127.99999842    -3403.09990231
    1770    3.54000000 -0.21434098E-12  0.46196997E-12 -0.78693714E-05   127.99999842    -3403.09990325
    1780    3.56000000 -0.41701531E-12  0.64487501E-12 -0.81941594E-05   127.99999841    -3403.09990420
    1790    3.58000000 -0.39750681E-12  0.45850768E-12 -0.84337904E-05   127.99999840    -3403.09990512
    1800    3.60000000 -0.60188191E-12  0.24746486E-12 -0.82218982E-05   127.99999840    -3403.09990604
    1810    3.62000000 -0.68007362E-12  0.18695664E-12 -0.78043278E-05   127.99999839    -3403.09990694
    1820    3.64000000 -0.57442757E-12  0.17579919E-12 -0.72495563E-05   127.99999838    -3403.09990787
    1830    3.66000000 -0.43863985E-12  0.19485271E-13 -0.67931626E-05   127.99999837    -3403.09990881
    1840    3.68000000 -0.58367202E-12 -0.32971084E-13 -0.64861749E-05   127.99999837    -3403.09990972
    1850    3.70000000 -0.56407787E-12 -0.10511144E-12 -0.60420536E-05   127.99999836    -3403.09991062
    1860    3.72000000 -0.58654577E-12 -0.18431478E-12 -0.53571585E-05   127.99999835    -3403.09991153
    1870    3.74000000 -0.36335147E-12 -0.31725381E-12 -0.46278401E-05   127.99999835    -3403.09991245
    1880    3.76000000 -0.13611357E-13 -0.52692748E-12 -0.36293817E-05   127.99999834    -3403.09991338
    1890    3.78000000  0.32430112E-12 -0.53138972E-12 -0.31691321E-05   127.99999833    -3403.09991431
    1900    3.80000000  0.62737859E-12 -0.23917147E-12 -0.30282645E-05   127.99999833    -3403.09991522
    1910    3.82000000  0.82693632E-12  0.17709351E-12 -0.20464450E-05   127.99999832    -3403.09991609
    1920    3.84000000  0.83544981E-12  0.30404422E-12 -0.93954940E-06   127.99999831    -3403.09991703
    1930    3.86000000  0.67182762E-12  0.33343744E-12 -0.31022316E-06   127.99999831    -3403.09991795
    1940    3.88000000  0.39310033E-12  0.28693155E-12  0.52681575E-06   127.99999830    -3403.09991887
    1950    3.90000000  0.24342834E-12  0.41937406E-12  0.18794018E-05   127.99999829    -3403.09991977
    1960    3.92000000  0.70776685E-13  0.49946556E-12  0.29766057E-05   127.99999829    -3403.09992067
    1970    3.94000000 -0.28831445E-13  0.53803128E-12  0.38761663E-05   127.99999828    -3403.09992156
    1980    3.96000000 -0.24251157E-12  0.34391318E-12  0.49793230E-05   127.99999827    -3403.09992245
    1990    3.98000000 -0.35939645E-12  0.42110821E-12  0.60430618E-05   127.99999826    -3403.09992330
    2000    4.00000000 -0.11719318E-12  0.39768148E-12  0.65264421E-05   127.99999826    -3403.09992417
    2010    4.02000000  0.77865695E-13  0.16907591E-12  0.69491897E-05   127.99999825    -3403.09992508
    2020    4.04000000 -0.12835309E-12 -0.28894719E-12  0.74371176E-05   127.99999824    -3403.09992598
    2030    4.06000000 -0.35472213E-12 -0.74840692E-12  0.74642702E-05   127.99999824    -3403.09992687
    2040    4.08000000 -0.43623927E-12 -0.92628735E-12  0.72683158E-05   127.99999823    -3403.09992776
    2050    4.10000000 -0.40646023E-12 -0.93711426E-12  0.71844164E-05   127.99999822    -3403.09992865
    2060    4.12000000 -0.11593543E-12 -0.11446391E-11  0.71407442E-05   127.99999822    -3403.09992950
    2070    4.14000000  0.10647020E-12 -0.98533570E-12  0.64593200E-05   127.99999821    -3403.09993027
    2080    4.16000000  0.22903760E-12 -0.77706480E-12  0.54246039E-05   127.99999820    -3403.09993109
    2090    4.18000000 -0.15639981E-13 -0.18307104E-12  0.44619684E-05   127.99999820    -3403.09993198
    2100    4.20000000 -0.11568428E-12  0.37684272E-12  0.36811539E-05   127.99999819    -3403.09993287
    2110    4.22000000  0.17873074E-13  0.59741300E-12  0.29057016E-05   127.99999818    -3403.09993376
    2120    4.24000000  0.29022243E-12  0.61062401E-12  0.18308273E-05   127.99999818    -3403.09993464
    2130    4.26000000  0.44496029E-12  0.72495150E-12  0.54090343E-06   127.99999817    -3403.09993551
    2140    4.28000000  0.22068193E-12  0.91110865E-12 -0.47451500E-06   127.99999816    -3403.09993637
    2150    4.30000000  0.96854691E-14  0.91245227E-12 -0.88705945E-06   127.99999816    -3403.09993723
    2160    4.32000000 -0.10242438E-12  0.94964551E-12 -0.13631832E-05   127.99999815    -3403.09993810
    2170    4.34000000 -0.15043730E-12  0.90113897E-12 -0.23455088E-05   127.99999814    -3403.09993898
    2180    4.36000000 -0.25690188E-12  0.51669338E-12 -0.32962184E-05   127.99999814    -3403.09993980
    2190    4.38000000 -0.37622013E-12  0.22648315E-12 -0.36459716E-05   127.99999813    -3403.09994060
    2200    4.40000000 -0.28157721E-12 -0.29184195E-14 -0.36399545E-05   127.99999812    -3403.09994141
    2210    4.42000000 -0.25001057E-12 -0.37333905E-12 -0.34329886E-05   127.99999812    -3403.09994225
    2220    4.44000000 -0.12135246E-12 -0.53530986E-12 -0.31749059E-05   127.99999811    -3403.09994306
    2230    4.46000000 -0.21721286E-13 -0.55546496E-12 -0.25211103E-05   127.99999810    -3403.09994378
    2240    4.48000000 -0.22744428E-13 -0.71955264E-12 -0.13063339E-05   127.99999810    -3403.09994453
    2250    4.50000000 -0.67218276E-13 -0.94400266E-12  0.49653701E-07   127.99999809    -3403.09994533
    2260    4.52000000  0.34516889E-12 -0.96620270E-12  0.16543828E-05   127.99999809    -3403.09994616
    2270    4.54000000  0.67005659E-12 -0.69778960E-12  0.27047787E-05   127.99999808    -3403.09994695
    2280    4.56000000  0.40099354E-12 -0.37603943E-12  0.35143343E-05   127.99999807    -3403.09994773
    2290    4.58000000  0.60171153E-13 -0.11981206E-12  0.48875523E-05   127.99999807    -3403.09994853
    2300    4.60000000  0.13374026E-13  0.10610157E-13  0.64032854E-05   127.99999806    -3403.09994937
    2310    4.62000000  0.24432212E-12  0.14750716E-12  0.73558735E-05   127.99999805    -3403.09995021
    2320    4.64000000  0.49908207E-12  0.28264405E-12  0.77710591E-05   127.99999805    -3403.09995103
    2330    4.66000000  0.22376468E-12  0.36521171E-12  0.81225827E-05   127.99999804    -3403.09995186
    2340    4.68000000  0.53040187E-15  0.54012216E-12  0.85703448E-05   127.99999803    -3403.09995272
    2350    4.70000000 -0.19817452E-12  0.64451795E-12  0.91517503E-05   127.99999803    -3403.09995355
    2360    4.72000000 -0.33772660E-12  0.48126419E-12  0.94117737E-05   127.99999802    -3403.09995438
    2370    4.74000000 -0.20640950E-12  0.32488018E-12  0.93518566E-05   127.99999801    -3403.09995522
    2380    4.76000000 -0.90741676E-13  0.29121016E-12  0.92870736E-05   127.99999801    -3403.09995607
    2390    4.78000000 -0.77626177E-13  0.20868764E-12  0.91445016E-05   127.99999800    -3403.09995692
    2400    4.80000000 -0.17050558E-12  0.19887568E-12  0.86336791E-05   127.99999799    -3403.09995774
    2410    4.82000000 -0.33045689E-12  0.13258348E-12  0.79680871E-05   127.99999799    -3403.09995855
    2420    4.84000000 -0.57021050E-12  0.22825020E-13  0.73473125E-05   127.99999798    -3403.09995932
    2430    4.86000000 -0.71001124E-12 -0.30271008E-12  0.66454316E-05   127.99999798    -3403.09996003
    2440    4.88000000 -0.44841537E-12 -0.34269285E-12  0.57018731E-05   127.99999797    -3403.09996076
    2450    4.90000000 -0.50633239E-14 -0.41942588E-13  0.44425809E-05   127.99999796    -3403.09996151
    2460    4.92000000  0.30484203E-12 -0.39499270E-13  0.25776963E-05   127.99999796    -3403.09996224
    2470    4.94000000  0.63481538E-12 -0.87626069E-13  0.72238034E-06   127.99999795    -3403.09996297
    2480    4.96000000  0.59491460E-12 -0.15202049E-12 -0.10553199E-05   127.99999794    -3403.09996369
    2490    4.98000000  0.52028340E-12 -0.19982401E-12 -0.27385823E-05   127.99999794    -3403.09996442
    2500    5.00000000  0.46389552E-12 -0.18008405E-12 -0.44624579E-05   127.99999793    -3403.09996517
    2510    5.02000000  0.27126534E-12  0.79194532E-13 -0.63647715E-05   127.99999792    -3403.09996595
    2520    5.04000000 -0.14103941E-12  0.14543670E-12 -0.78725923E-05   127.99999792    -3403.09996675
    2530    5.06000000 -0.37429802E-12 -0.61363829E-13 -0.90876333E-05   127.99999791    -3403.09996758
    2540    5.08000000 -0.29043477E-12 -0.17300939E-12 -0.10452898E-04   127.99999791    -3403.09996841
    2550    5.10000000 -0.94997174E-13 -0.27233142E-12 -0.11784741E-04   127.99999790    -3403.09996921
    2560    5.12000000 -0.81760632E-13 -0.23167206E-12 -0.12951123E-04   127.99999789    -3403.09997000
    2570    5.14000000 -0.69649040E-13 -0.39090945E-13 -0.13828350E-04   127.99999789    -3403.09997077
    2580    5.16000000  0.72023710E-14  0.46824797E-13 -0.14468493E-04   127.99999788    -3403.09997150
    2590    5.18000000  0.98508731E-13  0.54623676E-13 -0.14822065E-04   127.99999787    -3403.09997216
    2600    5.20000000  0.23066311E-12  0.97089984E-13 -0.14715632E-04   127.99999787    -3403.09997278
    2610    5.22000000  0.13563922E-12  0.55181486E-13 -0.14137812E-04   127.99999786    -3403.09997346
    2620    5.24000000  0.72604981E-13  0.69210840E-13 -0.13379045E-04   127.99999786    -3403.09997420
    2630    5.26000000  0.22757933E-13 -0.35465047E-13 -0.12669516E-04   127.99999785    -3403.09997496
    2640    5.28000000  0.10720856E-12  0.69857972E-14 -0.11660857E-04   127.99999784    -3403.09997570
    2650    5.30000000  0.71755082E-13  0.10569815E-12 -0.10133187E-04   127.99999784    -3403.09997646
    2660    5.32000000 -0.13371220E-12  0.27471818E-12 -0.83174190E-05   127.99999783    -3403.09997726
    2670    5.34000000 -0.34043125E-12  0.23312638E-12 -0.66185554E-05   127.99999782    -3403.09997806
    2680    5.36000000 -0.34367242E-12  0.12651161E-12 -0.49923375E-05   127.99999782    -3403.09997886
    2690    5.38000000 -0.21112958E-12  0.24080662E-12 -0.31643676E-05   127.99999781    -3403.09997965
    2700    5.40000000 -0.29031762E-12  0.30206940E-12 -0.11975779E-05   127.99999781    -3403.09998043
    2710    5.42000000 -0.54083376E-12  0.86834356E-13  0.59784039E-06   127.99999780    -3403.09998115
    2720    5.44000000 -0.62874336E-12 -0.65045183E-14  0.26200313E-05   127.99999779    -3403.09998185
    2730    5.46000000 -0.20580039E-12 -0.16763668E-12  0.45544693E-05   127.99999779    -3403.09998257
    2740    5.48000000  0.20790494E-12 -0.20886733E-12  0.63194784E-05   127.99999778    -3403.09998332
    2750    5.50000000  0.22677562E-12 -0.13008206E-13  0.80006178E-05   127.99999778    -3403.09998408
    2760    5.52000000 -0.45713574E-13  0.12766132E-13  0.98565251E-05   127.99999777    -3403.09998486
    2770    5.54000000 -0.92296586E-13  0.16769003E-12  0.11818778E-04   127.99999776    -3403.09998565
    2780    5.56000000  0.40686686E-12  0.18862105E-12  0.13402673E-04   127.99999776    -3403.09998643
    2790    5.58000000  0.10534286E-11  0.82181114E-13  0.14743190E-04   127.99999775    -3403.09998721
    2800    5.60000000  0.10855497E-11 -0.10256198E-12  0.16052380E-04   127.99999775    -3403.09998799
    2810    5.62000000  0.68732048E-12 -0.14024225E-12  0.17339541E-04   127.99999774    -3403.09998878
    2820    5.64000000  0.30462737E-12 -0.24697052E-13  0.18724875E-04   127.99999773    -3403.09998951
    2830    5.66000000  0.23768552E-12 -0.21229890E-13  0.20017975E-04   127.99999773    -3403.09999016
    2840    5.68000000  0.15859871E-12 -0.58208048E-13  0.20723525E-04   127.99999772    -3403.09999083
    2850    5.70000000 -0.13188648E-12 -0.54032176E-12  0.20958097E-04   127.99999771    -3403.09999154
    2860    5.72000000 -0.60649278E-12 -0.92640526E-12  0.21160844E-04   127.99999771    -3403.09999220
    2870    5.74000000 -0.89362767E-12 -0.67631923E-12  0.21240407E-04   127.99999770    -3403.09999279
    2880    5.76000000 -0.83096968E-12 -0.46479328E-12  0.20986750E-04   127.99999770    -3403.09999332
    2890    5.78000000 -0.55996279E-12 -0.28409744E-12  0.20139385E-04   127.99999769    -3403.09999387
    2900    5.80000000 -0.44908623E-12 -0.23954994E-12  0.18779131E-04   127.99999768    -3403.09999449
    2910    5.82000000 -0.27533138E-12  0.15292374E-12  0.17159309E-04   127.99999768    -3403.09999510
    2920    5.84000000 -0.86508034E-13  0.60114596E-12  0.15003107E-04   127.99999767    -3403.09999576
    2930    5.86000000 -0.26840802E-13  0.99014134E-12  0.12752614E-04   127.99999767    -3403.09999652
    2940    5.88000000  0.94068998E-13  0.10786383E-11  0.10565704E-04   127.99999766    -3403.09999729
    2950    5.90000000  0.20120770E-12  0.11373177E-11  0.83363787E-05   127.99999765    -3403.09999806
    2960    5.92000000  0.25366236E-12  0.99291736E-12  0.60099660E-05   127.99999765    -3403.09999884
    2970    5.94000000  0.34462412E-12  0.60760739E-12  0.33836151E-05   127.99999764    -3403.09999961
    2980    5.96000000  0.37566357E-12  0.23225682E-12  0.67187216E-06   127.99999764    -3403.10000034
    2990    5.98000000  0.24735992E-12  0.19015733E-12 -0.19595392E-05   127.99999763    -3403.10000093
    3000    6.00000000  0.32786772E-12  0.14052330E-12 -0.44267879E-05   127.99999762    -3403.10000139
    3010    6.02000000  0.49258480E-12 -0.67102435E-13 -0.70223259E-05   127.99999762    -3403.10000187
    3020    6.04000000  0.45581536E-12 -0.37845206E-12 -0.96291526E-05   127.99999761    -3403.10000248
    3030    6.06000000  0.19417181E-12 -0.79093672E-12 -0.11899113E-04   127.99999761    -3403.10000308
    3040    6.08000000 -0.20700891E-12 -0.94958696E-12 -0.13894800E-04   127.99999760    -3403.10000364
    3050    6.10000000 -0.33334010E-12 -0.95338860E-12 -0.16118386E-04   127.99999760    -3403.10000425
    3060    6.12000000 -0.23879849E-12 -0.87916217E-12 -0.18171956E-04   127.99999759    -3403.10000493
    3070    6.14000000 -0.23292755E-12 -0.91638317E-12 -0.19562519E-04   127.99999758    -3403.10000563
    3080    6.16000000 -0.45769154E-12 -0.87870280E-12 -0.20607430E-04   127.99999758    -3403.10000631
    3090    6.18000000 -0.88926564E-12 -0.60571873E-12 -0.21481939E-04   127.99999757    -3403.10000693
    3100    6.20000000 -0.88218486E-12 -0.74150219E-13 -0.21885567E-04   127.99999757    -3403.10000757
    3110    6.22000000 -0.42939453E-12  0.40939019E-12 -0.21631124E-04   127.99999756    -3403.10000829
    3120    6.24000000  0.51379052E-13  0.46733737E-12 -0.21449829E-04   127.99999755    -3403.10000901
    3130    6.26000000  0.16367687E-12  0.57322461E-12 -0.20780716E-04   127.99999755    -3403.10000963
    3140    6.28000000  0.22480243E-12  0.65899595E-12 -0.19361821E-04   127.99999754    -3403.10001028
    3150    6.30000000  0.34587648E-12  0.73002986E-12 -0.17603293E-04   127.99999754    -3403.10001100
    3160    6.32000000  0.57055002E-12  0.72912669E-12 -0.15964982E-04   127.99999753    -3403.10001174
    3170    6.34000000  0.59842189E-12  0.77293886E-12 -0.14387684E-04   127.99999752    -3403.10001248
    3180    6.36000000  0.51644568E-12  0.67475947E-12 -0.12559638E-04   127.99999752    -3403.10001323
    3190    6.38000000  0.45660071E-12  0.71844241E-12 -0.10374684E-04   127.99999751    -3403.10001397
    3200    6.40000000  0.33012291E-12  0.40276132E-12 -0.82648792E-05   127.99999751    -3403.10001468
    3210    6.42000000  0.43590467E-12 -0.14621529E-12 -0.60727528E-05   127.99999750    -3403.10001539
    3220    6.44000000  0.16982760E-12 -0.58284167E-12 -0.36799679E-05   127.99999750    -3403.10001610
    3230    6.46000000 -0.16005960E-12 -0.68595633E-12 -0.11079026E-05   127.99999749    -3403.10001679
    3240    6.48000000 -0.39580478E-12 -0.41728134E-12  0.11695332E-05   127.99999748    -3403.10001744
    3250    6.50000000 -0.29894198E-12 -0.20450895E-12  0.31619769E-05   127.99999748    -3403.10001808
    3260    6.52000000 -0.45276118E-13 -0.41545295E-12  0.56665189E-05   127.99999747    -3403.10001876
    3270    6.54000000 -0.29965073E-14 -0.79420078E-12  0.83044599E-05   127.99999747    -3403.10001948
    3280    6.56000000 -0.37473654E-12 -0.72720211E-12  0.10360573E-04   127.99999746    -3403.10002014
    3290    6.58000000 -0.37677390E-12 -0.26298616E-12  0.11757019E-04   127.99999745    -3403.10002080
    3300    6.60000000 -0.55570285E-12 -0.23411262E-13  0.13394382E-04   127.99999745    -3403.10002147
    3310    6.62000000 -0.42408520E-12 -0.39295697E-13  0.15237931E-04   127.99999744    -3403.10002213
    3320    6.64000000 -0.12518440E-12 -0.14186717E-12  0.16775145E-04   127.99999744    -3403.10002278
    3330    6.66000000  0.11382904E-12  0.13102130E-12  0.18157731E-04   127.99999743    -3403.10002343
    3340    6.68000000 -0.60103881E-13  0.69054696E-12  0.19351582E-04   127.99999743    -3403.10002405
    3350    6.70000000 -0.63468654E-13  0.81548133E-12  0.19891093E-04   127.99999742    -3403.10002469
    3360    6.72000000 -0.77226308E-14  0.36604385E-12  0.20132654E-04   127.99999741    -3403.10002537
    3370    6.74000000  0.14350959E-12 -0.43326308E-13  0.20611084E-04   127.99999741    -3403.10002602
    3380    6.76000000  0.15855793E-12 -0.23071780E-12  0.20584449E-04   127.99999740    -3403.10002657
    3390    6.78000000  0.37011150E-12  0.16577005E-13  0.20048873E-04   127.99999740    -3403.10002719
    3400    6.80000000  0.28864450E-12  0.29027758E-13  0.19215884E-04   127.99999739    -3403.10002785
    3410    6.82000000  0.10429566E-12 -0.21378712E-12  0.18048605E-04   127.99999739    -3403.10002850
    3420    6.84000000  0.78399245E-13 -0.40368353E-12  0.16788344E-04   127.99999738    -3403.10002917
    3430    6.86000000  0.33884087E-12 -0.18943742E-12  0.15425114E-04   127.99999737    -3403.10002983
    3440    6.88000000  0.32411635E-12  0.10681959E-12  0.14178775E-04   127.99999737    -3403.10003045
    3450    6.90000000  0.81801931E-13  0.20571091E-12  0.12732430E-04   127.99999736    -3403.10003106
    3460    6.92000000 -0.79401909E-13  0.13725912E-12  0.10949841E-04   127.99999736    -3403.10003164
    3470    6.94000000 -0.23093828E-12  0.48207196E-13  0.92359095E-05   127.99999735    -3403.10003221
    3480    6.96000000 -0.22510100E-12  0.19592881E-12  0.77977550E-05   127.99999735    -3403.10003280
    3490    6.98000000 -0.13348511E-12  0.36235472E-12  0.63633405E-05   127.99999734    -3403.10003340
    3500    7.00000000  0.43095498E-13  0.48563514E-12  0.47443198E-05   127.99999734    -3403.10003404
    3510    7.02000000  0.15146721E-12  0.41747685E-12  0.28888430E-05   127.99999733    -3403.10003468
    3520    7.04000000  0.49658154E-13  0.39138928E-12  0.11325255E-05   127.99999732    -3403.10003535
    3530    7.06000000 -0.87096871E-13  0.87940926E-13 -0.50101984E-06   127.99999732    -3403.10003605
    3540    7.08000000 -0.24210895E-12 -0.62669435E-13 -0.18387329E-05   127.99999731    -3403.10003672
    3550    7.10000000 -0.42057945E-12 -0.17458367E-12 -0.30472870E-05   127.99999731    -3403.10003741
    3560    7.12000000 -0.38574654E-12 -0.14456473E-12 -0.45023213E-05   127.99999730    -3403.10003812
    3570    7.14000000 -0.27758307E-12 -0.22521125E-12 -0.60321341E-05   127.99999730    -3403.10003881
    3580    7.16000000 -0.20081134E-12 -0.40180213E-12 -0.71048180E-05   127.99999729    -3403.10003952
    3590    7.18000000 -0.13709067E-12 -0.41768800E-12 -0.81480567E-05   127.99999728    -3403.10004021
    3600    7.20000000 -0.83484961E-13 -0.23127812E-12 -0.93646622E-05   127.99999728    -3403.10004090
    3610    7.22000000  0.35273794E-13 -0.98398461E-13 -0.10160122E-04   127.99999727    -3403.10004160
    3620    7.24000000 -0.47125314E-14 -0.30752848E-12 -0.10902075E-04   127.99999727    -3403.10004228
    3630    7.26000000  0.29027905E-12 -0.58484603E-12 -0.11636415E-04   127.99999726    -3403.10004292
    3640    7.28000000  0.60705073E-12 -0.54528541E-12 -0.11993861E-04   127.99999726    -3403.10004355
    3650    7.30000000  0.78961391E-12 -0.80172254E-13 -0.11962564E-04   127.99999725    -3403.10004424
    3660    7.32000000  0.56039305E-12  0.31894419E-12 -0.12074841E-04   127.99999725    -3403.10004491
    3670    7.34000000  0.24413924E-12  0.25311772E-12 -0.12482985E-04   127.99999724    -3403.10004560
    3680    7.36000000 -0.48267675E-13 -0.19089043E-13 -0.12516091E-04   127.99999723    -3403.10004623
    3690    7.38000000  0.61593422E-13 -0.93154884E-13 -0.12155811E-04   127.99999723    -3403.10004684
    3700    7.40000000  0.55648280E-13  0.13528889E-12 -0.11711009E-04   127.99999722    -3403.10004744
    3710    7.42000000 -0.65796450E-14  0.33580723E-12 -0.11188279E-04   127.99999722    -3403.10004802
    3720    7.44000000 -0.23796495E-12  0.56255306E-12 -0.10790965E-04   127.99999721    -3403.10004852
    3730    7.46000000 -0.35849257E-12  0.62597121E-12 -0.10625287E-04   127.99999721    -3403.10004896
    3740    7.48000000 -0.82359246E-13  0.66061716E-12 -0.10072038E-04   127.99999720    -3403.10004938
    3750    7.50000000 -0.59098207E-13  0.58546491E-12 -0.89919104E-05   127.99999720    -3403.10004989
    3760    7.52000000 -0.20468617E-12  0.31825038E-12 -0.77870487E-05   127.99999719    -3403.10005049
    3770    7.54000000 -0.35308566E-12  0.54547850E-13 -0.65206676E-05   127.99999718    -3403.10005114
    3780    7.56000000 -0.29124254E-12 -0.58533511E-13 -0.55690224E-05   127.99999718    -3403.10005183
    3790    7.58000000 -0.46640156E-13 -0.86407372E-13 -0.46150793E-05   127.99999717    -3403.10005251
    3800    7.60000000  0.40886540E-13 -0.77764389E-13 -0.30604969E-05   127.99999717    -3403.10005316
    3810    7.62000000 -0.13912801E-12 -0.34913817E-12 -0.16699546E-05   127.99999716    -3403.10005377
    3820    7.64000000 -0.17329423E-12 -0.40031839E-12 -0.11945600E-05   127.99999716    -3403.10005439
    3830    7.66000000 -0.49806862E-13 -0.34901495E-12 -0.84077757E-06   127.99999715    -3403.10005506
    3840    7.68000000  0.14735852E-12 -0.22855696E-12 -0.57412208E-07   127.99999715    -3403.10005564
    3850    7.70000000  0.16770634E-12 -0.23123706E-12  0.11415629E-05   127.99999714    -3403.10005616
    3860    7.72000000 -0.20549855E-13 -0.52621618E-12  0.25495543E-05   127.99999714    -3403.10005671
    3870    7.74000000 -0.29495757E-12 -0.52427657E-12  0.36174222E-05   127.99999713    -3403.10005730
    3880    7.76000000 -0.28095001E-12 -0.52939345E-12  0.45811331E-05   127.99999712    -3403.10005788
    3890    7.78000000  0.19551149E-12 -0.52291315E-12  0.58439352E-05   127.99999712    -3403.10005849
    3900    7.80000000  0.50825882E-12 -0.40984897E-12  0.73222800E-05   127.99999711    -3403.10005912
    3910    7.82000000  0.35950798E-12 -0.12841490E-12  0.92084106E-05   127.99999711    -3403.10005977
    3920    7.84000000 -0.71469767E-13  0.14078957E-12  0.11020568E-04   127.99999710    -3403.10006037
    3930    7.86000000 -0.24096213E-12  0.44289467E-12  0.12297888E-04   127.99999710    -3403.10006093
    3940    7.88000000 -0.58836955E-13  0.57551553E-12  0.13262310E-04   127.99999709    -3403.10006154
    3950    7.90000000  0.13374186E-12  0.46680362E-12  0.14307130E-04   127.99999709    -3403.10006218
    3960    7.92000000  0.31269341E-12  0.45015191E-12  0.15231236E-04   127.99999708    -3403.10006285
    3970    7.94000000  0.50387539E-12  0.88935826E-12  0.16165815E-04   127.99999708    -3403.10006351
    3980    7.96000000  0.21280176E-12  0.11274689E-11  0.17077866E-04   127.99999707    -3403.10006413
    3990    7.98000000 -0.16298994E-12  0.94603654E-12  0.17562819E-04   127.99999707    -3403.10006476
    4000    8.00000000 -0.30878935E-12  0.50783537E-12  0.17608626E-04   127.99999706    -3403.10006542
    4010    8.02000000 -0.29678137E-12  0.10271508E-12  0.17440623E-04   127.99999705    -3403.10006606
    4020    8.04000000 -0.19430110E-12 -0.28712162E-12  0.17161454E-04   127.99999705    -3403.10006669
    4030    8.06000000 -0.11631372E-12 -0.47692001E-12  0.16621737E-04   127.99999704    -3403.10006734
    4040    8.08000000 -0.12019663E-12 -0.52639179E-12  0.15805160E-04   127.99999704    -3403.10006797
    4050    8.10000000 -0.30088193E-12 -0.49532728E-12  0.14509622E-04   127.99999703    -3403.10006859
    4060    8.12000000 -0.29009131E-12 -0.30785662E-12  0.12803085E-04   127.99999703    -3403.10006920
    4070    8.14000000 -0.13720707E-12 -0.31632527E-12  0.10647894E-04   127.99999702    -3403.10006984
    4080    8.16000000 -0.92785364E-13 -0.35120675E-12  0.84418388E-05   127.99999702    -3403.10007050
    4090    8.18000000 -0.87771309E-13 -0.36342319E-12  0.62468420E-05   127.99999701    -3403.10007115
    4100    8.20000000 -0.22850840E-12 -0.58159941E-12  0.39527073E-05   127.99999701    -3403.10007179
    4110    8.22000000  0.41623800E-13 -0.37890306E-12  0.17299511E-05   127.99999700    -3403.10007238
    4120    8.24000000  0.40993714E-12 -0.20012264E-12 -0.30010051E-06   127.99999700    -3403.10007296
    4130    8.26000000  0.42269328E-12 -0.10594081E-12 -0.20008203E-05   127.99999699    -3403.10007358
    4140    8.28000000  0.41592900E-12 -0.22296217E-12 -0.35989365E-05   127.99999698    -3403.10007424
    4150    8.30000000  0.46048354E-12 -0.28654023E-12 -0.53556894E-05   127.99999698    -3403.10007490
    4160    8.32000000  0.67282474E-12 -0.10614631E-12 -0.69320141E-05   127.99999697    -3403.10007555
    4170    8.34000000  0.70042586E-12  0.17975800E-12 -0.80137903E-05   127.99999697    -3403.10007618
    4180    8.36000000  0.24723628E-12  0.30551634E-12 -0.87876619E-05   127.99999696    -3403.10007682
    4190    8.38000000 -0.18918715E-12  0.38973628E-12 -0.96303477E-05   127.99999696    -3403.10007747
    4200    8.40000000 -0.35529795E-12  0.34852573E-12 -0.10644515E-04   127.99999695    -3403.10007812
    4210    8.42000000 -0.20486702E-12  0.32473966E-12 -0.11620960E-04   127.99999695    -3403.10007875
    4220    8.44000000 -0.16028902E-12  0.46010942E-12 -0.12178744E-04   127.99999694    -3403.10007936
    4230    8.46000000 -0.25222530E-12  0.72146660E-12 -0.12193627E-04   127.99999694    -3403.10007992
    4240    8.48000000 -0.50755025E-12  0.68652771E-12 -0.11641727E-04   127.99999693    -3403.10008054
    4250    8.50000000 -0.58813309E-12  0.35935513E-12 -0.11091849E-04   127.99999693    -3403.10008120
    4260    8.52000000 -0.43140132E-12  0.15767474E-12 -0.11200112E-04   127.99999692    -3403.10008186
    4270    8.54000000 -0.18291467E-12 -0.49886731E-13 -0.11020491E-04   127.99999692    -3403.10008250
    4280    8.56000000 -0.71352997E-13 -0.12936831E-12 -0.10224436E-04   127.99999691    -3403.10008312
    4290    8.58000000  0.12945903E-13  0.14546696E-12 -0.90994114E-05   127.99999691    -3403.10008375
    4300    8.60000000 -0.12993838E-13  0.50180245E-13 -0.78015674E-05   127.99999690    -3403.10008439
    4310    8.62000000  0.20124380E-12  0.31317832E-13 -0.64379560E-05   127.99999690    -3403.10008503
    4320    8.64000000  0.38685168E-12 -0.36066026E-12 -0.49101053E-05   127.99999689    -3403.10008564
    4330    8.66000000  0.24194786E-12 -0.30523790E-12 -0.32214264E-05   127.99999688    -3403.10008626
    4340    8.68000000  0.19397812E-12 -0.21569798E-12 -0.14383855E-05   127.99999688    -3403.10008690
    4350    8.70000000  0.22805338E-12 -0.14109575E-12  0.30990105E-06   127.99999687    -3403.10008755
    4360    8.72000000  0.36243509E-12 -0.57323233E-12  0.22644468E-05   127.99999687    -3403.10008817
    4370    8.74000000  0.34297551E-12 -0.84465964E-12  0.41016431E-05   127.99999686    -3403.10008867
    4380    8.76000000  0.28618659E-12 -0.87085873E-12  0.53396738E-05   127.99999686    -3403.10008903
    4390    8.78000000  0.12648715E-12 -0.64108958E-12  0.57366327E-05   127.99999685    -3403.10008943
    4400    8.80000000 -0.24072846E-12 -0.19086177E-12  0.58424332E-05   127.99999685    -3403.10008994
    4410    8.82000000 -0.37906541E-12 -0.34745146E-14  0.60060137E-05   127.99999684    -3403.10009055
    4420    8.84000000 -0.45865482E-12 -0.90989334E-13  0.63041161E-05   127.99999684    -3403.10009118
    4430    8.86000000 -0.42116622E-12  0.38207255E-13  0.60554924E-05   127.99999683    -3403.10009180
    4440    8.88000000 -0.19965141E-12  0.43721931E-12  0.53360737E-05   127.99999683    -3403.10009245
    4450    8.90000000 -0.10309000E-12  0.75706063E-12  0.50411317E-05   127.99999682    -3403.10009309
    4460    8.92000000 -0.15638827E-12  0.74512564E-12  0.51213619E-05   127.99999682    -3403.10009371
    4470    8.94000000 -0.12241334E-12  0.51718753E-12  0.49405382E-05   127.99999681    -3403.10009433
    4480    8.96000000 -0.56895136E-13  0.47148189E-12  0.46163322E-05   127.99999681    -3403.10009495
    4490    8.98000000  0.26187385E-13  0.49300218E-12  0.42576981E-05   127.99999680    -3403.10009558
    4500    9.00000000  0.13914299E-12  0.50222345E-12  0.38296951E-05   127.99999680    -3403.10009620
    4510    9.02000000  0.31418201E-13  0.29398826E-12  0.35154938E-05   127.99999679    -3403.10009682
    4520    9.04000000 -0.12018959E-12  0.17452380E-12  0.32679907E-05   127.99999679    -3403.10009744
    4530    9.06000000  0.12577011E-13  0.13530604E-12  0.23728010E-05   127.99999678    -3403.10009808
    4540    9.08000000  0.28560863E-12 -0.40029424E-14  0.12059521E-05   127.99999678    -3403.10009869
    4550    9.10000000  0.41579491E-12 -0.33469176E-12  0.42941894E-06   127.99999677    -3403.10009927
    4560    9.12000000  0.34077648E-12 -0.51877963E-12  0.14810583E-06   127.99999677    -3403.10009984
    4570    9.14000000  0.66793094E-13 -0.59346291E-12 -0.21443834E-08   127.99999676    -3403.10010042
    4580    9.16000000 -0.70509977E-14 -0.36156626E-12 -0.18849705E-06   127.99999676    -3403.10010102
    4590    9.18000000  0.77853778E-13 -0.37257729E-12 -0.51969301E-06   127.99999675    -3403.10010159
    4600    9.20000000  0.14949287E-12 -0.51564140E-12 -0.91209386E-06   127.99999675    -3403.10010215
    4610    9.22000000 -0.12462277E-12 -0.70461758E-12 -0.10488647E-05   127.99999674    -3403.10010272
    4620    9.24000000 -0.35404125E-12 -0.52499231E-12 -0.69970776E-06   127.99999673    -3403.10010331
    4630    9.26000000 -0.40860781E-12 -0.24139126E-12 -0.47055881E-06   127.99999673    -3403.10010393
    4640    9.28000000 -0.28406839E-12 -0.10745716E-13 -0.62452915E-06   127.99999672    -3403.10010456
    4650    9.30000000 -0.25264019E-12  0.24869967E-13 -0.78459065E-06   127.99999672    -3403.10010516
    4660    9.32000000 -0.11015417E-12 -0.97087617E-14 -0.41520023E-06   127.99999671    -3403.10010577
    4670    9.34000000  0.85057503E-13  0.12420650E-12  0.52024844E-06   127.99999671    -3403.10010638
    4680    9.36000000  0.40235017E-12  0.25660306E-12  0.11311688E-05   127.99999670    -3403.10010702
    4690    9.38000000  0.51370840E-12  0.31347713E-12  0.13565065E-05   127.99999670    -3403.10010763
    4700    9.40000000  0.20572806E-12  0.25756179E-12  0.22548853E-05   127.99999669    -3403.10010823
    4710    9.42000000  0.74193287E-14  0.25388442E-12  0.37982690E-05   127.99999669    -3403.10010884
    4720    9.44000000 -0.10421187E-12  0.39259305E-12  0.50668107E-05   127.99999668    -3403.10010945
    4730    9.46000000 -0.75439200E-13  0.50381846E-12  0.56939277E-05   127.99999668    -3403.10011004
    4740    9.48000000 -0.15351092E-12  0.46354668E-12  0.64675635E-05   127.99999667    -3403.10011060
    4750    9.50000000 -0.14131907E-12  0.41609585E-12  0.78565167E-05   127.99999667    -3403.10011120
    4760    9.52000000 -0.25271181E-12  0.50955571E-12  0.89072405E-05   127.99999666    -3403.10011180
    4770    9.54000000  0.30432523E-13  0.62477394E-12  0.96950322E-05   127.99999666    -3403.10011238
    4780    9.56000000  0.31498650E-12  0.57685042E-12  0.10373100E-04   127.99999665    -3403.10011297
    4790    9.58000000  0.41072808E-12  0.61715267E-14  0.10803251E-04   127.99999665    -3403.10011354
    4800    9.60000000  0.30424998E-12 -0.54969226E-12  0.11064944E-04   127.99999664    -3403.10011406
    4810    9.62000000  0.11767702E-12 -0.45781913E-12  0.10843245E-04   127.99999664    -3403.10011455
    4820    9.64000000 -0.12667674E-13 -0.33321388E-12  0.10293063E-04   127.99999663    -3403.10011506
    4830    9.66000000 -0.11939492E-12 -0.13807023E-12  0.96735285E-05   127.99999663    -3403.10011564
    4840    9.68000000 -0.62519287E-13 -0.27398892E-12  0.93700651E-05   127.99999662    -3403.10011624
    4850    9.70000000 -0.32053718E-13 -0.63618675E-12  0.84594943E-05   127.99999662    -3403.10011683
    4860    9.72000000 -0.17714585E-12 -0.87101585E-12  0.70866437E-05   127.99999661    -3403.10011744
    4870    9.74000000 -0.22816164E-12 -0.62258982E-12  0.56369708E-05   127.99999661    -3403.10011806
    4880    9.76000000 -0.91549823E-13 -0.33576525E-12  0.40811667E-05   127.99999660    -3403.10011866
    4890    9.78000000  0.20754446E-13 -0.17707851E-12  0.25127239E-05   127.99999660    -3403.10011921
    4900    9.80000000  0.23410168E-12 -0.66934200E-13  0.69828920E-06   127.99999659    -3403.10011973
    4910    9.82000000  0.20549080E-12  0.17708927E-13 -0.13374211E-05   127.99999659    -3403.10012031
    4920    9.84000000  0.97025732E-13 -0.42470747E-13 -0.36929191E-05   127.99999658    -3403.10012092
    4930    9.86000000 -0.54351582E-13  0.13636169E-12 -0.59405540E-05   127.99999658    -3403.10012151
    4940    9.88000000 -0.84835956E-13  0.18636384E-12 -0.78257055E-05   127.99999657    -3403.10012204
    4950    9.90000000 -0.21769993E-12  0.35287044E-12 -0.97553936E-05   127.99999657    -3403.10012256
    4960    9.92000000 -0.39451789E-12  0.50206825E-12 -0.11354509E-04   127.99999656    -3403.10012305
    4970    9.94000000 -0.58577915E-12  0.46320114E-12 -0.12694485E-04   127.99999656    -3403.10012356
    4980    9.96000000 -0.49210969E-12  0.50224797E-12 -0.13809537E-04   127.99999655    -3403.10012400
    4990    9.98000000 -0.38313150E-12  0.61225341E-12 -0.14141350E-04   127.99999655    -3403.10012444
    5000   10.00000000 -0.11534792E-12  0.56931735E-12 -0.14091185E-04   127.99999654    -3403.10012497
    5010   10.02000000 -0.19648560E-13  0.28386566E-12 -0.14100795E-04   127.99999654    -3403.10012554
    5020   10.04000000  0.87112434E-13  0.21849971E-13 -0.14102276E-04   127.99999653    -3403.10012609
    5030   10.06000000  0.38230031E-12 -0.94316813E-13 -0.13553393E-04   127.99999653    -3403.10012662
    5040   10.08000000  0.52545822E-12 -0.20957749E-12 -0.12474321E-04   127.99999652    -3403.10012717
    5050   10.10000000  0.39548572E-12 -0.23405225E-12 -0.10953990E-04   127.99999652    -3403.10012773
    5060   10.12000000  0.41627071E-12 -0.20678535E-12 -0.93876148E-05   127.99999651    -3403.10012831
    5070   10.14000000  0.52692339E-12 -0.10646310E-12 -0.80011398E-05   127.99999651    -3403.10012892
    5080   10.16000000  0.50969024E-12  0.85596241E-13 -0.63619874E-05   127.99999650    -3403.10012950
    5090   10.18000000  0.44234367E-12 -0.98422328E-13 -0.41503415E-05   127.99999650    -3403.10013007
    5100   10.20000000  0.41732395E-12 -0.48381264E-12 -0.18269683E-05   127.99999649    -3403.10013066
    5110   10.22000000  0.16674920E-12 -0.61097021E-12  0.29610798E-06   127.99999649    -3403.10013126
    5120   10.24000000 -0.42677018E-13 -0.40561963E-12  0.23224660E-05   127.99999648    -3403.10013184
    5130   10.26000000  0.32009575E-13 -0.67906660E-13  0.45935743E-05   127.99999648    -3403.10013244
    5140   10.28000000 -0.20574058E-12  0.21882418E-13  0.70240227E-05   127.99999648    -3403.10013303
    5150   10.30000000 -0.47332421E-12 -0.18225952E-12  0.90443113E-05   127.99999647    -3403.10013362
    5160   10.32000000 -0.71253104E-12 -0.44681758E-12  0.10826676E-04   127.99999647    -3403.10013421
    5170   10.34000000 -0.77827056E-12 -0.34263534E-12  0.12457770E-04   127.99999646    -3403.10013477
    5180   10.36000000 -0.88639116E-12  0.54047662E-14  0.13804275E-04   127.99999646    -3403.10013536
    5190   10.38000000 -0.93648402E-12  0.36052840E-13  0.15215581E-04   127.99999645    -3403.10013595
    5200   10.40000000 -0.82568589E-12 -0.11219340E-12  0.16518135E-04   127.99999645    -3403.10013652
    5210   10.42000000 -0.43528167E-12 -0.16563189E-12  0.17341979E-04   127.99999644    -3403.10013706
    5220   10.44000000 -0.18260417E-12  0.15416073E-12  0.17481212E-04   127.99999644    -3403.10013758
    5230   10.46000000  0.33404811E-13  0.58991342E-12  0.17340247E-04   127.99999643    -3403.10013815
    5240   10.48000000 -0.69443049E-14  0.72680358E-12  0.17174631E-04   127.99999643    -3403.10013871
    5250   10.50000000  0.28500028E-12  0.59520656E-12  0.16535594E-04   127.99999642    -3403.10013926
    5260   10.52000000  0.63253728E-12  0.49021180E-12  0.15496675E-04   127.99999642    -3403.10013979
    5270   10.54000000  0.13202247E-11  0.34939081E-12  0.13993689E-04   127.99999641    -3403.10014030
    5280   10.56000000  0.17118627E-11  0.49391785E-12  0.12143084E-04   127.99999641    -3403.10014083
    5290   10.58000000  0.15632425E-11  0.53689348E-12  0.10153910E-04   127.99999640    -3403.10014134
    5300   10.60000000  0.11589867E-11  0.38577531E-12  0.78235144E-05   127.99999640    -3403.10014182
    5310   10.62000000  0.85765117E-12  0.26395744E-12  0.54045796E-05   127.99999639    -3403.10014233
    5320   10.64000000  0.59209711E-12  0.86060740E-13  0.30047225E-05   127.99999639    -3403.10014289
    5330   10.66000000  0.22001788E-12 -0.16817271E-12  0.51861935E-06   127.99999638    -3403.10014348
    5340   10.68000000 -0.37269344E-12 -0.57366650E-12 -0.18895178E-05   127.99999638    -3403.10014406
    5350   10.70000000 -0.89927267E-12 -0.63081170E-12 -0.43183548E-05   127.99999637    -3403.10014457
    5360   10.72000000 -0.11681181E-11 -0.69010718E-12 -0.65457839E-05   127.99999637    -3403.10014504
    5370   10.74000000 -0.13881699E-11 -0.71575035E-12 -0.82818335E-05   127.99999636    -3403.10014550
    5380   10.76000000 -0.13983107E-11 -0.76141077E-12 -0.97094060E-05   127.99999636    -3403.10014603
    5390   10.78000000 -0.14063981E-11 -0.52834694E-12 -0.11195896E-04   127.99999635    -3403.10014659
    5400   10.80000000 -0.10715339E-11 -0.50472795E-12 -0.12382991E-04   127.99999635    -3403.10014714
    5410   10.82000000 -0.72496237E-12 -0.61891802E-12 -0.13175570E-04   127.99999634    -3403.10014770
    5420   10.84000000 -0.62892648E-12 -0.56952001E-12 -0.13653759E-04   127.99999634    -3403.10014824
    5430   10.86000000 -0.39997759E-12 -0.30675630E-12 -0.13851270E-04   127.99999633    -3403.10014881
    5440   10.88000000 -0.27673628E-13 -0.40212708E-13 -0.14064178E-04   127.99999633    -3403.10014939
    5450   10.90000000  0.38377238E-12  0.40153079E-12 -0.14238577E-04   127.99999632    -3403.10014994
    5460   10.92000000  0.87461163E-12  0.69902085E-12 -0.14043297E-04   127.99999632    -3403.10015045
    5470   10.94000000  0.12197531E-11  0.92511439E-12 -0.13270268E-04   127.99999632    -3403.10015091
    5480   10.96000000  0.13128912E-11  0.99295464E-12 -0.11815276E-04   127.99999631    -3403.10015137
    5490   10.98000000  0.12850393E-11  0.10544456E-11 -0.10168296E-04   127.99999631    -3403.10015188
    5500   11.00000000  0.12218244E-11  0.11005905E-11 -0.86893771E-05   127.99999630    -3403.10015237
    5510   11.02000000  0.10352123E-11  0.83496422E-12 -0.67719234E-05   127.99999630    -3403.10015282
    5520   11.04000000  0.60331965E-12  0.25572981E-12 -0.43068894E-05   127.99999629    -3403.10015332
    5530   11.06000000  0.18827140E-12 -0.18783444E-12 -0.15314219E-05   127.99999629    -3403.10015388
    5540   11.08000000 -0.75564445E-13 -0.28873883E-12  0.81260705E-06   127.99999628    -3403.10015444
    5550   11.10000000 -0.24492142E-12 -0.33055398E-12  0.28171020E-05   127.99999628    -3403.10015499
    5560   11.12000000 -0.70949429E-12 -0.37769053E-12  0.46708811E-05   127.99999627    -3403.10015555
    5570   11.14000000 -0.11955594E-11 -0.48200338E-12  0.66345513E-05   127.99999627    -3403.10015612
    5580   11.16000000 -0.13959980E-11 -0.32645258E-12  0.88105352E-05   127.99999626    -3403.10015667
    5590   11.18000000 -0.96303267E-12 -0.36253625E-12  0.10366924E-04   127.99999626    -3403.10015722
    5600   11.20000000 -0.47731213E-12 -0.32800973E-12  0.11326007E-04   127.99999625    -3403.10015776
    5610   11.22000000 -0.40219246E-12 -0.39737463E-12  0.12174265E-04   127.99999625    -3403.10015833
    5620   11.24000000 -0.43506422E-12 -0.48951242E-12  0.13107777E-04   127.99999624    -3403.10015891
    5630   11.26000000 -0.39575896E-12 -0.56710596E-12  0.14107278E-04   127.99999624    -3403.10015948
    5640   11.28000000 -0.23806521E-12 -0.32990729E-12  0.14673160E-04   127.99999623    -3403.10016002
    5650   11.30000000  0.17094488E-12 -0.27547274E-12  0.14531454E-04   127.99999623    -3403.10016056
    5660   11.32000000  0.64423317E-12 -0.22419444E-12  0.14277370E-04   127.99999623    -3403.10016110
    5670   11.34000000  0.90208468E-12 -0.11456173E-12  0.14055433E-04   127.99999622    -3403.10016165
    5680   11.36000000  0.86335584E-12  0.13064680E-12  0.13917196E-04   127.99999622    -3403.10016219
    5690   11.38000000  0.70768529E-12  0.40162666E-12  0.13467467E-04   127.99999621    -3403.10016274
    5700   11.40000000  0.51112989E-12  0.46418406E-12  0.12839526E-04   127.99999621    -3403.10016330
    5710   11.42000000  0.40296853E-12  0.43386102E-12  0.12126690E-04   127.99999620    -3403.10016383
    5720   11.44000000  0.34356513E-12  0.53266126E-12  0.11433531E-04   127.99999620    -3403.10016437
    5730   11.46000000  0.30671124E-12  0.55827983E-12  0.10854127E-04   127.99999619    -3403.10016492
    5740   11.48000000 -0.30904285E-13  0.46620666E-12  0.10189259E-04   127.99999619    -3403.10016547
    5750   11.50000000 -0.55881838E-12  0.21432746E-12  0.95902142E-05   127.99999618    -3403.10016602
    5760   11.52000000 -0.94710807E-12 -0.10870470E-13  0.87273206E-05   127.99999618    -3403.10016655
    5770   11.54000000 -0.86603270E-12 -0.13165923E-12  0.77505989E-05   127.99999617    -3403.10016707
    5780   11.56000000 -0.41685329E-12 -0.13204702E-12  0.68392006E-05   127.99999617    -3403.10016757
    5790   11.58000000 -0.17986798E-12 -0.16873750E-12  0.55327723E-05   127.99999616    -3403.10016809
    5800   11.60000000 -0.55359792E-13 -0.30796210E-12  0.40144736E-05   127.99999616    -3403.10016863
    5810   11.62000000 -0.14236290E-12 -0.33676466E-12  0.23280967E-05   127.99999615    -3403.10016914
    5820   11.64000000  0.67581057E-14 -0.12125573E-12  0.64483346E-06   127.99999615    -3403.10016962
    5830   11.66000000  0.40733292E-12  0.64039598E-14 -0.10753605E-05   127.99999615    -3403.10017007
    5840   11.68000000  0.56945848E-12  0.33999485E-13 -0.33576477E-05   127.99999614    -3403.10017060
    5850   11.70000000  0.51815937E-12 -0.19441330E-13 -0.55472118E-05   127.99999614    -3403.10017116
    5860   11.72000000  0.33062321E-12  0.21153722E-12 -0.74114969E-05   127.99999613    -3403.10017171
    5870   11.74000000  0.15036673E-12  0.18477398E-12 -0.92475868E-05   127.99999613    -3403.10017223
    5880   11.76000000  0.11250602E-12  0.46016401E-13 -0.10744705E-04   127.99999612    -3403.10017275
    5890   11.78000000 -0.10939464E-12 -0.13691507E-12 -0.12117824E-04   127.99999612    -3403.10017328
    5900   11.80000000 -0.29521343E-12 -0.31661070E-12 -0.13498650E-04   127.99999611    -3403.10017380
    5910   11.82000000 -0.25869373E-12 -0.25158099E-12 -0.14741377E-04   127.99999611    -3403.10017430
    5920   11.84000000 -0.54441226E-13 -0.25891423E-13 -0.15544398E-04   127.99999610    -3403.10017479
    5930   11.86000000  0.17267005E-12 -0.63302476E-13 -0.16017841E-04   127.99999610    -3403.10017531
    5940   11.88000000  0.53261869E-13 -0.37539887E-12 -0.16299319E-04   127.99999609    -3403.10017586
    5950   11.90000000 -0.69765330E-13 -0.56567114E-12 -0.16273572E-04   127.99999609    -3403.10017640
    5960   11.92000000 -0.44153060E-12 -0.32071088E-12 -0.16396365E-04   127.99999609    -3403.10017694
    5970   11.94000000 -0.45325050E-12 -0.45954111E-13 -0.16510998E-04   127.99999608    -3403.10017747
    5980   11.96000000 -0.15100344E-12  0.11787914E-12 -0.16174861E-04   127.99999608    -3403.10017797
    5990   11.98000000 -0.66823742E-13  0.19466535E-12 -0.15289525E-04   127.99999607    -3403.10017843
    6000   12.00000000 -0.21022523E-13  0.40114890E-12 -0.13962867E-04   127.99999607    -3403.10017888
=== application breakdown [s] ===
total calculation time,2821.18486595
rt calculation                         min         max     average   std. dev.  difference    relative
rt initialization              0.19789E-04 0.32902E-04 0.26862E-04 0.54030E-05 0.13113E-04 0.16627E+01
reading lda data               0.53036E+00 0.53054E+00 0.53046E+00 0.75137E-04 0.18191E-03 0.10003E+01
reading rt data                0.70906E-03 0.73385E-03 0.72098E-03 0.10145E-04 0.24796E-04 0.10350E+01
prep. time prop.               0.74387E-03 0.28760E-02 0.21643E-02 0.10044E-02 0.21322E-02 0.38663E+01
rt iterations                  0.28203E+04 0.28203E+04 0.28203E+04         NaN 0.35763E-04 0.10000E+01
after writing rt data          0.12159E-04 0.14834E+00 0.49455E-01 0.69922E-01 0.14833E+00 0.12200E+05
in rt iterations                       min         max     average   std. dev.  difference    relative
Vbox                           0.60708E+00 0.71578E+00 0.66896E+00 0.45637E-01 0.10870E+00 0.11791E+01
time propagation               0.22082E+04 0.22107E+04 0.22098E+04 0.11390E+01 0.25717E+01 0.10012E+01
calculating rho                0.18419E+02 0.19075E+02 0.18641E+02 0.30699E+00 0.65611E+00 0.10356E+01
Hartree routine                0.26716E+01 0.58037E+01 0.38526E+01 0.13898E+01 0.31321E+01 0.21724E+01
Exc_Cor routine                0.34585E+00 0.42673E+00 0.39762E+00 0.36700E-01 0.80876E-01 0.12338E+01
calculating curr               0.52419E+03 0.52438E+03 0.52426E+03 0.84463E-01 0.19295E+00 0.10004E+01
calc. projection               0.99850E-03 0.10931E-02 0.10362E-02 0.40946E-04 0.94652E-04 0.10948E+01
writing energies               0.46766E+00 0.62024E+00 0.56902E+00 0.71674E-01 0.15258E+00 0.13263E+01
calc_eigen_energy              0.61349E+02 0.61361E+02 0.61354E+02 0.53950E-02 0.11780E-01 0.10002E+01
calc_total_energy_periodic     0.47321E+00 0.49217E+00 0.48535E+00 0.86069E-02 0.18963E-01 0.10401E+01
writing info etc.              0.59416E-02 0.18383E+00 0.65942E-01 0.83363E-01 0.17789E+00 0.30939E+02
total_energy module                    min         max     average   std. dev.  difference    relative
periodic calc.                 0.37021E+00 0.39385E+00 0.37954E+00 0.10271E-01 0.23638E-01 0.10638E+01
periodic comm. coll.           0.93781E-01 0.11430E+00 0.10268E+00 0.85941E-02 0.20520E-01 0.12188E+01
eigen_energy calc.             0.39800E+01 0.40564E+01 0.40189E+01 0.31196E-01 0.76372E-01 0.10192E+01
eigen_energy comm. coll.       0.15929E+00 0.44064E+00 0.25769E+00 0.12949E+00 0.28135E+00 0.27662E+01
eigen_energy hpsi              0.55280E+02 0.55580E+02 0.55470E+02 0.13497E+00 0.29995E+00 0.10054E+01
density_matrix module                  min         max     average   std. dev.  difference    relative
density calc.                  0.17882E+02 0.18508E+02 0.18097E+02 0.29107E+00 0.62593E+00 0.10350E+01
density comm. coll.            0.32994E-01 0.34134E-01 0.33561E-01 0.46566E-03 0.11406E-02 0.10346E+01
current calc.                  0.39609E+02 0.39843E+02 0.39744E+02 0.98685E-01 0.23325E+00 0.10059E+01
current rDivided uVpsi calc.   0.49204E+02 0.49861E+02 0.49634E+02 0.30419E+00 0.65688E+00 0.10134E+01
current comm. coll.            0.63882E+01 0.27652E+02 0.19887E+02 0.95811E+01 0.21264E+02 0.43286E+01
current comm. halo.            0.40705E+03 0.42896E+03 0.41494E+03 0.99378E+01 0.21908E+02 0.10538E+01
conjugate_gradient module              min         max     average   std. dev.  difference    relative
subspace_diag module                   min         max     average   std. dev.  difference    relative
subspace_diag so module                min         max     average   std. dev.  difference    relative
force module                           min         max     average   std. dev.  difference    relative
init_ps                                min         max     average   std. dev.  difference    relative
hamiltonian module                     min         max     average   std. dev.  difference    relative
total                          0.21703E+04 0.21733E+04 0.21722E+04 0.13030E+01 0.30095E+01 0.10014E+01
update overlap (comm.)         0.16658E+04 0.17719E+04 0.17022E+04 0.49347E+02 0.10616E+03 0.10637E+01
stencil                        0.14942E+03 0.14970E+03 0.14951E+03 0.13229E+00 0.28277E+00 0.10019E+01
subtraction                    0.25574E+01 0.25736E+01 0.25636E+01 0.71654E-02 0.16269E-01 0.10064E+01
pseudo-pt                      0.19352E+03 0.22168E+03 0.21070E+03 0.12307E+02 0.28163E+02 0.11455E+01
pseudo-pt (comm.)              0.10175E+03 0.18544E+03 0.15675E+03 0.38905E+02 0.83687E+02 0.18225E+01
hpsi-overlapped                        min         max     average   std. dev.  difference    relative
checkpoint/restart                     min         max     average   std. dev.  difference    relative
restart self                   0.38270E+00 0.40128E+00 0.38896E+00 0.87129E-02 0.18574E-01 0.10485E+01
restart sync                   0.40129E+00 0.40228E+00 0.40180E+00 0.40322E-03 0.98586E-03 0.10025E+01
=== performance [GFLOPS] ===
end SALMON
