Looking for simulation folders in: /raven/ptmp/truzaikin/Si/orthogonal/Jan/Jan13, excluding 'slurm_logs'
Found 4 simulation folders (excluding 'slurm_logs') in /raven/ptmp/truzaikin/Si/orthogonal/Jan/Jan13.
There are 4 simulation folders.
Output/Error logs will be in the 'slurm_logs' directory.
--- Task Start ---
SLURM Array Job ID: 23695366
SLURM Array Task ID: 4
Parent Simulation Directory: /raven/ptmp/truzaikin/Si/orthogonal/Jan/Jan13
Processing folder: /raven/ptmp/truzaikin/Si/orthogonal/Jan/Jan13/c111_s0.00_r18_k16_a1_i800_t9_p3.5d9_8d12
Current directory: /raven/ptmp/truzaikin/Si/orthogonal/Jan/Jan13/c111_s0.00_r18_k16_a1_i800_t9_p3.5d9_8d12
SLURM_JOB_NUM_NODES = 125
OMP_NUM_THREADS = 72
--- Task 4 completed for folder /raven/ptmp/truzaikin/Si/orthogonal/Jan/Jan13/c111_s0.00_r18_k16_a1_i800_t9_p3.5d9_8d12 ---
                                  
================================= 
Global information about the job: 
================================= 
  
Job owner: truzaikin(75115)
Job name:  salmon
Node list: ravc[2001-2036,2039,2041-2072,2185-2192,2216,2229-2230,2253-2254,2279-2288,2332-2335,2340,2343,2353,2355,2507-2512,2514,2517-2518,2520-2535]
Job start: Tue Jan 13 12:10:32 CET 2026
Job end:   Tue Jan 13 12:15:40 CET 2026
Work dir:  /ptmp/truzaikin/Si/orthogonal/Jan/Jan13/./
Command:   /raven/ptmp/truzaikin/Si/orthogonal/Jan/Jan13/SUBMIT_RAVEN.sh
  
  
  
==========================================================================================
Information on jobsteps (Note: MaxRSS/AveRSS is the maximum/average over all 
tasks of the per-task memory high-water marks; cf. "man sacct"): 
==========================================================================================
  
JobID            JobName NNodes NTasks  NCPUS       MaxRSS       AveRSS    Elapsed ExitCode
------------- ---------- ------ ------ ------ ------------ ------------ ---------- --------
23695366_4        salmon    125         18000                             00:05:08      0:0
23695366_4.0      salmon    125    125  18000     1529.06M     1481.01M   00:00:47      0:0
23695366_4.1      salmon    125    125  18000      632.57M      610.75M   00:02:12      0:0
23695366_4.2      salmon    125    125  18000      602.67M      590.35M   00:02:06      0:0
  
Maximum memory per node: 1.603338 GB (defined as MaxRSS*Ntasks/NNodes)
CPU utilization: 86.0 %
  
