Looking for simulation folders in: /raven/ptmp/truzaikin/Si/orthogonal/Jan/Jan13, excluding 'slurm_logs'
Found 4 simulation folders (excluding 'slurm_logs') in /raven/ptmp/truzaikin/Si/orthogonal/Jan/Jan13.
There are 4 simulation folders.
Output/Error logs will be in the 'slurm_logs' directory.
--- Task Start ---
SLURM Array Job ID: 23695366
SLURM Array Task ID: 3
Parent Simulation Directory: /raven/ptmp/truzaikin/Si/orthogonal/Jan/Jan13
Processing folder: /raven/ptmp/truzaikin/Si/orthogonal/Jan/Jan13/c111_s0.00_r18_k16_a1_i800_t9_p3.5d9_5d11
Current directory: /raven/ptmp/truzaikin/Si/orthogonal/Jan/Jan13/c111_s0.00_r18_k16_a1_i800_t9_p3.5d9_5d11
SLURM_JOB_NUM_NODES = 125
OMP_NUM_THREADS = 72
--- Task 3 completed for folder /raven/ptmp/truzaikin/Si/orthogonal/Jan/Jan13/c111_s0.00_r18_k16_a1_i800_t9_p3.5d9_5d11 ---
                                  
================================= 
Global information about the job: 
================================= 
  
Job owner: truzaikin(75115)
Job name:  salmon
Node list: ravc[2001-2036,2039,2041-2072,2185-2192,2216,2229-2230,2253-2254,2279-2288,2332-2335,2340,2343,2353,2355,2507-2512,2514,2517-2518,2520-2535]
Job start: Tue Jan 13 12:04:58 CET 2026
Job end:   Tue Jan 13 12:10:02 CET 2026
Work dir:  /ptmp/truzaikin/Si/orthogonal/Jan/Jan13/./
Command:   /raven/ptmp/truzaikin/Si/orthogonal/Jan/Jan13/SUBMIT_RAVEN.sh
  
  
  
==========================================================================================
Information on jobsteps (Note: MaxRSS/AveRSS is the maximum/average over all 
tasks of the per-task memory high-water marks; cf. "man sacct"): 
==========================================================================================
  
JobID            JobName NNodes NTasks  NCPUS       MaxRSS       AveRSS    Elapsed ExitCode
------------- ---------- ------ ------ ------ ------------ ------------ ---------- --------
23695366_3        salmon    125         18000                             00:05:04      0:0
23695366_3.0      salmon    125    125  18000     1493.28M     1469.68M   00:00:46      0:0
23695366_3.1      salmon    125    125  18000      626.06M      609.24M   00:02:11      0:0
23695366_3.2      salmon    125    125  18000      600.59M      590.85M   00:02:04      0:0
  
Maximum memory per node: 1.565815 GB (defined as MaxRSS*Ntasks/NNodes)
CPU utilization: 86.7 %
  
