##############################################################################
# SALMON: Scalable Ab-initio Light-Matter simulator for Optics and Nanoscience
#
#                             Version 2.2.1
##############################################################################
  Libxc: [enabled] 6.2.2
   theory= tddft_response
 
 Total time step      =        6000
 Time step[fs]        =  2.000000000000000E-003
 Energy range         =        1200
 Energy resolution[eV]=  1.000000000000000E-002
 Field strength[a.u.] =  1.000000000000000E-002
   use of real value orbitals =  F
 ======
 MPI distribution:
   nproc_k     :           1
   nproc_ob    :           1
   nproc_rgrid :           1           1           3
 OpenMP parallelization:
   number of threads :          72
 hpsi stencil:
   enables hand-coding vectorization : T
   enables openmp parallelization    : F
 current:
   k,orbital parallelized of openmp  : T
 force:
   k,orbital parallelized of openmp  : T
 ===================pseudopotential data===================
 ik ,atom_symbol=           1 Si
 ps_format =KY              
 ps_file =./Si_rps.dat
 Zps(ik), Mlps(ik) =           4           2
 Rps(ik), NRps(ik) =   2.26767135054939              122
 Lref(ik) =           2
 nproj(ik,l) =           1           1           1
 anorm(ik,l) =  0.6193218      0.3646551      0.0000000E+00
 inorm(ik,l) =           1           1           0
 Mass(ik) =   28.0000000000000     
 flag_nlcc_element(ik) = F
 ==========================================================
 flag_nlcc =  F
 
 ============init_ps==============
 end init_ps
 Maximal rho_NLCC= 0.000000000000000E+000
 Maximal tau_NLCC= 0.000000000000000E+000
 == Ewald ==
 cutoff length in real-space in ewald =  4.00 [A]
 (buffer length in bookkeeping =  2.00 [A])
 cutoff length in G-space in ewald =  0.1870828864+102 [1/A]
 number of ion-ion pair(/atom) used for allocation of bookkeeping=    69
 ===========
   Static dipole moment(xyz) =   -0.6972734863E+03   -0.6972734866E+03   -0.3497452661E+03
 
 
  time-step  time[fs]                               Current(xyz)[a.u.]      electrons Total energy[eV] 
#----------------------------------------------------------------------
      10    0.02000000 -0.16293245E-12  0.18946810E-11  0.24901585E-03   127.99999999    -3403.10527882
      20    0.04000000 -0.31007632E-12  0.18946709E-11  0.21976179E-03   127.99999997    -3403.10527943
      30    0.06000000 -0.27524455E-12  0.18718778E-11  0.20049569E-03   127.99999996    -3403.10526532
      40    0.08000000 -0.14221187E-12  0.12994094E-11  0.17947214E-03   127.99999994    -3403.10526361
      50    0.10000000  0.19629559E-12  0.39754918E-12  0.15265259E-03   127.99999993    -3403.10526347
      60    0.12000000  0.45483661E-12 -0.41732871E-12  0.12271676E-03   127.99999992    -3403.10525286
      70    0.14000000  0.47125811E-12 -0.10075504E-11  0.92238702E-04   127.99999990    -3403.10523843
      80    0.16000000  0.44980050E-12 -0.15667751E-11  0.63363826E-04   127.99999989    -3403.10522818
      90    0.18000000  0.27986881E-12 -0.15319044E-11  0.39272443E-04   127.99999988    -3403.10522343
     100    0.20000000 -0.68483466E-13 -0.14664742E-11  0.18018897E-04   127.99999987    -3403.10522480
     110    0.22000000 -0.15663497E-12 -0.11438210E-11 -0.37308743E-05   127.99999985    -3403.10522738
     120    0.24000000 -0.65080801E-12 -0.92210745E-12 -0.24284792E-04   127.99999984    -3403.10522952
     130    0.26000000 -0.11422136E-11 -0.54829157E-12 -0.42856116E-04   127.99999983    -3403.10523152
     140    0.28000000 -0.16098933E-11 -0.32112756E-12 -0.61217887E-04   127.99999982    -3403.10523392
     150    0.30000000 -0.18278821E-11 -0.10318246E-12 -0.79595885E-04   127.99999981    -3403.10523554
     160    0.32000000 -0.18436208E-11  0.12412701E-12 -0.96312815E-04   127.99999979    -3403.10523507
     170    0.34000000 -0.14081855E-11  0.63842295E-12 -0.10817800E-03   127.99999978    -3403.10523351
     180    0.36000000 -0.53911711E-12  0.79238346E-12 -0.11743531E-03   127.99999977    -3403.10523139
     190    0.38000000  0.44125412E-12  0.65122156E-12 -0.12446715E-03   127.99999976    -3403.10522947
     200    0.40000000  0.15828047E-11  0.60046464E-12 -0.12990814E-03   127.99999975    -3403.10522841
     210    0.42000000  0.22626162E-11  0.65304979E-12 -0.13447665E-03   127.99999974    -3403.10522795
     220    0.44000000  0.24742813E-11  0.71764425E-12 -0.13671962E-03   127.99999973    -3403.10522761
     230    0.46000000  0.27526331E-11  0.61020281E-12 -0.13514928E-03   127.99999971    -3403.10522780
     240    0.48000000  0.24970872E-11  0.49587196E-12 -0.13103897E-03   127.99999970    -3403.10522906
     250    0.50000000  0.17793452E-11  0.17426280E-12 -0.12693280E-03   127.99999969    -3403.10523062
     260    0.52000000  0.11158707E-11  0.11548340E-12 -0.12204074E-03   127.99999968    -3403.10523179
     270    0.54000000  0.45659433E-12 -0.27611164E-12 -0.11532191E-03   127.99999967    -3403.10523291
     280    0.56000000  0.14619761E-12 -0.47097110E-12 -0.10833013E-03   127.99999966    -3403.10523444
     290    0.58000000 -0.78297134E-13 -0.62346855E-12 -0.10063962E-03   127.99999965    -3403.10523612
     300    0.60000000 -0.15631409E-12 -0.42992740E-12 -0.92131715E-04   127.99999964    -3403.10523745
     310    0.62000000 -0.62316872E-12 -0.21415964E-12 -0.82014612E-04   127.99999963    -3403.10523886
     320    0.64000000 -0.12177782E-11  0.62464317E-13 -0.71197130E-04   127.99999962    -3403.10524048
     330    0.66000000 -0.15300330E-11  0.10916413E-12 -0.60900933E-04   127.99999961    -3403.10524219
     340    0.68000000 -0.17927275E-11  0.24860404E-12 -0.50885682E-04   127.99999960    -3403.10524382
     350    0.70000000 -0.19525751E-11  0.42917480E-12 -0.40253843E-04   127.99999959    -3403.10524551
     360    0.72000000 -0.19253178E-11  0.79685175E-12 -0.28350512E-04   127.99999958    -3403.10524705
     370    0.74000000 -0.18560068E-11  0.75249115E-12 -0.15202134E-04   127.99999957    -3403.10524865
     380    0.76000000 -0.16146061E-11  0.92771773E-12 -0.32237169E-05   127.99999956    -3403.10525006
     390    0.78000000 -0.14322793E-11  0.54487613E-12  0.68272884E-05   127.99999955    -3403.10525057
     400    0.80000000 -0.99163985E-12  0.33039060E-12  0.15633433E-04   127.99999954    -3403.10525116
     410    0.82000000 -0.64705696E-12 -0.23377243E-12  0.25195842E-04   127.99999953    -3403.10525239
     420    0.84000000 -0.11242375E-12 -0.55820150E-12  0.35397063E-04   127.99999952    -3403.10525396
     430    0.86000000  0.66235483E-12 -0.12228231E-11  0.45094130E-04   127.99999951    -3403.10525530
     440    0.88000000  0.18581506E-11 -0.14885917E-11  0.52887523E-04   127.99999950    -3403.10525641
     450    0.90000000  0.26473035E-11 -0.15957032E-11  0.58521465E-04   127.99999949    -3403.10525765
     460    0.92000000  0.31140088E-11 -0.15159959E-11  0.64316699E-04   127.99999948    -3403.10525911
     470    0.94000000  0.30218305E-11 -0.16498677E-11  0.70727167E-04   127.99999947    -3403.10526041
     480    0.96000000  0.21095961E-11 -0.15707140E-11  0.75694663E-04   127.99999946    -3403.10526161
     490    0.98000000  0.10049566E-11 -0.13106999E-11  0.79128264E-04   127.99999945    -3403.10526282
     500    1.00000000 -0.19856501E-12 -0.52963556E-12  0.82175338E-04   127.99999944    -3403.10526410
     510    1.02000000 -0.95060685E-12  0.17353239E-12  0.83894966E-04   127.99999943    -3403.10526520
     520    1.04000000 -0.13899590E-11  0.81001290E-12  0.83881935E-04   127.99999942    -3403.10526615
     530    1.06000000 -0.15064559E-11  0.13074063E-11  0.84181805E-04   127.99999941    -3403.10526717
     540    1.08000000 -0.13789813E-11  0.15542673E-11  0.83888666E-04   127.99999940    -3403.10526791
     550    1.10000000 -0.10523715E-11  0.18520286E-11  0.81298084E-04   127.99999939    -3403.10526892
     560    1.12000000 -0.76408269E-12  0.19615836E-11  0.78077991E-04   127.99999938    -3403.10527034
     570    1.14000000 -0.48202689E-12  0.19250425E-11  0.74269365E-04   127.99999937    -3403.10527170
     580    1.16000000 -0.23610205E-12  0.17415022E-11  0.69586248E-04   127.99999936    -3403.10527297
     590    1.18000000 -0.20638946E-12  0.14712821E-11  0.64349181E-04   127.99999935    -3403.10527425
     600    1.20000000 -0.19317469E-12  0.11548964E-11  0.58704725E-04   127.99999934    -3403.10527573
     610    1.22000000 -0.29628894E-13  0.46022665E-12  0.53283028E-04   127.99999933    -3403.10527713
     620    1.24000000  0.23432658E-12 -0.75195355E-13  0.46855707E-04   127.99999933    -3403.10527850
     630    1.26000000  0.29057151E-12 -0.77222202E-12  0.39904742E-04   127.99999932    -3403.10527986
     640    1.28000000  0.29988345E-12 -0.12298994E-11  0.33287018E-04   127.99999931    -3403.10528119
     650    1.30000000  0.99851301E-13 -0.15557298E-11  0.26934361E-04   127.99999930    -3403.10528256
     660    1.32000000 -0.48672190E-13 -0.15500089E-11  0.20737143E-04   127.99999929    -3403.10528392
     670    1.34000000 -0.12643056E-13 -0.16937371E-11  0.14210723E-04   127.99999928    -3403.10528528
     680    1.36000000 -0.47131012E-13 -0.16706914E-11  0.74953004E-05   127.99999927    -3403.10528662
     690    1.38000000  0.32623571E-12 -0.15918536E-11  0.11797196E-05   127.99999926    -3403.10528795
     700    1.40000000  0.62092922E-12 -0.13635802E-11 -0.46674866E-05   127.99999925    -3403.10528923
     710    1.42000000  0.98438254E-12 -0.10610639E-11 -0.10443148E-04   127.99999924    -3403.10529050
     720    1.44000000  0.12183459E-11 -0.41947035E-12 -0.16407739E-04   127.99999924    -3403.10529177
     730    1.46000000  0.82043807E-12  0.15285269E-12 -0.21877540E-04   127.99999923    -3403.10529296
     740    1.48000000  0.88531237E-13  0.58220683E-12 -0.26803906E-04   127.99999922    -3403.10529417
     750    1.50000000 -0.84406863E-12  0.10371826E-11 -0.31908922E-04   127.99999921    -3403.10529546
     760    1.52000000 -0.13181135E-11  0.11810504E-11 -0.37406351E-04   127.99999920    -3403.10529670
     770    1.54000000 -0.14410429E-11  0.12156064E-11 -0.42401609E-04   127.99999919    -3403.10529795
     780    1.56000000 -0.13225774E-11  0.10325401E-11 -0.46609476E-04   127.99999918    -3403.10529921
     790    1.58000000 -0.94724120E-12  0.94003353E-12 -0.50682264E-04   127.99999917    -3403.10530031
     800    1.60000000 -0.35556363E-12  0.82557204E-12 -0.53852301E-04   127.99999917    -3403.10530124
     810    1.62000000  0.16935884E-12  0.83680226E-12 -0.55587594E-04   127.99999916    -3403.10530232
     820    1.64000000  0.57355324E-12  0.79757025E-12 -0.57058590E-04   127.99999915    -3403.10530354
     830    1.66000000  0.64890012E-12  0.43749965E-12 -0.58636917E-04   127.99999914    -3403.10530476
     840    1.68000000  0.98421672E-12  0.30578439E-12 -0.59889147E-04   127.99999913    -3403.10530595
     850    1.70000000  0.11318036E-11  0.62510060E-13 -0.60130085E-04   127.99999912    -3403.10530712
     860    1.72000000  0.11985439E-11  0.29866663E-13 -0.59721593E-04   127.99999911    -3403.10530836
     870    1.74000000  0.12216610E-11 -0.18147292E-12 -0.59265698E-04   127.99999911    -3403.10530964
     880    1.76000000  0.10213014E-11 -0.40016214E-12 -0.59036062E-04   127.99999910    -3403.10531090
     890    1.78000000  0.50661966E-12 -0.29725179E-12 -0.58745716E-04   127.99999909    -3403.10531203
     900    1.80000000 -0.12678048E-12 -0.35914344E-12 -0.57161914E-04   127.99999908    -3403.10531288
     910    1.82000000 -0.72006692E-12 -0.32000947E-12 -0.53997453E-04   127.99999907    -3403.10531371
     920    1.84000000 -0.11492448E-11 -0.83207496E-12 -0.49682341E-04   127.99999906    -3403.10531457
     930    1.86000000 -0.13074904E-11 -0.90140988E-12 -0.44446858E-04   127.99999906    -3403.10531533
     940    1.88000000 -0.10816930E-11 -0.10716399E-11 -0.38041162E-04   127.99999905    -3403.10531599
     950    1.90000000 -0.71926515E-12 -0.75182126E-12 -0.30409122E-04   127.99999904    -3403.10531677
     960    1.92000000 -0.27249059E-12 -0.61882046E-12 -0.22483696E-04   127.99999903    -3403.10531770
     970    1.94000000  0.30333651E-12 -0.23280614E-12 -0.13885315E-04   127.99999902    -3403.10531876
     980    1.96000000  0.49202499E-12  0.96027953E-13 -0.46398239E-05   127.99999901    -3403.10531985
     990    1.98000000  0.22874741E-12  0.57170234E-12  0.51023662E-05   127.99999901    -3403.10532086
    1000    2.00000000 -0.16843115E-12  0.70609081E-12  0.14998229E-04   127.99999900    -3403.10532179
    1010    2.02000000 -0.59108127E-12  0.57047529E-12  0.24130287E-04   127.99999899    -3403.10532278
    1020    2.04000000 -0.81378682E-12  0.15388432E-12  0.32281142E-04   127.99999898    -3403.10532382
    1030    2.06000000 -0.99671278E-12 -0.12594549E-12  0.39445673E-04   127.99999897    -3403.10532482
    1040    2.08000000 -0.83528650E-12 -0.24141291E-12  0.46377535E-04   127.99999897    -3403.10532571
    1050    2.10000000 -0.48769340E-12 -0.39545018E-12  0.52819096E-04   127.99999896    -3403.10532617
    1060    2.12000000 -0.21961478E-12 -0.48356480E-12  0.57617788E-04   127.99999895    -3403.10532649
    1070    2.14000000  0.11415480E-12 -0.47963004E-12  0.60894066E-04   127.99999894    -3403.10532725
    1080    2.16000000  0.39532962E-12 -0.25546505E-12  0.63407598E-04   127.99999893    -3403.10532819
    1090    2.18000000  0.69862655E-12  0.90463134E-13  0.64798753E-04   127.99999892    -3403.10532903
    1100    2.20000000  0.96842743E-12  0.29404016E-12  0.65050185E-04   127.99999892    -3403.10532980
    1110    2.22000000  0.10162071E-11  0.39083908E-12  0.64546216E-04   127.99999891    -3403.10533067
    1120    2.24000000  0.10285226E-11  0.37267398E-12  0.63461463E-04   127.99999890    -3403.10533170
    1130    2.26000000  0.75363362E-12  0.72270478E-12  0.61819943E-04   127.99999889    -3403.10533260
    1140    2.28000000  0.41361771E-12  0.83047388E-12  0.59011649E-04   127.99999889    -3403.10533334
    1150    2.30000000  0.32378832E-12  0.10364022E-11  0.54946711E-04   127.99999888    -3403.10533416
    1160    2.32000000  0.27580594E-12  0.11440355E-11  0.49760888E-04   127.99999887    -3403.10533517
    1170    2.34000000  0.11024101E-12  0.77205595E-12  0.44183342E-04   127.99999886    -3403.10533618
    1180    2.36000000  0.30241017E-13  0.52882380E-12  0.38495947E-04   127.99999885    -3403.10533719
    1190    2.38000000  0.79466738E-13  0.32094993E-13  0.32921213E-04   127.99999885    -3403.10533828
    1200    2.40000000  0.24277849E-12 -0.21952309E-12  0.27126544E-04   127.99999884    -3403.10533937
    1210    2.42000000  0.55631943E-12 -0.45231392E-12  0.20395525E-04   127.99999883    -3403.10534038
    1220    2.44000000  0.60812331E-12 -0.44568431E-12  0.13650151E-04   127.99999882    -3403.10534128
    1230    2.46000000  0.38499985E-12 -0.48476713E-12  0.70944820E-05   127.99999881    -3403.10534212
    1240    2.48000000  0.12183428E-13 -0.50851483E-12  0.74895433E-06   127.99999881    -3403.10534304
    1250    2.50000000 -0.61364360E-12 -0.52659588E-12 -0.54125059E-05   127.99999880    -3403.10534409
    1260    2.52000000 -0.12855362E-11 -0.77977663E-12 -0.11286438E-04   127.99999879    -3403.10534512
    1270    2.54000000 -0.18729842E-11 -0.81021941E-12 -0.16920282E-04   127.99999878    -3403.10534606
    1280    2.56000000 -0.22278461E-11 -0.10162180E-11 -0.21999193E-04   127.99999878    -3403.10534697
    1290    2.58000000 -0.23545711E-11 -0.10039111E-11 -0.26316043E-04   127.99999877    -3403.10534791
    1300    2.60000000 -0.21105654E-11 -0.85348649E-12 -0.30259738E-04   127.99999876    -3403.10534890
    1310    2.62000000 -0.15500107E-11 -0.43799639E-12 -0.33954463E-04   127.99999875    -3403.10534978
    1320    2.64000000 -0.66125494E-12 -0.25574030E-12 -0.36796678E-04   127.99999875    -3403.10535060
    1330    2.66000000  0.34797173E-12  0.37483444E-13 -0.38497218E-04   127.99999874    -3403.10535148
    1340    2.68000000  0.13482957E-11  0.15609177E-12 -0.39419469E-04   127.99999873    -3403.10535249
    1350    2.70000000  0.20349388E-11  0.45306014E-12 -0.40582625E-04   127.99999872    -3403.10535360
    1360    2.72000000  0.22119822E-11  0.35766406E-12 -0.41601516E-04   127.99999872    -3403.10535468
    1370    2.74000000  0.23108323E-11  0.73382833E-12 -0.41641579E-04   127.99999871    -3403.10535565
    1380    2.76000000  0.21274905E-11  0.10266950E-11 -0.40621063E-04   127.99999870    -3403.10535659
    1390    2.78000000  0.18838716E-11  0.13801928E-11 -0.38919909E-04   127.99999869    -3403.10535757
    1400    2.80000000  0.16272629E-11  0.15017650E-11 -0.37116024E-04   127.99999869    -3403.10535850
    1410    2.82000000  0.12134161E-11  0.15350544E-11 -0.35258940E-04   127.99999868    -3403.10535947
    1420    2.84000000  0.62821133E-12  0.12512903E-11 -0.32855840E-04   127.99999867    -3403.10536043
    1430    2.86000000  0.80637611E-13  0.87480301E-12 -0.29310203E-04   127.99999866    -3403.10536136
    1440    2.88000000 -0.30452204E-12  0.37703923E-12 -0.25234536E-04   127.99999866    -3403.10536245
    1450    2.90000000 -0.77050569E-12 -0.16970891E-12 -0.21501598E-04   127.99999865    -3403.10536353
    1460    2.92000000 -0.10062964E-11 -0.77567072E-12 -0.17446934E-04   127.99999864    -3403.10536459
    1470    2.94000000 -0.11531225E-11 -0.96769461E-12 -0.12823534E-04   127.99999863    -3403.10536565
    1480    2.96000000 -0.12396110E-11 -0.13662860E-11 -0.78727825E-05   127.99999863    -3403.10536665
    1490    2.98000000 -0.14103469E-11 -0.16509521E-11 -0.31172981E-05   127.99999862    -3403.10536761
    1500    3.00000000 -0.13298591E-11 -0.18976834E-11  0.12986430E-05   127.99999861    -3403.10536862
    1510    3.02000000 -0.14799148E-11 -0.18422201E-11  0.56700592E-05   127.99999860    -3403.10536960
    1520    3.04000000 -0.16164077E-11 -0.16803908E-11  0.10354120E-04   127.99999860    -3403.10537060
    1530    3.06000000 -0.16623667E-11 -0.14068260E-11  0.14807073E-04   127.99999859    -3403.10537157
    1540    3.08000000 -0.17013890E-11 -0.91374472E-12  0.18701706E-04   127.99999858    -3403.10537257
    1550    3.10000000 -0.13446861E-11 -0.63064118E-12  0.22258251E-04   127.99999857    -3403.10537358
    1560    3.12000000 -0.55402172E-12 -0.10674637E-12  0.25691234E-04   127.99999857    -3403.10537453
    1570    3.14000000  0.55838902E-12  0.31465098E-12  0.28635751E-04   127.99999856    -3403.10537548
    1580    3.16000000  0.15078765E-11  0.76859658E-12  0.31225160E-04   127.99999855    -3403.10537647
    1590    3.18000000  0.22628228E-11  0.10859137E-11  0.33913021E-04   127.99999855    -3403.10537737
    1600    3.20000000  0.24833502E-11  0.14930025E-11  0.35462495E-04   127.99999854    -3403.10537814
    1610    3.22000000  0.23164559E-11  0.16718132E-11  0.35969512E-04   127.99999853    -3403.10537897
    1620    3.24000000  0.18788241E-11  0.20684186E-11  0.36553152E-04   127.99999852    -3403.10537988
    1630    3.26000000  0.11447742E-11  0.19343502E-11  0.36845416E-04   127.99999852    -3403.10538059
    1640    3.28000000  0.60634408E-12  0.19430021E-11  0.35470773E-04   127.99999851    -3403.10538130
    1650    3.30000000  0.29181648E-12  0.16803880E-11  0.33284461E-04   127.99999850    -3403.10538219
    1660    3.32000000 -0.53214604E-13  0.13997255E-11  0.30870138E-04   127.99999849    -3403.10538316
    1670    3.34000000 -0.33663144E-12  0.75409909E-12  0.28456060E-04   127.99999849    -3403.10538413
    1680    3.36000000 -0.49675665E-12  0.19392731E-12  0.25572542E-04   127.99999848    -3403.10538508
    1690    3.38000000 -0.78620469E-12 -0.37646002E-12  0.22245072E-04   127.99999847    -3403.10538593
    1700    3.40000000 -0.79058225E-12 -0.89648884E-12  0.18866581E-04   127.99999847    -3403.10538678
    1710    3.42000000 -0.83968524E-12 -0.13015038E-11  0.15635566E-04   127.99999846    -3403.10538775
    1720    3.44000000 -0.66866503E-12 -0.17021136E-11  0.12102226E-04   127.99999845    -3403.10538872
    1730    3.46000000 -0.45122857E-12 -0.19148367E-11  0.86933550E-05   127.99999845    -3403.10538965
    1740    3.48000000 -0.46869529E-13 -0.19678842E-11  0.51775252E-05   127.99999844    -3403.10539060
    1750    3.50000000  0.34523608E-12 -0.20068380E-11  0.14346772E-05   127.99999843    -3403.10539157
    1760    3.52000000  0.50315033E-12 -0.18053368E-11 -0.23498818E-05   127.99999842    -3403.10539254
    1770    3.54000000  0.36730713E-12 -0.15503548E-11 -0.64711301E-05   127.99999842    -3403.10539349
    1780    3.56000000 -0.29181211E-12 -0.86576724E-12 -0.10729022E-04   127.99999841    -3403.10539445
    1790    3.58000000 -0.10633635E-11 -0.58392847E-12 -0.14755626E-04   127.99999840    -3403.10539532
    1800    3.60000000 -0.13508607E-11 -0.17580450E-12 -0.17608397E-04   127.99999840    -3403.10539614
    1810    3.62000000 -0.12421111E-11  0.19241346E-12 -0.20088051E-04   127.99999839    -3403.10539698
    1820    3.64000000 -0.78183594E-12  0.70596831E-12 -0.22350293E-04   127.99999838    -3403.10539785
    1830    3.66000000 -0.16215423E-12  0.11247298E-11 -0.24558876E-04   127.99999838    -3403.10539868
    1840    3.68000000  0.70723029E-12  0.14060665E-11 -0.26371885E-04   127.99999837    -3403.10539941
    1850    3.70000000  0.12911245E-11  0.17537085E-11 -0.27785492E-04   127.99999836    -3403.10540010
    1860    3.72000000  0.11732580E-11  0.22287541E-11 -0.28741387E-04   127.99999835    -3403.10540068
    1870    3.74000000  0.78612373E-12  0.24196027E-11 -0.28288185E-04   127.99999835    -3403.10540131
    1880    3.76000000  0.13173870E-12  0.23698872E-11 -0.26960329E-04   127.99999834    -3403.10540211
    1890    3.78000000 -0.34585031E-12  0.19135778E-11 -0.25705262E-04   127.99999833    -3403.10540303
    1900    3.80000000 -0.52656601E-12  0.12311142E-11 -0.24359303E-04   127.99999833    -3403.10540393
    1910    3.82000000 -0.39717123E-12  0.48798098E-12 -0.22269363E-04   127.99999832    -3403.10540480
    1920    3.84000000  0.11626920E-12 -0.56323943E-13 -0.19967997E-04   127.99999831    -3403.10540562
    1930    3.86000000  0.75741893E-12 -0.89080510E-12 -0.17759904E-04   127.99999831    -3403.10540639
    1940    3.88000000  0.98890404E-12 -0.14759019E-11 -0.15115927E-04   127.99999830    -3403.10540723
    1950    3.90000000  0.10277114E-11 -0.20046583E-11 -0.12051734E-04   127.99999829    -3403.10540812
    1960    3.92000000  0.93501118E-12 -0.22984018E-11 -0.90854914E-05   127.99999829    -3403.10540900
    1970    3.94000000  0.84964516E-12 -0.23713845E-11 -0.60787896E-05   127.99999828    -3403.10540985
    1980    3.96000000  0.89079782E-12 -0.23462717E-11 -0.28869598E-05   127.99999827    -3403.10541072
    1990    3.98000000  0.82089010E-12 -0.22330740E-11  0.42670810E-06   127.99999827    -3403.10541161
    2000    4.00000000  0.62999476E-12 -0.15257126E-11  0.33910065E-05   127.99999826    -3403.10541247
    2010    4.02000000  0.16901001E-12 -0.77488208E-12  0.65240770E-05   127.99999825    -3403.10541332
    2020    4.04000000 -0.34567450E-12  0.95987313E-13  0.98416251E-05   127.99999825    -3403.10541416
    2030    4.06000000 -0.12267831E-11  0.70619955E-12  0.12683611E-04   127.99999824    -3403.10541501
    2040    4.08000000 -0.21112529E-11  0.11440445E-11  0.14850112E-04   127.99999823    -3403.10541584
    2050    4.10000000 -0.28036137E-11  0.15586028E-11  0.16566855E-04   127.99999823    -3403.10541666
    2060    4.12000000 -0.30570115E-11  0.19340872E-11  0.18443362E-04   127.99999822    -3403.10541750
    2070    4.14000000 -0.24289320E-11  0.21877422E-11  0.20177820E-04   127.99999821    -3403.10541832
    2080    4.16000000 -0.13535339E-11  0.19919612E-11  0.21199664E-04   127.99999821    -3403.10541920
    2090    4.18000000 -0.20946685E-12  0.16838655E-11  0.21870006E-04   127.99999820    -3403.10542005
    2100    4.20000000  0.75068207E-12  0.12917544E-11  0.22294395E-04   127.99999819    -3403.10542084
    2110    4.22000000  0.14207054E-11  0.79270198E-12  0.22997424E-04   127.99999819    -3403.10542163
    2120    4.24000000  0.15218533E-11  0.59943759E-13  0.23426290E-04   127.99999818    -3403.10542242
    2130    4.26000000  0.12646892E-11 -0.62440196E-12  0.23387339E-04   127.99999817    -3403.10542323
    2140    4.28000000  0.10143883E-11 -0.10202271E-11  0.23188825E-04   127.99999817    -3403.10542400
    2150    4.30000000  0.64503181E-12 -0.13293220E-11  0.23520937E-04   127.99999816    -3403.10542474
    2160    4.32000000  0.55685712E-12 -0.16377945E-11  0.23586948E-04   127.99999815    -3403.10542550
    2170    4.34000000  0.81072255E-12 -0.14121356E-11  0.22996886E-04   127.99999815    -3403.10542635
    2180    4.36000000  0.10936464E-11 -0.12892644E-11  0.22400153E-04   127.99999814    -3403.10542726
    2190    4.38000000  0.11553193E-11 -0.84046344E-12  0.21795238E-04   127.99999813    -3403.10542808
    2200    4.40000000  0.10008965E-11 -0.56396934E-12  0.20879979E-04   127.99999813    -3403.10542890
    2210    4.42000000  0.64984629E-12 -0.15808092E-12  0.19703391E-04   127.99999812    -3403.10542973
    2220    4.44000000  0.35096212E-12  0.89740524E-13  0.17873486E-04   127.99999811    -3403.10543047
    2230    4.46000000 -0.15952706E-12  0.39362499E-12  0.15823028E-04   127.99999811    -3403.10543111
    2240    4.48000000 -0.43813738E-12  0.37156497E-12  0.13801230E-04   127.99999810    -3403.10543175
    2250    4.50000000 -0.56577615E-12  0.54351114E-12  0.11475181E-04   127.99999809    -3403.10543251
    2260    4.52000000 -0.66424077E-12  0.49876869E-12  0.89369399E-05   127.99999809    -3403.10543339
    2270    4.54000000 -0.77405441E-12  0.55248399E-12  0.59518269E-05   127.99999808    -3403.10543422
    2280    4.56000000 -0.12259374E-11  0.35168327E-12  0.24441225E-05   127.99999807    -3403.10543504
    2290    4.58000000 -0.16203939E-11  0.30511811E-12 -0.10694691E-05   127.99999807    -3403.10543580
    2300    4.60000000 -0.20879184E-11  0.10508560E-12 -0.42698374E-05   127.99999806    -3403.10543662
    2310    4.62000000 -0.20135251E-11 -0.29245475E-13 -0.74694382E-05   127.99999805    -3403.10543749
    2320    4.64000000 -0.13469601E-11 -0.25907927E-12 -0.10799805E-04   127.99999805    -3403.10543833
    2330    4.66000000 -0.36544876E-12 -0.16468764E-12 -0.14113528E-04   127.99999804    -3403.10543918
    2340    4.68000000  0.80291427E-12 -0.12957237E-12 -0.17089101E-04   127.99999803    -3403.10543999
    2350    4.70000000  0.16253643E-11  0.44054592E-13 -0.19621984E-04   127.99999803    -3403.10544081
    2360    4.72000000  0.22277908E-11 -0.24795532E-13 -0.21970577E-04   127.99999802    -3403.10544166
    2370    4.74000000  0.21358779E-11 -0.16781146E-12 -0.23942308E-04   127.99999802    -3403.10544248
    2380    4.76000000  0.15312310E-11 -0.37909510E-12 -0.25725676E-04   127.99999801    -3403.10544328
    2390    4.78000000  0.77168650E-12 -0.29899819E-12 -0.27211009E-04   127.99999800    -3403.10544408
    2400    4.80000000 -0.89443239E-13 -0.15641807E-12 -0.28252869E-04   127.99999800    -3403.10544490
    2410    4.82000000 -0.38733699E-12 -0.67529655E-13 -0.28823338E-04   127.99999799    -3403.10544561
    2420    4.84000000 -0.48074191E-12  0.30929369E-13 -0.28797745E-04   127.99999798    -3403.10544628
    2430    4.86000000 -0.68016618E-12  0.33920080E-12 -0.28740535E-04   127.99999798    -3403.10544704
    2440    4.88000000 -0.54597938E-12  0.60090011E-12 -0.28609077E-04   127.99999797    -3403.10544773
    2450    4.90000000 -0.37833486E-12  0.65211892E-12 -0.27535700E-04   127.99999796    -3403.10544826
    2460    4.92000000 -0.20893845E-12  0.52755178E-12 -0.25930602E-04   127.99999796    -3403.10544865
    2470    4.94000000 -0.22835530E-12  0.26615455E-12 -0.23813410E-04   127.99999795    -3403.10544904
    2480    4.96000000 -0.52431847E-12  0.46904155E-13 -0.21041453E-04   127.99999795    -3403.10544950
    2490    4.98000000 -0.66296579E-12 -0.26644376E-14 -0.17553263E-04   127.99999794    -3403.10545000
    2500    5.00000000 -0.51948595E-12 -0.11881998E-13 -0.13593656E-04   127.99999793    -3403.10545067
    2510    5.02000000 -0.98104781E-13  0.16403548E-12 -0.99333716E-05   127.99999793    -3403.10545144
    2520    5.04000000  0.14252298E-12 -0.56947180E-13 -0.62000690E-05   127.99999792    -3403.10545217
    2530    5.06000000 -0.67261999E-13 -0.47387060E-13 -0.22737034E-05   127.99999791    -3403.10545288
    2540    5.08000000 -0.14811993E-12 -0.53496610E-12  0.18149124E-05   127.99999791    -3403.10545366
    2550    5.10000000 -0.39039395E-12 -0.70098438E-12  0.56018986E-05   127.99999790    -3403.10545447
    2560    5.12000000 -0.38954708E-12 -0.81968636E-12  0.91447815E-05   127.99999789    -3403.10545525
    2570    5.14000000 -0.14980685E-12 -0.66008522E-12  0.12222269E-04   127.99999789    -3403.10545601
    2580    5.16000000  0.27870828E-12 -0.49313234E-12  0.14829598E-04   127.99999788    -3403.10545681
    2590    5.18000000  0.94371613E-12 -0.15523090E-12  0.17660190E-04   127.99999788    -3403.10545763
    2600    5.20000000  0.16836571E-11  0.22947755E-12  0.21246531E-04   127.99999787    -3403.10545845
    2610    5.22000000  0.23952725E-11  0.45723196E-12  0.24588903E-04   127.99999786    -3403.10545925
    2620    5.24000000  0.23978577E-11  0.52692015E-12  0.27330760E-04   127.99999786    -3403.10546001
    2630    5.26000000  0.19560363E-11  0.71290001E-12  0.29473686E-04   127.99999785    -3403.10546075
    2640    5.28000000  0.98115814E-12  0.85583661E-12  0.31177140E-04   127.99999784    -3403.10546149
    2650    5.30000000 -0.23497112E-12  0.10446715E-11  0.32634796E-04   127.99999784    -3403.10546231
    2660    5.32000000 -0.14898036E-11  0.10515855E-11  0.33886847E-04   127.99999783    -3403.10546311
    2670    5.34000000 -0.23026988E-11  0.10007918E-11  0.35166149E-04   127.99999783    -3403.10546389
    2680    5.36000000 -0.26308625E-11  0.80536153E-12  0.35761619E-04   127.99999782    -3403.10546456
    2690    5.38000000 -0.26051498E-11  0.53653199E-12  0.35372967E-04   127.99999781    -3403.10546515
    2700    5.40000000 -0.24252418E-11 -0.78823147E-13  0.34130636E-04   127.99999781    -3403.10546566
    2710    5.42000000 -0.19615087E-11 -0.46362503E-12  0.32720645E-04   127.99999780    -3403.10546602
    2720    5.44000000 -0.13565345E-11 -0.94397419E-12  0.30685238E-04   127.99999780    -3403.10546621
    2730    5.46000000 -0.79528223E-12 -0.11678070E-11  0.28032869E-04   127.99999779    -3403.10546656
    2740    5.48000000 -0.16202940E-12 -0.14880314E-11  0.25049881E-04   127.99999778    -3403.10546714
    2750    5.50000000  0.29759541E-12 -0.15491866E-11  0.21585714E-04   127.99999778    -3403.10546781
    2760    5.52000000  0.82190958E-12 -0.16758717E-11  0.17743958E-04   127.99999777    -3403.10546843
    2770    5.54000000  0.12662161E-11 -0.16225684E-11  0.14130901E-04   127.99999776    -3403.10546901
    2780    5.56000000  0.14185527E-11 -0.11801752E-11  0.10619714E-04   127.99999776    -3403.10546959
    2790    5.58000000  0.16134888E-11 -0.78610378E-12  0.66126414E-05   127.99999775    -3403.10547022
    2800    5.60000000  0.15543470E-11 -0.38705476E-12  0.23893277E-05   127.99999775    -3403.10547087
    2810    5.62000000  0.15144616E-11 -0.19898819E-12 -0.14560818E-05   127.99999774    -3403.10547156
    2820    5.64000000  0.11578754E-11  0.39211085E-12 -0.50501479E-05   127.99999773    -3403.10547231
    2830    5.66000000  0.93497329E-12  0.70053458E-12 -0.86781040E-05   127.99999773    -3403.10547309
    2840    5.68000000  0.79599694E-12  0.11271635E-11 -0.12321703E-04   127.99999772    -3403.10547388
    2850    5.70000000  0.91054833E-12  0.13303346E-11 -0.15723050E-04   127.99999772    -3403.10547464
    2860    5.72000000  0.93349825E-12  0.14507416E-11 -0.18928240E-04   127.99999771    -3403.10547532
    2870    5.74000000  0.89206968E-12  0.15156109E-11 -0.21484892E-04   127.99999770    -3403.10547595
    2880    5.76000000  0.70004723E-12  0.15231964E-11 -0.23411482E-04   127.99999770    -3403.10547646
    2890    5.78000000  0.12051738E-12  0.11226150E-11 -0.24966535E-04   127.99999769    -3403.10547679
    2900    5.80000000 -0.75974369E-12  0.76895657E-12 -0.26344726E-04   127.99999769    -3403.10547709
    2910    5.82000000 -0.19243655E-11  0.36743980E-12 -0.27290150E-04   127.99999768    -3403.10547748
    2920    5.84000000 -0.28567388E-11  0.87902963E-13 -0.27723584E-04   127.99999767    -3403.10547796
    2930    5.86000000 -0.33322723E-11 -0.24904307E-12 -0.27944313E-04   127.99999767    -3403.10547828
    2940    5.88000000 -0.33349551E-11 -0.51948881E-12 -0.27127395E-04   127.99999766    -3403.10547840
    2950    5.90000000 -0.27761812E-11 -0.91804830E-12 -0.25781919E-04   127.99999766    -3403.10547872
    2960    5.92000000 -0.18295360E-11 -0.92899858E-12 -0.24788139E-04   127.99999765    -3403.10547918
    2970    5.94000000 -0.54883408E-12 -0.10819330E-11 -0.23918842E-04   127.99999764    -3403.10547976
    2980    5.96000000  0.36352241E-12 -0.11144615E-11 -0.22219150E-04   127.99999764    -3403.10548041
    2990    5.98000000  0.11534954E-11 -0.12514206E-11 -0.20132172E-04   127.99999763    -3403.10548113
    3000    6.00000000  0.16521916E-11 -0.95943648E-12 -0.17963206E-04   127.99999763    -3403.10548185
    3010    6.02000000  0.17739587E-11 -0.81727355E-12 -0.15437645E-04   127.99999762    -3403.10548259
    3020    6.04000000  0.17952810E-11 -0.30318058E-12 -0.12939175E-04   127.99999761    -3403.10548337
    3030    6.06000000  0.19198443E-11 -0.23486657E-12 -0.10346146E-04   127.99999761    -3403.10548407
    3040    6.08000000  0.16971092E-11  0.10801992E-12 -0.72772201E-05   127.99999760    -3403.10548474
    3050    6.10000000  0.16238166E-11  0.37659746E-12 -0.40218736E-05   127.99999760    -3403.10548543
    3060    6.12000000  0.14678060E-11  0.91827830E-12 -0.99638805E-06   127.99999759    -3403.10548613
    3070    6.14000000  0.10260456E-11  0.12782808E-11  0.19211823E-05   127.99999759    -3403.10548674
    3080    6.16000000  0.68707879E-12  0.15562503E-11  0.42534730E-05   127.99999758    -3403.10548723
    3090    6.18000000  0.15808913E-12  0.13644822E-11  0.64236589E-05   127.99999757    -3403.10548771
    3100    6.20000000 -0.22600183E-12  0.10478594E-11  0.85215436E-05   127.99999757    -3403.10548820
    3110    6.22000000 -0.41002518E-12  0.73941575E-12  0.10749598E-04   127.99999756    -3403.10548882
    3120    6.24000000 -0.22785568E-12  0.52052416E-12  0.12625344E-04   127.99999756    -3403.10548951
    3130    6.26000000 -0.11403759E-12  0.22016743E-12  0.14381398E-04   127.99999755    -3403.10549023
    3140    6.28000000 -0.13898233E-12 -0.74796882E-13  0.16142214E-04   127.99999754    -3403.10549097
    3150    6.30000000 -0.31433310E-12 -0.29160092E-12  0.17952676E-04   127.99999754    -3403.10549170
    3160    6.32000000 -0.96904587E-12 -0.51161647E-12  0.19718649E-04   127.99999753    -3403.10549239
    3170    6.34000000 -0.17365967E-11 -0.74939830E-12  0.21424895E-04   127.99999753    -3403.10549308
    3180    6.36000000 -0.23718538E-11 -0.94814988E-12  0.22647880E-04   127.99999752    -3403.10549382
    3190    6.38000000 -0.27679447E-11 -0.12864386E-11  0.23889038E-04   127.99999751    -3403.10549459
    3200    6.40000000 -0.25252681E-11 -0.10549735E-11  0.25387775E-04   127.99999751    -3403.10549533
    3210    6.42000000 -0.19370068E-11 -0.81283101E-12  0.26487924E-04   127.99999750    -3403.10549594
    3220    6.44000000 -0.86421480E-12 -0.37762402E-12  0.26701602E-04   127.99999750    -3403.10549646
    3230    6.46000000  0.27937775E-12 -0.15867017E-12  0.26326343E-04   127.99999749    -3403.10549698
    3240    6.48000000  0.11005913E-11 -0.35296352E-14  0.25762545E-04   127.99999749    -3403.10549750
    3250    6.50000000  0.14568176E-11  0.11292935E-12  0.24766711E-04   127.99999748    -3403.10549805
    3260    6.52000000  0.15632988E-11  0.26606884E-12  0.23274670E-04   127.99999747    -3403.10549871
    3270    6.54000000  0.13228785E-11  0.43656170E-12  0.21655395E-04   127.99999747    -3403.10549933
    3280    6.56000000  0.11690782E-11  0.62975594E-12  0.19363926E-04   127.99999746    -3403.10549991
    3290    6.58000000  0.10732293E-11  0.65737214E-12  0.16386056E-04   127.99999746    -3403.10550060
    3300    6.60000000  0.11286311E-11  0.80785195E-12  0.13639405E-04   127.99999745    -3403.10550128
    3310    6.62000000  0.10344378E-11  0.84675248E-12  0.11510194E-04   127.99999745    -3403.10550194
    3320    6.64000000  0.87591628E-12  0.50583136E-12  0.92600677E-05   127.99999744    -3403.10550265
    3330    6.66000000  0.53970607E-12  0.20014677E-12  0.69041289E-05   127.99999743    -3403.10550339
    3340    6.68000000  0.14793301E-12 -0.26362180E-12  0.46867527E-05   127.99999743    -3403.10550414
    3350    6.70000000 -0.35449889E-12 -0.71891248E-12  0.27902956E-05   127.99999742    -3403.10550487
    3360    6.72000000 -0.45223932E-12 -0.96009773E-12  0.78937436E-06   127.99999742    -3403.10550561
    3370    6.74000000 -0.10420165E-12 -0.10885930E-11 -0.13616163E-05   127.99999741    -3403.10550631
    3380    6.76000000  0.32447238E-12 -0.10774134E-11 -0.37945494E-05   127.99999741    -3403.10550697
    3390    6.78000000  0.76912867E-12 -0.10727872E-11 -0.60932282E-05   127.99999740    -3403.10550765
    3400    6.80000000  0.78945026E-12 -0.95234074E-12 -0.85925641E-05   127.99999739    -3403.10550838
    3410    6.82000000  0.24523198E-12 -0.63938938E-12 -0.10879217E-04   127.99999739    -3403.10550910
    3420    6.84000000 -0.56144935E-12 -0.14439897E-12 -0.12884394E-04   127.99999738    -3403.10550981
    3430    6.86000000 -0.15339970E-11  0.39612287E-12 -0.15171727E-04   127.99999738    -3403.10551052
    3440    6.88000000 -0.20808267E-11  0.83217993E-12 -0.17118203E-04   127.99999737    -3403.10551122
    3450    6.90000000 -0.23243997E-11  0.14754501E-11 -0.18333048E-04   127.99999737    -3403.10551195
    3460    6.92000000 -0.18114601E-11  0.17446197E-11 -0.19822424E-04   127.99999736    -3403.10551271
    3470    6.94000000 -0.86453257E-12  0.18853810E-11 -0.20840870E-04   127.99999735    -3403.10551337
    3480    6.96000000  0.20051165E-12  0.15256930E-11 -0.21139840E-04   127.99999735    -3403.10551408
    3490    6.98000000  0.11197321E-11  0.12864011E-11 -0.21663227E-04   127.99999734    -3403.10551480
    3500    7.00000000  0.13492342E-11  0.90622900E-12 -0.21982743E-04   127.99999734    -3403.10551546
    3510    7.02000000  0.12139766E-11  0.62102901E-12 -0.21705523E-04   127.99999733    -3403.10551611
    3520    7.04000000  0.81127385E-12  0.89466598E-13 -0.21034470E-04   127.99999733    -3403.10551673
    3530    7.06000000  0.45365822E-12 -0.52124530E-12 -0.19718698E-04   127.99999732    -3403.10551724
    3540    7.08000000  0.61885722E-13 -0.10576020E-11 -0.17467014E-04   127.99999731    -3403.10551784
    3550    7.10000000 -0.12707684E-12 -0.12020650E-11 -0.14991516E-04   127.99999731    -3403.10551855
    3560    7.12000000 -0.13364021E-12 -0.13112472E-11 -0.12674640E-04   127.99999730    -3403.10551928
    3570    7.14000000 -0.62863755E-13 -0.15125590E-11 -0.10269037E-04   127.99999730    -3403.10551998
    3580    7.16000000  0.15840905E-13 -0.16901151E-11 -0.74756448E-05   127.99999729    -3403.10552070
    3590    7.18000000 -0.41078093E-14 -0.16051818E-11 -0.43161507E-05   127.99999729    -3403.10552141
    3600    7.20000000 -0.26047009E-12 -0.13630081E-11 -0.12747900E-05   127.99999728    -3403.10552212
    3610    7.22000000 -0.16808761E-12 -0.89922858E-12  0.12422474E-05   127.99999728    -3403.10552281
    3620    7.24000000  0.20098701E-12 -0.35201353E-12  0.38141440E-05   127.99999727    -3403.10552347
    3630    7.26000000  0.67332077E-12  0.46195927E-13  0.69802487E-05   127.99999726    -3403.10552405
    3640    7.28000000  0.11721158E-11  0.67925019E-12  0.10248268E-04   127.99999726    -3403.10552458
    3650    7.30000000  0.12742974E-11  0.11949272E-11  0.12848849E-04   127.99999725    -3403.10552512
    3660    7.32000000  0.10265959E-11  0.11283130E-11  0.14879418E-04   127.99999725    -3403.10552573
    3670    7.34000000  0.55772449E-12  0.98118771E-12  0.16730638E-04   127.99999724    -3403.10552633
    3680    7.36000000 -0.39595477E-12  0.81930697E-12  0.18456649E-04   127.99999724    -3403.10552688
    3690    7.38000000 -0.12479582E-11  0.90879999E-12  0.19631405E-04   127.99999723    -3403.10552744
    3700    7.40000000 -0.19801190E-11  0.87356263E-12  0.20505653E-04   127.99999723    -3403.10552807
    3710    7.42000000 -0.18352169E-11  0.92336871E-12  0.20951761E-04   127.99999722    -3403.10552872
    3720    7.44000000 -0.14122744E-11  0.64555717E-12  0.20767807E-04   127.99999721    -3403.10552939
    3730    7.46000000 -0.62196931E-12  0.17990898E-12  0.20009047E-04   127.99999721    -3403.10553007
    3740    7.48000000 -0.18413339E-13 -0.20512115E-12  0.19544318E-04   127.99999720    -3403.10553072
    3750    7.50000000  0.36789999E-12 -0.56049065E-12  0.18880742E-04   127.99999720    -3403.10553132
    3760    7.52000000  0.56950903E-12 -0.90811701E-12  0.17639089E-04   127.99999719    -3403.10553193
    3770    7.54000000  0.29258855E-12 -0.94747394E-12  0.16377242E-04   127.99999719    -3403.10553258
    3780    7.56000000 -0.88020642E-13 -0.77220720E-12  0.14724332E-04   127.99999718    -3403.10553327
    3790    7.58000000 -0.47412661E-12 -0.38576809E-12  0.12709800E-04   127.99999718    -3403.10553398
    3800    7.60000000 -0.38004510E-12 -0.21826319E-12  0.10600222E-04   127.99999717    -3403.10553468
    3810    7.62000000 -0.57056606E-13  0.68192115E-13  0.85588889E-05   127.99999717    -3403.10553535
    3820    7.64000000  0.28013821E-12  0.12423435E-12  0.63358805E-05   127.99999716    -3403.10553604
    3830    7.66000000  0.49763149E-12  0.17886747E-12  0.43630533E-05   127.99999715    -3403.10553666
    3840    7.68000000  0.64554433E-12  0.34284205E-12  0.26731584E-05   127.99999715    -3403.10553718
    3850    7.70000000  0.74738697E-12  0.42945923E-12  0.11600840E-05   127.99999714    -3403.10553762
    3860    7.72000000  0.92389430E-12  0.40271772E-12 -0.31404815E-06   127.99999714    -3403.10553805
    3870    7.74000000  0.12674286E-11  0.44219650E-12 -0.15263250E-05   127.99999713    -3403.10553861
    3880    7.76000000  0.12007593E-11  0.39041173E-12 -0.28404631E-05   127.99999713    -3403.10553924
    3890    7.78000000  0.11299355E-11  0.25341075E-12 -0.37859655E-05   127.99999712    -3403.10553980
    3900    7.80000000  0.95626270E-12 -0.38260455E-12 -0.46406141E-05   127.99999712    -3403.10554035
    3910    7.82000000  0.86841320E-12 -0.64837415E-12 -0.52873322E-05   127.99999711    -3403.10554092
    3920    7.84000000  0.31247182E-12 -0.11183292E-11 -0.58437949E-05   127.99999711    -3403.10554151
    3930    7.86000000 -0.62183537E-12 -0.10147224E-11 -0.66892957E-05   127.99999710    -3403.10554215
    3940    7.88000000 -0.15790911E-11 -0.83716448E-12 -0.72766697E-05   127.99999709    -3403.10554281
    3950    7.90000000 -0.24338510E-11 -0.46768695E-12 -0.70300552E-05   127.99999709    -3403.10554344
    3960    7.92000000 -0.25206271E-11 -0.17568736E-12 -0.62903695E-05   127.99999708    -3403.10554408
    3970    7.94000000 -0.19799048E-11  0.24257488E-12 -0.57217739E-05   127.99999708    -3403.10554473
    3980    7.96000000 -0.11072909E-11  0.58266972E-12 -0.55520751E-05   127.99999707    -3403.10554525
    3990    7.98000000 -0.14299604E-12  0.83583363E-12 -0.58904808E-05   127.99999707    -3403.10554578
    4000    8.00000000  0.60377544E-12  0.98340858E-12 -0.56995712E-05   127.99999706    -3403.10554637
    4010    8.02000000  0.11514207E-11  0.10326415E-11 -0.48206087E-05   127.99999706    -3403.10554676
    4020    8.04000000  0.14305226E-11  0.10210890E-11 -0.39860871E-05   127.99999705    -3403.10554689
    4030    8.06000000  0.12849001E-11  0.91075594E-12 -0.39425524E-05   127.99999705    -3403.10554712
    4040    8.08000000  0.87121041E-12  0.96300515E-12 -0.41777319E-05   127.99999704    -3403.10554762
    4050    8.10000000  0.39725605E-12  0.88192642E-12 -0.40939036E-05   127.99999704    -3403.10554820
    4060    8.12000000 -0.89952583E-13  0.49267786E-12 -0.37893570E-05   127.99999703    -3403.10554876
    4070    8.14000000 -0.35867092E-12  0.58851189E-14 -0.36137888E-05   127.99999702    -3403.10554932
    4080    8.16000000 -0.52204660E-12 -0.33278195E-12 -0.32521983E-05   127.99999702    -3403.10554990
    4090    8.18000000 -0.59096387E-12 -0.70132838E-12 -0.24676886E-05   127.99999701    -3403.10555052
    4100    8.20000000 -0.48882231E-12 -0.90315587E-12 -0.22160080E-05   127.99999701    -3403.10555118
    4110    8.22000000 -0.33243756E-12 -0.11428933E-11 -0.20347166E-05   127.99999700    -3403.10555176
    4120    8.24000000 -0.21514545E-12 -0.13176075E-11 -0.15104371E-05   127.99999700    -3403.10555233
    4130    8.26000000  0.13665322E-14 -0.13353146E-11 -0.88922638E-06   127.99999699    -3403.10555298
    4140    8.28000000  0.31309806E-12 -0.12102325E-11 -0.44623211E-06   127.99999699    -3403.10555364
    4150    8.30000000  0.48935818E-12 -0.11568146E-11 -0.21712209E-06   127.99999698    -3403.10555426
    4160    8.32000000  0.75336922E-12 -0.10981383E-11 -0.28024728E-06   127.99999698    -3403.10555485
    4170    8.34000000  0.50807615E-12 -0.10679522E-11 -0.56118252E-06   127.99999697    -3403.10555553
    4180    8.36000000  0.16441962E-12 -0.69970337E-12 -0.23496689E-06   127.99999697    -3403.10555608
    4190    8.38000000 -0.32361175E-12 -0.30786983E-12  0.60273616E-06   127.99999696    -3403.10555648
    4200    8.40000000 -0.55310391E-12  0.36001565E-12  0.13089122E-05   127.99999696    -3403.10555680
    4210    8.42000000 -0.61786640E-12  0.48331791E-12  0.19305140E-05   127.99999695    -3403.10555705
    4220    8.44000000 -0.48968520E-12  0.90888097E-12  0.30593583E-05   127.99999695    -3403.10555735
    4230    8.46000000 -0.21826555E-12  0.10392177E-11  0.45685849E-05   127.99999694    -3403.10555764
    4240    8.48000000  0.20922056E-12  0.12974958E-11  0.60596125E-05   127.99999693    -3403.10555788
    4250    8.50000000  0.73555751E-12  0.14005361E-11  0.76892010E-05   127.99999693    -3403.10555827
    4260    8.52000000  0.11812590E-11  0.15205101E-11  0.88933699E-05   127.99999692    -3403.10555866
    4270    8.54000000  0.11418993E-11  0.16556938E-11  0.93224974E-05   127.99999692    -3403.10555909
    4280    8.56000000  0.85107998E-12  0.16004318E-11  0.10074162E-04   127.99999691    -3403.10555957
    4290    8.58000000  0.23776284E-12  0.14317603E-11  0.11291937E-04   127.99999691    -3403.10556017
    4300    8.60000000 -0.55531927E-12  0.91315746E-12  0.12379847E-04   127.99999690    -3403.10556084
    4310    8.62000000 -0.13421666E-11  0.32992970E-12  0.13213024E-04   127.99999690    -3403.10556150
    4320    8.64000000 -0.18115822E-11 -0.55209097E-13  0.13868858E-04   127.99999689    -3403.10556214
    4330    8.66000000 -0.18584389E-11 -0.57100792E-12  0.14285204E-04   127.99999689    -3403.10556279
    4340    8.68000000 -0.14967022E-11 -0.94074388E-12  0.14520893E-04   127.99999688    -3403.10556340
    4350    8.70000000 -0.73237107E-12 -0.14198135E-11  0.14263497E-04   127.99999688    -3403.10556390
    4360    8.72000000 -0.11694597E-12 -0.16166781E-11  0.13446385E-04   127.99999687    -3403.10556431
    4370    8.74000000  0.49774211E-12 -0.17492416E-11  0.12440157E-04   127.99999687    -3403.10556477
    4380    8.76000000  0.99057426E-12 -0.17248134E-11  0.11075246E-04   127.99999686    -3403.10556521
    4390    8.78000000  0.11280218E-11 -0.17729069E-11  0.90934078E-05   127.99999686    -3403.10556575
    4400    8.80000000  0.13342766E-11 -0.16166327E-11  0.69361341E-05   127.99999685    -3403.10556632
    4410    8.82000000  0.13190728E-11 -0.11991935E-11  0.47849179E-05   127.99999685    -3403.10556692
    4420    8.84000000  0.10255728E-11 -0.47298632E-12  0.23889841E-05   127.99999684    -3403.10556756
    4430    8.86000000  0.91255271E-12  0.11972686E-12  0.40277451E-06   127.99999684    -3403.10556817
    4440    8.88000000  0.56568293E-12  0.65679721E-12 -0.10507524E-05   127.99999683    -3403.10556882
    4450    8.90000000  0.13649738E-13  0.76335820E-12 -0.24771468E-05   127.99999683    -3403.10556944
    4460    8.92000000 -0.46850726E-12  0.12376651E-11 -0.41603374E-05   127.99999682    -3403.10557007
    4470    8.94000000 -0.89107676E-12  0.14131789E-11 -0.58472520E-05   127.99999682    -3403.10557068
    4480    8.96000000 -0.96327816E-12  0.16139271E-11 -0.74079610E-05   127.99999681    -3403.10557130
    4490    8.98000000 -0.84836378E-12  0.16384945E-11 -0.87983697E-05   127.99999680    -3403.10557188
    4500    9.00000000 -0.37727216E-12  0.14652595E-11 -0.99418936E-05   127.99999680    -3403.10557249
    4510    9.02000000  0.58624461E-13  0.12192016E-11 -0.10668368E-04   127.99999679    -3403.10557310
    4520    9.04000000  0.34352433E-12  0.86020167E-12 -0.10928120E-04   127.99999679    -3403.10557371
    4530    9.06000000  0.52959359E-12  0.35768979E-12 -0.11418941E-04   127.99999678    -3403.10557434
    4540    9.08000000  0.35369906E-12 -0.16125026E-12 -0.12042349E-04   127.99999678    -3403.10557495
    4550    9.10000000 -0.17162224E-12 -0.49827982E-12 -0.12140678E-04   127.99999677    -3403.10557553
    4560    9.12000000 -0.93036465E-12 -0.47667621E-12 -0.11652270E-04   127.99999677    -3403.10557617
    4570    9.14000000 -0.15216185E-11 -0.72957842E-12 -0.10917680E-04   127.99999676    -3403.10557681
    4580    9.16000000 -0.16211397E-11 -0.71620403E-12 -0.10408830E-04   127.99999676    -3403.10557746
    4590    9.18000000 -0.12931180E-11 -0.83425710E-12 -0.10038169E-04   127.99999675    -3403.10557811
    4600    9.20000000 -0.53713748E-12 -0.80946336E-12 -0.96416130E-05   127.99999675    -3403.10557876
    4610    9.22000000  0.20916282E-12 -0.73580014E-12 -0.89382111E-05   127.99999674    -3403.10557938
    4620    9.24000000  0.88535343E-12 -0.58907225E-12 -0.79662963E-05   127.99999674    -3403.10557997
    4630    9.26000000  0.12133340E-11 -0.74001129E-12 -0.67535022E-05   127.99999673    -3403.10558053
    4640    9.28000000  0.12649844E-11 -0.76028520E-12 -0.52075689E-05   127.99999673    -3403.10558112
    4650    9.30000000  0.10577785E-11 -0.61465968E-12 -0.34758904E-05   127.99999672    -3403.10558174
    4660    9.32000000  0.77925503E-12 -0.36089816E-12 -0.12524493E-05   127.99999672    -3403.10558230
    4670    9.34000000  0.57791747E-12 -0.13462308E-12  0.14075018E-05   127.99999671    -3403.10558287
    4680    9.36000000  0.51256047E-12  0.47927547E-13  0.42649070E-05   127.99999671    -3403.10558347
    4690    9.38000000  0.46221427E-12  0.23953040E-12  0.70332339E-05   127.99999670    -3403.10558408
    4700    9.40000000  0.45227119E-12  0.44231245E-12  0.92599057E-05   127.99999670    -3403.10558470
    4710    9.42000000  0.31831083E-12  0.79200312E-12  0.11361638E-04   127.99999669    -3403.10558530
    4720    9.44000000  0.76331646E-13  0.78733116E-12  0.13594420E-04   127.99999669    -3403.10558584
    4730    9.46000000 -0.21064516E-12  0.84652403E-12  0.15076156E-04   127.99999668    -3403.10558636
    4740    9.48000000 -0.55729064E-12  0.63499451E-12  0.15786983E-04   127.99999668    -3403.10558695
    4750    9.50000000 -0.55139580E-12  0.62375516E-12  0.16358045E-04   127.99999667    -3403.10558759
    4760    9.52000000 -0.38071978E-12  0.55876755E-12  0.16985880E-04   127.99999667    -3403.10558822
    4770    9.54000000  0.15677495E-12  0.42784563E-12  0.17149668E-04   127.99999666    -3403.10558882
    4780    9.56000000  0.48292818E-12  0.31022372E-12  0.17084439E-04   127.99999666    -3403.10558942
    4790    9.58000000  0.39838010E-12  0.67493526E-13  0.16940265E-04   127.99999665    -3403.10559002
    4800    9.60000000 -0.42638766E-13 -0.74067130E-13  0.16293948E-04   127.99999665    -3403.10559058
    4810    9.62000000 -0.67421571E-12 -0.17413751E-12  0.15256324E-04   127.99999664    -3403.10559116
    4820    9.64000000 -0.12901454E-11 -0.31974358E-12  0.14133389E-04   127.99999664    -3403.10559176
    4830    9.66000000 -0.15306615E-11 -0.35850006E-12  0.13041682E-04   127.99999663    -3403.10559238
    4840    9.68000000 -0.14855021E-11 -0.26928113E-12  0.11871364E-04   127.99999663    -3403.10559298
    4850    9.70000000 -0.10692018E-11 -0.64609339E-13  0.10329732E-04   127.99999662    -3403.10559354
    4860    9.72000000 -0.21938204E-12 -0.18851149E-12  0.84551716E-05   127.99999662    -3403.10559413
    4870    9.74000000  0.65987588E-12 -0.19728120E-12  0.66962486E-05   127.99999661    -3403.10559466
    4880    9.76000000  0.12403708E-11 -0.20178768E-12  0.49929698E-05   127.99999661    -3403.10559512
    4890    9.78000000  0.13646232E-11  0.13102728E-12  0.34471112E-05   127.99999660    -3403.10559560
    4900    9.80000000  0.13982829E-11  0.31030215E-12  0.20279452E-05   127.99999660    -3403.10559616
    4910    9.82000000  0.11698723E-11  0.46612899E-12  0.53772952E-06   127.99999659    -3403.10559676
    4920    9.84000000  0.96131296E-12  0.42877393E-12 -0.13665767E-05   127.99999659    -3403.10559734
    4930    9.86000000  0.78286206E-12  0.19484371E-12 -0.29105788E-05   127.99999658    -3403.10559793
    4940    9.88000000  0.65677396E-12 -0.25194174E-12 -0.42140773E-05   127.99999658    -3403.10559850
    4950    9.90000000  0.34008183E-12 -0.61279338E-12 -0.55827485E-05   127.99999657    -3403.10559902
    4960    9.92000000 -0.18872833E-12 -0.96743894E-12 -0.72703324E-05   127.99999657    -3403.10559955
    4970    9.94000000 -0.67088328E-12 -0.11682654E-11 -0.86519145E-05   127.99999656    -3403.10560007
    4980    9.96000000 -0.11469531E-11 -0.92768628E-12 -0.97737927E-05   127.99999656    -3403.10560065
    4990    9.98000000 -0.14822158E-11 -0.65677024E-12 -0.10601990E-04   127.99999655    -3403.10560125
    5000   10.00000000 -0.14835623E-11 -0.50753648E-12 -0.11572450E-04   127.99999655    -3403.10560181
    5010   10.02000000 -0.12186472E-11 -0.34815863E-12 -0.11958781E-04   127.99999654    -3403.10560237
    5020   10.04000000 -0.62034087E-12 -0.32405861E-12 -0.11970723E-04   127.99999654    -3403.10560297
    5030   10.06000000  0.26613914E-14 -0.31757483E-12 -0.11795337E-04   127.99999653    -3403.10560354
    5040   10.08000000  0.36078909E-12 -0.14095378E-12 -0.11181661E-04   127.99999653    -3403.10560405
    5050   10.10000000  0.28022193E-12  0.36092654E-12 -0.10073252E-04   127.99999652    -3403.10560455
    5060   10.12000000 -0.39202098E-14  0.77660452E-12 -0.90915598E-05   127.99999652    -3403.10560506
    5070   10.14000000 -0.34343589E-12  0.13362748E-11 -0.82140187E-05   127.99999651    -3403.10560564
    5080   10.16000000 -0.68599967E-12  0.14615502E-11 -0.71746671E-05   127.99999651    -3403.10560622
    5090   10.18000000 -0.67279672E-12  0.14316387E-11 -0.62047413E-05   127.99999650    -3403.10560680
    5100   10.20000000 -0.19207891E-12  0.92526577E-12 -0.49420517E-05   127.99999650    -3403.10560740
    5110   10.22000000  0.66111661E-12  0.83508791E-12 -0.32328138E-05   127.99999649    -3403.10560799
    5120   10.24000000  0.13078152E-11  0.45823778E-12 -0.13510545E-05   127.99999649    -3403.10560857
    5130   10.26000000  0.17596688E-11  0.29194806E-12  0.26628881E-06   127.99999648    -3403.10560916
    5140   10.28000000  0.17505950E-11  0.98868610E-13  0.15749762E-05   127.99999648    -3403.10560976
    5150   10.30000000  0.13608668E-11  0.22910625E-12  0.31078341E-05   127.99999647    -3403.10561037
    5160   10.32000000  0.96926957E-12 -0.20792292E-14  0.49956092E-05   127.99999647    -3403.10561095
    5170   10.34000000  0.33282561E-12 -0.23687429E-12  0.71684636E-05   127.99999646    -3403.10561152
    5180   10.36000000 -0.19018176E-12 -0.70047757E-12  0.90991171E-05   127.99999646    -3403.10561206
    5190   10.38000000 -0.58756350E-12 -0.89910061E-12  0.99973421E-05   127.99999645    -3403.10561256
    5200   10.40000000 -0.79586757E-12 -0.12530670E-11  0.10343937E-04   127.99999645    -3403.10561313
    5210   10.42000000 -0.77431792E-12 -0.11482337E-11  0.10690095E-04   127.99999644    -3403.10561371
    5220   10.44000000 -0.96148329E-12 -0.11420664E-11  0.11258733E-04   127.99999644    -3403.10561424
    5230   10.46000000 -0.12620062E-11 -0.84819635E-12  0.11498733E-04   127.99999644    -3403.10561472
    5240   10.48000000 -0.12003591E-11 -0.52103684E-12  0.11031381E-04   127.99999643    -3403.10561522
    5250   10.50000000 -0.90092320E-12 -0.11878618E-12  0.10193917E-04   127.99999643    -3403.10561579
    5260   10.52000000 -0.12372507E-12  0.13337834E-12  0.89133289E-05   127.99999642    -3403.10561639
    5270   10.54000000  0.88936872E-12  0.42877261E-12  0.75527225E-05   127.99999642    -3403.10561698
    5280   10.56000000  0.17992577E-11  0.62506162E-12  0.64696072E-05   127.99999641    -3403.10561754
    5290   10.58000000  0.21043728E-11  0.82477335E-12  0.56116500E-05   127.99999641    -3403.10561813
    5300   10.60000000  0.17227471E-11  0.81431051E-12  0.46536933E-05   127.99999640    -3403.10561871
    5310   10.62000000  0.11780690E-11  0.82959817E-12  0.37403722E-05   127.99999640    -3403.10561930
    5320   10.64000000  0.26631201E-12  0.78037755E-12  0.29571898E-05   127.99999639    -3403.10561987
    5330   10.66000000 -0.50632552E-12  0.76654284E-12  0.18672737E-05   127.99999639    -3403.10562042
    5340   10.68000000 -0.10448701E-11  0.58308017E-12  0.84417472E-06   127.99999638    -3403.10562098
    5350   10.70000000 -0.13641756E-11  0.29295677E-12  0.41961843E-06   127.99999638    -3403.10562150
    5360   10.72000000 -0.11555069E-11 -0.94466378E-13 -0.24965048E-06   127.99999637    -3403.10562202
    5370   10.74000000 -0.95839242E-12 -0.48551398E-12 -0.63643656E-06   127.99999637    -3403.10562259
    5380   10.76000000 -0.54783376E-12 -0.57847541E-12 -0.69344604E-06   127.99999636    -3403.10562318
    5390   10.78000000 -0.33167639E-12 -0.63296752E-12 -0.10488542E-05   127.99999636    -3403.10562381
    5400   10.80000000 -0.24408636E-12 -0.44168596E-12 -0.13594776E-05   127.99999635    -3403.10562436
    5410   10.82000000 -0.43986410E-13 -0.37885157E-12 -0.10807568E-05   127.99999635    -3403.10562486
    5420   10.84000000 -0.52856410E-13 -0.14820444E-12 -0.74654542E-06   127.99999634    -3403.10562543
    5430   10.86000000  0.42624291E-13 -0.12408847E-12 -0.76133942E-06   127.99999634    -3403.10562599
    5440   10.88000000  0.13673519E-12 -0.11648360E-12 -0.63476497E-06   127.99999633    -3403.10562654
    5450   10.90000000  0.29751209E-12 -0.19185104E-12  0.58998794E-07   127.99999633    -3403.10562709
    5460   10.92000000  0.61439677E-12 -0.83825558E-14  0.46963214E-06   127.99999632    -3403.10562757
    5470   10.94000000  0.53407364E-12 -0.93286764E-13  0.85778614E-06   127.99999632    -3403.10562796
    5480   10.96000000  0.39927390E-12  0.10032325E-12  0.19861299E-05   127.99999631    -3403.10562840
    5490   10.98000000  0.34407407E-12  0.30268273E-12  0.35574481E-05   127.99999631    -3403.10562896
    5500   11.00000000  0.26874071E-12  0.25087597E-12  0.50709132E-05   127.99999631    -3403.10562946
    5510   11.02000000  0.39134652E-12 -0.34171214E-13  0.59280278E-05   127.99999630    -3403.10562988
    5520   11.04000000  0.60028076E-12 -0.83895701E-13  0.64074172E-05   127.99999630    -3403.10563034
    5530   11.06000000  0.61117797E-12 -0.27357622E-12  0.64978192E-05   127.99999629    -3403.10563084
    5540   11.08000000  0.78297425E-12 -0.52507029E-12  0.64795446E-05   127.99999629    -3403.10563141
    5550   11.10000000  0.65992141E-12 -0.45193651E-12  0.66122174E-05   127.99999628    -3403.10563199
    5560   11.12000000  0.41234608E-12 -0.50324155E-12  0.65800586E-05   127.99999628    -3403.10563257
    5570   11.14000000 -0.17852578E-12 -0.46035913E-12  0.63311712E-05   127.99999627    -3403.10563307
    5580   11.16000000 -0.60468061E-12 -0.20926758E-12  0.58178375E-05   127.99999627    -3403.10563355
    5590   11.18000000 -0.11356748E-11 -0.31491514E-12  0.49867375E-05   127.99999626    -3403.10563404
    5600   11.20000000 -0.11610879E-11 -0.12098387E-12  0.41542171E-05   127.99999626    -3403.10563461
    5610   11.22000000 -0.91402338E-12 -0.99607047E-13  0.34042559E-05   127.99999625    -3403.10563517
    5620   11.24000000 -0.78390271E-12  0.19174131E-12  0.28787065E-05   127.99999625    -3403.10563571
    5630   11.26000000 -0.71789091E-12  0.28409582E-12  0.19437445E-05   127.99999624    -3403.10563629
    5640   11.28000000 -0.36133890E-12  0.56482124E-12  0.64458153E-06   127.99999624    -3403.10563687
    5650   11.30000000 -0.54019272E-13  0.52910972E-12 -0.19027447E-06   127.99999623    -3403.10563747
    5660   11.32000000  0.26085592E-12  0.83349810E-12 -0.10098292E-05   127.99999623    -3403.10563806
    5670   11.34000000  0.25504731E-12  0.10087349E-11 -0.20060662E-05   127.99999622    -3403.10563862
    5680   11.36000000  0.77682843E-13  0.11042521E-11 -0.28901540E-05   127.99999622    -3403.10563915
    5690   11.38000000 -0.56653949E-13  0.11023260E-11 -0.34559611E-05   127.99999622    -3403.10563972
    5700   11.40000000  0.74551792E-13  0.97281809E-12 -0.43647709E-05   127.99999621    -3403.10564021
    5710   11.42000000  0.18233790E-12  0.70303994E-12 -0.52711647E-05   127.99999621    -3403.10564069
    5720   11.44000000  0.16468507E-12  0.40031773E-12 -0.58240704E-05   127.99999620    -3403.10564125
    5730   11.46000000  0.13269338E-12 -0.22766618E-12 -0.63328033E-05   127.99999620    -3403.10564179
    5740   11.48000000  0.19237554E-12 -0.75715509E-12 -0.69364958E-05   127.99999619    -3403.10564221
    5750   11.50000000  0.52528340E-12 -0.13077824E-11 -0.73350549E-05   127.99999619    -3403.10564255
    5760   11.52000000  0.79224990E-12 -0.13328352E-11 -0.70428451E-05   127.99999618    -3403.10564297
    5770   11.54000000  0.96273863E-12 -0.11749072E-11 -0.64480192E-05   127.99999618    -3403.10564351
    5780   11.56000000  0.12314325E-11 -0.81308703E-12 -0.59806068E-05   127.99999617    -3403.10564407
    5790   11.58000000  0.14438177E-11 -0.83033740E-12 -0.54369476E-05   127.99999617    -3403.10564463
    5800   11.60000000  0.13226480E-11 -0.63794564E-12 -0.47082058E-05   127.99999616    -3403.10564518
    5810   11.62000000  0.87151882E-12 -0.54475395E-12 -0.40153332E-05   127.99999616    -3403.10564576
    5820   11.64000000  0.18265087E-12 -0.36626050E-12 -0.34357494E-05   127.99999615    -3403.10564633
    5830   11.66000000 -0.52152026E-12 -0.44082490E-12 -0.26589013E-05   127.99999615    -3403.10564688
    5840   11.68000000 -0.11709899E-11 -0.31395004E-12 -0.21229337E-05   127.99999615    -3403.10564742
    5850   11.70000000 -0.16833474E-11 -0.27287642E-12 -0.15604067E-05   127.99999614    -3403.10564794
    5860   11.72000000 -0.22589911E-11 -0.14986611E-12 -0.87446050E-06   127.99999614    -3403.10564837
    5870   11.74000000 -0.22416781E-11 -0.15157436E-13 -0.11549921E-06   127.99999613    -3403.10564878
    5880   11.76000000 -0.18540889E-11  0.16476640E-12  0.12915442E-05   127.99999613    -3403.10564924
    5890   11.78000000 -0.13456401E-11  0.39499518E-12  0.27950423E-05   127.99999612    -3403.10564981
    5900   11.80000000 -0.80859607E-12  0.54729376E-12  0.39983082E-05   127.99999612    -3403.10565037
    5910   11.82000000 -0.44714216E-12  0.88635716E-12  0.53345489E-05   127.99999611    -3403.10565091
    5920   11.84000000  0.66011298E-15  0.10890648E-11  0.70509004E-05   127.99999611    -3403.10565148
    5930   11.86000000  0.32008190E-12  0.12916699E-11  0.87396309E-05   127.99999610    -3403.10565204
    5940   11.88000000  0.32420473E-12  0.13704117E-11  0.10136339E-04   127.99999610    -3403.10565259
    5950   11.90000000  0.32759948E-12  0.12567222E-11  0.10896235E-04   127.99999609    -3403.10565311
    5960   11.92000000  0.51392717E-12  0.11755386E-11  0.11284850E-04   127.99999609    -3403.10565367
    5970   11.94000000  0.79100101E-12  0.86677650E-12  0.12128999E-04   127.99999609    -3403.10565421
    5980   11.96000000  0.11620387E-11  0.32837225E-12  0.12778953E-04   127.99999608    -3403.10565467
    5990   11.98000000  0.15487772E-11 -0.15743398E-12  0.13083013E-04   127.99999608    -3403.10565513
    6000   12.00000000  0.17710367E-11 -0.72825063E-12  0.12626210E-04   127.99999607    -3403.10565560
=== application breakdown [s] ===
total calculation time,1165.23269796
rt calculation                         min         max     average   std. dev.  difference    relative
rt initialization              0.20027E-04 0.32902E-04 0.24319E-04 0.60691E-05 0.12875E-04 0.16429E+01
reading lda data               0.22856E+00 0.22947E+00 0.22889E+00 0.41165E-03 0.91600E-03 0.10040E+01
reading rt data                0.68903E-03 0.92793E-03 0.77097E-03 0.11102E-03 0.23890E-03 0.13467E+01
prep. time prop.               0.26298E-03 0.19541E-02 0.13897E-02 0.79669E-03 0.16911E-02 0.74306E+01
rt iterations                  0.11647E+04 0.11647E+04 0.11647E+04         NaN 0.14067E-04 0.10000E+01
after writing rt data          0.71526E-05 0.17513E+00 0.58382E-01 0.82554E-01 0.17512E+00 0.24485E+05
in rt iterations                       min         max     average   std. dev.  difference    relative
Vbox                           0.24046E+00 0.31351E+00 0.28258E+00 0.30856E-01 0.73055E-01 0.13038E+01
time propagation               0.90832E+03 0.90904E+03 0.90875E+03 0.30755E+00 0.71857E+00 0.10008E+01
calculating rho                0.11516E+02 0.11726E+02 0.11626E+02 0.86141E-01 0.21016E+00 0.10182E+01
Hartree routine                0.25319E+01 0.32545E+01 0.28856E+01 0.29518E+00 0.72257E+00 0.12854E+01
Exc_Cor routine                0.52746E+00 0.57504E+00 0.55763E+00 0.21418E-01 0.47577E-01 0.10902E+01
calculating curr               0.21333E+03 0.21347E+03 0.21338E+03 0.64534E-01 0.14779E+00 0.10007E+01
calc. projection               0.98109E-03 0.14098E-02 0.12296E-02 0.18156E-03 0.42868E-03 0.14369E+01
writing energies               0.45916E+00 0.64205E+00 0.56019E+00 0.75885E-01 0.18289E+00 0.13983E+01
calc_eigen_energy              0.25269E+02 0.25285E+02 0.25275E+02 0.71697E-02 0.16124E-01 0.10006E+01
calc_total_energy_periodic     0.49318E+00 0.53075E+00 0.51775E+00 0.17383E-01 0.37568E-01 0.10762E+01
writing info etc.              0.60768E-02 0.76376E+00 0.25866E+00 0.35716E+00 0.75768E+00 0.12568E+03
total_energy module                    min         max     average   std. dev.  difference    relative
periodic calc.                 0.37061E+00 0.39503E+00 0.38458E+00 0.10272E-01 0.24415E-01 0.10659E+01
periodic comm. coll.           0.94780E-01 0.15563E+00 0.13009E+00 0.25785E-01 0.60845E-01 0.16420E+01
eigen_energy calc.             0.15612E+01 0.15821E+01 0.15738E+01 0.90468E-02 0.20917E-01 0.10134E+01
eigen_energy comm. coll.       0.12908E+00 0.22142E+00 0.16465E+00 0.40566E-01 0.92333E-01 0.17153E+01
eigen_energy hpsi              0.22857E+02 0.22929E+02 0.22903E+02 0.32427E-01 0.71757E-01 0.10031E+01
density_matrix module                  min         max     average   std. dev.  difference    relative
density calc.                  0.11014E+02 0.11238E+02 0.11120E+02 0.91633E-01 0.22355E+00 0.10203E+01
density comm. coll.            0.30013E-01 0.34861E-01 0.32523E-01 0.19827E-02 0.48475E-02 0.11615E+01
current calc.                  0.15167E+02 0.15635E+02 0.15446E+02 0.20166E+00 0.46821E+00 0.10309E+01
current rDivided uVpsi calc.   0.20104E+02 0.20421E+02 0.20313E+02 0.14814E+00 0.31694E+00 0.10158E+01
current comm. coll.            0.56953E+01 0.89744E+01 0.76967E+01 0.14332E+01 0.32791E+01 0.15758E+01
current comm. halo.            0.16828E+03 0.17231E+03 0.16988E+03 0.17473E+01 0.40308E+01 0.10240E+01
conjugate_gradient module              min         max     average   std. dev.  difference    relative
subspace_diag module                   min         max     average   std. dev.  difference    relative
subspace_diag so module                min         max     average   std. dev.  difference    relative
force module                           min         max     average   std. dev.  difference    relative
init_ps                                min         max     average   std. dev.  difference    relative
hamiltonian module                     min         max     average   std. dev.  difference    relative
total                          0.89429E+03 0.89520E+03 0.89470E+03 0.37491E+00 0.90288E+00 0.10010E+01
update overlap (comm.)         0.69166E+03 0.71133E+03 0.70208E+03 0.80719E+01 0.19668E+02 0.10284E+01
stencil                        0.65513E+02 0.65926E+02 0.65748E+02 0.17331E+00 0.41310E+00 0.10063E+01
subtraction                    0.99390E+00 0.10189E+01 0.10093E+01 0.11008E-01 0.24982E-01 0.10251E+01
pseudo-pt                      0.72050E+02 0.77568E+02 0.75728E+02 0.26011E+01 0.55186E+01 0.10766E+01
pseudo-pt (comm.)              0.63990E+02 0.79187E+02 0.70364E+02 0.64412E+01 0.15197E+02 0.12375E+01
hpsi-overlapped                        min         max     average   std. dev.  difference    relative
checkpoint/restart                     min         max     average   std. dev.  difference    relative
restart self                   0.13931E+00 0.13958E+00 0.13948E+00 0.12156E-03 0.26917E-03 0.10019E+01
restart sync                   0.13932E+00 0.13959E+00 0.13949E+00 0.12088E-03 0.26894E-03 0.10019E+01
=== performance [GFLOPS] ===
end SALMON
